 A compilação vai iniciar em 7 segundos... A compilação vai iniciar em 6 segundos... A compilação vai iniciar em 5 segundos... A compilação vai iniciar em 4 segundos... A compilação vai iniciar em 3 segundos... A compilação vai iniciar em 2 segundos... A compilação vai iniciar em 1 segundos... A compilação vai iniciar em 0 segundos...

Compilação iniciada seg 22 mar 2021 20:37:38

Detalhes do desktop:

Nome do modelo: AMD FX(tm)-8350 Eight-Core
Arquitetura: x86_64
Número de CPU(s): 8    
Virtualização: AMD-V    
Memória RAM: 16041 MiB 
Memória Virtual: 6966 MB
Modo(s) operacional da CPU: 32-bit, 64-bit

chmod +x criar_box.sh
./criar_box.sh
==> Instalar os requerimentos da box...
==> Iniciando a box...
Welcome to Ubuntu 20.04.2 LTS (GNU/Linux 5.4.0-67-generic x86_64)

 * Documentation:  https://help.ubuntu.com
 * Management:     https://landscape.canonical.com
 * Support:        https://ubuntu.com/advantage

  System information as of Mon Mar 22 23:37:47 UTC 2021

  System load:  0.5               Processes:               126
  Usage of /:   6.8% of 48.41GB   Users logged in:         0
  Memory usage: 5%                IPv4 address for enp0s3: 10.0.2.15
  Swap usage:   0%


0 updates can be installed immediately.
0 of these updates are security updates.


chmod +x criar_iso.sh
./criar_iso.sh
Iniciando a criação da imagem ISO do NFDOS 0.4.4 ...
Atualizar repositórios e instalar requerimentos...

WARNING: apt does not have a stable CLI interface. Use with caution in scripts.

Hit:1 http://archive.ubuntu.com/ubuntu focal InRelease
Get:2 http://security.ubuntu.com/ubuntu focal-security InRelease [109 kB]
Get:3 http://archive.ubuntu.com/ubuntu focal-updates InRelease [114 kB]
Get:4 http://archive.ubuntu.com/ubuntu focal-backports InRelease [101 kB]
Fetched 324 kB in 2s (167 kB/s)
Reading package lists...
Building dependency tree...
Reading state information...
All packages are up to date.

WARNING: apt does not have a stable CLI interface. Use with caution in scripts.

Reading package lists...
Building dependency tree...
Reading state information...
mtools is already the newest version (4.0.24-1).
squashfs-tools is already the newest version (1:4.4-1).
unzip is already the newest version (6.0-25ubuntu1).
whois is already the newest version (5.5.6).
moreutils is already the newest version (0.63-1).
xorriso is already the newest version (1.5.2-1).
binutils is already the newest version (2.34-6ubuntu1.1).
debootstrap is already the newest version (1.0.118ubuntu1.3).
grub-efi-amd64-bin is already the newest version (2.04-1ubuntu26.9).
grub-pc-bin is already the newest version (2.04-1ubuntu26.9).
jq is already the newest version (1.6-1ubuntu0.20.04.1).
0 upgraded, 0 newly installed, 0 to remove and 0 not upgraded.
Checkando se a /vagrant/nfdos existe
Checkando se a /vagrant/nfdos/core/nfdos.iso existe
A /vagrant/nfdos/core/nfdos.iso existe
Checkando se a /vagrant/nfdos/desktop/vagrant/NFDOS-0.4.4.box existe
A /vagrant/nfdos/desktop/vagrant/NFDOS-0.4.4.box não existe. Criando ela...
Checkando o SHA256 da imagem ISO...
NFDOS: output will be in this color.

==> NFDOS: Retrieving Guest additions
==> NFDOS: Trying /usr/share/virtualbox/VBoxGuestAdditions.iso
==> NFDOS: Trying /usr/share/virtualbox/VBoxGuestAdditions.iso
==> NFDOS: /usr/share/virtualbox/VBoxGuestAdditions.iso => /usr/share/virtualbox/VBoxGuestAdditions.iso
==> NFDOS: Retrieving ISO
==> NFDOS: Trying ../core/nfdos.iso
==> NFDOS: Trying ../core/nfdos.iso?checksum=sha256%3Abd8ae8b659678def6458b5412827a2e7dea164a24426de45173f1b9823dbca1d
==> NFDOS: ../core/nfdos.iso?checksum=sha256%3Abd8ae8b659678def6458b5412827a2e7dea164a24426de45173f1b9823dbca1d => /vagrant/nfdos/core/nfdos.iso
==> NFDOS: Starting HTTP server on port 8669
==> NFDOS: Creating virtual machine...
==> NFDOS: Creating hard drive...
==> NFDOS: Mounting ISOs...
    NFDOS: Mounting boot ISO...
    NFDOS: Mounting guest additions ISO...
==> NFDOS: Creating forwarded port mapping for communicator (SSH, WinRM, etc) (host port 3737)
==> NFDOS: Executing custom VBoxManage commands...
    NFDOS: Executing: modifyvm NFDOS --ioapic on
    NFDOS: Executing: modifyvm NFDOS --graphicscontroller vmsvga
    NFDOS: Executing: modifyvm NFDOS --rtcuseutc on
    NFDOS: Executing: modifyvm NFDOS --audio none
    NFDOS: Executing: modifyvm NFDOS --usb off
    NFDOS: Executing: modifyvm NFDOS --vram 32
    NFDOS: Executing: modifyvm NFDOS --vrde off
    NFDOS: Executing: modifyvm NFDOS --memory 2048
    NFDOS: Executing: modifyvm NFDOS --nestedpaging on
    NFDOS: Executing: modifyvm NFDOS --largepages on
    NFDOS: Executing: modifyvm NFDOS --vtxux on
    NFDOS: Executing: modifyvm NFDOS --paravirtprovider kvm
    NFDOS: Executing: modifyvm NFDOS --clipboard bidirectional
    NFDOS: Executing: modifyvm NFDOS --draganddrop bidirectional
    NFDOS: Executing: modifyvm NFDOS --cpus 1
==> NFDOS: Starting the virtual machine...
    NFDOS: The VM will be run headless, without a GUI. If you want to
    NFDOS: view the screen of the VM, connect via VRDP without a password to
    NFDOS: rdp://127.0.0.1:5992
==> NFDOS: Waiting 10m0s for boot...
==> NFDOS: Typing the boot command...
==> NFDOS: Using ssh communicator to connect: 127.0.0.1
==> NFDOS: Waiting for SSH to become available...
==> NFDOS: Connected to SSH!
==> NFDOS: Uploading VirtualBox version info (6.1.16)
==> NFDOS: Provisioning with shell script: homologacao.sh
    NFDOS: ==> O NFDOS foi instalado com sucesso!
==> NFDOS: Gracefully halting virtual machine...
==> NFDOS: Preparing to export machine...
    NFDOS: Deleting forwarded port mapping for the communicator (SSH, WinRM, etc) (host port 3737)
==> NFDOS: Exporting virtual machine...
    NFDOS: Executing: export NFDOS --output virtualbox/NFDOS.ovf
==> NFDOS: Cleaning up floppy disk...
==> NFDOS: Deregistering and deleting VM...
==> NFDOS: Running post-processor: vagrant
==> NFDOS (vagrant): Creating a dummy Vagrant box to ensure the host system can create one correctly
==> NFDOS (vagrant): Creating Vagrant box for 'virtualbox' provider
    NFDOS (vagrant): Copying from artifact: virtualbox/NFDOS-disk001.vmdk
    NFDOS (vagrant): Copying from artifact: virtualbox/NFDOS.ovf
    NFDOS (vagrant): Renaming the OVF to box.ovf...
    NFDOS (vagrant): Compressing: NFDOS-disk001.vmdk
    NFDOS (vagrant): Compressing: Vagrantfile
    NFDOS (vagrant): Compressing: box.ovf
    NFDOS (vagrant): Compressing: metadata.json
Build 'NFDOS' finished after 1 hour 43 minutes.

==> Wait completed after 1 hour 43 minutes

==> Builds finished. The artifacts of successful builds are:
--> NFDOS: VM files in directory: virtualbox
--> NFDOS: 'virtualbox' provider box: vagrant/NFDOS-0.4.4.box
