 A compilação vai iniciar em 4 segundos... A compilação vai iniciar em 3 segundos... A compilação vai iniciar em 2 segundos... A compilação vai iniciar em 1 segundos... A compilação vai iniciar em 0 segundos...

Compilação iniciada qua 24 mar 2021 17:19:24

Detalhes do desktop:

Nome do modelo: AMD FX(tm)-8350 Eight-Core
Arquitetura: x86_64
Número de CPU(s): 8    
Virtualização: AMD-V    
Memória RAM: 16041 MiB 
Memória Virtual: 154 MB
Modo(s) operacional da CPU: 32-bit, 64-bit

chmod +x compilar_vps.sh
./compilar_vps.sh
==> Instalar os requerimentos para rodar o VPS_DEV...
==> Os requerimentos para rodar o VPS_DEV foram instalados.
==> Checkar se a neoricalex/ubuntu (VPS_DEV) foi gerada...
==> A neoricalex/ubuntu (VPS_DEV) foi gerada.
==> Entrando no neoricalex/ubuntu (VPS_DEV)...
Welcome to Ubuntu 20.04.2 LTS (GNU/Linux 5.4.0-70-generic x86_64)

 * Documentation:  https://help.ubuntu.com
 * Management:     https://landscape.canonical.com
 * Support:        https://ubuntu.com/advantage

  System information as of Wed Mar 24 20:19:30 UTC 2021

  System load:  0.02                Processes:               156
  Usage of /:   10.6% of 124.02GB   Users logged in:         0
  Memory usage: 4%                  IPv4 address for enp0s3: 10.0.2.15
  Swap usage:   0%                  IPv4 address for virbr0: 192.168.122.1


0 updates can be installed immediately.
0 of these updates are security updates.


chmod +x compilar_iso.sh
./compilar_iso.sh
Iniciando a compilação da imagem ISO do NFDOS 0.4.4 ...
Checkando se a /vagrant/nfdos existe
Checkando se a /vagrant/nfdos/core/nfdos.iso existe
A /vagrant/nfdos/core/nfdos.iso existe
Checkando se a /vagrant/nfdos/desktop/vagrant/libvirt/NFDOS-0.4.4.box existe...
A /vagrant/nfdos/desktop/vagrant/libvirt/NFDOS-0.4.4.box já existe.
Bringing machine 'NFDOS' up with 'libvirt' provider...
==> NFDOS: Creating image (snapshot of base box volume).
==> NFDOS: Creating domain with the following settings...
==> NFDOS:  -- Name:              NEORICALEX_NFDOS
==> NFDOS:  -- Domain type:       kvm
==> NFDOS:  -- Cpus:              3
==> NFDOS:  -- Feature:           acpi
==> NFDOS:  -- Feature:           apic
==> NFDOS:  -- Feature:           pae
==> NFDOS:  -- Clock offset:      utc
==> NFDOS:  -- Memory:            4096M
==> NFDOS:  -- Management MAC:    
==> NFDOS:  -- Loader:            
==> NFDOS:  -- Nvram:             
==> NFDOS:  -- Base box:          neoricalex/nfdos
==> NFDOS:  -- Storage pool:      default
==> NFDOS:  -- Image:             /var/lib/libvirt/images/NEORICALEX_NFDOS.img (25G)
==> NFDOS:  -- Disk driver opts:  cache='default'
==> NFDOS:  -- Kernel:            
==> NFDOS:  -- Initrd:            
==> NFDOS:  -- Graphics Type:     vnc
==> NFDOS:  -- Graphics Port:     -1
==> NFDOS:  -- Graphics IP:       127.0.0.1
==> NFDOS:  -- Graphics Password: Not defined
==> NFDOS:  -- Video Type:        cirrus
==> NFDOS:  -- Video VRAM:        9216
==> NFDOS:  -- Sound Type:	
==> NFDOS:  -- Keymap:            en-us
==> NFDOS:  -- TPM Backend:       passthrough
==> NFDOS:  -- TPM Path:          
==> NFDOS:  -- INPUT:             type=mouse, bus=ps2
==> NFDOS: Creating shared folders metadata...
==> NFDOS: Starting domain.
==> NFDOS: Waiting for domain to get an IP address...
==> NFDOS: Waiting for SSH to become available...
    NFDOS: 
    NFDOS: Inserting generated public key within guest...
    NFDOS: Removing insecure key from the guest if it's present...
    NFDOS: Key inserted! Disconnecting and reconnecting using new SSH key...
==> NFDOS: Installing rsync to the VM...
==> NFDOS: Rsyncing folder: /vagrant/ => /home/neo/neoricalex
Connection to 127.0.0.1 closed by remote host.
==> A compilação do VPS_DEV foi concluída com sucesso!
