 A compilação vai iniciar em 4 segundos... A compilação vai iniciar em 3 segundos... A compilação vai iniciar em 2 segundos... A compilação vai iniciar em 1 segundos... A compilação vai iniciar em 0 segundos...

Compilação iniciada ter 23 mar 2021 10:12:58

Detalhes do desktop:

Nome do modelo: AMD FX(tm)-8350 Eight-Core
Arquitetura: x86_64
Número de CPU(s): 8    
Virtualização: AMD-V    
Memória RAM: 16041 MiB 
Memória Virtual: 2407 MB
Modo(s) operacional da CPU: 32-bit, 64-bit

chmod +x criar_box.sh
./criar_box.sh
==> Instalar os requerimentos da box...
==> Iniciando a box...
Welcome to Ubuntu 20.04.2 LTS (GNU/Linux 5.4.0-67-generic x86_64)

 * Documentation:  https://help.ubuntu.com
 * Management:     https://landscape.canonical.com
 * Support:        https://ubuntu.com/advantage

  System information as of Tue Mar 23 13:12:54 UTC 2021

  System load:  0.7               Processes:               138
  Usage of /:   7.6% of 48.41GB   Users logged in:         0
  Memory usage: 8%                IPv4 address for enp0s3: 10.0.2.15
  Swap usage:   0%                IPv4 address for virbr0: 192.168.122.1

 * Introducing self-healing high availability clusters in MicroK8s.
   Simple, hardened, Kubernetes for production, from RaspberryPi to DC.

     https://microk8s.io/high-availability

0 updates can be installed immediately.
0 of these updates are security updates.


chmod +x compilar_iso.sh
./compilar_iso.sh
Iniciando a criação da imagem ISO do NFDOS 0.4.4 ...
Atualizar repositórios e instalar requerimentos...

WARNING: apt does not have a stable CLI interface. Use with caution in scripts.

Hit:1 http://security.ubuntu.com/ubuntu focal-security InRelease
Hit:2 http://archive.ubuntu.com/ubuntu focal InRelease
Hit:3 http://archive.ubuntu.com/ubuntu focal-updates InRelease
Hit:4 http://archive.ubuntu.com/ubuntu focal-backports InRelease
Reading package lists...
Building dependency tree...
Reading state information...
All packages are up to date.

WARNING: apt does not have a stable CLI interface. Use with caution in scripts.

Reading package lists...
Building dependency tree...
Reading state information...
mtools is already the newest version (4.0.24-1).
squashfs-tools is already the newest version (1:4.4-1).
unzip is already the newest version (6.0-25ubuntu1).
whois is already the newest version (5.5.6).
moreutils is already the newest version (0.63-1).
xorriso is already the newest version (1.5.2-1).
binutils is already the newest version (2.34-6ubuntu1.1).
debootstrap is already the newest version (1.0.118ubuntu1.3).
grub-efi-amd64-bin is already the newest version (2.04-1ubuntu26.9).
grub-pc-bin is already the newest version (2.04-1ubuntu26.9).
jq is already the newest version (1.6-1ubuntu0.20.04.1).
0 upgraded, 0 newly installed, 0 to remove and 0 not upgraded.
Checkando se a /vagrant/nfdos existe
Checkando se a /vagrant/nfdos/core/nfdos.iso existe
A /vagrant/nfdos/core/nfdos.iso existe
Checkando se a /vagrant/nfdos/desktop/vagrant/NFDOS-0.4.4.box existe
A /vagrant/nfdos/desktop/vagrant/libvirt/NFDOS-0.4.4.box não existe. Criando ela...
Checkando o SHA256 da imagem ISO...
NFDOS: output will be in this color.

==> NFDOS: Retrieving ISO
==> NFDOS: Trying ../core/nfdos.iso
==> NFDOS: Trying ../core/nfdos.iso?checksum=sha256%3Abd8ae8b659678def6458b5412827a2e7dea164a24426de45173f1b9823dbca1d
==> NFDOS: ../core/nfdos.iso?checksum=sha256%3Abd8ae8b659678def6458b5412827a2e7dea164a24426de45173f1b9823dbca1d => /vagrant/nfdos/core/nfdos.iso
==> NFDOS: Creating required virtual machine disks
==> NFDOS: Starting HTTP server on port 8183
==> NFDOS: Found port for communicator (SSH, WinRM, etc): 2888.
==> NFDOS: Looking for available port between 5900 and 6000 on 127.0.0.1
==> NFDOS: Starting VM, booting from CD-ROM
    NFDOS: The VM will be run headless, without a GUI. If you want to
    NFDOS: view the screen of the VM, connect via VNC without a password to
    NFDOS: vnc://127.0.0.1:5972
==> NFDOS: Overriding default Qemu arguments with QemuArgs...
==> NFDOS: Error launching VM: Qemu failed to start. Please run with PACKER_LOG=1 to get more info.
==> NFDOS: Deleting output directory...
Build 'NFDOS' errored after 10 seconds 721 milliseconds: Build was halted.

==> Wait completed after 10 seconds 721 milliseconds

==> Some builds didn't complete successfully and had errors:
--> NFDOS: Build was halted.

==> Builds finished but no artifacts were created.
