 A compilação vai iniciar em 6 segundos... A compilação vai iniciar em 5 segundos... A compilação vai iniciar em 4 segundos... A compilação vai iniciar em 3 segundos... A compilação vai iniciar em 2 segundos... A compilação vai iniciar em 1 segundos... A compilação vai iniciar em 0 segundos...

Compilação iniciada seg 22 mar 2021 00:56:59

Detalhes do desktop:

Nome do modelo: AMD FX(tm)-8350 Eight-Core
Arquitetura: x86_64
Número de CPU(s): 8    
Virtualização: AMD-V    
Memória RAM: 16041 MiB 
Memória Virtual: 6554 MB
Modo(s) operacional da CPU: 32-bit, 64-bit

./build.sh
Getting qemu package for amd64
sudo docker build --no-cache -t nfdos/core/rootfs:latest  --build-arg QEMU_ARCH=amd64 --platform amd64 --rm nfdos
[sudo] senha para neo: 
Sending build context to Docker daemon  557.1kBSending build context to Docker daemon  14.48MBSending build context to Docker daemon  26.74MBSending build context to Docker daemon  41.78MBSending build context to Docker daemon  57.38MBSending build context to Docker daemon   67.4MBSending build context to Docker daemon  77.99MBSending build context to Docker daemon  85.23MBSending build context to Docker daemon  100.8MBSending build context to Docker daemon  114.8MBSending build context to Docker daemon  116.4MB
Step 1/8 : ARG BASE_IMAGE=ubuntu:20.04
Step 2/8 : FROM $BASE_IMAGE
 ---> 4dd97cefde62
Step 3/8 : ARG QEMU_ARCH
 ---> Running in 0447e9b7169d
Removing intermediate container 0447e9b7169d
 ---> 75bdee836cce
Step 4/8 : ADD x86_64_qemu-${QEMU_ARCH}-static.tar.gz /usr/bin
 ---> 71e4297cb24f
Step 5/8 : COPY . /bd_build
 ---> 52e55c3c336f
Step 6/8 : RUN /bd_build/prepare.sh && 	/bd_build/system_services.sh && 	/bd_build/utilities.sh && 	/bd_build/cleanup.sh &&     /bd_build/iniciar.sh
 ---> Running in bede59a13404
+ export INITRD=no
+ INITRD=no
+ mkdir -p /etc/container_environment
+ echo -n no
+ sed -i 's/^#\s*\(deb.*main restricted\)$/\1/g' /etc/apt/sources.list
+ sed -i 's/^#\s*\(deb.*universe\)$/\1/g' /etc/apt/sources.list
+ sed -i 's/^#\s*\(deb.*multiverse\)$/\1/g' /etc/apt/sources.list
+ apt-get update
Get:1 http://archive.ubuntu.com/ubuntu focal InRelease [265 kB]
Get:2 http://security.ubuntu.com/ubuntu focal-security InRelease [109 kB]
Get:3 http://archive.ubuntu.com/ubuntu focal-updates InRelease [114 kB]
Get:4 http://security.ubuntu.com/ubuntu focal-security/universe Sources [60.9 kB]
Get:5 http://archive.ubuntu.com/ubuntu focal-backports InRelease [101 kB]
Get:6 http://security.ubuntu.com/ubuntu focal-security/multiverse Sources [2122 B]
Get:7 http://security.ubuntu.com/ubuntu focal-security/restricted Sources [11.9 kB]
Get:8 http://security.ubuntu.com/ubuntu focal-security/main Sources [164 kB]
Get:9 http://security.ubuntu.com/ubuntu focal-security/restricted amd64 Packages [187 kB]
Get:10 http://archive.ubuntu.com/ubuntu focal/restricted Sources [7198 B]
Get:11 http://archive.ubuntu.com/ubuntu focal/multiverse Sources [208 kB]
Get:12 http://security.ubuntu.com/ubuntu focal-security/main amd64 Packages [689 kB]
Get:13 http://archive.ubuntu.com/ubuntu focal/main Sources [1079 kB]
Get:14 http://security.ubuntu.com/ubuntu focal-security/universe amd64 Packages [681 kB]
Get:15 http://archive.ubuntu.com/ubuntu focal/universe Sources [12.3 MB]
Get:16 http://security.ubuntu.com/ubuntu focal-security/multiverse amd64 Packages [21.6 kB]
Get:17 http://archive.ubuntu.com/ubuntu focal/universe amd64 Packages [11.3 MB]
Get:18 http://archive.ubuntu.com/ubuntu focal/multiverse amd64 Packages [177 kB]
Get:19 http://archive.ubuntu.com/ubuntu focal/main amd64 Packages [1275 kB]
Get:20 http://archive.ubuntu.com/ubuntu focal/restricted amd64 Packages [33.4 kB]
Get:21 http://archive.ubuntu.com/ubuntu focal-updates/main Sources [466 kB]
Get:22 http://archive.ubuntu.com/ubuntu focal-updates/restricted Sources [13.5 kB]
Get:23 http://archive.ubuntu.com/ubuntu focal-updates/universe Sources [196 kB]
Get:24 http://archive.ubuntu.com/ubuntu focal-updates/multiverse Sources [11.8 kB]
Get:25 http://archive.ubuntu.com/ubuntu focal-updates/main amd64 Packages [1093 kB]
Get:26 http://archive.ubuntu.com/ubuntu focal-updates/multiverse amd64 Packages [29.6 kB]
Get:27 http://archive.ubuntu.com/ubuntu focal-updates/restricted amd64 Packages [220 kB]
Get:28 http://archive.ubuntu.com/ubuntu focal-updates/universe amd64 Packages [940 kB]
Get:29 http://archive.ubuntu.com/ubuntu focal-backports/universe Sources [2156 B]
Get:30 http://archive.ubuntu.com/ubuntu focal-backports/universe amd64 Packages [4305 B]
Fetched 31.8 MB in 7s (4834 kB/s)
Reading package lists...
+ dpkg-divert --local --rename --add /sbin/initctl
Leaving 'local diversion of /sbin/initctl to /sbin/initctl.distrib'
+ ln -sf /bin/true /sbin/initctl
+ dpkg-divert --local --rename --add /usr/bin/ischroot
Adding 'local diversion of /usr/bin/ischroot to /usr/bin/ischroot.distrib'
dpkg-divert: warning: diverting file '/usr/bin/ischroot' from an Essential package with rename is dangerous, use --no-rename
+ ln -sf /bin/true /usr/bin/ischroot
+ apt-get install -y --no-install-recommends apt-utils
Reading package lists...
Building dependency tree...
Reading state information...
The following NEW packages will be installed:
  apt-utils
0 upgraded, 1 newly installed, 0 to remove and 3 not upgraded.
Need to get 213 kB of archives.
After this operation, 852 kB of additional disk space will be used.
Get:1 http://archive.ubuntu.com/ubuntu focal-updates/main amd64 apt-utils amd64 2.0.4 [213 kB]
debconf: delaying package configuration, since apt-utils is not installed
Fetched 213 kB in 1s (150 kB/s)
Selecting previously unselected package apt-utils.
(Reading database ... (Reading database ... 5%(Reading database ... 10%(Reading database ... 15%(Reading database ... 20%(Reading database ... 25%(Reading database ... 30%(Reading database ... 35%(Reading database ... 40%(Reading database ... 45%(Reading database ... 50%(Reading database ... 55%(Reading database ... 60%(Reading database ... 65%(Reading database ... 70%(Reading database ... 75%(Reading database ... 80%(Reading database ... 85%(Reading database ... 90%(Reading database ... 95%(Reading database ... 100%(Reading database ... 4122 files and directories currently installed.)
Preparing to unpack .../apt-utils_2.0.4_amd64.deb ...
Unpacking apt-utils (2.0.4) ...
Setting up apt-utils (2.0.4) ...
+ apt-get install -y --no-install-recommends apt-transport-https ca-certificates
Reading package lists...
Building dependency tree...
Reading state information...
The following additional packages will be installed:
  libssl1.1 openssl
The following NEW packages will be installed:
  apt-transport-https ca-certificates libssl1.1 openssl
0 upgraded, 4 newly installed, 0 to remove and 3 not upgraded.
Need to get 2088 kB of archives.
After this operation, 5961 kB of additional disk space will be used.
Get:1 http://archive.ubuntu.com/ubuntu focal-updates/main amd64 libssl1.1 amd64 1.1.1f-1ubuntu2.2 [1319 kB]
Get:2 http://archive.ubuntu.com/ubuntu focal-updates/main amd64 openssl amd64 1.1.1f-1ubuntu2.2 [620 kB]
Get:3 http://archive.ubuntu.com/ubuntu focal-updates/main amd64 ca-certificates all 20210119~20.04.1 [146 kB]
Get:4 http://archive.ubuntu.com/ubuntu focal-updates/universe amd64 apt-transport-https all 2.0.4 [1704 B]
Preconfiguring packages ...
Fetched 2088 kB in 2s (898 kB/s)
Selecting previously unselected package libssl1.1:amd64.
(Reading database ... (Reading database ... 5%(Reading database ... 10%(Reading database ... 15%(Reading database ... 20%(Reading database ... 25%(Reading database ... 30%(Reading database ... 35%(Reading database ... 40%(Reading database ... 45%(Reading database ... 50%(Reading database ... 55%(Reading database ... 60%(Reading database ... 65%(Reading database ... 70%(Reading database ... 75%(Reading database ... 80%(Reading database ... 85%(Reading database ... 90%(Reading database ... 95%(Reading database ... 100%(Reading database ... 4160 files and directories currently installed.)
Preparing to unpack .../libssl1.1_1.1.1f-1ubuntu2.2_amd64.deb ...
Unpacking libssl1.1:amd64 (1.1.1f-1ubuntu2.2) ...
Selecting previously unselected package openssl.
Preparing to unpack .../openssl_1.1.1f-1ubuntu2.2_amd64.deb ...
Unpacking openssl (1.1.1f-1ubuntu2.2) ...
Selecting previously unselected package ca-certificates.
Preparing to unpack .../ca-certificates_20210119~20.04.1_all.deb ...
Unpacking ca-certificates (20210119~20.04.1) ...
Selecting previously unselected package apt-transport-https.
Preparing to unpack .../apt-transport-https_2.0.4_all.deb ...
Unpacking apt-transport-https (2.0.4) ...
Setting up apt-transport-https (2.0.4) ...
Setting up libssl1.1:amd64 (1.1.1f-1ubuntu2.2) ...
Setting up openssl (1.1.1f-1ubuntu2.2) ...
Setting up ca-certificates (20210119~20.04.1) ...
Updating certificates in /etc/ssl/certs...
129 added, 0 removed; done.
Processing triggers for libc-bin (2.31-0ubuntu9.2) ...
Processing triggers for ca-certificates (20210119~20.04.1) ...
Updating certificates in /etc/ssl/certs...
0 added, 0 removed; done.
Running hooks in /etc/ca-certificates/update.d...
done.
+ apt-get install -y --no-install-recommends software-properties-common
Reading package lists...
Building dependency tree...
Reading state information...
The following additional packages will be installed:
  dbus dbus-user-session dconf-gsettings-backend dconf-service
  distro-info-data gir1.2-glib-2.0 gir1.2-packagekitglib-1.0 glib-networking
  glib-networking-common glib-networking-services gpg gpgconf
  gsettings-desktop-schemas iso-codes libapparmor1 libappstream4 libargon2-1
  libassuan0 libbrotli1 libcap2 libcap2-bin libcryptsetup12 libdbus-1-3
  libdconf1 libdevmapper1.02.1 libelf1 libexpat1 libgirepository-1.0-1
  libglib2.0-0 libglib2.0-bin libglib2.0-data libgssapi-krb5-2
  libgstreamer1.0-0 libicu66 libip4tc2 libjson-c4 libk5crypto3 libkeyutils1
  libkmod2 libkrb5-3 libkrb5support0 liblmdb0 libmpdec2 libpackagekit-glib2-18
  libpam-systemd libpolkit-agent-1-0 libpolkit-gobject-1-0 libproxy1v5 libpsl5
  libpython3-stdlib libpython3.8-minimal libpython3.8-stdlib libreadline8
  libsoup2.4-1 libsqlite3-0 libstemmer0d libsystemd0 libxml2 libyaml-0-2
  lsb-release mime-support packagekit policykit-1 python-apt-common python3
  python3-apt python3-certifi python3-chardet python3-dbus python3-gi
  python3-idna python3-minimal python3-pkg-resources python3-requests
  python3-requests-unixsocket python3-six python3-software-properties
  python3-urllib3 python3.8 python3.8-minimal readline-common systemd
  systemd-sysv systemd-timesyncd tzdata
Suggested packages:
  isoquery krb5-doc krb5-user gstreamer1.0-tools appstream python3-doc
  python3-tk python3-venv python3-apt-dbg python-apt-doc python-dbus-doc
  python3-dbus-dbg python3-setuptools python3-cryptography python3-openssl
  python3-socks python3.8-venv python3.8-doc binutils binfmt-support
  readline-doc systemd-container
Recommended packages:
  gnupg libpam-cap dmsetup shared-mime-info xdg-user-dirs krb5-locales
  publicsuffix file xz-utils packagekit-tools unattended-upgrades
  networkd-dispatcher libnss-systemd
The following NEW packages will be installed:
  dbus dbus-user-session dconf-gsettings-backend dconf-service
  distro-info-data gir1.2-glib-2.0 gir1.2-packagekitglib-1.0 glib-networking
  glib-networking-common glib-networking-services gpg gpgconf
  gsettings-desktop-schemas iso-codes libapparmor1 libappstream4 libargon2-1
  libassuan0 libbrotli1 libcap2 libcap2-bin libcryptsetup12 libdbus-1-3
  libdconf1 libdevmapper1.02.1 libelf1 libexpat1 libgirepository-1.0-1
  libglib2.0-0 libglib2.0-bin libglib2.0-data libgssapi-krb5-2
  libgstreamer1.0-0 libicu66 libip4tc2 libjson-c4 libk5crypto3 libkeyutils1
  libkmod2 libkrb5-3 libkrb5support0 liblmdb0 libmpdec2 libpackagekit-glib2-18
  libpam-systemd libpolkit-agent-1-0 libpolkit-gobject-1-0 libproxy1v5 libpsl5
  libpython3-stdlib libpython3.8-minimal libpython3.8-stdlib libreadline8
  libsoup2.4-1 libsqlite3-0 libstemmer0d libxml2 libyaml-0-2 lsb-release
  mime-support packagekit policykit-1 python-apt-common python3 python3-apt
  python3-certifi python3-chardet python3-dbus python3-gi python3-idna
  python3-minimal python3-pkg-resources python3-requests
  python3-requests-unixsocket python3-six python3-software-properties
  python3-urllib3 python3.8 python3.8-minimal readline-common
  software-properties-common systemd systemd-sysv systemd-timesyncd tzdata
The following packages will be upgraded:
  libsystemd0
1 upgraded, 85 newly installed, 0 to remove and 2 not upgraded.
Need to get 29.5 MB of archives.
After this operation, 127 MB of additional disk space will be used.
Get:1 http://archive.ubuntu.com/ubuntu focal-updates/main amd64 libsystemd0 amd64 245.4-4ubuntu3.5 [274 kB]
Get:2 http://archive.ubuntu.com/ubuntu focal-updates/main amd64 libpython3.8-minimal amd64 3.8.5-1~20.04.2 [715 kB]
Get:3 http://archive.ubuntu.com/ubuntu focal/main amd64 libexpat1 amd64 2.2.9-1build1 [73.3 kB]
Get:4 http://archive.ubuntu.com/ubuntu focal-updates/main amd64 python3.8-minimal amd64 3.8.5-1~20.04.2 [1899 kB]
Get:5 http://archive.ubuntu.com/ubuntu focal/main amd64 python3-minimal amd64 3.8.2-0ubuntu2 [23.6 kB]
Get:6 http://archive.ubuntu.com/ubuntu focal/main amd64 mime-support all 3.64ubuntu1 [30.6 kB]
Get:7 http://archive.ubuntu.com/ubuntu focal/main amd64 libmpdec2 amd64 2.4.2-3 [81.1 kB]
Get:8 http://archive.ubuntu.com/ubuntu focal/main amd64 readline-common all 8.0-4 [53.5 kB]
Get:9 http://archive.ubuntu.com/ubuntu focal/main amd64 libreadline8 amd64 8.0-4 [131 kB]
Get:10 http://archive.ubuntu.com/ubuntu focal-updates/main amd64 libsqlite3-0 amd64 3.31.1-4ubuntu0.2 [549 kB]
Get:11 http://archive.ubuntu.com/ubuntu focal-updates/main amd64 libpython3.8-stdlib amd64 3.8.5-1~20.04.2 [1671 kB]
Get:12 http://archive.ubuntu.com/ubuntu focal-updates/main amd64 python3.8 amd64 3.8.5-1~20.04.2 [373 kB]
Get:13 http://archive.ubuntu.com/ubuntu focal/main amd64 libpython3-stdlib amd64 3.8.2-0ubuntu2 [7068 B]
Get:14 http://archive.ubuntu.com/ubuntu focal/main amd64 python3 amd64 3.8.2-0ubuntu2 [47.6 kB]
Get:15 http://archive.ubuntu.com/ubuntu focal-updates/main amd64 libapparmor1 amd64 2.13.3-7ubuntu5.1 [34.1 kB]
Get:16 http://archive.ubuntu.com/ubuntu focal/main amd64 libcap2 amd64 1:2.32-1 [15.9 kB]
Get:17 http://archive.ubuntu.com/ubuntu focal/main amd64 libargon2-1 amd64 0~20171227-0.2 [19.2 kB]
Get:18 http://archive.ubuntu.com/ubuntu focal/main amd64 libdevmapper1.02.1 amd64 2:1.02.167-1ubuntu1 [127 kB]
Get:19 http://archive.ubuntu.com/ubuntu focal-updates/main amd64 libjson-c4 amd64 0.13.1+dfsg-7ubuntu0.3 [29.3 kB]
Get:20 http://archive.ubuntu.com/ubuntu focal-updates/main amd64 libcryptsetup12 amd64 2:2.2.2-3ubuntu2.3 [183 kB]
Get:21 http://archive.ubuntu.com/ubuntu focal/main amd64 libip4tc2 amd64 1.8.4-3ubuntu2 [18.8 kB]
Get:22 http://archive.ubuntu.com/ubuntu focal/main amd64 libkmod2 amd64 27-1ubuntu2 [44.3 kB]
Get:23 http://archive.ubuntu.com/ubuntu focal-updates/main amd64 systemd-timesyncd amd64 245.4-4ubuntu3.5 [28.1 kB]
Get:24 http://archive.ubuntu.com/ubuntu focal-updates/main amd64 systemd amd64 245.4-4ubuntu3.5 [3805 kB]
Get:25 http://archive.ubuntu.com/ubuntu focal-updates/main amd64 systemd-sysv amd64 245.4-4ubuntu3.5 [10.3 kB]
Get:26 http://archive.ubuntu.com/ubuntu focal-updates/main amd64 libdbus-1-3 amd64 1.12.16-2ubuntu2.1 [179 kB]
Get:27 http://archive.ubuntu.com/ubuntu focal-updates/main amd64 dbus amd64 1.12.16-2ubuntu2.1 [151 kB]
Get:28 http://archive.ubuntu.com/ubuntu focal-updates/main amd64 distro-info-data all 0.43ubuntu1.4 [4624 B]
Get:29 http://archive.ubuntu.com/ubuntu focal-updates/main amd64 libglib2.0-0 amd64 2.64.6-1~ubuntu20.04.3 [1285 kB]
Get:30 http://archive.ubuntu.com/ubuntu focal-updates/main amd64 libgirepository-1.0-1 amd64 1.64.1-1~ubuntu20.04.1 [85.7 kB]
Get:31 http://archive.ubuntu.com/ubuntu focal-updates/main amd64 gir1.2-glib-2.0 amd64 1.64.1-1~ubuntu20.04.1 [134 kB]
Get:32 http://archive.ubuntu.com/ubuntu focal/main amd64 libcap2-bin amd64 1:2.32-1 [26.2 kB]
Get:33 http://archive.ubuntu.com/ubuntu focal/main amd64 libelf1 amd64 0.176-1.1build1 [44.0 kB]
Get:34 http://archive.ubuntu.com/ubuntu focal-updates/main amd64 libglib2.0-data all 2.64.6-1~ubuntu20.04.3 [5988 B]
Get:35 http://archive.ubuntu.com/ubuntu focal-updates/main amd64 tzdata all 2021a-0ubuntu0.20.04 [295 kB]
Get:36 http://archive.ubuntu.com/ubuntu focal/main amd64 libicu66 amd64 66.1-2ubuntu2 [8520 kB]
Get:37 http://archive.ubuntu.com/ubuntu focal-updates/main amd64 libpam-systemd amd64 245.4-4ubuntu3.5 [186 kB]
Get:38 http://archive.ubuntu.com/ubuntu focal/main amd64 libxml2 amd64 2.9.10+dfsg-5 [640 kB]
Get:39 http://archive.ubuntu.com/ubuntu focal/main amd64 libyaml-0-2 amd64 0.2.2-1 [48.9 kB]
Get:40 http://archive.ubuntu.com/ubuntu focal/main amd64 lsb-release all 11.1.0ubuntu2 [10.6 kB]
Get:41 http://archive.ubuntu.com/ubuntu focal/main amd64 python3-dbus amd64 1.2.16-1build1 [94.0 kB]
Get:42 http://archive.ubuntu.com/ubuntu focal/main amd64 python3-gi amd64 3.36.0-1 [165 kB]
Get:43 http://archive.ubuntu.com/ubuntu focal/main amd64 python3-pkg-resources all 45.2.0-1 [130 kB]
Get:44 http://archive.ubuntu.com/ubuntu focal/main amd64 python3-six all 1.14.0-2 [12.1 kB]
Get:45 http://archive.ubuntu.com/ubuntu focal/main amd64 iso-codes all 4.4-1 [2695 kB]
Get:46 http://archive.ubuntu.com/ubuntu focal-updates/main amd64 libkrb5support0 amd64 1.17-6ubuntu4.1 [30.9 kB]
Get:47 http://archive.ubuntu.com/ubuntu focal-updates/main amd64 libk5crypto3 amd64 1.17-6ubuntu4.1 [79.9 kB]
Get:48 http://archive.ubuntu.com/ubuntu focal/main amd64 libkeyutils1 amd64 1.6-6ubuntu1 [10.2 kB]
Get:49 http://archive.ubuntu.com/ubuntu focal-updates/main amd64 libkrb5-3 amd64 1.17-6ubuntu4.1 [330 kB]
Get:50 http://archive.ubuntu.com/ubuntu focal-updates/main amd64 libgssapi-krb5-2 amd64 1.17-6ubuntu4.1 [121 kB]
Get:51 http://archive.ubuntu.com/ubuntu focal/main amd64 liblmdb0 amd64 0.9.24-1 [44.6 kB]
Get:52 http://archive.ubuntu.com/ubuntu focal/main amd64 libpolkit-gobject-1-0 amd64 0.105-26ubuntu1 [39.2 kB]
Get:53 http://archive.ubuntu.com/ubuntu focal/main amd64 libpsl5 amd64 0.21.0-1ubuntu1 [51.5 kB]
Get:54 http://archive.ubuntu.com/ubuntu focal-updates/main amd64 python-apt-common all 2.0.0ubuntu0.20.04.4 [17.4 kB]
Get:55 http://archive.ubuntu.com/ubuntu focal-updates/main amd64 python3-apt amd64 2.0.0ubuntu0.20.04.4 [154 kB]
Get:56 http://archive.ubuntu.com/ubuntu focal-updates/main amd64 dbus-user-session amd64 1.12.16-2ubuntu2.1 [9428 B]
Get:57 http://archive.ubuntu.com/ubuntu focal/main amd64 libdconf1 amd64 0.36.0-1 [37.4 kB]
Get:58 http://archive.ubuntu.com/ubuntu focal/main amd64 dconf-service amd64 0.36.0-1 [29.8 kB]
Get:59 http://archive.ubuntu.com/ubuntu focal/main amd64 dconf-gsettings-backend amd64 0.36.0-1 [22.5 kB]
Get:60 http://archive.ubuntu.com/ubuntu focal-updates/main amd64 libpackagekit-glib2-18 amd64 1.1.13-2ubuntu1.1 [104 kB]
Get:61 http://archive.ubuntu.com/ubuntu focal-updates/main amd64 gir1.2-packagekitglib-1.0 amd64 1.1.13-2ubuntu1.1 [21.6 kB]
Get:62 http://archive.ubuntu.com/ubuntu focal-updates/main amd64 libproxy1v5 amd64 0.4.15-10ubuntu1.2 [49.1 kB]
Get:63 http://archive.ubuntu.com/ubuntu focal-updates/main amd64 glib-networking-common all 2.64.2-1ubuntu0.1 [5040 B]
Get:64 http://archive.ubuntu.com/ubuntu focal-updates/main amd64 glib-networking-services amd64 2.64.2-1ubuntu0.1 [10.6 kB]
Get:65 http://archive.ubuntu.com/ubuntu focal/main amd64 gsettings-desktop-schemas all 3.36.0-1ubuntu1 [29.0 kB]
Get:66 http://archive.ubuntu.com/ubuntu focal-updates/main amd64 glib-networking amd64 2.64.2-1ubuntu0.1 [58.2 kB]
Get:67 http://archive.ubuntu.com/ubuntu focal/main amd64 libassuan0 amd64 2.5.3-7ubuntu2 [35.7 kB]
Get:68 http://archive.ubuntu.com/ubuntu focal-updates/main amd64 gpgconf amd64 2.2.19-3ubuntu2.1 [124 kB]
Get:69 http://archive.ubuntu.com/ubuntu focal-updates/main amd64 gpg amd64 2.2.19-3ubuntu2.1 [483 kB]
Get:70 http://archive.ubuntu.com/ubuntu focal-updates/main amd64 libbrotli1 amd64 1.0.7-6ubuntu0.1 [267 kB]
Get:71 http://archive.ubuntu.com/ubuntu focal/main amd64 libsoup2.4-1 amd64 2.70.0-1 [262 kB]
Get:72 http://archive.ubuntu.com/ubuntu focal/main amd64 libstemmer0d amd64 0+svn585-2 [61.7 kB]
Get:73 http://archive.ubuntu.com/ubuntu focal/main amd64 libappstream4 amd64 0.12.10-2 [129 kB]
Get:74 http://archive.ubuntu.com/ubuntu focal-updates/main amd64 libglib2.0-bin amd64 2.64.6-1~ubuntu20.04.3 [73.0 kB]
Get:75 http://archive.ubuntu.com/ubuntu focal/main amd64 libgstreamer1.0-0 amd64 1.16.2-2 [890 kB]
Get:76 http://archive.ubuntu.com/ubuntu focal/main amd64 libpolkit-agent-1-0 amd64 0.105-26ubuntu1 [15.3 kB]
Get:77 http://archive.ubuntu.com/ubuntu focal/main amd64 policykit-1 amd64 0.105-26ubuntu1 [84.0 kB]
Get:78 http://archive.ubuntu.com/ubuntu focal/main amd64 python3-certifi all 2019.11.28-1 [149 kB]
Get:79 http://archive.ubuntu.com/ubuntu focal/main amd64 python3-chardet all 3.0.4-4build1 [80.4 kB]
Get:80 http://archive.ubuntu.com/ubuntu focal/main amd64 python3-idna all 2.8-1 [34.6 kB]
Get:81 http://archive.ubuntu.com/ubuntu focal-updates/main amd64 python3-urllib3 all 1.25.8-2ubuntu0.1 [88.3 kB]
Get:82 http://archive.ubuntu.com/ubuntu focal/main amd64 python3-requests all 2.22.0-2ubuntu1 [47.1 kB]
Get:83 http://archive.ubuntu.com/ubuntu focal/main amd64 python3-requests-unixsocket all 0.2.0-2 [7272 B]
Get:84 http://archive.ubuntu.com/ubuntu focal-updates/main amd64 python3-software-properties all 0.98.9.4 [25.1 kB]
Get:85 http://archive.ubuntu.com/ubuntu focal-updates/main amd64 packagekit amd64 1.1.13-2ubuntu1.1 [408 kB]
Get:86 http://archive.ubuntu.com/ubuntu focal-updates/main amd64 software-properties-common all 0.98.9.4 [10.6 kB]
Preconfiguring packages ...
Fetched 29.5 MB in 7s (3933 kB/s)
(Reading database ... (Reading database ... 5%(Reading database ... 10%(Reading database ... 15%(Reading database ... 20%(Reading database ... 25%(Reading database ... 30%(Reading database ... 35%(Reading database ... 40%(Reading database ... 45%(Reading database ... 50%(Reading database ... 55%(Reading database ... 60%(Reading database ... 65%(Reading database ... 70%(Reading database ... 75%(Reading database ... 80%(Reading database ... 85%(Reading database ... 90%(Reading database ... 95%(Reading database ... 100%(Reading database ... 4482 files and directories currently installed.)
Preparing to unpack .../libsystemd0_245.4-4ubuntu3.5_amd64.deb ...
Unpacking libsystemd0:amd64 (245.4-4ubuntu3.5) over (245.4-4ubuntu3.4) ...
Setting up libsystemd0:amd64 (245.4-4ubuntu3.5) ...
Selecting previously unselected package libpython3.8-minimal:amd64.
(Reading database ... (Reading database ... 5%(Reading database ... 10%(Reading database ... 15%(Reading database ... 20%(Reading database ... 25%(Reading database ... 30%(Reading database ... 35%(Reading database ... 40%(Reading database ... 45%(Reading database ... 50%(Reading database ... 55%(Reading database ... 60%(Reading database ... 65%(Reading database ... 70%(Reading database ... 75%(Reading database ... 80%(Reading database ... 85%(Reading database ... 90%(Reading database ... 95%(Reading database ... 100%(Reading database ... 4482 files and directories currently installed.)
Preparing to unpack .../libpython3.8-minimal_3.8.5-1~20.04.2_amd64.deb ...
Unpacking libpython3.8-minimal:amd64 (3.8.5-1~20.04.2) ...
Selecting previously unselected package libexpat1:amd64.
Preparing to unpack .../libexpat1_2.2.9-1build1_amd64.deb ...
Unpacking libexpat1:amd64 (2.2.9-1build1) ...
Selecting previously unselected package python3.8-minimal.
Preparing to unpack .../python3.8-minimal_3.8.5-1~20.04.2_amd64.deb ...
Unpacking python3.8-minimal (3.8.5-1~20.04.2) ...
Setting up libpython3.8-minimal:amd64 (3.8.5-1~20.04.2) ...
Setting up libexpat1:amd64 (2.2.9-1build1) ...
Setting up python3.8-minimal (3.8.5-1~20.04.2) ...
Selecting previously unselected package python3-minimal.
(Reading database ... (Reading database ... 5%(Reading database ... 10%(Reading database ... 15%(Reading database ... 20%(Reading database ... 25%(Reading database ... 30%(Reading database ... 35%(Reading database ... 40%(Reading database ... 45%(Reading database ... 50%(Reading database ... 55%(Reading database ... 60%(Reading database ... 65%(Reading database ... 70%(Reading database ... 75%(Reading database ... 80%(Reading database ... 85%(Reading database ... 90%(Reading database ... 95%(Reading database ... 100%(Reading database ... 4773 files and directories currently installed.)
Preparing to unpack .../0-python3-minimal_3.8.2-0ubuntu2_amd64.deb ...
Unpacking python3-minimal (3.8.2-0ubuntu2) ...
Selecting previously unselected package mime-support.
Preparing to unpack .../1-mime-support_3.64ubuntu1_all.deb ...
Unpacking mime-support (3.64ubuntu1) ...
Selecting previously unselected package libmpdec2:amd64.
Preparing to unpack .../2-libmpdec2_2.4.2-3_amd64.deb ...
Unpacking libmpdec2:amd64 (2.4.2-3) ...
Selecting previously unselected package readline-common.
Preparing to unpack .../3-readline-common_8.0-4_all.deb ...
Unpacking readline-common (8.0-4) ...
Selecting previously unselected package libreadline8:amd64.
Preparing to unpack .../4-libreadline8_8.0-4_amd64.deb ...
Unpacking libreadline8:amd64 (8.0-4) ...
Selecting previously unselected package libsqlite3-0:amd64.
Preparing to unpack .../5-libsqlite3-0_3.31.1-4ubuntu0.2_amd64.deb ...
Unpacking libsqlite3-0:amd64 (3.31.1-4ubuntu0.2) ...
Selecting previously unselected package libpython3.8-stdlib:amd64.
Preparing to unpack .../6-libpython3.8-stdlib_3.8.5-1~20.04.2_amd64.deb ...
Unpacking libpython3.8-stdlib:amd64 (3.8.5-1~20.04.2) ...
Selecting previously unselected package python3.8.
Preparing to unpack .../7-python3.8_3.8.5-1~20.04.2_amd64.deb ...
Unpacking python3.8 (3.8.5-1~20.04.2) ...
Selecting previously unselected package libpython3-stdlib:amd64.
Preparing to unpack .../8-libpython3-stdlib_3.8.2-0ubuntu2_amd64.deb ...
Unpacking libpython3-stdlib:amd64 (3.8.2-0ubuntu2) ...
Setting up python3-minimal (3.8.2-0ubuntu2) ...
Selecting previously unselected package python3.
(Reading database ... (Reading database ... 5%(Reading database ... 10%(Reading database ... 15%(Reading database ... 20%(Reading database ... 25%(Reading database ... 30%(Reading database ... 35%(Reading database ... 40%(Reading database ... 45%(Reading database ... 50%(Reading database ... 55%(Reading database ... 60%(Reading database ... 65%(Reading database ... 70%(Reading database ... 75%(Reading database ... 80%(Reading database ... 85%(Reading database ... 90%(Reading database ... 95%(Reading database ... 100%(Reading database ... 5203 files and directories currently installed.)
Preparing to unpack .../00-python3_3.8.2-0ubuntu2_amd64.deb ...
Unpacking python3 (3.8.2-0ubuntu2) ...
Selecting previously unselected package libapparmor1:amd64.
Preparing to unpack .../01-libapparmor1_2.13.3-7ubuntu5.1_amd64.deb ...
Unpacking libapparmor1:amd64 (2.13.3-7ubuntu5.1) ...
Selecting previously unselected package libcap2:amd64.
Preparing to unpack .../02-libcap2_1%3a2.32-1_amd64.deb ...
Unpacking libcap2:amd64 (1:2.32-1) ...
Selecting previously unselected package libargon2-1:amd64.
Preparing to unpack .../03-libargon2-1_0~20171227-0.2_amd64.deb ...
Unpacking libargon2-1:amd64 (0~20171227-0.2) ...
Selecting previously unselected package libdevmapper1.02.1:amd64.
Preparing to unpack .../04-libdevmapper1.02.1_2%3a1.02.167-1ubuntu1_amd64.deb ...
Unpacking libdevmapper1.02.1:amd64 (2:1.02.167-1ubuntu1) ...
Selecting previously unselected package libjson-c4:amd64.
Preparing to unpack .../05-libjson-c4_0.13.1+dfsg-7ubuntu0.3_amd64.deb ...
Unpacking libjson-c4:amd64 (0.13.1+dfsg-7ubuntu0.3) ...
Selecting previously unselected package libcryptsetup12:amd64.
Preparing to unpack .../06-libcryptsetup12_2%3a2.2.2-3ubuntu2.3_amd64.deb ...
Unpacking libcryptsetup12:amd64 (2:2.2.2-3ubuntu2.3) ...
Selecting previously unselected package libip4tc2:amd64.
Preparing to unpack .../07-libip4tc2_1.8.4-3ubuntu2_amd64.deb ...
Unpacking libip4tc2:amd64 (1.8.4-3ubuntu2) ...
Selecting previously unselected package libkmod2:amd64.
Preparing to unpack .../08-libkmod2_27-1ubuntu2_amd64.deb ...
Unpacking libkmod2:amd64 (27-1ubuntu2) ...
Selecting previously unselected package systemd-timesyncd.
Preparing to unpack .../09-systemd-timesyncd_245.4-4ubuntu3.5_amd64.deb ...
Unpacking systemd-timesyncd (245.4-4ubuntu3.5) ...
Selecting previously unselected package systemd.
Preparing to unpack .../10-systemd_245.4-4ubuntu3.5_amd64.deb ...
Unpacking systemd (245.4-4ubuntu3.5) ...
Setting up libapparmor1:amd64 (2.13.3-7ubuntu5.1) ...
Setting up libcap2:amd64 (1:2.32-1) ...
Setting up libargon2-1:amd64 (0~20171227-0.2) ...
Setting up libdevmapper1.02.1:amd64 (2:1.02.167-1ubuntu1) ...
Setting up libjson-c4:amd64 (0.13.1+dfsg-7ubuntu0.3) ...
Setting up libcryptsetup12:amd64 (2:2.2.2-3ubuntu2.3) ...
Setting up libip4tc2:amd64 (1.8.4-3ubuntu2) ...
Setting up libkmod2:amd64 (27-1ubuntu2) ...
Setting up systemd-timesyncd (245.4-4ubuntu3.5) ...
Created symlink /etc/systemd/system/dbus-org.freedesktop.timesync1.service -> /lib/systemd/system/systemd-timesyncd.service.
Created symlink /etc/systemd/system/sysinit.target.wants/systemd-timesyncd.service -> /lib/systemd/system/systemd-timesyncd.service.
Setting up systemd (245.4-4ubuntu3.5) ...
Created symlink /etc/systemd/system/getty.target.wants/getty@tty1.service -> /lib/systemd/system/getty@.service.
Created symlink /etc/systemd/system/multi-user.target.wants/remote-fs.target -> /lib/systemd/system/remote-fs.target.
Created symlink /etc/systemd/system/dbus-org.freedesktop.resolve1.service -> /lib/systemd/system/systemd-resolved.service.
Created symlink /etc/systemd/system/multi-user.target.wants/systemd-resolved.service -> /lib/systemd/system/systemd-resolved.service.
ln: failed to create symbolic link '/etc/resolv.conf': Device or resource busy
Created symlink /etc/systemd/system/multi-user.target.wants/ondemand.service -> /lib/systemd/system/ondemand.service.
Created symlink /etc/systemd/system/sysinit.target.wants/systemd-pstore.service -> /lib/systemd/system/systemd-pstore.service.
Initializing machine ID from random generator.
Selecting previously unselected package systemd-sysv.
(Reading database ... (Reading database ... 5%(Reading database ... 10%(Reading database ... 15%(Reading database ... 20%(Reading database ... 25%(Reading database ... 30%(Reading database ... 35%(Reading database ... 40%(Reading database ... 45%(Reading database ... 50%(Reading database ... 55%(Reading database ... 60%(Reading database ... 65%(Reading database ... 70%(Reading database ... 75%(Reading database ... 80%(Reading database ... 85%(Reading database ... 90%(Reading database ... 95%(Reading database ... 100%(Reading database ... 6038 files and directories currently installed.)
Preparing to unpack .../00-systemd-sysv_245.4-4ubuntu3.5_amd64.deb ...
Unpacking systemd-sysv (245.4-4ubuntu3.5) ...
Selecting previously unselected package libdbus-1-3:amd64.
Preparing to unpack .../01-libdbus-1-3_1.12.16-2ubuntu2.1_amd64.deb ...
Unpacking libdbus-1-3:amd64 (1.12.16-2ubuntu2.1) ...
Selecting previously unselected package dbus.
Preparing to unpack .../02-dbus_1.12.16-2ubuntu2.1_amd64.deb ...
Unpacking dbus (1.12.16-2ubuntu2.1) ...
Selecting previously unselected package distro-info-data.
Preparing to unpack .../03-distro-info-data_0.43ubuntu1.4_all.deb ...
Unpacking distro-info-data (0.43ubuntu1.4) ...
Selecting previously unselected package libglib2.0-0:amd64.
Preparing to unpack .../04-libglib2.0-0_2.64.6-1~ubuntu20.04.3_amd64.deb ...
Unpacking libglib2.0-0:amd64 (2.64.6-1~ubuntu20.04.3) ...
Selecting previously unselected package libgirepository-1.0-1:amd64.
Preparing to unpack .../05-libgirepository-1.0-1_1.64.1-1~ubuntu20.04.1_amd64.deb ...
Unpacking libgirepository-1.0-1:amd64 (1.64.1-1~ubuntu20.04.1) ...
Selecting previously unselected package gir1.2-glib-2.0:amd64.
Preparing to unpack .../06-gir1.2-glib-2.0_1.64.1-1~ubuntu20.04.1_amd64.deb ...
Unpacking gir1.2-glib-2.0:amd64 (1.64.1-1~ubuntu20.04.1) ...
Selecting previously unselected package libcap2-bin.
Preparing to unpack .../07-libcap2-bin_1%3a2.32-1_amd64.deb ...
Unpacking libcap2-bin (1:2.32-1) ...
Selecting previously unselected package libelf1:amd64.
Preparing to unpack .../08-libelf1_0.176-1.1build1_amd64.deb ...
Unpacking libelf1:amd64 (0.176-1.1build1) ...
Selecting previously unselected package libglib2.0-data.
Preparing to unpack .../09-libglib2.0-data_2.64.6-1~ubuntu20.04.3_all.deb ...
Unpacking libglib2.0-data (2.64.6-1~ubuntu20.04.3) ...
Selecting previously unselected package tzdata.
Preparing to unpack .../10-tzdata_2021a-0ubuntu0.20.04_all.deb ...
Unpacking tzdata (2021a-0ubuntu0.20.04) ...
Selecting previously unselected package libicu66:amd64.
Preparing to unpack .../11-libicu66_66.1-2ubuntu2_amd64.deb ...
Unpacking libicu66:amd64 (66.1-2ubuntu2) ...
Selecting previously unselected package libpam-systemd:amd64.
Preparing to unpack .../12-libpam-systemd_245.4-4ubuntu3.5_amd64.deb ...
Unpacking libpam-systemd:amd64 (245.4-4ubuntu3.5) ...
Selecting previously unselected package libxml2:amd64.
Preparing to unpack .../13-libxml2_2.9.10+dfsg-5_amd64.deb ...
Unpacking libxml2:amd64 (2.9.10+dfsg-5) ...
Selecting previously unselected package libyaml-0-2:amd64.
Preparing to unpack .../14-libyaml-0-2_0.2.2-1_amd64.deb ...
Unpacking libyaml-0-2:amd64 (0.2.2-1) ...
Selecting previously unselected package lsb-release.
Preparing to unpack .../15-lsb-release_11.1.0ubuntu2_all.deb ...
Unpacking lsb-release (11.1.0ubuntu2) ...
Selecting previously unselected package python3-dbus.
Preparing to unpack .../16-python3-dbus_1.2.16-1build1_amd64.deb ...
Unpacking python3-dbus (1.2.16-1build1) ...
Selecting previously unselected package python3-gi.
Preparing to unpack .../17-python3-gi_3.36.0-1_amd64.deb ...
Unpacking python3-gi (3.36.0-1) ...
Selecting previously unselected package python3-pkg-resources.
Preparing to unpack .../18-python3-pkg-resources_45.2.0-1_all.deb ...
Unpacking python3-pkg-resources (45.2.0-1) ...
Selecting previously unselected package python3-six.
Preparing to unpack .../19-python3-six_1.14.0-2_all.deb ...
Unpacking python3-six (1.14.0-2) ...
Selecting previously unselected package iso-codes.
Preparing to unpack .../20-iso-codes_4.4-1_all.deb ...
Unpacking iso-codes (4.4-1) ...
Selecting previously unselected package libkrb5support0:amd64.
Preparing to unpack .../21-libkrb5support0_1.17-6ubuntu4.1_amd64.deb ...
Unpacking libkrb5support0:amd64 (1.17-6ubuntu4.1) ...
Selecting previously unselected package libk5crypto3:amd64.
Preparing to unpack .../22-libk5crypto3_1.17-6ubuntu4.1_amd64.deb ...
Unpacking libk5crypto3:amd64 (1.17-6ubuntu4.1) ...
Selecting previously unselected package libkeyutils1:amd64.
Preparing to unpack .../23-libkeyutils1_1.6-6ubuntu1_amd64.deb ...
Unpacking libkeyutils1:amd64 (1.6-6ubuntu1) ...
Selecting previously unselected package libkrb5-3:amd64.
Preparing to unpack .../24-libkrb5-3_1.17-6ubuntu4.1_amd64.deb ...
Unpacking libkrb5-3:amd64 (1.17-6ubuntu4.1) ...
Selecting previously unselected package libgssapi-krb5-2:amd64.
Preparing to unpack .../25-libgssapi-krb5-2_1.17-6ubuntu4.1_amd64.deb ...
Unpacking libgssapi-krb5-2:amd64 (1.17-6ubuntu4.1) ...
Selecting previously unselected package liblmdb0:amd64.
Preparing to unpack .../26-liblmdb0_0.9.24-1_amd64.deb ...
Unpacking liblmdb0:amd64 (0.9.24-1) ...
Selecting previously unselected package libpolkit-gobject-1-0:amd64.
Preparing to unpack .../27-libpolkit-gobject-1-0_0.105-26ubuntu1_amd64.deb ...
Unpacking libpolkit-gobject-1-0:amd64 (0.105-26ubuntu1) ...
Selecting previously unselected package libpsl5:amd64.
Preparing to unpack .../28-libpsl5_0.21.0-1ubuntu1_amd64.deb ...
Unpacking libpsl5:amd64 (0.21.0-1ubuntu1) ...
Selecting previously unselected package python-apt-common.
Preparing to unpack .../29-python-apt-common_2.0.0ubuntu0.20.04.4_all.deb ...
Unpacking python-apt-common (2.0.0ubuntu0.20.04.4) ...
Selecting previously unselected package python3-apt.
Preparing to unpack .../30-python3-apt_2.0.0ubuntu0.20.04.4_amd64.deb ...
Unpacking python3-apt (2.0.0ubuntu0.20.04.4) ...
Selecting previously unselected package dbus-user-session.
Preparing to unpack .../31-dbus-user-session_1.12.16-2ubuntu2.1_amd64.deb ...
Unpacking dbus-user-session (1.12.16-2ubuntu2.1) ...
Selecting previously unselected package libdconf1:amd64.
Preparing to unpack .../32-libdconf1_0.36.0-1_amd64.deb ...
Unpacking libdconf1:amd64 (0.36.0-1) ...
Selecting previously unselected package dconf-service.
Preparing to unpack .../33-dconf-service_0.36.0-1_amd64.deb ...
Unpacking dconf-service (0.36.0-1) ...
Selecting previously unselected package dconf-gsettings-backend:amd64.
Preparing to unpack .../34-dconf-gsettings-backend_0.36.0-1_amd64.deb ...
Unpacking dconf-gsettings-backend:amd64 (0.36.0-1) ...
Selecting previously unselected package libpackagekit-glib2-18:amd64.
Preparing to unpack .../35-libpackagekit-glib2-18_1.1.13-2ubuntu1.1_amd64.deb ...
Unpacking libpackagekit-glib2-18:amd64 (1.1.13-2ubuntu1.1) ...
Selecting previously unselected package gir1.2-packagekitglib-1.0.
Preparing to unpack .../36-gir1.2-packagekitglib-1.0_1.1.13-2ubuntu1.1_amd64.deb ...
Unpacking gir1.2-packagekitglib-1.0 (1.1.13-2ubuntu1.1) ...
Selecting previously unselected package libproxy1v5:amd64.
Preparing to unpack .../37-libproxy1v5_0.4.15-10ubuntu1.2_amd64.deb ...
Unpacking libproxy1v5:amd64 (0.4.15-10ubuntu1.2) ...
Selecting previously unselected package glib-networking-common.
Preparing to unpack .../38-glib-networking-common_2.64.2-1ubuntu0.1_all.deb ...
Unpacking glib-networking-common (2.64.2-1ubuntu0.1) ...
Selecting previously unselected package glib-networking-services.
Preparing to unpack .../39-glib-networking-services_2.64.2-1ubuntu0.1_amd64.deb ...
Unpacking glib-networking-services (2.64.2-1ubuntu0.1) ...
Selecting previously unselected package gsettings-desktop-schemas.
Preparing to unpack .../40-gsettings-desktop-schemas_3.36.0-1ubuntu1_all.deb ...
Unpacking gsettings-desktop-schemas (3.36.0-1ubuntu1) ...
Selecting previously unselected package glib-networking:amd64.
Preparing to unpack .../41-glib-networking_2.64.2-1ubuntu0.1_amd64.deb ...
Unpacking glib-networking:amd64 (2.64.2-1ubuntu0.1) ...
Selecting previously unselected package libassuan0:amd64.
Preparing to unpack .../42-libassuan0_2.5.3-7ubuntu2_amd64.deb ...
Unpacking libassuan0:amd64 (2.5.3-7ubuntu2) ...
Selecting previously unselected package gpgconf.
Preparing to unpack .../43-gpgconf_2.2.19-3ubuntu2.1_amd64.deb ...
Unpacking gpgconf (2.2.19-3ubuntu2.1) ...
Selecting previously unselected package gpg.
Preparing to unpack .../44-gpg_2.2.19-3ubuntu2.1_amd64.deb ...
Unpacking gpg (2.2.19-3ubuntu2.1) ...
Selecting previously unselected package libbrotli1:amd64.
Preparing to unpack .../45-libbrotli1_1.0.7-6ubuntu0.1_amd64.deb ...
Unpacking libbrotli1:amd64 (1.0.7-6ubuntu0.1) ...
Selecting previously unselected package libsoup2.4-1:amd64.
Preparing to unpack .../46-libsoup2.4-1_2.70.0-1_amd64.deb ...
Unpacking libsoup2.4-1:amd64 (2.70.0-1) ...
Selecting previously unselected package libstemmer0d:amd64.
Preparing to unpack .../47-libstemmer0d_0+svn585-2_amd64.deb ...
Unpacking libstemmer0d:amd64 (0+svn585-2) ...
Selecting previously unselected package libappstream4:amd64.
Preparing to unpack .../48-libappstream4_0.12.10-2_amd64.deb ...
Unpacking libappstream4:amd64 (0.12.10-2) ...
Selecting previously unselected package libglib2.0-bin.
Preparing to unpack .../49-libglib2.0-bin_2.64.6-1~ubuntu20.04.3_amd64.deb ...
Unpacking libglib2.0-bin (2.64.6-1~ubuntu20.04.3) ...
Selecting previously unselected package libgstreamer1.0-0:amd64.
Preparing to unpack .../50-libgstreamer1.0-0_1.16.2-2_amd64.deb ...
Unpacking libgstreamer1.0-0:amd64 (1.16.2-2) ...
Selecting previously unselected package libpolkit-agent-1-0:amd64.
Preparing to unpack .../51-libpolkit-agent-1-0_0.105-26ubuntu1_amd64.deb ...
Unpacking libpolkit-agent-1-0:amd64 (0.105-26ubuntu1) ...
Selecting previously unselected package policykit-1.
Preparing to unpack .../52-policykit-1_0.105-26ubuntu1_amd64.deb ...
Unpacking policykit-1 (0.105-26ubuntu1) ...
Selecting previously unselected package python3-certifi.
Preparing to unpack .../53-python3-certifi_2019.11.28-1_all.deb ...
Unpacking python3-certifi (2019.11.28-1) ...
Selecting previously unselected package python3-chardet.
Preparing to unpack .../54-python3-chardet_3.0.4-4build1_all.deb ...
Unpacking python3-chardet (3.0.4-4build1) ...
Selecting previously unselected package python3-idna.
Preparing to unpack .../55-python3-idna_2.8-1_all.deb ...
Unpacking python3-idna (2.8-1) ...
Selecting previously unselected package python3-urllib3.
Preparing to unpack .../56-python3-urllib3_1.25.8-2ubuntu0.1_all.deb ...
Unpacking python3-urllib3 (1.25.8-2ubuntu0.1) ...
Selecting previously unselected package python3-requests.
Preparing to unpack .../57-python3-requests_2.22.0-2ubuntu1_all.deb ...
Unpacking python3-requests (2.22.0-2ubuntu1) ...
Selecting previously unselected package python3-requests-unixsocket.
Preparing to unpack .../58-python3-requests-unixsocket_0.2.0-2_all.deb ...
Unpacking python3-requests-unixsocket (0.2.0-2) ...
Selecting previously unselected package python3-software-properties.
Preparing to unpack .../59-python3-software-properties_0.98.9.4_all.deb ...
Unpacking python3-software-properties (0.98.9.4) ...
Selecting previously unselected package packagekit.
Preparing to unpack .../60-packagekit_1.1.13-2ubuntu1.1_amd64.deb ...
Unpacking packagekit (1.1.13-2ubuntu1.1) ...
Selecting previously unselected package software-properties-common.
Preparing to unpack .../61-software-properties-common_0.98.9.4_all.deb ...
Unpacking software-properties-common (0.98.9.4) ...
Setting up liblmdb0:amd64 (0.9.24-1) ...
Setting up systemd-sysv (245.4-4ubuntu3.5) ...
Setting up libkeyutils1:amd64 (1.6-6ubuntu1) ...
Setting up libproxy1v5:amd64 (0.4.15-10ubuntu1.2) ...
Setting up libpsl5:amd64 (0.21.0-1ubuntu1) ...
Setting up mime-support (3.64ubuntu1) ...
Setting up libyaml-0-2:amd64 (0.2.2-1) ...
Setting up libglib2.0-0:amd64 (2.64.6-1~ubuntu20.04.3) ...
Setting up distro-info-data (0.43ubuntu1.4) ...
Setting up libbrotli1:amd64 (1.0.7-6ubuntu0.1) ...
Setting up libsqlite3-0:amd64 (3.31.1-4ubuntu0.2) ...
Setting up libpackagekit-glib2-18:amd64 (1.1.13-2ubuntu1.1) ...
Setting up libassuan0:amd64 (2.5.3-7ubuntu2) ...
Setting up libkrb5support0:amd64 (1.17-6ubuntu4.1) ...
Setting up tzdata (2021a-0ubuntu0.20.04) ...

Current default time zone: 'Etc/UTC'
Local time is now:      Mon Mar 22 03:57:54 UTC 2021.
Universal Time is now:  Mon Mar 22 03:57:54 UTC 2021.
Run 'dpkg-reconfigure tzdata' if you wish to change it.

Setting up libcap2-bin (1:2.32-1) ...
Setting up libdconf1:amd64 (0.36.0-1) ...
Setting up libglib2.0-data (2.64.6-1~ubuntu20.04.3) ...
Setting up libdbus-1-3:amd64 (1.12.16-2ubuntu2.1) ...
Setting up dbus (1.12.16-2ubuntu2.1) ...
Setting up libk5crypto3:amd64 (1.17-6ubuntu4.1) ...
Setting up python-apt-common (2.0.0ubuntu0.20.04.4) ...
Setting up libpam-systemd:amd64 (245.4-4ubuntu3.5) ...
Setting up libgirepository-1.0-1:amd64 (1.64.1-1~ubuntu20.04.1) ...
Setting up libkrb5-3:amd64 (1.17-6ubuntu4.1) ...
Setting up libstemmer0d:amd64 (0+svn585-2) ...
Setting up libmpdec2:amd64 (2.4.2-3) ...
Setting up glib-networking-common (2.64.2-1ubuntu0.1) ...
Setting up libelf1:amd64 (0.176-1.1build1) ...
Setting up readline-common (8.0-4) ...
Setting up iso-codes (4.4-1) ...
Setting up libpolkit-gobject-1-0:amd64 (0.105-26ubuntu1) ...
Setting up libgstreamer1.0-0:amd64 (1.16.2-2) ...
Setcap worked! gst-ptp-helper is not suid!
Setting up glib-networking-services (2.64.2-1ubuntu0.1) ...
Setting up libicu66:amd64 (66.1-2ubuntu2) ...
Setting up libreadline8:amd64 (8.0-4) ...
Setting up libglib2.0-bin (2.64.6-1~ubuntu20.04.3) ...
Setting up dbus-user-session (1.12.16-2ubuntu2.1) ...
Setting up libgssapi-krb5-2:amd64 (1.17-6ubuntu4.1) ...
Setting up gir1.2-glib-2.0:amd64 (1.64.1-1~ubuntu20.04.1) ...
Setting up gpgconf (2.2.19-3ubuntu2.1) ...
Setting up libpolkit-agent-1-0:amd64 (0.105-26ubuntu1) ...
Setting up libpython3.8-stdlib:amd64 (3.8.5-1~20.04.2) ...
Setting up python3.8 (3.8.5-1~20.04.2) ...
Setting up libxml2:amd64 (2.9.10+dfsg-5) ...
Setting up policykit-1 (0.105-26ubuntu1) ...
Setting up gpg (2.2.19-3ubuntu2.1) ...
Setting up libpython3-stdlib:amd64 (3.8.2-0ubuntu2) ...
Setting up dconf-service (0.36.0-1) ...
Setting up python3 (3.8.2-0ubuntu2) ...
Setting up python3-six (1.14.0-2) ...
Setting up gir1.2-packagekitglib-1.0 (1.1.13-2ubuntu1.1) ...
Setting up python3-certifi (2019.11.28-1) ...
Setting up python3-gi (3.36.0-1) ...
Setting up python3-idna (2.8-1) ...
Setting up python3-urllib3 (1.25.8-2ubuntu0.1) ...
Setting up lsb-release (11.1.0ubuntu2) ...
Setting up python3-pkg-resources (45.2.0-1) ...
Setting up python3-dbus (1.2.16-1build1) ...
Setting up dconf-gsettings-backend:amd64 (0.36.0-1) ...
Setting up python3-apt (2.0.0ubuntu0.20.04.4) ...
Setting up python3-chardet (3.0.4-4build1) ...
Setting up python3-software-properties (0.98.9.4) ...
Setting up python3-requests (2.22.0-2ubuntu1) ...
Setting up gsettings-desktop-schemas (3.36.0-1ubuntu1) ...
Setting up python3-requests-unixsocket (0.2.0-2) ...
Setting up glib-networking:amd64 (2.64.2-1ubuntu0.1) ...
Setting up libsoup2.4-1:amd64 (2.70.0-1) ...
Setting up libappstream4:amd64 (0.12.10-2) ...
Setting up packagekit (1.1.13-2ubuntu1.1) ...
invoke-rc.d: could not determine current runlevel
invoke-rc.d: policy-rc.d denied execution of force-reload.
Failed to open connection to "system" message bus: Failed to connect to socket /var/run/dbus/system_bus_socket: No such file or directory
Created symlink /etc/systemd/user/sockets.target.wants/pk-debconf-helper.socket -> /usr/lib/systemd/user/pk-debconf-helper.socket.
Setting up software-properties-common (0.98.9.4) ...
Processing triggers for systemd (245.4-4ubuntu3.5) ...
Processing triggers for libc-bin (2.31-0ubuntu9.2) ...
Processing triggers for dbus (1.12.16-2ubuntu2.1) ...
+ apt-get dist-upgrade -y --no-install-recommends -o Dpkg::Options::=--force-confold
Reading package lists...
Building dependency tree...
Reading state information...
Calculating upgrade...
The following packages will be upgraded:
  libudev1 libzstd1
2 upgraded, 0 newly installed, 0 to remove and 0 not upgraded.
Need to get 318 kB of archives.
After this operation, 1024 B of additional disk space will be used.
Get:1 http://archive.ubuntu.com/ubuntu focal-updates/main amd64 libudev1 amd64 245.4-4ubuntu3.5 [81.2 kB]
Get:2 http://archive.ubuntu.com/ubuntu focal-updates/main amd64 libzstd1 amd64 1.4.4+dfsg-3ubuntu0.1 [237 kB]
Fetched 318 kB in 2s (177 kB/s)
(Reading database ... (Reading database ... 5%(Reading database ... 10%(Reading database ... 15%(Reading database ... 20%(Reading database ... 25%(Reading database ... 30%(Reading database ... 35%(Reading database ... 40%(Reading database ... 45%(Reading database ... 50%(Reading database ... 55%(Reading database ... 60%(Reading database ... 65%(Reading database ... 70%(Reading database ... 75%(Reading database ... 80%(Reading database ... 85%(Reading database ... 90%(Reading database ... 95%(Reading database ... 100%(Reading database ... 10126 files and directories currently installed.)
Preparing to unpack .../libudev1_245.4-4ubuntu3.5_amd64.deb ...
Unpacking libudev1:amd64 (245.4-4ubuntu3.5) over (245.4-4ubuntu3.4) ...
Setting up libudev1:amd64 (245.4-4ubuntu3.5) ...
(Reading database ... (Reading database ... 5%(Reading database ... 10%(Reading database ... 15%(Reading database ... 20%(Reading database ... 25%(Reading database ... 30%(Reading database ... 35%(Reading database ... 40%(Reading database ... 45%(Reading database ... 50%(Reading database ... 55%(Reading database ... 60%(Reading database ... 65%(Reading database ... 70%(Reading database ... 75%(Reading database ... 80%(Reading database ... 85%(Reading database ... 90%(Reading database ... 95%(Reading database ... 100%(Reading database ... 10126 files and directories currently installed.)
Preparing to unpack .../libzstd1_1.4.4+dfsg-3ubuntu0.1_amd64.deb ...
Unpacking libzstd1:amd64 (1.4.4+dfsg-3ubuntu0.1) over (1.4.4+dfsg-3) ...
Setting up libzstd1:amd64 (1.4.4+dfsg-3ubuntu0.1) ...
Processing triggers for libc-bin (2.31-0ubuntu9.2) ...
+ case $(lsb_release -is) in
++ lsb_release -is
+ apt-get install -y --no-install-recommends language-pack-pt
Reading package lists...
Building dependency tree...
Reading state information...
The following additional packages will be installed:
  language-pack-pt-base locales
The following NEW packages will be installed:
  language-pack-pt language-pack-pt-base locales
0 upgraded, 3 newly installed, 0 to remove and 0 not upgraded.
Need to get 6683 kB of archives.
After this operation, 31.8 MB of additional disk space will be used.
Get:1 http://archive.ubuntu.com/ubuntu focal-updates/main amd64 locales all 2.31-0ubuntu9.2 [3872 kB]
Get:2 http://archive.ubuntu.com/ubuntu focal-updates/main amd64 language-pack-pt-base all 1:20.04+20210121 [2809 kB]
Get:3 http://archive.ubuntu.com/ubuntu focal-updates/main amd64 language-pack-pt all 1:20.04+20210121 [1900 B]
Preconfiguring packages ...
Fetched 6683 kB in 3s (2324 kB/s)
Selecting previously unselected package locales.
(Reading database ... (Reading database ... 5%(Reading database ... 10%(Reading database ... 15%(Reading database ... 20%(Reading database ... 25%(Reading database ... 30%(Reading database ... 35%(Reading database ... 40%(Reading database ... 45%(Reading database ... 50%(Reading database ... 55%(Reading database ... 60%(Reading database ... 65%(Reading database ... 70%(Reading database ... 75%(Reading database ... 80%(Reading database ... 85%(Reading database ... 90%(Reading database ... 95%(Reading database ... 100%(Reading database ... 10126 files and directories currently installed.)
Preparing to unpack .../locales_2.31-0ubuntu9.2_all.deb ...
Unpacking locales (2.31-0ubuntu9.2) ...
Selecting previously unselected package language-pack-pt-base.
Preparing to unpack .../language-pack-pt-base_1%3a20.04+20210121_all.deb ...
Unpacking language-pack-pt-base (1:20.04+20210121) ...
Selecting previously unselected package language-pack-pt.
Preparing to unpack .../language-pack-pt_1%3a20.04+20210121_all.deb ...
Unpacking language-pack-pt (1:20.04+20210121) ...
Setting up locales (2.31-0ubuntu9.2) ...
Generating locales (this might take a while)...
  pt_BR.UTF-8... done
  pt_PT.UTF-8... done
Generation complete.
Setting up language-pack-pt (1:20.04+20210121) ...
Setting up language-pack-pt-base (1:20.04+20210121) ...
Generating locales (this might take a while)...
Generation complete.
+ apt-get install -y --no-install-recommends language-pack-pt-base
Reading package lists...
Building dependency tree...
Reading state information...
language-pack-pt-base is already the newest version (1:20.04+20210121).
language-pack-pt-base set to manually installed.
0 upgraded, 0 newly installed, 0 to remove and 0 not upgraded.
+ locale-gen pt_BR
Generating locales (this might take a while)...
  pt_BR.ISO-8859-1... done
Generation complete.
+ update-locale LANG=pt_BR.UTF-8 LC_CTYPE=pt_BR.UTF-8
+ echo -n pt_BR.UTF-8
+ echo -n pt_BR.UTF-8
+ cp /bd_build/bin/my_init /sbin/
+ mkdir -p /etc/my_init.d
+ mkdir -p /etc/my_init.pre_shutdown.d
+ mkdir -p /etc/my_init.post_shutdown.d
+ mkdir -p /etc/container_environment
+ touch /etc/container_environment.sh
+ touch /etc/container_environment.json
+ chmod 700 /etc/container_environment
+ groupadd -g 8377 docker_env
+ chown :docker_env /etc/container_environment.sh /etc/container_environment.json
+ chmod 640 /etc/container_environment.sh /etc/container_environment.json
+ ln -s /etc/container_environment.sh /etc/profile.d/
+ apt-get install -y --no-install-recommends runit
Reading package lists...
Building dependency tree...
Reading state information...
The following NEW packages will be installed:
  runit
0 upgraded, 1 newly installed, 0 to remove and 0 not upgraded.
Need to get 95.9 kB of archives.
After this operation, 409 kB of additional disk space will be used.
Get:1 http://archive.ubuntu.com/ubuntu focal/universe amd64 runit amd64 2.1.2-9.2ubuntu1 [95.9 kB]
Fetched 95.9 kB in 1s (82.1 kB/s)
Selecting previously unselected package runit.
(Reading database ... (Reading database ... 5%(Reading database ... 10%(Reading database ... 15%(Reading database ... 20%(Reading database ... 25%(Reading database ... 30%(Reading database ... 35%(Reading database ... 40%(Reading database ... 45%(Reading database ... 50%(Reading database ... 55%(Reading database ... 60%(Reading database ... 65%(Reading database ... 70%(Reading database ... 75%(Reading database ... 80%(Reading database ... 85%(Reading database ... 90%(Reading database ... 95%(Reading database ... 100%(Reading database ... 11218 files and directories currently installed.)
Preparing to unpack .../runit_2.1.2-9.2ubuntu1_amd64.deb ...
+ [ install = upgrade ]
Unpacking runit (2.1.2-9.2ubuntu1) ...
Setting up runit (2.1.2-9.2ubuntu1) ...
+ '[' 0 -eq 0 ']'
+ /bd_build/services/syslog-ng/syslog-ng.sh
+ SYSLOG_NG_BUILD_PATH=/bd_build/services/syslog-ng
+ apt-get install -y --no-install-recommends syslog-ng-core
Reading package lists...
Building dependency tree...
Reading state information...
The following additional packages will be installed:
  libasn1-8-heimdal libcurl4 libgssapi3-heimdal libhcrypto4-heimdal
  libheimbase1-heimdal libheimntlm0-heimdal libhx509-5-heimdal libivykis0
  libkrb5-26-heimdal libldap-2.4-2 libldap-common libnet1 libnghttp2-14
  libroken18-heimdal librtmp1 libsasl2-2 libsasl2-modules-db libssh-4
  libwind0-heimdal libwrap0
Suggested packages:
  syslog-ng-mod-sql syslog-ng-mod-mongodb syslog-ng-mod-smtp
  syslog-ng-mod-amqp syslog-ng-mod-geoip2 syslog-ng-mod-pacctformat
  syslog-ng-mod-redis syslog-ng-mod-stomp syslog-ng-mod-riemann
  syslog-ng-mod-graphite syslog-ng-mod-python
  syslog-ng-mod-add-contextual-data syslog-ng-mod-getent
  syslog-ng-mod-stardate syslog-ng-mod-map-value-pairs
  syslog-ng-mod-snmptrapd-parser syslog-ng-mod-xml-parser syslog-ng-mod-extra
  syslog-ng-mod-tag-parser syslog-ng-mod-examples
Recommended packages:
  libsasl2-modules logrotate
The following NEW packages will be installed:
  libasn1-8-heimdal libcurl4 libgssapi3-heimdal libhcrypto4-heimdal
  libheimbase1-heimdal libheimntlm0-heimdal libhx509-5-heimdal libivykis0
  libkrb5-26-heimdal libldap-2.4-2 libldap-common libnet1 libnghttp2-14
  libroken18-heimdal librtmp1 libsasl2-2 libsasl2-modules-db libssh-4
  libwind0-heimdal libwrap0 syslog-ng-core
0 upgraded, 21 newly installed, 0 to remove and 0 not upgraded.
Need to get 2308 kB of archives.
After this operation, 8712 kB of additional disk space will be used.
Get:1 http://archive.ubuntu.com/ubuntu focal/main amd64 libroken18-heimdal amd64 7.7.0+dfsg-1ubuntu1 [41.8 kB]
Get:2 http://archive.ubuntu.com/ubuntu focal/main amd64 libasn1-8-heimdal amd64 7.7.0+dfsg-1ubuntu1 [181 kB]
Get:3 http://archive.ubuntu.com/ubuntu focal/main amd64 libheimbase1-heimdal amd64 7.7.0+dfsg-1ubuntu1 [29.7 kB]
Get:4 http://archive.ubuntu.com/ubuntu focal/main amd64 libhcrypto4-heimdal amd64 7.7.0+dfsg-1ubuntu1 [87.9 kB]
Get:5 http://archive.ubuntu.com/ubuntu focal/main amd64 libwind0-heimdal amd64 7.7.0+dfsg-1ubuntu1 [48.0 kB]
Get:6 http://archive.ubuntu.com/ubuntu focal/main amd64 libhx509-5-heimdal amd64 7.7.0+dfsg-1ubuntu1 [107 kB]
Get:7 http://archive.ubuntu.com/ubuntu focal/main amd64 libkrb5-26-heimdal amd64 7.7.0+dfsg-1ubuntu1 [208 kB]
Get:8 http://archive.ubuntu.com/ubuntu focal/main amd64 libheimntlm0-heimdal amd64 7.7.0+dfsg-1ubuntu1 [15.1 kB]
Get:9 http://archive.ubuntu.com/ubuntu focal/main amd64 libgssapi3-heimdal amd64 7.7.0+dfsg-1ubuntu1 [96.1 kB]
Get:10 http://archive.ubuntu.com/ubuntu focal/main amd64 libsasl2-modules-db amd64 2.1.27+dfsg-2 [14.9 kB]
Get:11 http://archive.ubuntu.com/ubuntu focal/main amd64 libsasl2-2 amd64 2.1.27+dfsg-2 [49.3 kB]
Get:12 http://archive.ubuntu.com/ubuntu focal-updates/main amd64 libldap-common all 2.4.49+dfsg-2ubuntu1.7 [17.1 kB]
Get:13 http://archive.ubuntu.com/ubuntu focal-updates/main amd64 libldap-2.4-2 amd64 2.4.49+dfsg-2ubuntu1.7 [155 kB]
Get:14 http://archive.ubuntu.com/ubuntu focal/main amd64 libnghttp2-14 amd64 1.40.0-1build1 [78.7 kB]
Get:15 http://archive.ubuntu.com/ubuntu focal/main amd64 librtmp1 amd64 2.4+20151223.gitfa8646d.1-2build1 [54.9 kB]
Get:16 http://archive.ubuntu.com/ubuntu focal-updates/main amd64 libssh-4 amd64 0.9.3-2ubuntu2.1 [170 kB]
Get:17 http://archive.ubuntu.com/ubuntu focal-updates/main amd64 libcurl4 amd64 7.68.0-1ubuntu2.4 [234 kB]
Get:18 http://archive.ubuntu.com/ubuntu focal/main amd64 libnet1 amd64 1.1.6+dfsg-3.1build1 [43.3 kB]
Get:19 http://archive.ubuntu.com/ubuntu focal/main amd64 libwrap0 amd64 7.6.q-30 [46.3 kB]
Get:20 http://archive.ubuntu.com/ubuntu focal/universe amd64 libivykis0 amd64 0.42.4-1 [26.5 kB]
Get:21 http://archive.ubuntu.com/ubuntu focal/universe amd64 syslog-ng-core amd64 3.25.1-3 [603 kB]
Fetched 2308 kB in 2s (1025 kB/s)
Selecting previously unselected package libroken18-heimdal:amd64.
(Reading database ... (Reading database ... 5%(Reading database ... 10%(Reading database ... 15%(Reading database ... 20%(Reading database ... 25%(Reading database ... 30%(Reading database ... 35%(Reading database ... 40%(Reading database ... 45%(Reading database ... 50%(Reading database ... 55%(Reading database ... 60%(Reading database ... 65%(Reading database ... 70%(Reading database ... 75%(Reading database ... 80%(Reading database ... 85%(Reading database ... 90%(Reading database ... 95%(Reading database ... 100%(Reading database ... 11267 files and directories currently installed.)
Preparing to unpack .../00-libroken18-heimdal_7.7.0+dfsg-1ubuntu1_amd64.deb ...
Unpacking libroken18-heimdal:amd64 (7.7.0+dfsg-1ubuntu1) ...
Selecting previously unselected package libasn1-8-heimdal:amd64.
Preparing to unpack .../01-libasn1-8-heimdal_7.7.0+dfsg-1ubuntu1_amd64.deb ...
Unpacking libasn1-8-heimdal:amd64 (7.7.0+dfsg-1ubuntu1) ...
Selecting previously unselected package libheimbase1-heimdal:amd64.
Preparing to unpack .../02-libheimbase1-heimdal_7.7.0+dfsg-1ubuntu1_amd64.deb ...
Unpacking libheimbase1-heimdal:amd64 (7.7.0+dfsg-1ubuntu1) ...
Selecting previously unselected package libhcrypto4-heimdal:amd64.
Preparing to unpack .../03-libhcrypto4-heimdal_7.7.0+dfsg-1ubuntu1_amd64.deb ...
Unpacking libhcrypto4-heimdal:amd64 (7.7.0+dfsg-1ubuntu1) ...
Selecting previously unselected package libwind0-heimdal:amd64.
Preparing to unpack .../04-libwind0-heimdal_7.7.0+dfsg-1ubuntu1_amd64.deb ...
Unpacking libwind0-heimdal:amd64 (7.7.0+dfsg-1ubuntu1) ...
Selecting previously unselected package libhx509-5-heimdal:amd64.
Preparing to unpack .../05-libhx509-5-heimdal_7.7.0+dfsg-1ubuntu1_amd64.deb ...
Unpacking libhx509-5-heimdal:amd64 (7.7.0+dfsg-1ubuntu1) ...
Selecting previously unselected package libkrb5-26-heimdal:amd64.
Preparing to unpack .../06-libkrb5-26-heimdal_7.7.0+dfsg-1ubuntu1_amd64.deb ...
Unpacking libkrb5-26-heimdal:amd64 (7.7.0+dfsg-1ubuntu1) ...
Selecting previously unselected package libheimntlm0-heimdal:amd64.
Preparing to unpack .../07-libheimntlm0-heimdal_7.7.0+dfsg-1ubuntu1_amd64.deb ...
Unpacking libheimntlm0-heimdal:amd64 (7.7.0+dfsg-1ubuntu1) ...
Selecting previously unselected package libgssapi3-heimdal:amd64.
Preparing to unpack .../08-libgssapi3-heimdal_7.7.0+dfsg-1ubuntu1_amd64.deb ...
Unpacking libgssapi3-heimdal:amd64 (7.7.0+dfsg-1ubuntu1) ...
Selecting previously unselected package libsasl2-modules-db:amd64.
Preparing to unpack .../09-libsasl2-modules-db_2.1.27+dfsg-2_amd64.deb ...
Unpacking libsasl2-modules-db:amd64 (2.1.27+dfsg-2) ...
Selecting previously unselected package libsasl2-2:amd64.
Preparing to unpack .../10-libsasl2-2_2.1.27+dfsg-2_amd64.deb ...
Unpacking libsasl2-2:amd64 (2.1.27+dfsg-2) ...
Selecting previously unselected package libldap-common.
Preparing to unpack .../11-libldap-common_2.4.49+dfsg-2ubuntu1.7_all.deb ...
Unpacking libldap-common (2.4.49+dfsg-2ubuntu1.7) ...
Selecting previously unselected package libldap-2.4-2:amd64.
Preparing to unpack .../12-libldap-2.4-2_2.4.49+dfsg-2ubuntu1.7_amd64.deb ...
Unpacking libldap-2.4-2:amd64 (2.4.49+dfsg-2ubuntu1.7) ...
Selecting previously unselected package libnghttp2-14:amd64.
Preparing to unpack .../13-libnghttp2-14_1.40.0-1build1_amd64.deb ...
Unpacking libnghttp2-14:amd64 (1.40.0-1build1) ...
Selecting previously unselected package librtmp1:amd64.
Preparing to unpack .../14-librtmp1_2.4+20151223.gitfa8646d.1-2build1_amd64.deb ...
Unpacking librtmp1:amd64 (2.4+20151223.gitfa8646d.1-2build1) ...
Selecting previously unselected package libssh-4:amd64.
Preparing to unpack .../15-libssh-4_0.9.3-2ubuntu2.1_amd64.deb ...
Unpacking libssh-4:amd64 (0.9.3-2ubuntu2.1) ...
Selecting previously unselected package libcurl4:amd64.
Preparing to unpack .../16-libcurl4_7.68.0-1ubuntu2.4_amd64.deb ...
Unpacking libcurl4:amd64 (7.68.0-1ubuntu2.4) ...
Selecting previously unselected package libnet1:amd64.
Preparing to unpack .../17-libnet1_1.1.6+dfsg-3.1build1_amd64.deb ...
Unpacking libnet1:amd64 (1.1.6+dfsg-3.1build1) ...
Selecting previously unselected package libwrap0:amd64.
Preparing to unpack .../18-libwrap0_7.6.q-30_amd64.deb ...
Unpacking libwrap0:amd64 (7.6.q-30) ...
Selecting previously unselected package libivykis0:amd64.
Preparing to unpack .../19-libivykis0_0.42.4-1_amd64.deb ...
Unpacking libivykis0:amd64 (0.42.4-1) ...
Selecting previously unselected package syslog-ng-core.
Preparing to unpack .../20-syslog-ng-core_3.25.1-3_amd64.deb ...
Unpacking syslog-ng-core (3.25.1-3) ...
Setting up libnghttp2-14:amd64 (1.40.0-1build1) ...
Setting up libnet1:amd64 (1.1.6+dfsg-3.1build1) ...
Setting up libldap-common (2.4.49+dfsg-2ubuntu1.7) ...
Setting up libsasl2-modules-db:amd64 (2.1.27+dfsg-2) ...
Setting up libwrap0:amd64 (7.6.q-30) ...
Setting up librtmp1:amd64 (2.4+20151223.gitfa8646d.1-2build1) ...
Setting up libivykis0:amd64 (0.42.4-1) ...
Setting up libsasl2-2:amd64 (2.1.27+dfsg-2) ...
Setting up libssh-4:amd64 (0.9.3-2ubuntu2.1) ...
Setting up libroken18-heimdal:amd64 (7.7.0+dfsg-1ubuntu1) ...
Setting up libheimbase1-heimdal:amd64 (7.7.0+dfsg-1ubuntu1) ...
Setting up libasn1-8-heimdal:amd64 (7.7.0+dfsg-1ubuntu1) ...
Setting up libhcrypto4-heimdal:amd64 (7.7.0+dfsg-1ubuntu1) ...
Setting up libwind0-heimdal:amd64 (7.7.0+dfsg-1ubuntu1) ...
Setting up libhx509-5-heimdal:amd64 (7.7.0+dfsg-1ubuntu1) ...
Setting up libkrb5-26-heimdal:amd64 (7.7.0+dfsg-1ubuntu1) ...
Setting up libheimntlm0-heimdal:amd64 (7.7.0+dfsg-1ubuntu1) ...
Setting up libgssapi3-heimdal:amd64 (7.7.0+dfsg-1ubuntu1) ...
Setting up libldap-2.4-2:amd64 (2.4.49+dfsg-2ubuntu1.7) ...
Setting up libcurl4:amd64 (7.68.0-1ubuntu2.4) ...
Setting up syslog-ng-core (3.25.1-3) ...
Created symlink /etc/systemd/system/multi-user.target.wants/syslog-ng.service -> /lib/systemd/system/syslog-ng.service.
invoke-rc.d: could not determine current runlevel
invoke-rc.d: policy-rc.d denied execution of start.
Processing triggers for systemd (245.4-4ubuntu3.5) ...
Processing triggers for libc-bin (2.31-0ubuntu9.2) ...
+ cp /bd_build/services/syslog-ng/syslog-ng.init /etc/my_init.d/10_syslog-ng.init
+ cp /bd_build/services/syslog-ng/syslog-ng.shutdown /etc/my_init.post_shutdown.d/10_syslog-ng.shutdown
+ mkdir -p /var/lib/syslog-ng
+ cp /bd_build/services/syslog-ng/syslog_ng_default /etc/default/syslog-ng
+ touch /var/log/syslog
+ chmod u=rw,g=r,o= /var/log/syslog
+ cp /bd_build/services/syslog-ng/syslog-ng.conf /etc/syslog-ng/syslog-ng.conf
+ apt-get install -y --no-install-recommends logrotate
Reading package lists...
Building dependency tree...
Reading state information...
The following additional packages will be installed:
  libpopt0
Suggested packages:
  bsd-mailx | mailx
The following NEW packages will be installed:
  libpopt0 logrotate
0 upgraded, 2 newly installed, 0 to remove and 0 not upgraded.
Need to get 70.8 kB of archives.
After this operation, 269 kB of additional disk space will be used.
Get:1 http://archive.ubuntu.com/ubuntu focal/main amd64 libpopt0 amd64 1.16-14 [26.3 kB]
Get:2 http://archive.ubuntu.com/ubuntu focal/main amd64 logrotate amd64 3.14.0-4ubuntu3 [44.5 kB]
Fetched 70.8 kB in 1s (67.2 kB/s)
Selecting previously unselected package libpopt0:amd64.
(Reading database ... (Reading database ... 5%(Reading database ... 10%(Reading database ... 15%(Reading database ... 20%(Reading database ... 25%(Reading database ... 30%(Reading database ... 35%(Reading database ... 40%(Reading database ... 45%(Reading database ... 50%(Reading database ... 55%(Reading database ... 60%(Reading database ... 65%(Reading database ... 70%(Reading database ... 75%(Reading database ... 80%(Reading database ... 85%(Reading database ... 90%(Reading database ... 95%(Reading database ... 100%(Reading database ... 11525 files and directories currently installed.)
Preparing to unpack .../libpopt0_1.16-14_amd64.deb ...
Unpacking libpopt0:amd64 (1.16-14) ...
Selecting previously unselected package logrotate.
Preparing to unpack .../logrotate_3.14.0-4ubuntu3_amd64.deb ...
Unpacking logrotate (3.14.0-4ubuntu3) ...
Setting up libpopt0:amd64 (1.16-14) ...
Setting up logrotate (3.14.0-4ubuntu3) ...
Created symlink /etc/systemd/system/timers.target.wants/logrotate.timer -> /lib/systemd/system/logrotate.timer.
Processing triggers for libc-bin (2.31-0ubuntu9.2) ...
+ cp /bd_build/services/syslog-ng/logrotate.conf /etc/logrotate.conf
+ cp /bd_build/services/syslog-ng/logrotate_syslogng /etc/logrotate.d/syslog-ng
+ '[' 0 -eq 0 ']'
+ /bd_build/services/sshd/sshd.sh
+ SSHD_BUILD_PATH=/bd_build/services/sshd
+ apt-get install -y --no-install-recommends openssh-server
Reading package lists...
Building dependency tree...
Reading state information...
The following additional packages will be installed:
  libbsd0 libcbor0.6 libedit2 libfido2-1 openssh-client openssh-sftp-server
  ucf
Suggested packages:
  keychain libpam-ssh monkeysphere ssh-askpass molly-guard ufw
Recommended packages:
  xauth ncurses-term ssh-import-id
The following NEW packages will be installed:
  libbsd0 libcbor0.6 libedit2 libfido2-1 openssh-client openssh-server
  openssh-sftp-server ucf
0 upgraded, 8 newly installed, 0 to remove and 0 not upgraded.
Need to get 1353 kB of archives.
After this operation, 6792 kB of additional disk space will be used.
Get:1 http://archive.ubuntu.com/ubuntu focal/main amd64 libbsd0 amd64 0.10.0-1 [45.4 kB]
Get:2 http://archive.ubuntu.com/ubuntu focal/main amd64 ucf all 3.0038+nmu1 [51.6 kB]
Get:3 http://archive.ubuntu.com/ubuntu focal/main amd64 libcbor0.6 amd64 0.6.0-0ubuntu1 [21.1 kB]
Get:4 http://archive.ubuntu.com/ubuntu focal/main amd64 libedit2 amd64 3.1-20191231-1 [87.0 kB]
Get:5 http://archive.ubuntu.com/ubuntu focal/main amd64 libfido2-1 amd64 1.3.1-1ubuntu2 [47.9 kB]
Get:6 http://archive.ubuntu.com/ubuntu focal-updates/main amd64 openssh-client amd64 1:8.2p1-4ubuntu0.2 [671 kB]
Get:7 http://archive.ubuntu.com/ubuntu focal-updates/main amd64 openssh-sftp-server amd64 1:8.2p1-4ubuntu0.2 [51.5 kB]
Get:8 http://archive.ubuntu.com/ubuntu focal-updates/main amd64 openssh-server amd64 1:8.2p1-4ubuntu0.2 [377 kB]
Preconfiguring packages ...
Fetched 1353 kB in 2s (606 kB/s)
Selecting previously unselected package libbsd0:amd64.
(Reading database ... (Reading database ... 5%(Reading database ... 10%(Reading database ... 15%(Reading database ... 20%(Reading database ... 25%(Reading database ... 30%(Reading database ... 35%(Reading database ... 40%(Reading database ... 45%(Reading database ... 50%(Reading database ... 55%(Reading database ... 60%(Reading database ... 65%(Reading database ... 70%(Reading database ... 75%(Reading database ... 80%(Reading database ... 85%(Reading database ... 90%(Reading database ... 95%(Reading database ... 100%(Reading database ... 11547 files and directories currently installed.)
Preparing to unpack .../0-libbsd0_0.10.0-1_amd64.deb ...
Unpacking libbsd0:amd64 (0.10.0-1) ...
Selecting previously unselected package ucf.
Preparing to unpack .../1-ucf_3.0038+nmu1_all.deb ...
Moving old data out of the way
Unpacking ucf (3.0038+nmu1) ...
Selecting previously unselected package libcbor0.6:amd64.
Preparing to unpack .../2-libcbor0.6_0.6.0-0ubuntu1_amd64.deb ...
Unpacking libcbor0.6:amd64 (0.6.0-0ubuntu1) ...
Selecting previously unselected package libedit2:amd64.
Preparing to unpack .../3-libedit2_3.1-20191231-1_amd64.deb ...
Unpacking libedit2:amd64 (3.1-20191231-1) ...
Selecting previously unselected package libfido2-1:amd64.
Preparing to unpack .../4-libfido2-1_1.3.1-1ubuntu2_amd64.deb ...
Unpacking libfido2-1:amd64 (1.3.1-1ubuntu2) ...
Selecting previously unselected package openssh-client.
Preparing to unpack .../5-openssh-client_1%3a8.2p1-4ubuntu0.2_amd64.deb ...
Unpacking openssh-client (1:8.2p1-4ubuntu0.2) ...
Selecting previously unselected package openssh-sftp-server.
Preparing to unpack .../6-openssh-sftp-server_1%3a8.2p1-4ubuntu0.2_amd64.deb ...
Unpacking openssh-sftp-server (1:8.2p1-4ubuntu0.2) ...
Selecting previously unselected package openssh-server.
Preparing to unpack .../7-openssh-server_1%3a8.2p1-4ubuntu0.2_amd64.deb ...
Unpacking openssh-server (1:8.2p1-4ubuntu0.2) ...
Setting up libcbor0.6:amd64 (0.6.0-0ubuntu1) ...
Setting up ucf (3.0038+nmu1) ...
Setting up libfido2-1:amd64 (1.3.1-1ubuntu2) ...
Setting up libbsd0:amd64 (0.10.0-1) ...
Setting up libedit2:amd64 (3.1-20191231-1) ...
Setting up openssh-client (1:8.2p1-4ubuntu0.2) ...
Setting up openssh-sftp-server (1:8.2p1-4ubuntu0.2) ...
Setting up openssh-server (1:8.2p1-4ubuntu0.2) ...

Creating config file /etc/ssh/sshd_config with new version
Creating SSH2 RSA key; this may take some time ...
3072 SHA256:sBPJRBJvMq02V7eFkmNtYjBKUDQIpnXv+uYK5sR6muw root@bede59a13404 (RSA)
Creating SSH2 ECDSA key; this may take some time ...
256 SHA256:+zESMh99n2gD35oBICmkR7msw/fxfNVeQN+CLc3J95E root@bede59a13404 (ECDSA)
Creating SSH2 ED25519 key; this may take some time ...
256 SHA256:oLmNk7vMMkgbTpRq6XknAnP5rw80ulP+oaF0bPiUDeQ root@bede59a13404 (ED25519)
Created symlink /etc/systemd/system/sshd.service -> /lib/systemd/system/ssh.service.
Created symlink /etc/systemd/system/multi-user.target.wants/ssh.service -> /lib/systemd/system/ssh.service.
invoke-rc.d: could not determine current runlevel
invoke-rc.d: policy-rc.d denied execution of start.
Processing triggers for systemd (245.4-4ubuntu3.5) ...
Processing triggers for libc-bin (2.31-0ubuntu9.2) ...
+ mkdir /var/run/sshd
+ mkdir /etc/service/sshd
+ touch /etc/service/sshd/down
+ cp /bd_build/services/sshd/sshd.runit /etc/service/sshd/run
+ cp /bd_build/services/sshd/sshd_config /etc/ssh/sshd_config
+ cp /bd_build/services/sshd/00_regen_ssh_host_keys.sh /etc/my_init.d/
+ mkdir -p /root/.ssh
+ chmod 700 /root/.ssh
+ chown root:root /root/.ssh
+ cp /bd_build/services/sshd/keys/insecure_key.pub /etc/insecure_key.pub
+ cp /bd_build/services/sshd/keys/insecure_key /etc/insecure_key
+ chmod 644 /etc/insecure_key /etc/insecure_key.pub
+ chown root:root /etc/insecure_key /etc/insecure_key.pub
+ cp /bd_build/services/sshd/enable_insecure_key /usr/sbin/
+ '[' 0 -eq 0 ']'
+ /bd_build/services/cron/cron.sh
+ apt-get install -y --no-install-recommends cron
Reading package lists...
Building dependency tree...
Reading state information...
Suggested packages:
  anacron checksecurity default-mta | mail-transport-agent
The following NEW packages will be installed:
  cron
0 upgraded, 1 newly installed, 0 to remove and 0 not upgraded.
Need to get 71.5 kB of archives.
After this operation, 268 kB of additional disk space will be used.
Get:1 http://archive.ubuntu.com/ubuntu focal/main amd64 cron amd64 3.0pl1-136ubuntu1 [71.5 kB]
Fetched 71.5 kB in 1s (71.7 kB/s)
Selecting previously unselected package cron.
(Reading database ... (Reading database ... 5%(Reading database ... 10%(Reading database ... 15%(Reading database ... 20%(Reading database ... 25%(Reading database ... 30%(Reading database ... 35%(Reading database ... 40%(Reading database ... 45%(Reading database ... 50%(Reading database ... 55%(Reading database ... 60%(Reading database ... 65%(Reading database ... 70%(Reading database ... 75%(Reading database ... 80%(Reading database ... 85%(Reading database ... 90%(Reading database ... 95%(Reading database ... 100%(Reading database ... 11666 files and directories currently installed.)
Preparing to unpack .../cron_3.0pl1-136ubuntu1_amd64.deb ...
Unpacking cron (3.0pl1-136ubuntu1) ...
Setting up cron (3.0pl1-136ubuntu1) ...
Adding group `crontab' (GID 107) ...
Done.
invoke-rc.d: could not determine current runlevel
invoke-rc.d: policy-rc.d denied execution of start.
Created symlink /etc/systemd/system/multi-user.target.wants/cron.service -> /lib/systemd/system/cron.service.
Processing triggers for systemd (245.4-4ubuntu3.5) ...
+ mkdir /etc/service/cron
+ chmod 600 /etc/crontab
+ cp /bd_build/services/cron/cron.runit /etc/service/cron/run
+ sed -i 's/^\s*session\s\+required\s\+pam_loginuid.so/# &/' /etc/pam.d/cron
+ rm -f /etc/cron.daily/standard
+ rm -f /etc/cron.daily/upstart
+ rm -f /etc/cron.daily/dpkg
+ rm -f /etc/cron.daily/password
+ rm -f /etc/cron.weekly/fstrim
+ '[' 0 -eq 0 ']'
+ /bd_build/services/neoricalex/inicio.sh
/bd_build/system_services.sh: line 34: /bd_build/services/neoricalex/inicio.sh: Permission denied
+ true
+ apt-get install -y --no-install-recommends curl less vim-tiny psmisc gpg-agent dirmngr
Reading package lists...
Building dependency tree...
Reading state information...
The following additional packages will be installed:
  libksba8 libnpth0 pinentry-curses vim-common xxd
Suggested packages:
  pinentry-gnome3 tor scdaemon pinentry-doc indent
Recommended packages:
  gnupg
The following NEW packages will be installed:
  curl dirmngr gpg-agent less libksba8 libnpth0 pinentry-curses psmisc
  vim-common vim-tiny xxd
0 upgraded, 11 newly installed, 0 to remove and 0 not upgraded.
Need to get 1748 kB of archives.
After this operation, 5444 kB of additional disk space will be used.
Get:1 http://archive.ubuntu.com/ubuntu focal-updates/main amd64 less amd64 551-1ubuntu0.1 [123 kB]
Get:2 http://archive.ubuntu.com/ubuntu focal/main amd64 xxd amd64 2:8.1.2269-1ubuntu5 [50.1 kB]
Get:3 http://archive.ubuntu.com/ubuntu focal/main amd64 vim-common all 2:8.1.2269-1ubuntu5 [85.1 kB]
Get:4 http://archive.ubuntu.com/ubuntu focal/main amd64 vim-tiny amd64 2:8.1.2269-1ubuntu5 [578 kB]
Get:5 http://archive.ubuntu.com/ubuntu focal/main amd64 psmisc amd64 23.3-1 [53.3 kB]
Get:6 http://archive.ubuntu.com/ubuntu focal-updates/main amd64 curl amd64 7.68.0-1ubuntu2.4 [161 kB]
Get:7 http://archive.ubuntu.com/ubuntu focal/main amd64 libksba8 amd64 1.3.5-2 [92.6 kB]
Get:8 http://archive.ubuntu.com/ubuntu focal/main amd64 libnpth0 amd64 1.6-1 [7736 B]
Get:9 http://archive.ubuntu.com/ubuntu focal-updates/main amd64 dirmngr amd64 2.2.19-3ubuntu2.1 [329 kB]
Get:10 http://archive.ubuntu.com/ubuntu focal/main amd64 pinentry-curses amd64 1.1.0-3build1 [36.3 kB]
Get:11 http://archive.ubuntu.com/ubuntu focal-updates/main amd64 gpg-agent amd64 2.2.19-3ubuntu2.1 [232 kB]
Fetched 1748 kB in 2s (823 kB/s)
Selecting previously unselected package less.
(Reading database ... (Reading database ... 5%(Reading database ... 10%(Reading database ... 15%(Reading database ... 20%(Reading database ... 25%(Reading database ... 30%(Reading database ... 35%(Reading database ... 40%(Reading database ... 45%(Reading database ... 50%(Reading database ... 55%(Reading database ... 60%(Reading database ... 65%(Reading database ... 70%(Reading database ... 75%(Reading database ... 80%(Reading database ... 85%(Reading database ... 90%(Reading database ... 95%(Reading database ... 100%(Reading database ... 11703 files and directories currently installed.)
Preparing to unpack .../00-less_551-1ubuntu0.1_amd64.deb ...
Unpacking less (551-1ubuntu0.1) ...
Selecting previously unselected package xxd.
Preparing to unpack .../01-xxd_2%3a8.1.2269-1ubuntu5_amd64.deb ...
Unpacking xxd (2:8.1.2269-1ubuntu5) ...
Selecting previously unselected package vim-common.
Preparing to unpack .../02-vim-common_2%3a8.1.2269-1ubuntu5_all.deb ...
Unpacking vim-common (2:8.1.2269-1ubuntu5) ...
Selecting previously unselected package vim-tiny.
Preparing to unpack .../03-vim-tiny_2%3a8.1.2269-1ubuntu5_amd64.deb ...
Unpacking vim-tiny (2:8.1.2269-1ubuntu5) ...
Selecting previously unselected package psmisc.
Preparing to unpack .../04-psmisc_23.3-1_amd64.deb ...
Unpacking psmisc (23.3-1) ...
Selecting previously unselected package curl.
Preparing to unpack .../05-curl_7.68.0-1ubuntu2.4_amd64.deb ...
Unpacking curl (7.68.0-1ubuntu2.4) ...
Selecting previously unselected package libksba8:amd64.
Preparing to unpack .../06-libksba8_1.3.5-2_amd64.deb ...
Unpacking libksba8:amd64 (1.3.5-2) ...
Selecting previously unselected package libnpth0:amd64.
Preparing to unpack .../07-libnpth0_1.6-1_amd64.deb ...
Unpacking libnpth0:amd64 (1.6-1) ...
Selecting previously unselected package dirmngr.
Preparing to unpack .../08-dirmngr_2.2.19-3ubuntu2.1_amd64.deb ...
Unpacking dirmngr (2.2.19-3ubuntu2.1) ...
Selecting previously unselected package pinentry-curses.
Preparing to unpack .../09-pinentry-curses_1.1.0-3build1_amd64.deb ...
Unpacking pinentry-curses (1.1.0-3build1) ...
Selecting previously unselected package gpg-agent.
Preparing to unpack .../10-gpg-agent_2.2.19-3ubuntu2.1_amd64.deb ...
Unpacking gpg-agent (2.2.19-3ubuntu2.1) ...
Setting up libksba8:amd64 (1.3.5-2) ...
Setting up pinentry-curses (1.1.0-3build1) ...
Setting up psmisc (23.3-1) ...
Setting up less (551-1ubuntu0.1) ...
Setting up libnpth0:amd64 (1.6-1) ...
Setting up xxd (2:8.1.2269-1ubuntu5) ...
Setting up dirmngr (2.2.19-3ubuntu2.1) ...
Created symlink /etc/systemd/user/sockets.target.wants/dirmngr.socket -> /usr/lib/systemd/user/dirmngr.socket.
Setting up vim-common (2:8.1.2269-1ubuntu5) ...
Setting up curl (7.68.0-1ubuntu2.4) ...
Setting up gpg-agent (2.2.19-3ubuntu2.1) ...
Created symlink /etc/systemd/user/sockets.target.wants/gpg-agent-browser.socket -> /usr/lib/systemd/user/gpg-agent-browser.socket.
Created symlink /etc/systemd/user/sockets.target.wants/gpg-agent-extra.socket -> /usr/lib/systemd/user/gpg-agent-extra.socket.
Created symlink /etc/systemd/user/sockets.target.wants/gpg-agent-ssh.socket -> /usr/lib/systemd/user/gpg-agent-ssh.socket.
Created symlink /etc/systemd/user/sockets.target.wants/gpg-agent.socket -> /usr/lib/systemd/user/gpg-agent.socket.
Setting up vim-tiny (2:8.1.2269-1ubuntu5) ...
update-alternatives: using /usr/bin/vim.tiny to provide /usr/bin/rview (rview) in auto mode
update-alternatives: using /usr/bin/vim.tiny to provide /usr/bin/vi (vi) in auto mode
update-alternatives: warning: skip creation of /usr/share/man/da/man1/vi.1.gz because associated file /usr/share/man/da/man1/vim.1.gz (of link group vi) doesn't exist
update-alternatives: warning: skip creation of /usr/share/man/de/man1/vi.1.gz because associated file /usr/share/man/de/man1/vim.1.gz (of link group vi) doesn't exist
update-alternatives: warning: skip creation of /usr/share/man/fr/man1/vi.1.gz because associated file /usr/share/man/fr/man1/vim.1.gz (of link group vi) doesn't exist
update-alternatives: warning: skip creation of /usr/share/man/it/man1/vi.1.gz because associated file /usr/share/man/it/man1/vim.1.gz (of link group vi) doesn't exist
update-alternatives: warning: skip creation of /usr/share/man/ja/man1/vi.1.gz because associated file /usr/share/man/ja/man1/vim.1.gz (of link group vi) doesn't exist
update-alternatives: warning: skip creation of /usr/share/man/pl/man1/vi.1.gz because associated file /usr/share/man/pl/man1/vim.1.gz (of link group vi) doesn't exist
update-alternatives: warning: skip creation of /usr/share/man/ru/man1/vi.1.gz because associated file /usr/share/man/ru/man1/vim.1.gz (of link group vi) doesn't exist
update-alternatives: warning: skip creation of /usr/share/man/man1/vi.1.gz because associated file /usr/share/man/man1/vim.1.gz (of link group vi) doesn't exist
update-alternatives: using /usr/bin/vim.tiny to provide /usr/bin/view (view) in auto mode
update-alternatives: warning: skip creation of /usr/share/man/da/man1/view.1.gz because associated file /usr/share/man/da/man1/vim.1.gz (of link group view) doesn't exist
update-alternatives: warning: skip creation of /usr/share/man/de/man1/view.1.gz because associated file /usr/share/man/de/man1/vim.1.gz (of link group view) doesn't exist
update-alternatives: warning: skip creation of /usr/share/man/fr/man1/view.1.gz because associated file /usr/share/man/fr/man1/vim.1.gz (of link group view) doesn't exist
update-alternatives: warning: skip creation of /usr/share/man/it/man1/view.1.gz because associated file /usr/share/man/it/man1/vim.1.gz (of link group view) doesn't exist
update-alternatives: warning: skip creation of /usr/share/man/ja/man1/view.1.gz because associated file /usr/share/man/ja/man1/vim.1.gz (of link group view) doesn't exist
update-alternatives: warning: skip creation of /usr/share/man/pl/man1/view.1.gz because associated file /usr/share/man/pl/man1/vim.1.gz (of link group view) doesn't exist
update-alternatives: warning: skip creation of /usr/share/man/ru/man1/view.1.gz because associated file /usr/share/man/ru/man1/vim.1.gz (of link group view) doesn't exist
update-alternatives: warning: skip creation of /usr/share/man/man1/view.1.gz because associated file /usr/share/man/man1/vim.1.gz (of link group view) doesn't exist
update-alternatives: using /usr/bin/vim.tiny to provide /usr/bin/ex (ex) in auto mode
update-alternatives: warning: skip creation of /usr/share/man/da/man1/ex.1.gz because associated file /usr/share/man/da/man1/vim.1.gz (of link group ex) doesn't exist
update-alternatives: warning: skip creation of /usr/share/man/de/man1/ex.1.gz because associated file /usr/share/man/de/man1/vim.1.gz (of link group ex) doesn't exist
update-alternatives: warning: skip creation of /usr/share/man/fr/man1/ex.1.gz because associated file /usr/share/man/fr/man1/vim.1.gz (of link group ex) doesn't exist
update-alternatives: warning: skip creation of /usr/share/man/it/man1/ex.1.gz because associated file /usr/share/man/it/man1/vim.1.gz (of link group ex) doesn't exist
update-alternatives: warning: skip creation of /usr/share/man/ja/man1/ex.1.gz because associated file /usr/share/man/ja/man1/vim.1.gz (of link group ex) doesn't exist
update-alternatives: warning: skip creation of /usr/share/man/pl/man1/ex.1.gz because associated file /usr/share/man/pl/man1/vim.1.gz (of link group ex) doesn't exist
update-alternatives: warning: skip creation of /usr/share/man/ru/man1/ex.1.gz because associated file /usr/share/man/ru/man1/vim.1.gz (of link group ex) doesn't exist
update-alternatives: warning: skip creation of /usr/share/man/man1/ex.1.gz because associated file /usr/share/man/man1/vim.1.gz (of link group ex) doesn't exist
update-alternatives: using /usr/bin/vim.tiny to provide /usr/bin/editor (editor) in auto mode
update-alternatives: warning: skip creation of /usr/share/man/da/man1/editor.1.gz because associated file /usr/share/man/da/man1/vim.1.gz (of link group editor) doesn't exist
update-alternatives: warning: skip creation of /usr/share/man/de/man1/editor.1.gz because associated file /usr/share/man/de/man1/vim.1.gz (of link group editor) doesn't exist
update-alternatives: warning: skip creation of /usr/share/man/fr/man1/editor.1.gz because associated file /usr/share/man/fr/man1/vim.1.gz (of link group editor) doesn't exist
update-alternatives: warning: skip creation of /usr/share/man/it/man1/editor.1.gz because associated file /usr/share/man/it/man1/vim.1.gz (of link group editor) doesn't exist
update-alternatives: warning: skip creation of /usr/share/man/ja/man1/editor.1.gz because associated file /usr/share/man/ja/man1/vim.1.gz (of link group editor) doesn't exist
update-alternatives: warning: skip creation of /usr/share/man/pl/man1/editor.1.gz because associated file /usr/share/man/pl/man1/vim.1.gz (of link group editor) doesn't exist
update-alternatives: warning: skip creation of /usr/share/man/ru/man1/editor.1.gz because associated file /usr/share/man/ru/man1/vim.1.gz (of link group editor) doesn't exist
update-alternatives: warning: skip creation of /usr/share/man/man1/editor.1.gz because associated file /usr/share/man/man1/vim.1.gz (of link group editor) doesn't exist
Processing triggers for libc-bin (2.31-0ubuntu9.2) ...
Processing triggers for mime-support (3.64ubuntu1) ...
+ ln -s /usr/bin/vim.tiny /usr/bin/vim
+ cp /bd_build/bin/setuser /sbin/setuser
+ cp /bd_build/bin/install_clean /sbin/install_clean
+ apt-get clean
+ find /bd_build/ -not '(' -name bd_build -or -name buildconfig -or -name cleanup.sh ')' -delete
+ rm -rf '/tmp/*' '/var/tmp/*'
+ rm -rf /var/lib/apt/lists/archive.ubuntu.com_ubuntu_dists_focal-backports_InRelease /var/lib/apt/lists/archive.ubuntu.com_ubuntu_dists_focal-backports_universe_binary-amd64_Packages.lz4 /var/lib/apt/lists/archive.ubuntu.com_ubuntu_dists_focal-backports_universe_source_Sources.lz4 /var/lib/apt/lists/archive.ubuntu.com_ubuntu_dists_focal-updates_InRelease /var/lib/apt/lists/archive.ubuntu.com_ubuntu_dists_focal-updates_main_binary-amd64_Packages.lz4 /var/lib/apt/lists/archive.ubuntu.com_ubuntu_dists_focal-updates_main_source_Sources.lz4 /var/lib/apt/lists/archive.ubuntu.com_ubuntu_dists_focal-updates_multiverse_binary-amd64_Packages.lz4 /var/lib/apt/lists/archive.ubuntu.com_ubuntu_dists_focal-updates_multiverse_source_Sources.lz4 /var/lib/apt/lists/archive.ubuntu.com_ubuntu_dists_focal-updates_restricted_binary-amd64_Packages.lz4 /var/lib/apt/lists/archive.ubuntu.com_ubuntu_dists_focal-updates_restricted_source_Sources.lz4 /var/lib/apt/lists/archive.ubuntu.com_ubuntu_dists_focal-updates_universe_binary-amd64_Packages.lz4 /var/lib/apt/lists/archive.ubuntu.com_ubuntu_dists_focal-updates_universe_source_Sources.lz4 /var/lib/apt/lists/archive.ubuntu.com_ubuntu_dists_focal_InRelease /var/lib/apt/lists/archive.ubuntu.com_ubuntu_dists_focal_main_binary-amd64_Packages.lz4 /var/lib/apt/lists/archive.ubuntu.com_ubuntu_dists_focal_main_source_Sources.lz4 /var/lib/apt/lists/archive.ubuntu.com_ubuntu_dists_focal_multiverse_binary-amd64_Packages.lz4 /var/lib/apt/lists/archive.ubuntu.com_ubuntu_dists_focal_multiverse_source_Sources.lz4 /var/lib/apt/lists/archive.ubuntu.com_ubuntu_dists_focal_restricted_binary-amd64_Packages.lz4 /var/lib/apt/lists/archive.ubuntu.com_ubuntu_dists_focal_restricted_source_Sources.lz4 /var/lib/apt/lists/archive.ubuntu.com_ubuntu_dists_focal_universe_binary-amd64_Packages.lz4 /var/lib/apt/lists/archive.ubuntu.com_ubuntu_dists_focal_universe_source_Sources.lz4 /var/lib/apt/lists/auxfiles /var/lib/apt/lists/lock /var/lib/apt/lists/partial /var/lib/apt/lists/security.ubuntu.com_ubuntu_dists_focal-security_InRelease /var/lib/apt/lists/security.ubuntu.com_ubuntu_dists_focal-security_main_binary-amd64_Packages.lz4 /var/lib/apt/lists/security.ubuntu.com_ubuntu_dists_focal-security_main_source_Sources.lz4 /var/lib/apt/lists/security.ubuntu.com_ubuntu_dists_focal-security_multiverse_binary-amd64_Packages.lz4 /var/lib/apt/lists/security.ubuntu.com_ubuntu_dists_focal-security_multiverse_source_Sources.lz4 /var/lib/apt/lists/security.ubuntu.com_ubuntu_dists_focal-security_restricted_binary-amd64_Packages.lz4 /var/lib/apt/lists/security.ubuntu.com_ubuntu_dists_focal-security_restricted_source_Sources.lz4 /var/lib/apt/lists/security.ubuntu.com_ubuntu_dists_focal-security_universe_binary-amd64_Packages.lz4 /var/lib/apt/lists/security.ubuntu.com_ubuntu_dists_focal-security_universe_source_Sources.lz4
+ find / -mount -name '*.pyc' -delete
+ find / -mount -name '*__pycache__*' -delete
+ rm -f /etc/ssh/ssh_host_ecdsa_key /etc/ssh/ssh_host_ecdsa_key.pub /etc/ssh/ssh_host_ed25519_key /etc/ssh/ssh_host_ed25519_key.pub /etc/ssh/ssh_host_rsa_key /etc/ssh/ssh_host_rsa_key.pub
/bin/sh: 1: /bd_build/iniciar.sh: not found
The command '/bin/sh -c /bd_build/prepare.sh && 	/bd_build/system_services.sh && 	/bd_build/utilities.sh && 	/bd_build/cleanup.sh &&     /bd_build/iniciar.sh' returned a non-zero code: 127
make: *** [Makefile:32: build] Erro 127
