 A compilação vai iniciar em 5 segundos... A compilação vai iniciar em 4 segundos... A compilação vai iniciar em 3 segundos... A compilação vai iniciar em 2 segundos... A compilação vai iniciar em 1 segundos... A compilação vai iniciar em 0 segundos...

Compilação iniciada seg 22 mar 2021 18:38:02

Detalhes do desktop:

Nome do modelo: AMD FX(tm)-8350 Eight-Core
Arquitetura: x86_64
Número de CPU(s): 8    
Virtualização: AMD-V    
Memória RAM: 16041 MiB 
Memória Virtual: 9426 MB
Modo(s) operacional da CPU: 32-bit, 64-bit

chmod +x criar_box.sh
./criar_box.sh
==> Instalar os requerimentos da box...
==> Iniciando a box...
Welcome to Ubuntu 18.04.5 LTS (GNU/Linux 4.15.0-139-generic x86_64)

 * Documentation:  https://help.ubuntu.com
 * Management:     https://landscape.canonical.com
 * Support:        https://ubuntu.com/advantage

  System information as of Mon Mar 22 21:38:11 UTC 2021

  System load:  0.1               Processes:             112
  Usage of /:   5.2% of 48.41GB   Users logged in:       0
  Memory usage: 3%                IP address for enp0s3: 10.0.2.15
  Swap usage:   0%


0 packages can be updated.
0 of these updates are security updates.

New release '20.04.2 LTS' available.
Run 'do-release-upgrade' to upgrade to it.


ls /vagrant
CODE_OF_CONDUCT.md
CONTRIBUTING.md
Changelog.md
LICENSE.txt
Makefile
README.md
README_ZH_cn_.md
README_zh_tw.md
Vagrantfile
Vagrantfile_Virtualbox
build-multiarch.sh
build.sh
compilar_docker.sh
criar_box.sh
criar_iso.sh
image
install-tools.sh
nfdos
test
tools
ubuntu-bionic-18.04-cloudimg-console.log
vagrant-libs
ls /home/vagrant/src
-bash: line 7: cd: /vagrant/src: No such file or directory
make: *** No rule to make target 'iso'.  Stop.
