 A compilação vai iniciar em 6 segundos... A compilação vai iniciar em 5 segundos... A compilação vai iniciar em 4 segundos... A compilação vai iniciar em 3 segundos... A compilação vai iniciar em 2 segundos... A compilação vai iniciar em 1 segundos... A compilação vai iniciar em 0 segundos...

Compilação iniciada seg 22 mar 2021 12:10:08

Detalhes do desktop:

Nome do modelo: AMD FX(tm)-8350 Eight-Core
Arquitetura: x86_64
Número de CPU(s): 8    
Virtualização: AMD-V    
Memória RAM: 16041 MiB 
Memória Virtual: 9033 MB
Modo(s) operacional da CPU: 32-bit, 64-bit

chmod +x criar_box.sh
./criar_box.sh
==> Atualizar os repositórios...
[sudo] senha para neo: 
0% [Trabalhando]                Atingido:1 http://br.archive.ubuntu.com/ubuntu focal InRelease
0% [Conectando em security.ubuntu.com (91.189.88.142)] [Conectando em download.virtualbox.org (23.74.26.41)] [Conectando a bra                                                                                                                              Atingido:2 http://br.archive.ubuntu.com/ubuntu focal-updates InRelease
0% [Aguardando por cabeçalhos] [Conectando em security.ubuntu.com (91.189.88.142)] [Aguardando por cabeçalhos] [Conectando e                                                                                                                              Atingido:3 http://download.virtualbox.org/virtualbox/debian focal InRelease
0% [Aguardando por cabeçalhos] [Conectando em security.ubuntu.com (91.189.88.142)] [Conectando em brave-browser-apt-release.s                                                                                                                              Atingido:4 http://br.archive.ubuntu.com/ubuntu focal-backports InRelease
0% [Conectando em security.ubuntu.com (91.189.88.142)] [Connected to brave-browser-apt-release.s3.brave.com (13.227.99.26)] [A                                                                                                                              Atingido:5 https://download.docker.com/linux/ubuntu focal InRelease
                                                                                                                              0% [Conectando em security.ubuntu.com (91.189.88.142)] [Connected to brave-browser-apt-release.s3.brave.com (13.227.99.26)]                                                                                                                           Atingido:6 https://brave-browser-apt-release.s3.brave.com stable InRelease
                                                                                                                           0% [Conectando em security.ubuntu.com (91.189.88.142)]0% [Conectando em security.ubuntu.com (91.189.88.142)]                                                      0% [Aguardando por cabeçalhos]                               Atingido:7 http://security.ubuntu.com/ubuntu focal-security InRelease
                               0% [Trabalhando]0% [Trabalhando]0% [Trabalhando]0% [Trabalhando]0% [Trabalhando]20% [Trabalhando]                 Lendo listas de pacotes... 0%Lendo listas de pacotes... 0%Lendo listas de pacotes... 0%Lendo listas de pacotes... 3%Lendo listas de pacotes... 3%Lendo listas de pacotes... 5%Lendo listas de pacotes... 5%Lendo listas de pacotes... 6%Lendo listas de pacotes... 6%Lendo listas de pacotes... 7%Lendo listas de pacotes... 7%Lendo listas de pacotes... 9%Lendo listas de pacotes... 9%Lendo listas de pacotes... 9%Lendo listas de pacotes... 9%Lendo listas de pacotes... 9%Lendo listas de pacotes... 9%Lendo listas de pacotes... 9%Lendo listas de pacotes... 9%Lendo listas de pacotes... 9%Lendo listas de pacotes... 9%Lendo listas de pacotes... 9%Lendo listas de pacotes... 9%Lendo listas de pacotes... 39%Lendo listas de pacotes... 39%Lendo listas de pacotes... 55%Lendo listas de pacotes... 55%Lendo listas de pacotes... 56%Lendo listas de pacotes... 58%Lendo listas de pacotes... 58%Lendo listas de pacotes... 61%Lendo listas de pacotes... 61%Lendo listas de pacotes... 77%Lendo listas de pacotes... 77%Lendo listas de pacotes... 77%Lendo listas de pacotes... 77%Lendo listas de pacotes... 77%Lendo listas de pacotes... 77%Lendo listas de pacotes... 77%Lendo listas de pacotes... 77%Lendo listas de pacotes... 77%Lendo listas de pacotes... 77%Lendo listas de pacotes... 78%Lendo listas de pacotes... 78%Lendo listas de pacotes... 80%Lendo listas de pacotes... 80%Lendo listas de pacotes... 82%Lendo listas de pacotes... 82%Lendo listas de pacotes... 83%Lendo listas de pacotes... 83%Lendo listas de pacotes... 84%Lendo listas de pacotes... 84%Lendo listas de pacotes... 84%Lendo listas de pacotes... 84%Lendo listas de pacotes... 84%Lendo listas de pacotes... 84%Lendo listas de pacotes... 87%Lendo listas de pacotes... 87%Lendo listas de pacotes... 89%Lendo listas de pacotes... 89%Lendo listas de pacotes... 90%Lendo listas de pacotes... 90%Lendo listas de pacotes... 90%Lendo listas de pacotes... 90%Lendo listas de pacotes... 90%Lendo listas de pacotes... 90%Lendo listas de pacotes... 90%Lendo listas de pacotes... 90%Lendo listas de pacotes... 90%Lendo listas de pacotes... 90%Lendo listas de pacotes... 90%Lendo listas de pacotes... 90%Lendo listas de pacotes... 90%Lendo listas de pacotes... 90%Lendo listas de pacotes... 92%Lendo listas de pacotes... 92%Lendo listas de pacotes... 92%Lendo listas de pacotes... 92%Lendo listas de pacotes... 93%Lendo listas de pacotes... 93%Lendo listas de pacotes... 94%Lendo listas de pacotes... 94%Lendo listas de pacotes... 94%Lendo listas de pacotes... 94%Lendo listas de pacotes... 94%Lendo listas de pacotes... 94%Lendo listas de pacotes... 96%Lendo listas de pacotes... 96%Lendo listas de pacotes... 98%Lendo listas de pacotes... 98%Lendo listas de pacotes... 98%Lendo listas de pacotes... 98%Lendo listas de pacotes... 98%Lendo listas de pacotes... 98%Lendo listas de pacotes... 98%Lendo listas de pacotes... 98%Lendo listas de pacotes... 98%Lendo listas de pacotes... 98%Lendo listas de pacotes... 98%Lendo listas de pacotes... 98%Lendo listas de pacotes... 98%Lendo listas de pacotes... 98%Lendo listas de pacotes... 99%Lendo listas de pacotes... 99%Lendo listas de pacotes... Pronto
Construindo árvore de dependências... 0%Construindo árvore de dependências... 0%Construindo árvore de dependências... 0%Construindo árvore de dependências... 50%Construindo árvore de dependências... 50%Construindo árvore de dependências       
Lendo informação de estado... 0%  Lendo informação de estado... 0%Lendo informação de estado... Pronto
9 packages can be upgraded. Run 'apt list --upgradable' to see them.
==> Instalar o VirtualBox
Lendo listas de pacotes... 0%Lendo listas de pacotes... 100%Lendo listas de pacotes... Pronto
Construindo árvore de dependências... 0%Construindo árvore de dependências... 0%Construindo árvore de dependências... 50%Construindo árvore de dependências... 50%Construindo árvore de dependências       
Lendo informação de estado... 0%  Lendo informação de estado... 0%Lendo informação de estado... Pronto
The following additional packages will be installed:
  libdouble-conversion3 libgsoap-2.8.91 liblzf1 libpcre2-16-0 libqt5core5a libqt5dbus5 libqt5gui5 libqt5network5
  libqt5opengl5 libqt5printsupport5 libqt5svg5 libqt5widgets5 libqt5x11extras5 libvncserver1 libxcb-xinerama0 libxcb-xinput0
  qt5-gtk-platformtheme qttranslations5-l10n virtualbox-dkms virtualbox-qt
Pacotes sugeridos:
  qt5-image-formats-plugins qtwayland5 vde2 virtualbox-guest-additions-iso
Os NOVOS pacotes a seguir serão instalados:
  libdouble-conversion3 libgsoap-2.8.91 liblzf1 libpcre2-16-0 libqt5core5a libqt5dbus5 libqt5gui5 libqt5network5
  libqt5opengl5 libqt5printsupport5 libqt5svg5 libqt5widgets5 libqt5x11extras5 libvncserver1 libxcb-xinerama0 libxcb-xinput0
  qt5-gtk-platformtheme qttranslations5-l10n virtualbox virtualbox-dkms virtualbox-qt
0 pacotes atualizados, 21 pacotes novos instalados, 0 a serem removidos e 9 não atualizados.
É preciso baixar 231 kB/54,7 MB de arquivos.
Depois desta operação, 225 MB adicionais de espaço em disco serão usados.
99% [Trabalhando]                 Obter:1 http://br.archive.ubuntu.com/ubuntu focal/universe amd64 libgsoap-2.8.91 amd64 2.8.91-2 [231 kB]
99% [1 libgsoap-2.8.91 5.466 B/231 kB 2%]                                         100% [Trabalhando]                  Baixados 231 kB em 0s (1.647 kB/s)

7[0;15r8[1AA seleccionar pacote anteriormente não seleccionado libdouble-conversion3:amd64.
(Lendo banco de dados ... (Lendo banco de dados ... 5%(Lendo banco de dados ... 10%(Lendo banco de dados ... 15%(Lendo banco de dados ... 20%(Lendo banco de dados ... 25%(Lendo banco de dados ... 30%(Lendo banco de dados ... 35%(Lendo banco de dados ... 40%(Lendo banco de dados ... 45%(Lendo banco de dados ... 50%(Lendo banco de dados ... 55%(Lendo banco de dados ... 60%(Lendo banco de dados ... 65%(Lendo banco de dados ... 70%(Lendo banco de dados ... 75%(Lendo banco de dados ... 80%(Lendo banco de dados ... 85%(Lendo banco de dados ... 90%(Lendo banco de dados ... 95%(Lendo banco de dados ... 100%(Lendo banco de dados ... 235645 ficheiros e directórios actualmente instalados.)
A preparar para desempacotar .../00-libdouble-conversion3_3.1.5-4ubuntu1_amd64.deb ...
7[16;0fProgress: [  0%] [.........................................................................................................] 87[16;0fProgress: [  1%] [#........................................................................................................] 8A descompactar libdouble-conversion3:amd64 (3.1.5-4ubuntu1) ...
7[16;0fProgress: [  2%] [##.......................................................................................................] 8A seleccionar pacote anteriormente não seleccionado libpcre2-16-0:amd64.
A preparar para desempacotar .../01-libpcre2-16-0_10.34-7_amd64.deb ...
7[16;0fProgress: [  4%] [###......................................................................................................] 8A descompactar libpcre2-16-0:amd64 (10.34-7) ...
7[16;0fProgress: [  5%] [####.....................................................................................................] 8A seleccionar pacote anteriormente não seleccionado libqt5core5a:amd64.
A preparar para desempacotar .../02-libqt5core5a_5.12.8+dfsg-0ubuntu1_amd64.deb ...
7[16;0fProgress: [  6%] [######...................................................................................................] 8A descompactar libqt5core5a:amd64 (5.12.8+dfsg-0ubuntu1) ...
7[16;0fProgress: [  7%] [#######..................................................................................................] 8A seleccionar pacote anteriormente não seleccionado libqt5dbus5:amd64.
A preparar para desempacotar .../03-libqt5dbus5_5.12.8+dfsg-0ubuntu1_amd64.deb ...
7[16;0fProgress: [  8%] [########.................................................................................................] 8A descompactar libqt5dbus5:amd64 (5.12.8+dfsg-0ubuntu1) ...
7[16;0fProgress: [  9%] [#########................................................................................................] 8A seleccionar pacote anteriormente não seleccionado libqt5network5:amd64.
A preparar para desempacotar .../04-libqt5network5_5.12.8+dfsg-0ubuntu1_amd64.deb ...
7[16;0fProgress: [ 11%] [###########..............................................................................................] 8A descompactar libqt5network5:amd64 (5.12.8+dfsg-0ubuntu1) ...
7[16;0fProgress: [ 12%] [############.............................................................................................] 8A seleccionar pacote anteriormente não seleccionado libxcb-xinerama0:amd64.
A preparar para desempacotar .../05-libxcb-xinerama0_1.14-2_amd64.deb ...
7[16;0fProgress: [ 13%] [#############............................................................................................] 8A descompactar libxcb-xinerama0:amd64 (1.14-2) ...
7[16;0fProgress: [ 14%] [##############...........................................................................................] 8A seleccionar pacote anteriormente não seleccionado libxcb-xinput0:amd64.
A preparar para desempacotar .../06-libxcb-xinput0_1.14-2_amd64.deb ...
7[16;0fProgress: [ 15%] [################.........................................................................................] 8A descompactar libxcb-xinput0:amd64 (1.14-2) ...
7[16;0fProgress: [ 16%] [#################........................................................................................] 8A seleccionar pacote anteriormente não seleccionado libqt5gui5:amd64.
A preparar para desempacotar .../07-libqt5gui5_5.12.8+dfsg-0ubuntu1_amd64.deb ...
7[16;0fProgress: [ 18%] [##################.......................................................................................] 8A descompactar libqt5gui5:amd64 (5.12.8+dfsg-0ubuntu1) ...
7[16;0fProgress: [ 19%] [###################......................................................................................] 8A seleccionar pacote anteriormente não seleccionado libqt5widgets5:amd64.
A preparar para desempacotar .../08-libqt5widgets5_5.12.8+dfsg-0ubuntu1_amd64.deb ...
7[16;0fProgress: [ 20%] [#####################....................................................................................] 8A descompactar libqt5widgets5:amd64 (5.12.8+dfsg-0ubuntu1) ...
7[16;0fProgress: [ 21%] [######################...................................................................................] 8A seleccionar pacote anteriormente não seleccionado libqt5svg5:amd64.
A preparar para desempacotar .../09-libqt5svg5_5.12.8-0ubuntu1_amd64.deb ...
7[16;0fProgress: [ 22%] [#######################..................................................................................] 8A descompactar libqt5svg5:amd64 (5.12.8-0ubuntu1) ...
7[16;0fProgress: [ 24%] [########################.................................................................................] 8A seleccionar pacote anteriormente não seleccionado libgsoap-2.8.91:amd64.
A preparar para desempacotar .../10-libgsoap-2.8.91_2.8.91-2_amd64.deb ...
7[16;0fProgress: [ 25%] [#########################................................................................................] 8A descompactar libgsoap-2.8.91:amd64 (2.8.91-2) ...
7[16;0fProgress: [ 26%] [###########################..............................................................................] 8A seleccionar pacote anteriormente não seleccionado liblzf1:amd64.
A preparar para desempacotar .../11-liblzf1_3.6-2~ubuntu1.20.04.1_amd64.deb ...
7[16;0fProgress: [ 27%] [############################.............................................................................] 8A descompactar liblzf1:amd64 (3.6-2~ubuntu1.20.04.1) ...
7[16;0fProgress: [ 28%] [#############################............................................................................] 8A seleccionar pacote anteriormente não seleccionado libqt5opengl5:amd64.
A preparar para desempacotar .../12-libqt5opengl5_5.12.8+dfsg-0ubuntu1_amd64.deb ...
7[16;0fProgress: [ 29%] [##############################...........................................................................] 8A descompactar libqt5opengl5:amd64 (5.12.8+dfsg-0ubuntu1) ...
7[16;0fProgress: [ 31%] [################################.........................................................................] 8A seleccionar pacote anteriormente não seleccionado libqt5printsupport5:amd64.
A preparar para desempacotar .../13-libqt5printsupport5_5.12.8+dfsg-0ubuntu1_amd64.deb ...
7[16;0fProgress: [ 32%] [#################################........................................................................] 8A descompactar libqt5printsupport5:amd64 (5.12.8+dfsg-0ubuntu1) ...
7[16;0fProgress: [ 33%] [##################################.......................................................................] 8A seleccionar pacote anteriormente não seleccionado libqt5x11extras5:amd64.
A preparar para desempacotar .../14-libqt5x11extras5_5.12.8-0ubuntu1_amd64.deb ...
7[16;0fProgress: [ 34%] [###################################......................................................................] 8A descompactar libqt5x11extras5:amd64 (5.12.8-0ubuntu1) ...
7[16;0fProgress: [ 35%] [#####################################....................................................................] 8A seleccionar pacote anteriormente não seleccionado libvncserver1:amd64.
A preparar para desempacotar .../15-libvncserver1_0.9.12+dfsg-9ubuntu0.3_amd64.deb ...
7[16;0fProgress: [ 36%] [######################################...................................................................] 8A descompactar libvncserver1:amd64 (0.9.12+dfsg-9ubuntu0.3) ...
7[16;0fProgress: [ 38%] [#######################################..................................................................] 8A seleccionar pacote anteriormente não seleccionado qt5-gtk-platformtheme:amd64.
A preparar para desempacotar .../16-qt5-gtk-platformtheme_5.12.8+dfsg-0ubuntu1_amd64.deb ...
7[16;0fProgress: [ 39%] [########################################.................................................................] 8A descompactar qt5-gtk-platformtheme:amd64 (5.12.8+dfsg-0ubuntu1) ...
7[16;0fProgress: [ 40%] [##########################################...............................................................] 8A seleccionar pacote anteriormente não seleccionado qttranslations5-l10n.
A preparar para desempacotar .../17-qttranslations5-l10n_5.12.8-0ubuntu1_all.deb ...
7[16;0fProgress: [ 41%] [###########################################..............................................................] 8A descompactar qttranslations5-l10n (5.12.8-0ubuntu1) ...
7[16;0fProgress: [ 42%] [############################################.............................................................] 8A seleccionar pacote anteriormente não seleccionado virtualbox-dkms.
A preparar para desempacotar .../18-virtualbox-dkms_6.1.16-dfsg-6~ubuntu1.20.04.1_amd64.deb ...
7[16;0fProgress: [ 44%] [#############################################............................................................] 8A descompactar virtualbox-dkms (6.1.16-dfsg-6~ubuntu1.20.04.1) ...
7[16;0fProgress: [ 45%] [##############################################...........................................................] 8A seleccionar pacote anteriormente não seleccionado virtualbox.
A preparar para desempacotar .../19-virtualbox_6.1.16-dfsg-6~ubuntu1.20.04.1_amd64.deb ...
7[16;0fProgress: [ 46%] [################################################.........................................................] 8A descompactar virtualbox (6.1.16-dfsg-6~ubuntu1.20.04.1) ...
7[16;0fProgress: [ 47%] [#################################################........................................................] 8A seleccionar pacote anteriormente não seleccionado virtualbox-qt.
A preparar para desempacotar .../20-virtualbox-qt_6.1.16-dfsg-6~ubuntu1.20.04.1_amd64.deb ...
7[16;0fProgress: [ 48%] [##################################################.......................................................] 8A descompactar virtualbox-qt (6.1.16-dfsg-6~ubuntu1.20.04.1) ...
7[16;0fProgress: [ 49%] [###################################################......................................................] 8Configurando libdouble-conversion3:amd64 (3.1.5-4ubuntu1) ...
7[16;0fProgress: [ 51%] [#####################################################....................................................] 87[16;0fProgress: [ 52%] [######################################################...................................................] 8Configurando libxcb-xinput0:amd64 (1.14-2) ...
7[16;0fProgress: [ 53%] [#######################################################..................................................] 87[16;0fProgress: [ 54%] [########################################################.................................................] 8Configurando libpcre2-16-0:amd64 (10.34-7) ...
7[16;0fProgress: [ 55%] [##########################################################...............................................] 87[16;0fProgress: [ 56%] [###########################################################..............................................] 8Configurando libvncserver1:amd64 (0.9.12+dfsg-9ubuntu0.3) ...
7[16;0fProgress: [ 58%] [############################################################.............................................] 87[16;0fProgress: [ 59%] [#############################################################............................................] 8Configurando libxcb-xinerama0:amd64 (1.14-2) ...
7[16;0fProgress: [ 60%] [###############################################################..........................................] 87[16;0fProgress: [ 61%] [################################################################.........................................] 8Configurando qttranslations5-l10n (5.12.8-0ubuntu1) ...
7[16;0fProgress: [ 62%] [#################################################################........................................] 87[16;0fProgress: [ 64%] [##################################################################.......................................] 8Configurando liblzf1:amd64 (3.6-2~ubuntu1.20.04.1) ...
7[16;0fProgress: [ 65%] [###################################################################......................................] 87[16;0fProgress: [ 66%] [#####################################################################....................................] 8Configurando libqt5core5a:amd64 (5.12.8+dfsg-0ubuntu1) ...
7[16;0fProgress: [ 67%] [######################################################################...................................] 87[16;0fProgress: [ 68%] [#######################################################################..................................] 8Configurando libqt5dbus5:amd64 (5.12.8+dfsg-0ubuntu1) ...
7[16;0fProgress: [ 69%] [########################################################################.................................] 87[16;0fProgress: [ 71%] [##########################################################################...............................] 8Configurando libgsoap-2.8.91:amd64 (2.8.91-2) ...
7[16;0fProgress: [ 72%] [###########################################################################..............................] 87[16;0fProgress: [ 73%] [############################################################################.............................] 8Configurando virtualbox-dkms (6.1.16-dfsg-6~ubuntu1.20.04.1) ...
7[16;0fProgress: [ 74%] [#############################################################################............................] 8Loading new virtualbox-6.1.16 DKMS files...
Building for 5.8.0-45-generic
Building initial module for 5.8.0-45-generic
This system doesn't support Secure Boot
Secure Boot not enabled on this system.
Done.

vboxdrv.ko:
Running module version sanity check.
 - Original module
   - No original module exists within this kernel
 - Installation
   - Installing to /lib/modules/5.8.0-45-generic/updates/dkms/

vboxnetadp.ko:
Running module version sanity check.
 - Original module
   - No original module exists within this kernel
 - Installation
   - Installing to /lib/modules/5.8.0-45-generic/updates/dkms/

vboxnetflt.ko:
Running module version sanity check.
 - Original module
   - No original module exists within this kernel
 - Installation
   - Installing to /lib/modules/5.8.0-45-generic/updates/dkms/

depmod...

DKMS: install completed.
7[16;0fProgress: [ 75%] [###############################################################################..........................] 8Configurando libqt5network5:amd64 (5.12.8+dfsg-0ubuntu1) ...
7[16;0fProgress: [ 76%] [################################################################################.........................] 87[16;0fProgress: [ 78%] [#################################################################################........................] 8Configurando virtualbox (6.1.16-dfsg-6~ubuntu1.20.04.1) ...
7[16;0fProgress: [ 79%] [##################################################################################.......................] 8Created symlink /etc/systemd/system/multi-user.target.wants/vboxweb.service → /lib/systemd/system/vboxweb.service.
Job for vboxweb.service failed because the service did not take the steps required by its unit configuration.
See "systemctl status vboxweb.service" and "journalctl -xe" for details.
7[16;0fProgress: [ 80%] [####################################################################################.....................] 8Configurando libqt5gui5:amd64 (5.12.8+dfsg-0ubuntu1) ...
7[16;0fProgress: [ 81%] [#####################################################################################....................] 87[16;0fProgress: [ 82%] [######################################################################################...................] 8Configurando libqt5widgets5:amd64 (5.12.8+dfsg-0ubuntu1) ...
7[16;0fProgress: [ 84%] [#######################################################################################..................] 87[16;0fProgress: [ 85%] [########################################################################################.................] 8Configurando qt5-gtk-platformtheme:amd64 (5.12.8+dfsg-0ubuntu1) ...
7[16;0fProgress: [ 86%] [##########################################################################################...............] 87[16;0fProgress: [ 87%] [###########################################################################################..............] 8Configurando libqt5printsupport5:amd64 (5.12.8+dfsg-0ubuntu1) ...
7[16;0fProgress: [ 88%] [############################################################################################.............] 87[16;0fProgress: [ 89%] [#############################################################################################............] 8Configurando libqt5opengl5:amd64 (5.12.8+dfsg-0ubuntu1) ...
7[16;0fProgress: [ 91%] [###############################################################################################..........] 87[16;0fProgress: [ 92%] [################################################################################################.........] 8Configurando libqt5x11extras5:amd64 (5.12.8-0ubuntu1) ...
7[16;0fProgress: [ 93%] [#################################################################################################........] 87[16;0fProgress: [ 94%] [##################################################################################################.......] 8Configurando libqt5svg5:amd64 (5.12.8-0ubuntu1) ...
7[16;0fProgress: [ 95%] [####################################################################################################.....] 87[16;0fProgress: [ 96%] [#####################################################################################################....] 8Configurando virtualbox-qt (6.1.16-dfsg-6~ubuntu1.20.04.1) ...
7[16;0fProgress: [ 98%] [######################################################################################################...] 87[16;0fProgress: [ 99%] [#######################################################################################################..] 8A processar 'triggers' para desktop-file-utils (0.24-1ubuntu3) ...
A processar 'triggers' para mime-support (3.64ubuntu1) ...
A processar 'triggers' para hicolor-icon-theme (0.17-2) ...
A processar 'triggers' para gnome-menus (3.36.0-1ubuntu1) ...
A processar 'triggers' para libc-bin (2.31-0ubuntu9.2) ...
A processar 'triggers' para systemd (245.4-4ubuntu3.5) ...
A processar 'triggers' para man-db (2.9.1-1) ...
A processar 'triggers' para shared-mime-info (1.15-1) ...

7[0;16r8[1A[JLendo listas de pacotes... 0%Lendo listas de pacotes... 100%Lendo listas de pacotes... Pronto
Construindo árvore de dependências... 0%Construindo árvore de dependências... 0%Construindo árvore de dependências... 50%Construindo árvore de dependências... 50%Construindo árvore de dependências       
Lendo informação de estado... 0%  Lendo informação de estado... 0%Lendo informação de estado... Pronto
The following additional packages will be installed:
  virtualbox-guest-utils
Os NOVOS pacotes a seguir serão instalados:
  virtualbox-guest-dkms virtualbox-guest-utils virtualbox-guest-x11
0 pacotes atualizados, 3 pacotes novos instalados, 0 a serem removidos e 9 não atualizados.
É preciso baixar 0 B/2.087 kB de arquivos.
Depois desta operação, 15,7 MB adicionais de espaço em disco serão usados.

7[0;15r8[1AA seleccionar pacote anteriormente não seleccionado virtualbox-guest-dkms.
(Lendo banco de dados ... (Lendo banco de dados ... 5%(Lendo banco de dados ... 10%(Lendo banco de dados ... 15%(Lendo banco de dados ... 20%(Lendo banco de dados ... 25%(Lendo banco de dados ... 30%(Lendo banco de dados ... 35%(Lendo banco de dados ... 40%(Lendo banco de dados ... 45%(Lendo banco de dados ... 50%(Lendo banco de dados ... 55%(Lendo banco de dados ... 60%(Lendo banco de dados ... 65%(Lendo banco de dados ... 70%(Lendo banco de dados ... 75%(Lendo banco de dados ... 80%(Lendo banco de dados ... 85%(Lendo banco de dados ... 90%(Lendo banco de dados ... 95%(Lendo banco de dados ... 100%(Lendo banco de dados ... 236722 ficheiros e directórios actualmente instalados.)
A preparar para desempacotar .../virtualbox-guest-dkms_6.1.16-dfsg-6~ubuntu1.20.04.1_all.deb ...
7[16;0fProgress: [  0%] [.........................................................................................................] 87[16;0fProgress: [  8%] [########.................................................................................................] 8A descompactar virtualbox-guest-dkms (6.1.16-dfsg-6~ubuntu1.20.04.1) ...
7[16;0fProgress: [ 15%] [################.........................................................................................] 8A seleccionar pacote anteriormente não seleccionado virtualbox-guest-utils.
A preparar para desempacotar .../virtualbox-guest-utils_6.1.16-dfsg-6~ubuntu1.20.04.1_amd64.deb ...
7[16;0fProgress: [ 23%] [########################.................................................................................] 8A descompactar virtualbox-guest-utils (6.1.16-dfsg-6~ubuntu1.20.04.1) ...
7[16;0fProgress: [ 31%] [################################.........................................................................] 8A seleccionar pacote anteriormente não seleccionado virtualbox-guest-x11.
A preparar para desempacotar .../virtualbox-guest-x11_6.1.16-dfsg-6~ubuntu1.20.04.1_amd64.deb ...
7[16;0fProgress: [ 38%] [########################################.................................................................] 8A descompactar virtualbox-guest-x11 (6.1.16-dfsg-6~ubuntu1.20.04.1) ...
7[16;0fProgress: [ 46%] [################################################.........................................................] 8Configurando virtualbox-guest-dkms (6.1.16-dfsg-6~ubuntu1.20.04.1) ...
7[16;0fProgress: [ 54%] [########################################################.................................................] 8Loading new virtualbox-guest-6.1.16 DKMS files...
Building for 5.8.0-45-generic
Building initial module for 5.8.0-45-generic
This system doesn't support Secure Boot
Secure Boot not enabled on this system.
Done.

vboxguest.ko:
Running module version sanity check.
 - Original module
 - Installation
   - Installing to /lib/modules/5.8.0-45-generic/updates/dkms/

vboxsf.ko:
Running module version sanity check.
 - Original module
 - Installation
   - Installing to /lib/modules/5.8.0-45-generic/updates/dkms/

vboxvideo.ko:
Running module version sanity check.
 - Original module
 - Installation
   - Installing to /lib/modules/5.8.0-45-generic/updates/dkms/

depmod...

DKMS: install completed.
7[16;0fProgress: [ 62%] [################################################################.........................................] 8Configurando virtualbox-guest-utils (6.1.16-dfsg-6~ubuntu1.20.04.1) ...
7[16;0fProgress: [ 69%] [########################################################################.................................] 8Created symlink /etc/systemd/system/multi-user.target.wants/virtualbox-guest-utils.service → /lib/systemd/system/virtualbox-guest-utils.service.
7[16;0fProgress: [ 77%] [################################################################################.........................] 8Configurando virtualbox-guest-x11 (6.1.16-dfsg-6~ubuntu1.20.04.1) ...
7[16;0fProgress: [ 85%] [########################################################################################.................] 87[16;0fProgress: [ 92%] [################################################################################################.........] 8A processar 'triggers' para man-db (2.9.1-1) ...
A processar 'triggers' para systemd (245.4-4ubuntu3.5) ...

7[0;16r8[1A[JLendo listas de pacotes... 0%Lendo listas de pacotes... 100%Lendo listas de pacotes... Pronto
Construindo árvore de dependências... 0%Construindo árvore de dependências... 0%Construindo árvore de dependências... 50%Construindo árvore de dependências... 50%Construindo árvore de dependências       
Lendo informação de estado... 0%  Lendo informação de estado... 0%Lendo informação de estado... Pronto
Os NOVOS pacotes a seguir serão instalados:
  virtualbox-guest-additions-iso
0 pacotes atualizados, 1 pacotes novos instalados, 0 a serem removidos e 9 não atualizados.
É preciso baixar 44,7 MB de arquivos.
Depois desta operação, 61,0 MB adicionais de espaço em disco serão usados.
0% [Trabalhando]                Obter:1 http://br.archive.ubuntu.com/ubuntu focal-updates/multiverse amd64 virtualbox-guest-additions-iso all 6.1.16-1~ubuntu1.20.04.1 [44,7 MB]
0% [1 virtualbox-guest-additions-iso 6.890 B/44,7 MB 0%]5% [1 virtualbox-guest-additions-iso 3.053 kB/44,7 MB 7%]16% [1 virtualbox-guest-additions-iso 8.793 kB/44,7 MB 20%]                                                           26% [1 virtualbox-guest-additions-iso 14,5 MB/44,7 MB 32%]35% [1 virtualbox-guest-additions-iso 19,8 MB/44,7 MB 44%]44% [1 virtualbox-guest-additions-iso 24,5 MB/44,7 MB 55%]51% [1 virtualbox-guest-additions-iso 28,4 MB/44,7 MB 63%]58% [1 virtualbox-guest-additions-iso 32,7 MB/44,7 MB 73%]67% [1 virtualbox-guest-additions-iso 37,3 MB/44,7 MB 83%]72% [1 virtualbox-guest-additions-iso 40,4 MB/44,7 MB 90%]77% [1 virtualbox-guest-additions-iso 43,3 MB/44,7 MB 97%]                                                          100% [Trabalhando]                  Baixados 44,7 MB em 6s (8.016 kB/s)

7[0;15r8[1AA seleccionar pacote anteriormente não seleccionado virtualbox-guest-additions-iso.
(Lendo banco de dados ... (Lendo banco de dados ... 5%(Lendo banco de dados ... 10%(Lendo banco de dados ... 15%(Lendo banco de dados ... 20%(Lendo banco de dados ... 25%(Lendo banco de dados ... 30%(Lendo banco de dados ... 35%(Lendo banco de dados ... 40%(Lendo banco de dados ... 45%(Lendo banco de dados ... 50%(Lendo banco de dados ... 55%(Lendo banco de dados ... 60%(Lendo banco de dados ... 65%(Lendo banco de dados ... 70%(Lendo banco de dados ... 75%(Lendo banco de dados ... 80%(Lendo banco de dados ... 85%(Lendo banco de dados ... 90%(Lendo banco de dados ... 95%(Lendo banco de dados ... 100%(Lendo banco de dados ... 237069 ficheiros e directórios actualmente instalados.)
A preparar para desempacotar .../virtualbox-guest-additions-iso_6.1.16-1~ubuntu1.20.04.1_all.deb ...
7[16;0fProgress: [  0%] [.........................................................................................................] 87[16;0fProgress: [ 20%] [#####################....................................................................................] 8A descompactar virtualbox-guest-additions-iso (6.1.16-1~ubuntu1.20.04.1) ...
7[16;0fProgress: [ 40%] [##########################################...............................................................] 8Configurando virtualbox-guest-additions-iso (6.1.16-1~ubuntu1.20.04.1) ...
7[16;0fProgress: [ 60%] [###############################################################..........................................] 87[16;0fProgress: [ 80%] [####################################################################################.....................] 8
7[0;16r8[1A[J==> Instalar o Extension Pack do VirtualBox
--2021-03-22 12:11:19--  https://download.virtualbox.org/virtualbox/6.1.18/Oracle_VM_VirtualBox_Extension_Pack-6.1.18.vbox-extpack
Resolvendo download.virtualbox.org (download.virtualbox.org)... 23.77.38.242
Conectando-se a download.virtualbox.org (download.virtualbox.org)|23.77.38.242|:443... conectado.
A requisição HTTP foi enviada, aguardando resposta... 200 OK
Tamanho: 11157510 (11M) [text/plain]
Salvando em: “Oracle_VM_VirtualBox_Extension_Pack-6.1.18.vbox-extpack.2”

                Oracle_VM_Virtu   0%[                                                       ]       0  --.-KB/s                              Oracle_VM_Virtua  18%[=========>                                             ]   2,01M  10,0MB/s                             Oracle_VM_Virtual  37%[===================>                                   ]   3,96M  9,80MB/s                            Oracle_VM_VirtualB  58%[===============================>                       ]   6,20M  10,3MB/s                           Oracle_VM_VirtualBo  79%[==========================================>            ]   8,42M  10,5MB/s               Oracle_VM_VirtualBox_Extension_ 100%[======================================================>]  10,64M  10,6MB/s    em 1,0s    

2021-03-22 12:11:20 (10,6 MB/s) - “Oracle_VM_VirtualBox_Extension_Pack-6.1.18.vbox-extpack.2” salvo [11157510/11157510]

License accepted.
0%...^Cmake: *** [Makefile:31: criar_box] Interrupção
