 A compilação vai iniciar em 5 segundos... A compilação vai iniciar em 4 segundos... A compilação vai iniciar em 3 segundos... A compilação vai iniciar em 2 segundos... A compilação vai iniciar em 1 segundos... A compilação vai iniciar em 0 segundos...

Compilação iniciada seg 22 mar 2021 14:30:33

Detalhes do desktop:

Nome do modelo: AMD FX(tm)-8350 Eight-Core
Arquitetura: x86_64
Número de CPU(s): 8    
Virtualização: AMD-V    
Memória RAM: 16041 MiB 
Memória Virtual: 7965 MB
Modo(s) operacional da CPU: 32-bit, 64-bit

chmod +x criar_box.sh
./criar_box.sh
==> Instalar os requerimentos da box...
==> Iniciando a box...
Bringing machine 'VPS_DEV' up with 'virtualbox' provider...
==> VPS_DEV: Importing base box 'ubuntu/bionic64'...
Progress: 90%==> VPS_DEV: Matching MAC address for NAT networking...
==> VPS_DEV: Checking if box 'ubuntu/bionic64' version '20210319.0.0' is up to date...
==> VPS_DEV: Setting the name of the VM: VPS_DEV
==> VPS_DEV: Clearing any previously set network interfaces...
==> VPS_DEV: Preparing network interfaces based on configuration...
    VPS_DEV: Adapter 1: nat
==> VPS_DEV: Forwarding ports...
    VPS_DEV: 22 (guest) => 2222 (host) (adapter 1)
==> VPS_DEV: Running 'pre-boot' VM customizations...
==> VPS_DEV: Booting VM...
^C==> VPS_DEV: Waiting for cleanup before exiting...
There was an error while executing `VBoxManage`, a CLI used by Vagrant
for controlling VirtualBox. The command and stderr is shown below.

Command: ["startvm", "9bf94da1-7605-45a1-b2d0-1bbe97a5fc1b", "--type", "headless"]

Stderr: VBoxManage: error: The machine 'VPS_DEV' is already locked by a session (or being locked or unlocked)
VBoxManage: error: Details: code VBOX_E_INVALID_OBJECT_STATE (0x80bb0007), component MachineWrap, interface IMachine, callee nsISupports
VBoxManage: error: Context: "LaunchVMProcess(a->session, sessionType.raw(), ComSafeArrayAsInParam(aBstrEnv), progress.asOutParam())" at line 726 of file VBoxManageMisc.cpp

^Cmake: *** [Makefile:34: box] Erro 1
