[DEBUG] O VPS_DEV existe e está ligado. Destruir e começar de novo?
    default: Are you sure you want to destroy the 'default' VM? [y/N] N
==> default: The VM 'default' will not be destroyed, since the confirmation
==> default: was declined.
Bringing machine 'default' up with 'virtualbox' provider...
There are errors in the configuration of this machine. Please fix
the following errors and try again:

vm:
* The following settings shouldn't exist: define


Welcome to Ubuntu 18.04.5 LTS (GNU/Linux 4.15.0-139-generic x86_64)

 * Documentation:  https://help.ubuntu.com
 * Management:     https://landscape.canonical.com
 * Support:        https://ubuntu.com/advantage

  System information as of Sun Mar 21 21:53:07 UTC 2021

  System load:  0.24              Processes:              124
  Usage of /:   4.7% of 48.41GB   Users logged in:        0
  Memory usage: 7%                IP address for enp0s3:  10.0.2.15
  Swap usage:   0%                IP address for docker0: 172.17.0.1


0 packages can be updated.
0 of these updates are security updates.

New release '20.04.2 LTS' available.
Run 'do-release-upgrade' to upgrade to it.


+ cd /vagrant
+ [[ d731425ba1cc == '' ]]
+ cd ..
