 A compilação vai iniciar em 5 segundos... A compilação vai iniciar em 4 segundos... A compilação vai iniciar em 3 segundos... A compilação vai iniciar em 2 segundos... A compilação vai iniciar em 1 segundos... A compilação vai iniciar em 0 segundos...

Compilação iniciada seg 22 mar 2021 18:40:27

Detalhes do desktop:

Nome do modelo: AMD FX(tm)-8350 Eight-Core
Arquitetura: x86_64
Número de CPU(s): 8    
Virtualização: AMD-V    
Memória RAM: 16041 MiB 
Memória Virtual: 9427 MB
Modo(s) operacional da CPU: 32-bit, 64-bit

chmod +x criar_box.sh
./criar_box.sh
==> Instalar os requerimentos da box...
==> Iniciando a box...
Welcome to Ubuntu 18.04.5 LTS (GNU/Linux 4.15.0-139-generic x86_64)

 * Documentation:  https://help.ubuntu.com
 * Management:     https://landscape.canonical.com
 * Support:        https://ubuntu.com/advantage

  System information as of Mon Mar 22 21:40:36 UTC 2021

  System load:  0.09              Processes:             107
  Usage of /:   5.2% of 48.41GB   Users logged in:       0
  Memory usage: 4%                IP address for enp0s3: 10.0.2.15
  Swap usage:   0%


0 packages can be updated.
0 of these updates are security updates.

New release '20.04.2 LTS' available.
Run 'do-release-upgrade' to upgrade to it.


ls /home/vagrant/
src
chmod +x criar_iso.sh
./criar_iso.sh
Iniciando a criação da imagem ISO do NFDOS 0.4.4 ...
Atualizar repositórios e instalar requerimentos...

WARNING: apt does not have a stable CLI interface. Use with caution in scripts.

Get:1 http://security.ubuntu.com/ubuntu bionic-security InRelease [88.7 kB]
Hit:2 http://archive.ubuntu.com/ubuntu bionic InRelease
Get:3 http://archive.ubuntu.com/ubuntu bionic-updates InRelease [88.7 kB]
Get:4 http://archive.ubuntu.com/ubuntu bionic-backports InRelease [74.6 kB]
Fetched 252 kB in 2s (128 kB/s)
Reading package lists...
Building dependency tree...
Reading state information...
All packages are up to date.

WARNING: apt does not have a stable CLI interface. Use with caution in scripts.

Reading package lists...
Building dependency tree...
Reading state information...
binutils is already the newest version (2.30-21ubuntu1~18.04.5).
binutils set to manually installed.
grub-pc-bin is already the newest version (2.02-2ubuntu8.21).
grub-pc-bin set to manually installed.
squashfs-tools is already the newest version (1:4.3-6ubuntu0.18.04.1).
squashfs-tools set to manually installed.
The following additional packages will be installed:
  efibootmgr libburn4 libefiboot1 libefivar1 libio-pty-perl libipc-run-perl
  libisoburn1 libisofs6 libjq1 libjte1 libonig4
Suggested packages:
  ubuntu-archive-keyring libtime-duration-perl libtimedate-perl floppyd zip
  jigit cdck
The following NEW packages will be installed:
  debootstrap efibootmgr grub-efi-amd64-bin jq libburn4 libefiboot1 libefivar1
  libio-pty-perl libipc-run-perl libisoburn1 libisofs6 libjq1 libjte1 libonig4
  moreutils mtools unzip whois xorriso
0 upgraded, 19 newly installed, 0 to remove and 0 not upgraded.
Need to get 2631 kB of archives.
After this operation, 8254 kB of additional disk space will be used.
Get:1 http://archive.ubuntu.com/ubuntu bionic/main amd64 libefivar1 amd64 34-1 [46.2 kB]
Get:2 http://archive.ubuntu.com/ubuntu bionic/main amd64 libefiboot1 amd64 34-1 [23.5 kB]
Get:3 http://archive.ubuntu.com/ubuntu bionic/main amd64 efibootmgr amd64 15-1 [28.2 kB]
Get:4 http://archive.ubuntu.com/ubuntu bionic/universe amd64 libonig4 amd64 6.7.0-1 [119 kB]
Get:5 http://archive.ubuntu.com/ubuntu bionic/universe amd64 libjq1 amd64 1.5+dfsg-2 [111 kB]
Get:6 http://archive.ubuntu.com/ubuntu bionic/universe amd64 jq amd64 1.5+dfsg-2 [45.6 kB]
Get:7 http://archive.ubuntu.com/ubuntu bionic/universe amd64 libburn4 amd64 1.4.8-1 [146 kB]
Get:8 http://archive.ubuntu.com/ubuntu bionic/main amd64 libio-pty-perl amd64 1:1.08-1.1build4 [30.1 kB]
Get:9 http://archive.ubuntu.com/ubuntu bionic/main amd64 libipc-run-perl all 0.96-1 [89.9 kB]
Get:10 http://archive.ubuntu.com/ubuntu bionic/main amd64 libjte1 amd64 1.20-2ubuntu2 [25.1 kB]
Get:11 http://archive.ubuntu.com/ubuntu bionic/universe amd64 libisofs6 amd64 1.4.8-1 [189 kB]
Get:12 http://archive.ubuntu.com/ubuntu bionic/universe amd64 libisoburn1 amd64 1.4.8-3 [363 kB]
Get:13 http://archive.ubuntu.com/ubuntu bionic/universe amd64 moreutils amd64 0.60-1 [57.7 kB]
Get:14 http://archive.ubuntu.com/ubuntu bionic/main amd64 mtools amd64 4.0.18-2ubuntu1 [177 kB]
Get:15 http://archive.ubuntu.com/ubuntu bionic-updates/main amd64 unzip amd64 6.0-21ubuntu1.1 [168 kB]
Get:16 http://archive.ubuntu.com/ubuntu bionic/main amd64 whois amd64 5.3.0 [43.7 kB]
Get:17 http://archive.ubuntu.com/ubuntu bionic/universe amd64 xorriso amd64 1.4.8-3 [276 kB]
Get:18 http://archive.ubuntu.com/ubuntu bionic-updates/main amd64 debootstrap all 1.0.95ubuntu0.8 [35.3 kB]
Get:19 http://archive.ubuntu.com/ubuntu bionic-updates/main amd64 grub-efi-amd64-bin amd64 2.02-2ubuntu8.21 [656 kB]
debconf: unable to initialize frontend: Dialog
debconf: (Dialog frontend will not work on a dumb terminal, an emacs shell buffer, or without a controlling terminal.)
debconf: falling back to frontend: Readline
debconf: unable to initialize frontend: Readline
debconf: (This frontend requires a controlling tty.)
debconf: falling back to frontend: Teletype
dpkg-preconfigure: unable to re-open stdin: 
Fetched 2631 kB in 2s (1066 kB/s)
Selecting previously unselected package libefivar1:amd64.
(Reading database ... (Reading database ... 5%(Reading database ... 10%(Reading database ... 15%(Reading database ... 20%(Reading database ... 25%(Reading database ... 30%(Reading database ... 35%(Reading database ... 40%(Reading database ... 45%(Reading database ... 50%(Reading database ... 55%(Reading database ... 60%(Reading database ... 65%(Reading database ... 70%(Reading database ... 75%(Reading database ... 80%(Reading database ... 85%(Reading database ... 90%(Reading database ... 95%(Reading database ... 100%(Reading database ... 88796 files and directories currently installed.)
Preparing to unpack .../00-libefivar1_34-1_amd64.deb ...
Unpacking libefivar1:amd64 (34-1) ...
Selecting previously unselected package libefiboot1:amd64.
Preparing to unpack .../01-libefiboot1_34-1_amd64.deb ...
Unpacking libefiboot1:amd64 (34-1) ...
Selecting previously unselected package efibootmgr.
Preparing to unpack .../02-efibootmgr_15-1_amd64.deb ...
Unpacking efibootmgr (15-1) ...
Selecting previously unselected package libonig4:amd64.
Preparing to unpack .../03-libonig4_6.7.0-1_amd64.deb ...
Unpacking libonig4:amd64 (6.7.0-1) ...
Selecting previously unselected package libjq1:amd64.
Preparing to unpack .../04-libjq1_1.5+dfsg-2_amd64.deb ...
Unpacking libjq1:amd64 (1.5+dfsg-2) ...
Selecting previously unselected package jq.
Preparing to unpack .../05-jq_1.5+dfsg-2_amd64.deb ...
Unpacking jq (1.5+dfsg-2) ...
Selecting previously unselected package libburn4:amd64.
Preparing to unpack .../06-libburn4_1.4.8-1_amd64.deb ...
Unpacking libburn4:amd64 (1.4.8-1) ...
Selecting previously unselected package libio-pty-perl.
Preparing to unpack .../07-libio-pty-perl_1%3a1.08-1.1build4_amd64.deb ...
Unpacking libio-pty-perl (1:1.08-1.1build4) ...
Selecting previously unselected package libipc-run-perl.
Preparing to unpack .../08-libipc-run-perl_0.96-1_all.deb ...
Unpacking libipc-run-perl (0.96-1) ...
Selecting previously unselected package libjte1:amd64.
Preparing to unpack .../09-libjte1_1.20-2ubuntu2_amd64.deb ...
Unpacking libjte1:amd64 (1.20-2ubuntu2) ...
Selecting previously unselected package libisofs6:amd64.
Preparing to unpack .../10-libisofs6_1.4.8-1_amd64.deb ...
Unpacking libisofs6:amd64 (1.4.8-1) ...
Selecting previously unselected package libisoburn1:amd64.
Preparing to unpack .../11-libisoburn1_1.4.8-3_amd64.deb ...
Unpacking libisoburn1:amd64 (1.4.8-3) ...
Selecting previously unselected package moreutils.
Preparing to unpack .../12-moreutils_0.60-1_amd64.deb ...
Unpacking moreutils (0.60-1) ...
Selecting previously unselected package mtools.
Preparing to unpack .../13-mtools_4.0.18-2ubuntu1_amd64.deb ...
Unpacking mtools (4.0.18-2ubuntu1) ...
Selecting previously unselected package unzip.
Preparing to unpack .../14-unzip_6.0-21ubuntu1.1_amd64.deb ...
Unpacking unzip (6.0-21ubuntu1.1) ...
Selecting previously unselected package whois.
Preparing to unpack .../15-whois_5.3.0_amd64.deb ...
Unpacking whois (5.3.0) ...
Selecting previously unselected package xorriso.
Preparing to unpack .../16-xorriso_1.4.8-3_amd64.deb ...
Unpacking xorriso (1.4.8-3) ...
Selecting previously unselected package debootstrap.
Preparing to unpack .../17-debootstrap_1.0.95ubuntu0.8_all.deb ...
Unpacking debootstrap (1.0.95ubuntu0.8) ...
Selecting previously unselected package grub-efi-amd64-bin.
Preparing to unpack .../18-grub-efi-amd64-bin_2.02-2ubuntu8.21_amd64.deb ...
Unpacking grub-efi-amd64-bin (2.02-2ubuntu8.21) ...
Setting up libio-pty-perl (1:1.08-1.1build4) ...
Setting up libonig4:amd64 (6.7.0-1) ...
Setting up unzip (6.0-21ubuntu1.1) ...
Setting up libefivar1:amd64 (34-1) ...
Setting up whois (5.3.0) ...
Setting up libburn4:amd64 (1.4.8-1) ...
Setting up libjq1:amd64 (1.5+dfsg-2) ...
Setting up mtools (4.0.18-2ubuntu1) ...
Setting up libipc-run-perl (0.96-1) ...
Setting up libefiboot1:amd64 (34-1) ...
Setting up libjte1:amd64 (1.20-2ubuntu2) ...
Setting up debootstrap (1.0.95ubuntu0.8) ...
Setting up jq (1.5+dfsg-2) ...
Setting up efibootmgr (15-1) ...
Setting up moreutils (0.60-1) ...
Setting up libisofs6:amd64 (1.4.8-1) ...
Setting up grub-efi-amd64-bin (2.02-2ubuntu8.21) ...
Setting up libisoburn1:amd64 (1.4.8-3) ...
Setting up xorriso (1.4.8-3) ...
Processing triggers for man-db (2.8.3-2ubuntu0.1) ...
Processing triggers for mime-support (3.60ubuntu1) ...
Processing triggers for install-info (6.5.0.dfsg.1-2) ...
Processing triggers for libc-bin (2.27-3ubuntu1.4) ...
--2021-03-22 21:40:52--  https://releases.hashicorp.com/packer/1.6.4/packer_1.6.4_linux_amd64.zip
Resolving releases.hashicorp.com (releases.hashicorp.com)... 199.232.113.183, 2a04:4e42:5c::439
Connecting to releases.hashicorp.com (releases.hashicorp.com)|199.232.113.183|:443... connected.
HTTP request sent, awaiting response... 200 OK
Length: 28446502 (27M) [application/zip]
Saving to: ‘packer_1.6.4_linux_amd64.zip’

     0K .......... .......... .......... .......... ..........  0% 2.93M 9s
    50K .......... .......... .......... .......... ..........  0% 5.54M 7s
   100K .......... .......... .......... .......... ..........  0% 4.43M 7s
   150K .......... .......... .......... .......... ..........  0% 5.73M 6s
   200K .......... .......... .......... .......... ..........  0% 4.63M 6s
   250K .......... .......... .......... .......... ..........  1% 9.27M 6s
   300K .......... .......... .......... .......... ..........  1% 6.68M 5s
   350K .......... .......... .......... .......... ..........  1% 5.35M 5s
   400K .......... .......... .......... .......... ..........  1% 6.45M 5s
   450K .......... .......... .......... .......... ..........  1% 5.03M 5s
   500K .......... .......... .......... .......... ..........  1% 10.7M 5s
   550K .......... .......... .......... .......... ..........  2% 6.60M 5s
   600K .......... .......... .......... .......... ..........  2% 6.31M 5s
   650K .......... .......... .......... .......... ..........  2% 10.1M 5s
   700K .......... .......... .......... .......... ..........  2% 7.93M 5s
   750K .......... .......... .......... .......... ..........  2% 5.64M 5s
   800K .......... .......... .......... .......... ..........  3% 11.8M 4s
   850K .......... .......... .......... .......... ..........  3% 7.04M 4s
   900K .......... .......... .......... .......... ..........  3% 5.99M 4s
   950K .......... .......... .......... .......... ..........  3% 11.9M 4s
  1000K .......... .......... .......... .......... ..........  3% 11.5M 4s
  1050K .......... .......... .......... .......... ..........  3% 8.66M 4s
  1100K .......... .......... .......... .......... ..........  4% 5.59M 4s
  1150K .......... .......... .......... .......... ..........  4% 11.0M 4s
  1200K .......... .......... .......... .......... ..........  4% 9.68M 4s
  1250K .......... .......... .......... .......... ..........  4% 5.57M 4s
  1300K .......... .......... .......... .......... ..........  4% 11.2M 4s
  1350K .......... .......... .......... .......... ..........  5% 11.5M 4s
  1400K .......... .......... .......... .......... ..........  5% 10.5M 4s
  1450K .......... .......... .......... .......... ..........  5% 6.38M 4s
  1500K .......... .......... .......... .......... ..........  5% 11.5M 4s
  1550K .......... .......... .......... .......... ..........  5% 11.0M 4s
  1600K .......... .......... .......... .......... ..........  5% 10.7M 4s
  1650K .......... .......... .......... .......... ..........  6% 6.54M 4s
  1700K .......... .......... .......... .......... ..........  6% 8.76M 4s
  1750K .......... .......... .......... .......... ..........  6% 16.1M 4s
  1800K .......... .......... .......... .......... ..........  6% 13.4M 3s
  1850K .......... .......... .......... .......... ..........  6% 7.49M 3s
  1900K .......... .......... .......... .......... ..........  7% 11.6M 3s
  1950K .......... .......... .......... .......... ..........  7% 11.7M 3s
  2000K .......... .......... .......... .......... ..........  7% 10.7M 3s
  2050K .......... .......... .......... .......... ..........  7% 7.50M 3s
  2100K .......... .......... .......... .......... ..........  7% 11.2M 3s
  2150K .......... .......... .......... .......... ..........  7% 11.8M 3s
  2200K .......... .......... .......... .......... ..........  8% 11.4M 3s
  2250K .......... .......... .......... .......... ..........  8% 10.9M 3s
  2300K .......... .......... .......... .......... ..........  8% 11.8M 3s
  2350K .......... .......... .......... .......... ..........  8% 10.5M 3s
  2400K .......... .......... .......... .......... ..........  8% 11.8M 3s
  2450K .......... .......... .......... .......... ..........  8% 9.31M 3s
  2500K .......... .......... .......... .......... ..........  9% 11.3M 3s
  2550K .......... .......... .......... .......... ..........  9% 12.0M 3s
  2600K .......... .......... .......... .......... ..........  9% 11.4M 3s
  2650K .......... .......... .......... .......... ..........  9% 11.0M 3s
  2700K .......... .......... .......... .......... ..........  9% 11.5M 3s
  2750K .......... .......... .......... .......... .......... 10% 11.7M 3s
  2800K .......... .......... .......... .......... .......... 10% 11.9M 3s
  2850K .......... .......... .......... .......... .......... 10% 9.08M 3s
  2900K .......... .......... .......... .......... .......... 10% 12.0M 3s
  2950K .......... .......... .......... .......... .......... 10% 11.3M 3s
  3000K .......... .......... .......... .......... .......... 10% 12.1M 3s
  3050K .......... .......... .......... .......... .......... 11% 10.3M 3s
  3100K .......... .......... .......... .......... .......... 11% 12.1M 3s
  3150K .......... .......... .......... .......... .......... 11% 11.4M 3s
  3200K .......... .......... .......... .......... .......... 11% 11.2M 3s
  3250K .......... .......... .......... .......... .......... 11% 9.68M 3s
  3300K .......... .......... .......... .......... .......... 12% 11.0M 3s
  3350K .......... .......... .......... .......... .......... 12% 12.2M 3s
  3400K .......... .......... .......... .......... .......... 12% 11.5M 3s
  3450K .......... .......... .......... .......... .......... 12% 11.1M 3s
  3500K .......... .......... .......... .......... .......... 12% 11.1M 3s
  3550K .......... .......... .......... .......... .......... 12% 12.4M 3s
  3600K .......... .......... .......... .......... .......... 13% 10.5M 3s
  3650K .......... .......... .......... .......... .......... 13% 6.47M 3s
  3700K .......... .......... .......... .......... .......... 13% 9.82M 3s
  3750K .......... .......... .......... .......... .......... 13% 14.3M 3s
  3800K .......... .......... .......... .......... .......... 13% 11.6M 3s
  3850K .......... .......... .......... .......... .......... 14% 11.1M 3s
  3900K .......... .......... .......... .......... .......... 14% 10.6M 3s
  3950K .......... .......... .......... .......... .......... 14% 13.3M 3s
  4000K .......... .......... .......... .......... .......... 14% 10.8M 3s
  4050K .......... .......... .......... .......... .......... 14% 9.18M 3s
  4100K .......... .......... .......... .......... .......... 14% 11.6M 3s
  4150K .......... .......... .......... .......... .......... 15% 12.0M 3s
  4200K .......... .......... .......... .......... .......... 15% 11.9M 3s
  4250K .......... .......... .......... .......... .......... 15% 10.1M 3s
  4300K .......... .......... .......... .......... .......... 15% 12.9M 3s
  4350K .......... .......... .......... .......... .......... 15% 11.5M 3s
  4400K .......... .......... .......... .......... .......... 16% 11.8M 3s
  4450K .......... .......... .......... .......... .......... 16% 8.74M 3s
  4500K .......... .......... .......... .......... .......... 16% 12.2M 3s
  4550K .......... .......... .......... .......... .......... 16% 11.7M 2s
  4600K .......... .......... .......... .......... .......... 16% 11.9M 2s
  4650K .......... .......... .......... .......... .......... 16% 10.5M 2s
  4700K .......... .......... .......... .......... .......... 17% 12.0M 2s
  4750K .......... .......... .......... .......... .......... 17% 11.6M 2s
  4800K .......... .......... .......... .......... .......... 17% 11.7M 2s
  4850K .......... .......... .......... .......... .......... 17% 7.67M 2s
  4900K .......... .......... .......... .......... .......... 17% 11.9M 2s
  4950K .......... .......... .......... .......... .......... 17% 1.59M 3s
  5000K .......... .......... .......... .......... .......... 18% 11.4M 3s
  5050K .......... .......... .......... .......... .......... 18% 18.0M 3s
  5100K .......... .......... .......... .......... .......... 18% 17.1M 2s
  5150K .......... .......... .......... .......... .......... 18% 25.6M 2s
  5200K .......... .......... .......... .......... .......... 18% 30.4M 2s
  5250K .......... .......... .......... .......... .......... 19% 27.3M 2s
  5300K .......... .......... .......... .......... .......... 19% 40.9M 2s
  5350K .......... .......... .......... .......... .......... 19% 39.3M 2s
  5400K .......... .......... .......... .......... .......... 19% 17.2M 2s
  5450K .......... .......... .......... .......... .......... 19% 21.4M 2s
  5500K .......... .......... .......... .......... .......... 19% 22.8M 2s
  5550K .......... .......... .......... .......... .......... 20% 13.4M 2s
  5600K .......... .......... .......... .......... .......... 20% 11.1M 2s
  5650K .......... .......... .......... .......... .......... 20% 9.59M 2s
  5700K .......... .......... .......... .......... .......... 20% 11.3M 2s
  5750K .......... .......... .......... .......... .......... 20% 11.5M 2s
  5800K .......... .......... .......... .......... .......... 21% 11.9M 2s
  5850K .......... .......... .......... .......... .......... 21% 10.2M 2s
  5900K .......... .......... .......... .......... .......... 21% 12.4M 2s
  5950K .......... .......... .......... .......... .......... 21% 11.8M 2s
  6000K .......... .......... .......... .......... .......... 21% 6.18M 2s
  6050K .......... .......... .......... .......... .......... 21% 11.2M 2s
  6100K .......... .......... .......... .......... .......... 22% 11.0M 2s
  6150K .......... .......... .......... .......... .......... 22% 7.17M 2s
  6200K .......... .......... .......... .......... .......... 22% 15.5M 2s
  6250K .......... .......... .......... .......... .......... 22% 17.4M 2s
  6300K .......... .......... .......... .......... .......... 22% 11.9M 2s
  6350K .......... .......... .......... .......... .......... 23% 12.5M 2s
  6400K .......... .......... .......... .......... .......... 23% 11.7M 2s
  6450K .......... .......... .......... .......... .......... 23% 8.96M 2s
  6500K .......... .......... .......... .......... .......... 23% 11.7M 2s
  6550K .......... .......... .......... .......... .......... 23% 11.6M 2s
  6600K .......... .......... .......... .......... .......... 23% 11.7M 2s
  6650K .......... .......... .......... .......... .......... 24% 10.9M 2s
  6700K .......... .......... .......... .......... .......... 24% 10.7M 2s
  6750K .......... .......... .......... .......... .......... 24% 12.5M 2s
  6800K .......... .......... .......... .......... .......... 24% 12.0M 2s
  6850K .......... .......... .......... .......... .......... 24% 9.16M 2s
  6900K .......... .......... .......... .......... .......... 25% 11.7M 2s
  6950K .......... .......... .......... .......... .......... 25% 10.0M 2s
  7000K .......... .......... .......... .......... .......... 25% 11.8M 2s
  7050K .......... .......... .......... .......... .......... 25% 11.8M 2s
  7100K .......... .......... .......... .......... .......... 25% 12.9M 2s
  7150K .......... .......... .......... .......... .......... 25% 11.7M 2s
  7200K .......... .......... .......... .......... .......... 26% 11.3M 2s
  7250K .......... .......... .......... .......... .......... 26% 9.03M 2s
  7300K .......... .......... .......... .......... .......... 26% 10.1M 2s
  7350K .......... .......... .......... .......... .......... 26% 14.0M 2s
  7400K .......... .......... .......... .......... .......... 26% 11.4M 2s
  7450K .......... .......... .......... .......... .......... 26% 10.6M 2s
  7500K .......... .......... .......... .......... .......... 27% 11.7M 2s
  7550K .......... .......... .......... .......... .......... 27% 12.1M 2s
  7600K .......... .......... .......... .......... .......... 27% 10.4M 2s
  7650K .......... .......... .......... .......... .......... 27% 10.2M 2s
  7700K .......... .......... .......... .......... .......... 27% 11.8M 2s
  7750K .......... .......... .......... .......... .......... 28% 11.4M 2s
  7800K .......... .......... .......... .......... .......... 28% 11.9M 2s
  7850K .......... .......... .......... .......... .......... 28% 9.81M 2s
  7900K .......... .......... .......... .......... .......... 28% 12.3M 2s
  7950K .......... .......... .......... .......... .......... 28% 11.8M 2s
  8000K .......... .......... .......... .......... .......... 28% 12.3M 2s
  8050K .......... .......... .......... .......... .......... 29% 8.78M 2s
  8100K .......... .......... .......... .......... .......... 29% 11.8M 2s
  8150K .......... .......... .......... .......... .......... 29% 11.9M 2s
  8200K .......... .......... .......... .......... .......... 29% 11.1M 2s
  8250K .......... .......... .......... .......... .......... 29% 10.7M 2s
  8300K .......... .......... .......... .......... .......... 30% 12.4M 2s
  8350K .......... .......... .......... .......... .......... 30% 12.3M 2s
  8400K .......... .......... .......... .......... .......... 30% 10.4M 2s
  8450K .......... .......... .......... .......... .......... 30% 9.56M 2s
  8500K .......... .......... .......... .......... .......... 30% 12.0M 2s
  8550K .......... .......... .......... .......... .......... 30% 9.10M 2s
  8600K .......... .......... .......... .......... .......... 31% 12.5M 2s
  8650K .......... .......... .......... .......... .......... 31% 10.8M 2s
  8700K .......... .......... .......... .......... .......... 31% 11.5M 2s
  8750K .......... .......... .......... .......... .......... 31% 11.7M 2s
  8800K .......... .......... .......... .......... .......... 31% 11.9M 2s
  8850K .......... .......... .......... .......... .......... 32% 8.95M 2s
  8900K .......... .......... .......... .......... .......... 32% 12.2M 2s
  8950K .......... .......... .......... .......... .......... 32% 11.5M 2s
  9000K .......... .......... .......... .......... .......... 32% 11.7M 2s
  9050K .......... .......... .......... .......... .......... 32% 10.6M 2s
  9100K .......... .......... .......... .......... .......... 32% 11.9M 2s
  9150K .......... .......... .......... .......... .......... 33% 11.6M 2s
  9200K .......... .......... .......... .......... .......... 33% 11.7M 2s
  9250K .......... .......... .......... .......... .......... 33% 9.29M 2s
  9300K .......... .......... .......... .......... .......... 33% 11.4M 2s
  9350K .......... .......... .......... .......... .......... 33% 11.7M 2s
  9400K .......... .......... .......... .......... .......... 34% 11.7M 2s
  9450K .......... .......... .......... .......... .......... 34% 11.1M 2s
  9500K .......... .......... .......... .......... .......... 34% 11.4M 2s
  9550K .......... .......... .......... .......... .......... 34% 12.3M 2s
  9600K .......... .......... .......... .......... .......... 34% 11.3M 2s
  9650K .......... .......... .......... .......... .......... 34% 8.40M 2s
  9700K .......... .......... .......... .......... .......... 35% 12.5M 2s
  9750K .......... .......... .......... .......... .......... 35% 12.0M 2s
  9800K .......... .......... .......... .......... .......... 35% 11.7M 2s
  9850K .......... .......... .......... .......... .......... 35% 10.9M 2s
  9900K .......... .......... .......... .......... .......... 35% 11.6M 2s
  9950K .......... .......... .......... .......... .......... 35% 11.7M 2s
 10000K .......... .......... .......... .......... .......... 36% 11.4M 2s
 10050K .......... .......... .......... .......... .......... 36% 9.20M 2s
 10100K .......... .......... .......... .......... .......... 36% 11.6M 2s
 10150K .......... .......... .......... .......... .......... 36% 12.0M 2s
 10200K .......... .......... .......... .......... .......... 36% 12.1M 2s
 10250K .......... .......... .......... .......... .......... 37% 9.96M 2s
 10300K .......... .......... .......... .......... .......... 37% 10.9M 2s
 10350K .......... .......... .......... .......... .......... 37% 13.5M 2s
 10400K .......... .......... .......... .......... .......... 37% 11.5M 2s
 10450K .......... .......... .......... .......... .......... 37% 9.35M 2s
 10500K .......... .......... .......... .......... .......... 37% 11.2M 2s
 10550K .......... .......... .......... .......... .......... 38% 12.1M 2s
 10600K .......... .......... .......... .......... .......... 38% 11.5M 2s
 10650K .......... .......... .......... .......... .......... 38% 10.7M 2s
 10700K .......... .......... .......... .......... .......... 38% 12.0M 2s
 10750K .......... .......... .......... .......... .......... 38% 11.8M 2s
 10800K .......... .......... .......... .......... .......... 39% 11.7M 2s
 10850K .......... .......... .......... .......... .......... 39% 8.85M 2s
 10900K .......... .......... .......... .......... .......... 39% 12.4M 2s
 10950K .......... .......... .......... .......... .......... 39% 10.6M 2s
 11000K .......... .......... .......... .......... .......... 39% 12.5M 2s
 11050K .......... .......... .......... .......... .......... 39% 10.6M 2s
 11100K .......... .......... .......... .......... .......... 40% 10.5M 2s
 11150K .......... .......... .......... .......... .......... 40% 2.03M 2s
 11200K .......... .......... .......... .......... .......... 40% 13.7M 2s
 11250K .......... .......... .......... .......... .......... 40% 19.9M 2s
 11300K .......... .......... .......... .......... .......... 40% 20.6M 2s
 11350K .......... .......... .......... .......... .......... 41% 21.7M 2s
 11400K .......... .......... .......... .......... .......... 41% 21.5M 2s
 11450K .......... .......... .......... .......... .......... 41% 21.8M 2s
 11500K .......... .......... .......... .......... .......... 41% 12.9M 2s
 11550K .......... .......... .......... .......... .......... 41% 11.0M 2s
 11600K .......... .......... .......... .......... .......... 41% 11.3M 2s
 11650K .......... .......... .......... .......... .......... 42% 8.95M 2s
 11700K .......... .......... .......... .......... .......... 42% 11.2M 2s
 11750K .......... .......... .......... .......... .......... 42% 11.7M 2s
 11800K .......... .......... .......... .......... .......... 42% 12.0M 2s
 11850K .......... .......... .......... .......... .......... 42% 10.8M 2s
 11900K .......... .......... .......... .......... .......... 43% 11.6M 2s
 11950K .......... .......... .......... .......... .......... 43% 11.0M 2s
 12000K .......... .......... .......... .......... .......... 43% 10.7M 2s
 12050K .......... .......... .......... .......... .......... 43% 8.97M 2s
 12100K .......... .......... .......... .......... .......... 43% 12.7M 2s
 12150K .......... .......... .......... .......... .......... 43% 11.5M 2s
 12200K .......... .......... .......... .......... .......... 44% 5.90M 2s
 12250K .......... .......... .......... .......... .......... 44% 10.8M 1s
 12300K .......... .......... .......... .......... .......... 44% 11.9M 1s
 12350K .......... .......... .......... .......... .......... 44% 12.5M 1s
 12400K .......... .......... .......... .......... .......... 44% 11.5M 1s
 12450K .......... .......... .......... .......... .......... 44% 9.19M 1s
 12500K .......... .......... .......... .......... .......... 45% 11.7M 1s
 12550K .......... .......... .......... .......... .......... 45% 11.4M 1s
 12600K .......... .......... .......... .......... .......... 45% 10.8M 1s
 12650K .......... .......... .......... .......... .......... 45% 10.7M 1s
 12700K .......... .......... .......... .......... .......... 45% 11.2M 1s
 12750K .......... .......... .......... .......... .......... 46% 11.1M 1s
 12800K .......... .......... .......... .......... .......... 46% 13.0M 1s
 12850K .......... .......... .......... .......... .......... 46% 9.20M 1s
 12900K .......... .......... .......... .......... .......... 46% 11.4M 1s
 12950K .......... .......... .......... .......... .......... 46% 11.1M 1s
 13000K .......... .......... .......... .......... .......... 46% 11.8M 1s
 13050K .......... .......... .......... .......... .......... 47% 10.8M 1s
 13100K .......... .......... .......... .......... .......... 47% 11.0M 1s
 13150K .......... .......... .......... .......... .......... 47% 12.2M 1s
 13200K .......... .......... .......... .......... .......... 47% 10.7M 1s
 13250K .......... .......... .......... .......... .......... 47% 4.42M 1s
 13300K .......... .......... .......... .......... .......... 48% 22.8M 1s
 13350K .......... .......... .......... .......... .......... 48% 11.6M 1s
 13400K .......... .......... .......... .......... .......... 48% 6.17M 1s
 13450K .......... .......... .......... .......... .......... 48% 24.0M 1s
 13500K .......... .......... .......... .......... .......... 48% 17.0M 1s
 13550K .......... .......... .......... .......... .......... 48% 7.75M 1s
 13600K .......... .......... .......... .......... .......... 49% 14.4M 1s
 13650K .......... .......... .......... .......... .......... 49% 9.60M 1s
 13700K .......... .......... .......... .......... .......... 49% 11.5M 1s
 13750K .......... .......... .......... .......... .......... 49% 11.6M 1s
 13800K .......... .......... .......... .......... .......... 49% 11.0M 1s
 13850K .......... .......... .......... .......... .......... 50% 11.9M 1s
 13900K .......... .......... .......... .......... .......... 50% 10.9M 1s
 13950K .......... .......... .......... .......... .......... 50% 11.5M 1s
 14000K .......... .......... .......... .......... .......... 50% 11.4M 1s
 14050K .......... .......... .......... .......... .......... 50% 9.31M 1s
 14100K .......... .......... .......... .......... .......... 50% 11.1M 1s
 14150K .......... .......... .......... .......... .......... 51% 12.0M 1s
 14200K .......... .......... .......... .......... .......... 51% 11.7M 1s
 14250K .......... .......... .......... .......... .......... 51% 10.9M 1s
 14300K .......... .......... .......... .......... .......... 51% 11.6M 1s
 14350K .......... .......... .......... .......... .......... 51% 11.1M 1s
 14400K .......... .......... .......... .......... .......... 52% 9.31M 1s
 14450K .......... .......... .......... .......... .......... 52% 9.24M 1s
 14500K .......... .......... .......... .......... .......... 52% 12.0M 1s
 14550K .......... .......... .......... .......... .......... 52% 11.6M 1s
 14600K .......... .......... .......... .......... .......... 52% 11.5M 1s
 14650K .......... .......... .......... .......... .......... 52% 9.17M 1s
 14700K .......... .......... .......... .......... .......... 53% 11.1M 1s
 14750K .......... .......... .......... .......... .......... 53% 9.59M 1s
 14800K .......... .......... .......... .......... .......... 53% 12.7M 1s
 14850K .......... .......... .......... .......... .......... 53% 10.2M 1s
 14900K .......... .......... .......... .......... .......... 53% 12.1M 1s
 14950K .......... .......... .......... .......... .......... 53% 11.6M 1s
 15000K .......... .......... .......... .......... .......... 54% 11.8M 1s
 15050K .......... .......... .......... .......... .......... 54% 10.7M 1s
 15100K .......... .......... .......... .......... .......... 54% 11.7M 1s
 15150K .......... .......... .......... .......... .......... 54% 11.6M 1s
 15200K .......... .......... .......... .......... .......... 54% 8.39M 1s
 15250K .......... .......... .......... .......... .......... 55% 13.5M 1s
 15300K .......... .......... .......... .......... .......... 55% 11.5M 1s
 15350K .......... .......... .......... .......... .......... 55% 11.8M 1s
 15400K .......... .......... .......... .......... .......... 55% 11.6M 1s
 15450K .......... .......... .......... .......... .......... 55% 10.5M 1s
 15500K .......... .......... .......... .......... .......... 55% 10.9M 1s
 15550K .......... .......... .......... .......... .......... 56% 9.64M 1s
 15600K .......... .......... .......... .......... .......... 56% 10.9M 1s
 15650K .......... .......... .......... .......... .......... 56% 8.84M 1s
 15700K .......... .......... .......... .......... .......... 56% 11.1M 1s
 15750K .......... .......... .......... .......... .......... 56% 12.2M 1s
 15800K .......... .......... .......... .......... .......... 57% 9.39M 1s
 15850K .......... .......... .......... .......... .......... 57% 10.5M 1s
 15900K .......... .......... .......... .......... .......... 57% 11.1M 1s
 15950K .......... .......... .......... .......... .......... 57% 11.6M 1s
 16000K .......... .......... .......... .......... .......... 57% 12.2M 1s
 16050K .......... .......... .......... .......... .......... 57% 9.24M 1s
 16100K .......... .......... .......... .......... .......... 58% 11.9M 1s
 16150K .......... .......... .......... .......... .......... 58% 11.2M 1s
 16200K .......... .......... .......... .......... .......... 58% 11.8M 1s
 16250K .......... .......... .......... .......... .......... 58% 11.0M 1s
 16300K .......... .......... .......... .......... .......... 58% 11.0M 1s
 16350K .......... .......... .......... .......... .......... 59% 12.2M 1s
 16400K .......... .......... .......... .......... .......... 59% 11.3M 1s
 16450K .......... .......... .......... .......... .......... 59% 9.69M 1s
 16500K .......... .......... .......... .......... .......... 59% 11.5M 1s
 16550K .......... .......... .......... .......... .......... 59% 12.0M 1s
 16600K .......... .......... .......... .......... .......... 59% 11.2M 1s
 16650K .......... .......... .......... .......... .......... 60% 11.1M 1s
 16700K .......... .......... .......... .......... .......... 60% 11.2M 1s
 16750K .......... .......... .......... .......... .......... 60% 11.9M 1s
 16800K .......... .......... .......... .......... .......... 60% 12.0M 1s
 16850K .......... .......... .......... .......... .......... 60% 7.89M 1s
 16900K .......... .......... .......... .......... .......... 61% 14.4M 1s
 16950K .......... .......... .......... .......... .......... 61% 11.5M 1s
 17000K .......... .......... .......... .......... .......... 61% 11.8M 1s
 17050K .......... .......... .......... .......... .......... 61% 9.75M 1s
 17100K .......... .......... .......... .......... .......... 61% 7.73M 1s
 17150K .......... .......... .......... .......... .......... 61% 11.4M 1s
 17200K .......... .......... .......... .......... .......... 62% 11.8M 1s
 17250K .......... .......... .......... .......... .......... 62% 9.46M 1s
 17300K .......... .......... .......... .......... .......... 62% 11.4M 1s
 17350K .......... .......... .......... .......... .......... 62% 11.5M 1s
 17400K .......... .......... .......... .......... .......... 62% 11.6M 1s
 17450K .......... .......... .......... .......... .......... 62% 11.2M 1s
 17500K .......... .......... .......... .......... .......... 63% 11.0M 1s
 17550K .......... .......... .......... .......... .......... 63% 12.2M 1s
 17600K .......... .......... .......... .......... .......... 63% 11.6M 1s
 17650K .......... .......... .......... .......... .......... 63% 9.35M 1s
 17700K .......... .......... .......... .......... .......... 63% 11.4M 1s
 17750K .......... .......... .......... .......... .......... 64% 11.8M 1s
 17800K .......... .......... .......... .......... .......... 64% 11.7M 1s
 17850K .......... .......... .......... .......... .......... 64% 10.8M 1s
 17900K .......... .......... .......... .......... .......... 64% 11.4M 1s
 17950K .......... .......... .......... .......... .......... 64% 11.5M 1s
 18000K .......... .......... .......... .......... .......... 64% 11.8M 1s
 18050K .......... .......... .......... .......... .......... 65% 9.21M 1s
 18100K .......... .......... .......... .......... .......... 65% 8.92M 1s
 18150K .......... .......... .......... .......... .......... 65% 13.3M 1s
 18200K .......... .......... .......... .......... .......... 65% 11.7M 1s
 18250K .......... .......... .......... .......... .......... 65% 11.0M 1s
 18300K .......... .......... .......... .......... .......... 66% 11.1M 1s
 18350K .......... .......... .......... .......... .......... 66% 12.6M 1s
 18400K .......... .......... .......... .......... .......... 66% 11.8M 1s
 18450K .......... .......... .......... .......... .......... 66% 8.88M 1s
 18500K .......... .......... .......... .......... .......... 66% 11.1M 1s
 18550K .......... .......... .......... .......... .......... 66% 12.1M 1s
 18600K .......... .......... .......... .......... .......... 67% 11.1M 1s
 18650K .......... .......... .......... .......... .......... 67% 11.3M 1s
 18700K .......... .......... .......... .......... .......... 67% 7.44M 1s
 18750K .......... .......... .......... .......... .......... 67% 19.7M 1s
 18800K .......... .......... .......... .......... .......... 67% 13.8M 1s
 18850K .......... .......... .......... .......... .......... 68% 9.51M 1s
 18900K .......... .......... .......... .......... .......... 68% 11.7M 1s
 18950K .......... .......... .......... .......... .......... 68% 11.6M 1s
 19000K .......... .......... .......... .......... .......... 68% 11.5M 1s
 19050K .......... .......... .......... .......... .......... 68% 11.1M 1s
 19100K .......... .......... .......... .......... .......... 68% 11.3M 1s
 19150K .......... .......... .......... .......... .......... 69% 11.6M 1s
 19200K .......... .......... .......... .......... .......... 69% 11.5M 1s
 19250K .......... .......... .......... .......... .......... 69% 9.08M 1s
 19300K .......... .......... .......... .......... .......... 69% 12.4M 1s
 19350K .......... .......... .......... .......... .......... 69% 11.5M 1s
 19400K .......... .......... .......... .......... .......... 70% 11.9M 1s
 19450K .......... .......... .......... .......... .......... 70% 10.7M 1s
 19500K .......... .......... .......... .......... .......... 70% 11.8M 1s
 19550K .......... .......... .......... .......... .......... 70% 11.0M 1s
 19600K .......... .......... .......... .......... .......... 70% 12.3M 1s
 19650K .......... .......... .......... .......... .......... 70% 9.37M 1s
 19700K .......... .......... .......... .......... .......... 71% 9.19M 1s
 19750K .......... .......... .......... .......... .......... 71% 15.7M 1s
 19800K .......... .......... .......... .......... .......... 71% 11.6M 1s
 19850K .......... .......... .......... .......... .......... 71% 10.8M 1s
 19900K .......... .......... .......... .......... .......... 71% 12.1M 1s
 19950K .......... .......... .......... .......... .......... 71% 11.5M 1s
 20000K .......... .......... .......... .......... .......... 72% 11.4M 1s
 20050K .......... .......... .......... .......... .......... 72% 8.97M 1s
 20100K .......... .......... .......... .......... .......... 72% 6.52M 1s
 20150K .......... .......... .......... .......... .......... 72% 21.2M 1s
 20200K .......... .......... .......... .......... .......... 72% 17.7M 1s
 20250K .......... .......... .......... .......... .......... 73% 11.5M 1s
 20300K .......... .......... .......... .......... .......... 73% 11.7M 1s
 20350K .......... .......... .......... .......... .......... 73% 11.7M 1s
 20400K .......... .......... .......... .......... .......... 73% 11.2M 1s
 20450K .......... .......... .......... .......... .......... 73% 9.34M 1s
 20500K .......... .......... .......... .......... .......... 73% 11.6M 1s
 20550K .......... .......... .......... .......... .......... 74% 11.2M 1s
 20600K .......... .......... .......... .......... .......... 74% 11.1M 1s
 20650K .......... .......... .......... .......... .......... 74% 11.7M 1s
 20700K .......... .......... .......... .......... .......... 74% 12.3M 1s
 20750K .......... .......... .......... .......... .......... 74% 11.3M 1s
 20800K .......... .......... .......... .......... .......... 75% 10.3M 1s
 20850K .......... .......... .......... .......... .......... 75% 10.0M 1s
 20900K .......... .......... .......... .......... .......... 75% 11.9M 1s
 20950K .......... .......... .......... .......... .......... 75% 11.7M 1s
 21000K .......... .......... .......... .......... .......... 75% 11.6M 1s
 21050K .......... .......... .......... .......... .......... 75% 10.9M 1s
 21100K .......... .......... .......... .......... .......... 76% 11.5M 1s
 21150K .......... .......... .......... .......... .......... 76% 12.2M 1s
 21200K .......... .......... .......... .......... .......... 76% 11.1M 1s
 21250K .......... .......... .......... .......... .......... 76% 9.30M 1s
 21300K .......... .......... .......... .......... .......... 76% 11.7M 1s
 21350K .......... .......... .......... .......... .......... 77% 11.7M 1s
 21400K .......... .......... .......... .......... .......... 77% 11.6M 1s
 21450K .......... .......... .......... .......... .......... 77% 10.8M 1s
 21500K .......... .......... .......... .......... .......... 77% 11.5M 1s
 21550K .......... .......... .......... .......... .......... 77% 12.0M 1s
 21600K .......... .......... .......... .......... .......... 77% 10.6M 1s
 21650K .......... .......... .......... .......... .......... 78% 9.88M 1s
 21700K .......... .......... .......... .......... .......... 78% 11.9M 1s
 21750K .......... .......... .......... .......... .......... 78% 11.4M 1s
 21800K .......... .......... .......... .......... .......... 78% 11.5M 1s
 21850K .......... .......... .......... .......... .......... 78% 11.3M 1s
 21900K .......... .......... .......... .......... .......... 79% 11.9M 1s
 21950K .......... .......... .......... .......... .......... 79% 11.0M 1s
 22000K .......... .......... .......... .......... .......... 79% 5.00M 1s
 22050K .......... .......... .......... .......... .......... 79% 2.00M 1s
 22100K .......... .......... .......... .......... .......... 79% 12.5M 1s
 22150K .......... .......... .......... .......... .......... 79% 13.7M 1s
 22200K .......... .......... .......... .......... .......... 80% 31.6M 1s
 22250K .......... .......... .......... .......... .......... 80% 24.3M 1s
 22300K .......... .......... .......... .......... .......... 80% 25.5M 1s
 22350K .......... .......... .......... .......... .......... 80% 28.3M 1s
 22400K .......... .......... .......... .......... .......... 80% 17.0M 0s
 22450K .......... .......... .......... .......... .......... 80% 8.00M 0s
 22500K .......... .......... .......... .......... .......... 81% 11.1M 0s
 22550K .......... .......... .......... .......... .......... 81% 10.1M 0s
 22600K .......... .......... .......... .......... .......... 81% 10.9M 0s
 22650K .......... .......... .......... .......... .......... 81% 8.12M 0s
 22700K .......... .......... .......... .......... .......... 81% 11.4M 0s
 22750K .......... .......... .......... .......... .......... 82% 12.4M 0s
 22800K .......... .......... .......... .......... .......... 82% 12.1M 0s
 22850K .......... .......... .......... .......... .......... 82% 6.90M 0s
 22900K .......... .......... .......... .......... .......... 82% 11.2M 0s
 22950K .......... .......... .......... .......... .......... 82% 11.2M 0s
 23000K .......... .......... .......... .......... .......... 82% 11.9M 0s
 23050K .......... .......... .......... .......... .......... 83% 7.81M 0s
 23100K .......... .......... .......... .......... .......... 83% 12.2M 0s
 23150K .......... .......... .......... .......... .......... 83% 9.85M 0s
 23200K .......... .......... .......... .......... .......... 83% 11.9M 0s
 23250K .......... .......... .......... .......... .......... 83% 7.51M 0s
 23300K .......... .......... .......... .......... .......... 84% 11.5M 0s
 23350K .......... .......... .......... .......... .......... 84% 11.3M 0s
 23400K .......... .......... .......... .......... .......... 84% 11.6M 0s
 23450K .......... .......... .......... .......... .......... 84% 7.85M 0s
 23500K .......... .......... .......... .......... .......... 84% 11.3M 0s
 23550K .......... .......... .......... .......... .......... 84% 10.4M 0s
 23600K .......... .......... .......... .......... .......... 85% 7.82M 0s
 23650K .......... .......... .......... .......... .......... 85% 10.7M 0s
 23700K .......... .......... .......... .......... .......... 85% 12.1M 0s
 23750K .......... .......... .......... .......... .......... 85% 9.33M 0s
 23800K .......... .......... .......... .......... .......... 85% 10.9M 0s
 23850K .......... .......... .......... .......... .......... 86% 10.3M 0s
 23900K .......... .......... .......... .......... .......... 86% 11.8M 0s
 23950K .......... .......... .......... .......... .......... 86% 9.56M 0s
 24000K .......... .......... .......... .......... .......... 86% 9.35M 0s
 24050K .......... .......... .......... .......... .......... 86% 9.49M 0s
 24100K .......... .......... .......... .......... .......... 86% 12.5M 0s
 24150K .......... .......... .......... .......... .......... 87% 8.83M 0s
 24200K .......... .......... .......... .......... .......... 87% 11.0M 0s
 24250K .......... .......... .......... .......... .......... 87% 10.6M 0s
 24300K .......... .......... .......... .......... .......... 87% 10.6M 0s
 24350K .......... .......... .......... .......... .......... 87% 9.66M 0s
 24400K .......... .......... .......... .......... .......... 88% 11.9M 0s
 24450K .......... .......... .......... .......... .......... 88% 7.98M 0s
 24500K .......... .......... .......... .......... .......... 88% 11.5M 0s
 24550K .......... .......... .......... .......... .......... 88% 11.5M 0s
 24600K .......... .......... .......... .......... .......... 88% 8.51M 0s
 24650K .......... .......... .......... .......... .......... 88% 14.7M 0s
 24700K .......... .......... .......... .......... .......... 89% 9.28M 0s
 24750K .......... .......... .......... .......... .......... 89% 8.23M 0s
 24800K .......... .......... .......... .......... .......... 89% 10.8M 0s
 24850K .......... .......... .......... .......... .......... 89% 9.07M 0s
 24900K .......... .......... .......... .......... .......... 89% 11.2M 0s
 24950K .......... .......... .......... .......... .......... 89% 11.1M 0s
 25000K .......... .......... .......... .......... .......... 90% 12.4M 0s
 25050K .......... .......... .......... .......... .......... 90% 10.4M 0s
 25100K .......... .......... .......... .......... .......... 90% 11.3M 0s
 25150K .......... .......... .......... .......... .......... 90% 8.97M 0s
 25200K .......... .......... .......... .......... .......... 90% 12.6M 0s
 25250K .......... .......... .......... .......... .......... 91% 10.4M 0s
 25300K .......... .......... .......... .......... .......... 91% 8.80M 0s
 25350K .......... .......... .......... .......... .......... 91% 11.0M 0s
 25400K .......... .......... .......... .......... .......... 91% 11.7M 0s
 25450K .......... .......... .......... .......... .......... 91% 10.6M 0s
 25500K .......... .......... .......... .......... .......... 91% 12.0M 0s
 25550K .......... .......... .......... .......... .......... 92% 9.41M 0s
 25600K .......... .......... .......... .......... .......... 92% 9.91M 0s
 25650K .......... .......... .......... .......... .......... 92% 9.93M 0s
 25700K .......... .......... .......... .......... .......... 92% 12.2M 0s
 25750K .......... .......... .......... .......... .......... 92% 10.8M 0s
 25800K .......... .......... .......... .......... .......... 93% 11.3M 0s
 25850K .......... .......... .......... .......... .......... 93% 11.5M 0s
 25900K .......... .......... .......... .......... .......... 93% 11.8M 0s
 25950K .......... .......... .......... .......... .......... 93% 8.92M 0s
 26000K .......... .......... .......... .......... .......... 93% 10.4M 0s
 26050K .......... .......... .......... .......... .......... 93% 7.89M 0s
 26100K .......... .......... .......... .......... .......... 94% 15.0M 0s
 26150K .......... .......... .......... .......... .......... 94% 10.6M 0s
 26200K .......... .......... .......... .......... .......... 94% 11.1M 0s
 26250K .......... .......... .......... .......... .......... 94% 10.8M 0s
 26300K .......... .......... .......... .......... .......... 94% 12.2M 0s
 26350K .......... .......... .......... .......... .......... 95% 11.2M 0s
 26400K .......... .......... .......... .......... .......... 95% 11.7M 0s
 26450K .......... .......... .......... .......... .......... 95% 9.13M 0s
 26500K .......... .......... .......... .......... .......... 95% 11.0M 0s
 26550K .......... .......... .......... .......... .......... 95% 10.9M 0s
 26600K .......... .......... .......... .......... .......... 95% 10.9M 0s
 26650K .......... .......... .......... .......... .......... 96% 10.6M 0s
 26700K .......... .......... .......... .......... .......... 96% 10.4M 0s
 26750K .......... .......... .......... .......... .......... 96% 11.9M 0s
 26800K .......... .......... .......... .......... .......... 96% 11.2M 0s
 26850K .......... .......... .......... .......... .......... 96% 7.62M 0s
 26900K .......... .......... .......... .......... .......... 97% 10.9M 0s
 26950K .......... .......... .......... .......... .......... 97% 11.2M 0s
 27000K .......... .......... .......... .......... .......... 97% 11.5M 0s
 27050K .......... .......... .......... .......... .......... 97% 10.7M 0s
 27100K .......... .......... .......... .......... .......... 97% 11.6M 0s
 27150K .......... .......... .......... .......... .......... 97% 6.35M 0s
 27200K .......... .......... .......... .......... .......... 98% 10.6M 0s
 27250K .......... .......... .......... .......... .......... 98% 3.57M 0s
 27300K .......... .......... .......... .......... .......... 98% 19.4M 0s
 27350K .......... .......... .......... .......... .......... 98% 10.8M 0s
 27400K .......... .......... .......... .......... .......... 98% 9.81M 0s
 27450K .......... .......... .......... .......... .......... 98% 8.77M 0s
 27500K .......... .......... .......... .......... .......... 99% 12.0M 0s
 27550K .......... .......... .......... .......... .......... 99% 6.57M 0s
 27600K .......... .......... .......... .......... .......... 99% 8.81M 0s
 27650K .......... .......... .......... .......... .......... 99% 7.22M 0s
 27700K .......... .......... .......... .......... .......... 99% 7.27M 0s
 27750K .......... .......... .........                       100% 11.8M=2.6s

2021-03-22 21:40:54 (10.3 MB/s) - ‘packer_1.6.4_linux_amd64.zip’ saved [28446502/28446502]

Archive:  packer_1.6.4_linux_amd64.zip
  inflating: packer                  
Checkando se a /vagrant/nfdos existe
Checkando se a /vagrant/nfdos/core/nfdos.iso existe
A /vagrant/nfdos/core/nfdos.iso existe
Checkando se a /vagrant/nfdos/desktop/vagrant/NFDOS-0.4.4.box existe
A /vagrant/nfdos/desktop/vagrant/NFDOS-0.4.4.box não existe. Criando ela...
Checkando o SHA256 da imagem ISO...
NFDOS: output will be in this color.

==> NFDOS: Retrieving Guest additions
==> NFDOS: Trying /usr/share/virtualbox/VBoxGuestAdditions.iso
==> NFDOS: Trying /usr/share/virtualbox/VBoxGuestAdditions.iso
==> NFDOS: /usr/share/virtualbox/VBoxGuestAdditions.iso => /usr/share/virtualbox/VBoxGuestAdditions.iso
==> NFDOS: Retrieving ISO
==> NFDOS: Trying ../core/nfdos.iso
==> NFDOS: Trying ../core/nfdos.iso?checksum=sha256%3A7f0d3b49084ec739fe859d3c4aaaa0d0cebc388d88ee41e077e9c3211e786301
==> NFDOS: ../core/nfdos.iso?checksum=sha256%3A7f0d3b49084ec739fe859d3c4aaaa0d0cebc388d88ee41e077e9c3211e786301 => /vagrant/nfdos/core/nfdos.iso
Build 'NFDOS' errored after 765 milliseconds 681 microseconds: Output directory exists: virtualbox

Use the force flag to delete it prior to building.

==> Wait completed after 765 milliseconds 756 microseconds

==> Some builds didn't complete successfully and had errors:
--> NFDOS: Output directory exists: virtualbox

Use the force flag to delete it prior to building.

==> Builds finished but no artifacts were created.
