 A compilação vai iniciar em 4 segundos... A compilação vai iniciar em 3 segundos... A compilação vai iniciar em 2 segundos... A compilação vai iniciar em 1 segundos... A compilação vai iniciar em 0 segundos...

Compilação iniciada seg 22 mar 2021 15:02:02

Detalhes do desktop:

Nome do modelo: AMD FX(tm)-8350 Eight-Core
Arquitetura: x86_64
Número de CPU(s): 8    
Virtualização: AMD-V    
Memória RAM: 16041 MiB 
Memória Virtual: 5915 MB
Modo(s) operacional da CPU: 32-bit, 64-bit

chmod +x criar_box.sh
./criar_box.sh
==> Instalar os requerimentos da box...
==> Iniciando a box...
[DEBUG] O VPS_DEV existe e está ligado. Destruir e começar de novo?
    VPS_DEV: Are you sure you want to destroy the 'VPS_DEV' VM? [y/N] y
==> VPS_DEV: Forcing shutdown of VM...
==> VPS_DEV: Destroying VM and associated drives...
Bringing machine 'VPS_DEV' up with 'virtualbox' provider...
==> VPS_DEV: Importing base box 'ubuntu/bionic64'...
Progress: 90%==> VPS_DEV: Matching MAC address for NAT networking...
==> VPS_DEV: Checking if box 'ubuntu/bionic64' version '20210319.0.0' is up to date...
==> VPS_DEV: Setting the name of the VM: VPS_DEV
==> VPS_DEV: Clearing any previously set network interfaces...
==> VPS_DEV: Preparing network interfaces based on configuration...
    VPS_DEV: Adapter 1: nat
==> VPS_DEV: Forwarding ports...
    VPS_DEV: 22 (guest) => 2222 (host) (adapter 1)
==> VPS_DEV: Running 'pre-boot' VM customizations...
==> VPS_DEV: Resized disk: old 40960 MB, req 51200 MB, new 51200 MB
==> VPS_DEV: You may need to resize the filesystem from within the guest.
==> VPS_DEV: Booting VM...
==> VPS_DEV: Waiting for machine to boot. This may take a few minutes...
    VPS_DEV: SSH address: 127.0.0.1:2222
    VPS_DEV: SSH username: vagrant
    VPS_DEV: SSH auth method: private key
    VPS_DEV: Warning: Remote connection disconnect. Retrying...
    VPS_DEV: Warning: Connection reset. Retrying...
    VPS_DEV: 
    VPS_DEV: Vagrant insecure key detected. Vagrant will automatically replace
    VPS_DEV: this with a newly generated keypair for better security.
    VPS_DEV: 
    VPS_DEV: Inserting generated public key within guest...
    VPS_DEV: Removing insecure key from the guest if it's present...
    VPS_DEV: Key inserted! Disconnecting and reconnecting using new SSH key...
==> VPS_DEV: Machine booted and ready!
==> VPS_DEV: Checking for guest additions in VM...
    VPS_DEV: The guest additions on this VM do not match the installed version of
    VPS_DEV: VirtualBox! In most cases this is fine, but in rare cases it can
    VPS_DEV: prevent things such as shared folders from working properly. If you see
    VPS_DEV: shared folder errors, please make sure the guest additions within the
    VPS_DEV: virtual machine match the version of VirtualBox you have installed on
    VPS_DEV: your host and reload your VM.
    VPS_DEV: 
    VPS_DEV: Guest Additions Version: 5.2.42
    VPS_DEV: VirtualBox Version: 6.1
==> VPS_DEV: Mounting shared folders...
    VPS_DEV: /vagrant => /home/neo/Público/src/vps
==> VPS_DEV: Running provisioner: shell...
    VPS_DEV: Running: /tmp/vagrant-shell20210322-160804-oqna1c.sh
    VPS_DEV: ==> Atualizar os repositórios do ubuntu-bionic ...
    VPS_DEV: 
    VPS_DEV: WARNING: apt does not have a stable CLI interface. Use with caution in scripts.
    VPS_DEV: Get:1 http://security.ubuntu.com/ubuntu bionic-security InRelease [88.7 kB]
    VPS_DEV: Hit:2 http://archive.ubuntu.com/ubuntu bionic InRelease
    VPS_DEV: Get:3 http://archive.ubuntu.com/ubuntu bionic-updates InRelease [88.7 kB]
    VPS_DEV: Get:4 http://security.ubuntu.com/ubuntu bionic-security/main amd64 Packages [1610 kB]
    VPS_DEV: Get:5 http://archive.ubuntu.com/ubuntu bionic-backports InRelease [74.6 kB]
    VPS_DEV: Get:6 http://security.ubuntu.com/ubuntu bionic-security/main Translation-en [307 kB]
    VPS_DEV: Get:7 http://security.ubuntu.com/ubuntu bionic-security/restricted amd64 Packages [257 kB]
    VPS_DEV: Get:8 http://security.ubuntu.com/ubuntu bionic-security/restricted Translation-en [33.6 kB]
    VPS_DEV: Get:9 http://security.ubuntu.com/ubuntu bionic-security/universe amd64 Packages [1115 kB]
    VPS_DEV: Get:10 http://archive.ubuntu.com/ubuntu bionic/universe amd64 Packages [8570 kB]
    VPS_DEV: Get:11 http://security.ubuntu.com/ubuntu bionic-security/universe Translation-en [250 kB]
    VPS_DEV: Get:12 http://security.ubuntu.com/ubuntu bionic-security/multiverse amd64 Packages [19.1 kB]
    VPS_DEV: Get:13 http://security.ubuntu.com/ubuntu bionic-security/multiverse Translation-en [4412 B]
    VPS_DEV: Get:14 http://archive.ubuntu.com/ubuntu bionic/universe Translation-en [4941 kB]
    VPS_DEV: Get:15 http://archive.ubuntu.com/ubuntu bionic/multiverse amd64 Packages [151 kB]
    VPS_DEV: Get:16 http://archive.ubuntu.com/ubuntu bionic/multiverse Translation-en [108 kB]
    VPS_DEV: Get:17 http://archive.ubuntu.com/ubuntu bionic-updates/main amd64 Packages [1950 kB]
    VPS_DEV: Get:18 http://archive.ubuntu.com/ubuntu bionic-updates/main Translation-en [398 kB]
    VPS_DEV: Get:19 http://archive.ubuntu.com/ubuntu bionic-updates/restricted amd64 Packages [278 kB]
    VPS_DEV: Get:20 http://archive.ubuntu.com/ubuntu bionic-updates/restricted Translation-en [37.2 kB]
    VPS_DEV: Get:21 http://archive.ubuntu.com/ubuntu bionic-updates/universe amd64 Packages [1721 kB]
    VPS_DEV: Get:22 http://archive.ubuntu.com/ubuntu bionic-updates/universe Translation-en [364 kB]
    VPS_DEV: Get:23 http://archive.ubuntu.com/ubuntu bionic-updates/multiverse amd64 Packages [24.9 kB]
    VPS_DEV: Get:24 http://archive.ubuntu.com/ubuntu bionic-updates/multiverse Translation-en [6464 B]
    VPS_DEV: Get:25 http://archive.ubuntu.com/ubuntu bionic-backports/main amd64 Packages [10.0 kB]
    VPS_DEV: Get:26 http://archive.ubuntu.com/ubuntu bionic-backports/main Translation-en [4764 B]
    VPS_DEV: Get:27 http://archive.ubuntu.com/ubuntu bionic-backports/universe amd64 Packages [10.3 kB]
    VPS_DEV: Get:28 http://archive.ubuntu.com/ubuntu bionic-backports/universe Translation-en [4588 B]
    VPS_DEV: Fetched 22.4 MB in 8s (2926 kB/s)
    VPS_DEV: Reading package lists...
    VPS_DEV: Building dependency tree...
    VPS_DEV: 
    VPS_DEV: Reading state information...
    VPS_DEV: All packages are up to date.
    VPS_DEV: 
    VPS_DEV: WARNING: apt does not have a stable CLI interface. Use with caution in scripts.
    VPS_DEV: Reading package lists...
    VPS_DEV: Building dependency tree...
    VPS_DEV: 
    VPS_DEV: Reading state information...
    VPS_DEV: Calculating upgrade...
    VPS_DEV: 0 upgraded, 0 newly installed, 0 to remove and 0 not upgraded.
    VPS_DEV: ==> Instalar os pacotes base no ubuntu-bionic...
    VPS_DEV: Reading package lists...
    VPS_DEV: Building dependency tree...
    VPS_DEV: 
    VPS_DEV: Reading state information...
    VPS_DEV: linux-headers-4.15.0-139-generic is already the newest version (4.15.0-139.143).
    VPS_DEV: linux-headers-4.15.0-139-generic set to manually installed.
    VPS_DEV: ubuntu-minimal is already the newest version (1.417.5).
    VPS_DEV: The following additional packages will be installed:
    VPS_DEV:   amd64-microcode automake autotools-dev binutils binutils-common
    VPS_DEV:   binutils-x86-64-linux-gnu cpp cpp-7 crda dpkg-dev fakeroot g++ g++-7 gcc
    VPS_DEV:   gcc-7 gcc-7-base intel-microcode iucode-tool iw libalgorithm-diff-perl
    VPS_DEV:   libalgorithm-diff-xs-perl libalgorithm-merge-perl libasan4 libatomic1
    VPS_DEV:   libbinutils libc-dev-bin libc6-dev libcc1-0 libcilkrts5 libdbus-glib-1-2
    VPS_DEV:   libdpkg-perl libfakeroot libfile-fcntllock-perl libgcc-7-dev libgomp1
    VPS_DEV:   libisl19 libitm1 liblsan0 libmpc3 libmpx2 libnl-3-200 libnl-genl-3-200
    VPS_DEV:   libquadmath0 libstdc++-7-dev libtsan0 libubsan0 linux-firmware
    VPS_DEV:   linux-image-generic linux-libc-dev linux-modules-extra-4.15.0-139-generic m4
    VPS_DEV:   manpages-dev thermald wireless-regdb
    VPS_DEV: Suggested packages:
    VPS_DEV:   autoconf-archive gnu-standards autoconf-doc libtool gettext binutils-doc
    VPS_DEV:   cpp-doc gcc-7-locales menu debian-keyring g++-multilib g++-7-multilib
    VPS_DEV:   gcc-7-doc libstdc++6-7-dbg gcc-multilib flex bison gdb gcc-doc
    VPS_DEV:   gcc-7-multilib libgcc1-dbg libgomp1-dbg libitm1-dbg libatomic1-dbg
    VPS_DEV:   libasan4-dbg liblsan0-dbg libtsan0-dbg libubsan0-dbg libcilkrts5-dbg
    VPS_DEV:   libmpx2-dbg libquadmath0-dbg glibc-doc bzr libstdc++-7-doc m4-doc make-doc
    VPS_DEV: The following NEW packages will be installed:
    VPS_DEV:   amd64-microcode autoconf automake autotools-dev binutils binutils-common
    VPS_DEV:   binutils-x86-64-linux-gnu build-essential cpp cpp-7 crda dkms dpkg-dev
    VPS_DEV:   fakeroot g++ g++-7 gcc gcc-7 gcc-7-base intel-microcode iucode-tool iw
    VPS_DEV:   libalgorithm-diff-perl libalgorithm-diff-xs-perl libalgorithm-merge-perl
    VPS_DEV:   libasan4 libatomic1 libbinutils libc-dev-bin libc6-dev libcc1-0 libcilkrts5
    VPS_DEV:   libdbus-glib-1-2 libdpkg-perl libfakeroot libfile-fcntllock-perl
    VPS_DEV:   libgcc-7-dev libgomp1 libisl19 libitm1 liblsan0 libmpc3 libmpx2 libnl-3-200
    VPS_DEV:   libnl-genl-3-200 libquadmath0 libstdc++-7-dev libtsan0 libubsan0
    VPS_DEV:   linux-firmware linux-generic linux-image-generic linux-libc-dev
    VPS_DEV:   linux-modules-extra-4.15.0-139-generic m4 make manpages-dev thermald
    VPS_DEV:   wireless-regdb
    VPS_DEV: 0 upgraded, 59 newly installed, 0 to remove and 0 not upgraded.
    VPS_DEV: Need to get 155 MB of archives.
    VPS_DEV: After this operation, 681 MB of additional disk space will be used.
    VPS_DEV: Get:1 http://archive.ubuntu.com/ubuntu bionic/main amd64 m4 amd64 1.4.18-1 [197 kB]
    VPS_DEV: Get:2 http://archive.ubuntu.com/ubuntu bionic/main amd64 autoconf all 2.69-11 [322 kB]
    VPS_DEV: Get:3 http://archive.ubuntu.com/ubuntu bionic/main amd64 autotools-dev all 20180224.1 [39.6 kB]
    VPS_DEV: Get:4 http://archive.ubuntu.com/ubuntu bionic/main amd64 automake all 1:1.15.1-3ubuntu2 [509 kB]
    VPS_DEV: Get:5 http://archive.ubuntu.com/ubuntu bionic-updates/main amd64 binutils-common amd64 2.30-21ubuntu1~18.04.5 [197 kB]
    VPS_DEV: Get:6 http://archive.ubuntu.com/ubuntu bionic-updates/main amd64 libbinutils amd64 2.30-21ubuntu1~18.04.5 [489 kB]
    VPS_DEV: Get:7 http://archive.ubuntu.com/ubuntu bionic-updates/main amd64 binutils-x86-64-linux-gnu amd64 2.30-21ubuntu1~18.04.5 [1839 kB]
    VPS_DEV: Get:8 http://archive.ubuntu.com/ubuntu bionic-updates/main amd64 binutils amd64 2.30-21ubuntu1~18.04.5 [3388 B]
    VPS_DEV: Get:9 http://archive.ubuntu.com/ubuntu bionic-updates/main amd64 libc-dev-bin amd64 2.27-3ubuntu1.4 [71.8 kB]
    VPS_DEV: Get:10 http://archive.ubuntu.com/ubuntu bionic-updates/main amd64 linux-libc-dev amd64 4.15.0-139.143 [993 kB]
    VPS_DEV: Get:11 http://archive.ubuntu.com/ubuntu bionic-updates/main amd64 libc6-dev amd64 2.27-3ubuntu1.4 [2585 kB]
    VPS_DEV: Get:12 http://archive.ubuntu.com/ubuntu bionic-updates/main amd64 gcc-7-base amd64 7.5.0-3ubuntu1~18.04 [18.3 kB]
    VPS_DEV: Get:13 http://archive.ubuntu.com/ubuntu bionic/main amd64 libisl19 amd64 0.19-1 [551 kB]
    VPS_DEV: Get:14 http://archive.ubuntu.com/ubuntu bionic/main amd64 libmpc3 amd64 1.1.0-1 [40.8 kB]
    VPS_DEV: Get:15 http://archive.ubuntu.com/ubuntu bionic-updates/main amd64 cpp-7 amd64 7.5.0-3ubuntu1~18.04 [8591 kB]
    VPS_DEV: Get:16 http://archive.ubuntu.com/ubuntu bionic-updates/main amd64 cpp amd64 4:7.4.0-1ubuntu2.3 [27.7 kB]
    VPS_DEV: Get:17 http://archive.ubuntu.com/ubuntu bionic-updates/main amd64 libcc1-0 amd64 8.4.0-1ubuntu1~18.04 [39.4 kB]
    VPS_DEV: Get:18 http://archive.ubuntu.com/ubuntu bionic-updates/main amd64 libgomp1 amd64 8.4.0-1ubuntu1~18.04 [76.5 kB]
    VPS_DEV: Get:19 http://archive.ubuntu.com/ubuntu bionic-updates/main amd64 libitm1 amd64 8.4.0-1ubuntu1~18.04 [27.9 kB]
    VPS_DEV: Get:20 http://archive.ubuntu.com/ubuntu bionic-updates/main amd64 libatomic1 amd64 8.4.0-1ubuntu1~18.04 [9192 B]
    VPS_DEV: Get:21 http://archive.ubuntu.com/ubuntu bionic-updates/main amd64 libasan4 amd64 7.5.0-3ubuntu1~18.04 [358 kB]
    VPS_DEV: Get:22 http://archive.ubuntu.com/ubuntu bionic-updates/main amd64 liblsan0 amd64 8.4.0-1ubuntu1~18.04 [133 kB]
    VPS_DEV: Get:23 http://archive.ubuntu.com/ubuntu bionic-updates/main amd64 libtsan0 amd64 8.4.0-1ubuntu1~18.04 [288 kB]
    VPS_DEV: Get:24 http://archive.ubuntu.com/ubuntu bionic-updates/main amd64 libubsan0 amd64 7.5.0-3ubuntu1~18.04 [126 kB]
    VPS_DEV: Get:25 http://archive.ubuntu.com/ubuntu bionic-updates/main amd64 libcilkrts5 amd64 7.5.0-3ubuntu1~18.04 [42.5 kB]
    VPS_DEV: Get:26 http://archive.ubuntu.com/ubuntu bionic-updates/main amd64 libmpx2 amd64 8.4.0-1ubuntu1~18.04 [11.6 kB]
    VPS_DEV: Get:27 http://archive.ubuntu.com/ubuntu bionic-updates/main amd64 libquadmath0 amd64 8.4.0-1ubuntu1~18.04 [134 kB]
    VPS_DEV: Get:28 http://archive.ubuntu.com/ubuntu bionic-updates/main amd64 libgcc-7-dev amd64 7.5.0-3ubuntu1~18.04 [2378 kB]
    VPS_DEV: Get:29 http://archive.ubuntu.com/ubuntu bionic-updates/main amd64 gcc-7 amd64 7.5.0-3ubuntu1~18.04 [9381 kB]
    VPS_DEV: Get:30 http://archive.ubuntu.com/ubuntu bionic-updates/main amd64 gcc amd64 4:7.4.0-1ubuntu2.3 [5184 B]
    VPS_DEV: Get:31 http://archive.ubuntu.com/ubuntu bionic-updates/main amd64 libstdc++-7-dev amd64 7.5.0-3ubuntu1~18.04 [1471 kB]
    VPS_DEV: Get:32 http://archive.ubuntu.com/ubuntu bionic-updates/main amd64 g++-7 amd64 7.5.0-3ubuntu1~18.04 [9697 kB]
    VPS_DEV: Get:33 http://archive.ubuntu.com/ubuntu bionic-updates/main amd64 g++ amd64 4:7.4.0-1ubuntu2.3 [1568 B]
    VPS_DEV: Get:34 http://archive.ubuntu.com/ubuntu bionic/main amd64 make amd64 4.1-9.1ubuntu1 [154 kB]
    VPS_DEV: Get:35 http://archive.ubuntu.com/ubuntu bionic-updates/main amd64 libdpkg-perl all 1.19.0.5ubuntu2.3 [211 kB]
    VPS_DEV: Get:36 http://archive.ubuntu.com/ubuntu bionic-updates/main amd64 dpkg-dev all 1.19.0.5ubuntu2.3 [607 kB]
    VPS_DEV: Get:37 http://archive.ubuntu.com/ubuntu bionic/main amd64 build-essential amd64 12.4ubuntu1 [4758 B]
    VPS_DEV: Get:38 http://archive.ubuntu.com/ubuntu bionic/main amd64 libnl-3-200 amd64 3.2.29-0ubuntu3 [52.8 kB]
    VPS_DEV: Get:39 http://archive.ubuntu.com/ubuntu bionic/main amd64 libnl-genl-3-200 amd64 3.2.29-0ubuntu3 [11.2 kB]
    VPS_DEV: Get:40 http://archive.ubuntu.com/ubuntu bionic-updates/main amd64 wireless-regdb all 2020.11.20-0ubuntu1~18.04.1 [10.3 kB]
    VPS_DEV: Get:41 http://archive.ubuntu.com/ubuntu bionic/main amd64 iw amd64 4.14-0.1 [75.4 kB]
    VPS_DEV: Get:42 http://archive.ubuntu.com/ubuntu bionic/main amd64 crda amd64 3.18-1build1 [63.5 kB]
    VPS_DEV: Get:43 http://archive.ubuntu.com/ubuntu bionic-updates/main amd64 dkms all 2.3-3ubuntu9.7 [68.1 kB]
    VPS_DEV: Get:44 http://archive.ubuntu.com/ubuntu bionic/main amd64 libfakeroot amd64 1.22-2ubuntu1 [25.9 kB]
    VPS_DEV: Get:45 http://archive.ubuntu.com/ubuntu bionic/main amd64 fakeroot amd64 1.22-2ubuntu1 [62.3 kB]
    VPS_DEV: Get:46 http://archive.ubuntu.com/ubuntu bionic/main amd64 iucode-tool amd64 2.3.1-1 [45.6 kB]
    VPS_DEV: Get:47 http://archive.ubuntu.com/ubuntu bionic/main amd64 libalgorithm-diff-perl all 1.19.03-1 [47.6 kB]
    VPS_DEV: Get:48 http://archive.ubuntu.com/ubuntu bionic/main amd64 libalgorithm-diff-xs-perl amd64 0.04-5 [11.1 kB]
    VPS_DEV: Get:49 http://archive.ubuntu.com/ubuntu bionic/main amd64 libalgorithm-merge-perl all 0.08-3 [12.0 kB]
    VPS_DEV: Get:50 http://archive.ubuntu.com/ubuntu bionic/main amd64 libdbus-glib-1-2 amd64 0.110-2 [58.3 kB]
    VPS_DEV: Get:51 http://archive.ubuntu.com/ubuntu bionic/main amd64 libfile-fcntllock-perl amd64 0.22-3build2 [33.2 kB]
    VPS_DEV: Get:52 http://archive.ubuntu.com/ubuntu bionic-updates/main amd64 linux-firmware all 1.173.19 [74.8 MB]
    VPS_DEV: Get:53 http://archive.ubuntu.com/ubuntu bionic-updates/main amd64 linux-modules-extra-4.15.0-139-generic amd64 4.15.0-139.143 [32.8 MB]
    VPS_DEV: Get:54 http://archive.ubuntu.com/ubuntu bionic-updates/main amd64 intel-microcode amd64 3.20201110.0ubuntu0.18.04.2 [2742 kB]
    VPS_DEV: Get:55 http://archive.ubuntu.com/ubuntu bionic-updates/main amd64 amd64-microcode amd64 3.20191021.1+really3.20181128.1~ubuntu0.18.04.1 [31.6 kB]
    VPS_DEV: Get:56 http://archive.ubuntu.com/ubuntu bionic-updates/main amd64 linux-image-generic amd64 4.15.0.139.126 [2572 B]
    VPS_DEV: Get:57 http://archive.ubuntu.com/ubuntu bionic-updates/main amd64 linux-generic amd64 4.15.0.139.126 [1868 B]
    VPS_DEV: Get:58 http://archive.ubuntu.com/ubuntu bionic/main amd64 manpages-dev all 4.15-1 [2217 kB]
    VPS_DEV: Get:59 http://archive.ubuntu.com/ubuntu bionic-updates/main amd64 thermald amd64 1.7.0-5ubuntu5 [192 kB]
    VPS_DEV: dpkg-preconfigure: unable to re-open stdin: No such file or directory
    VPS_DEV: Fetched 155 MB in 46s (3336 kB/s)
    VPS_DEV: Selecting previously unselected package m4.
    VPS_DEV: (Reading database ... 
    VPS_DEV: (Reading database ... 5%(Reading database ... 10%(Reading database ... 15%(Reading database ... 20%(Reading database ... 25%(Reading database ... 30%(Reading database ... 35%(Reading database ... 40%(Reading database ... 45%(Reading database ... 50%(Reading database ... 55%
    VPS_DEV: (Reading database ... 60%
    VPS_DEV: (Reading database ... 65%
    VPS_DEV: (Reading database ... 70%
    VPS_DEV: (Reading database ... 75%
    VPS_DEV: (Reading database ... 80%
    VPS_DEV: (Reading database ... 85%
    VPS_DEV: (Reading database ... 90%
    VPS_DEV: (Reading database ... 95%
    VPS_DEV: (Reading database ... 100%(Reading database ... 59827 files and directories currently installed.)
    VPS_DEV: Preparing to unpack .../00-m4_1.4.18-1_amd64.deb ...
    VPS_DEV: Unpacking m4 (1.4.18-1) ...
    VPS_DEV: Selecting previously unselected package autoconf.
    VPS_DEV: Preparing to unpack .../01-autoconf_2.69-11_all.deb ...
    VPS_DEV: Unpacking autoconf (2.69-11) ...
    VPS_DEV: Selecting previously unselected package autotools-dev.
    VPS_DEV: Preparing to unpack .../02-autotools-dev_20180224.1_all.deb ...
    VPS_DEV: Unpacking autotools-dev (20180224.1) ...
    VPS_DEV: Selecting previously unselected package automake.
    VPS_DEV: Preparing to unpack .../03-automake_1%3a1.15.1-3ubuntu2_all.deb ...
    VPS_DEV: Unpacking automake (1:1.15.1-3ubuntu2) ...
    VPS_DEV: Selecting previously unselected package binutils-common:amd64.
    VPS_DEV: Preparing to unpack .../04-binutils-common_2.30-21ubuntu1~18.04.5_amd64.deb ...
    VPS_DEV: Unpacking binutils-common:amd64 (2.30-21ubuntu1~18.04.5) ...
    VPS_DEV: Selecting previously unselected package libbinutils:amd64.
    VPS_DEV: Preparing to unpack .../05-libbinutils_2.30-21ubuntu1~18.04.5_amd64.deb ...
    VPS_DEV: Unpacking libbinutils:amd64 (2.30-21ubuntu1~18.04.5) ...
    VPS_DEV: Selecting previously unselected package binutils-x86-64-linux-gnu.
    VPS_DEV: Preparing to unpack .../06-binutils-x86-64-linux-gnu_2.30-21ubuntu1~18.04.5_amd64.deb ...
    VPS_DEV: Unpacking binutils-x86-64-linux-gnu (2.30-21ubuntu1~18.04.5) ...
    VPS_DEV: Selecting previously unselected package binutils.
    VPS_DEV: Preparing to unpack .../07-binutils_2.30-21ubuntu1~18.04.5_amd64.deb ...
    VPS_DEV: Unpacking binutils (2.30-21ubuntu1~18.04.5) ...
    VPS_DEV: Selecting previously unselected package libc-dev-bin.
    VPS_DEV: Preparing to unpack .../08-libc-dev-bin_2.27-3ubuntu1.4_amd64.deb ...
    VPS_DEV: Unpacking libc-dev-bin (2.27-3ubuntu1.4) ...
    VPS_DEV: Selecting previously unselected package linux-libc-dev:amd64.
    VPS_DEV: Preparing to unpack .../09-linux-libc-dev_4.15.0-139.143_amd64.deb ...
    VPS_DEV: Unpacking linux-libc-dev:amd64 (4.15.0-139.143) ...
    VPS_DEV: Selecting previously unselected package libc6-dev:amd64.
    VPS_DEV: Preparing to unpack .../10-libc6-dev_2.27-3ubuntu1.4_amd64.deb ...
    VPS_DEV: Unpacking libc6-dev:amd64 (2.27-3ubuntu1.4) ...
    VPS_DEV: Selecting previously unselected package gcc-7-base:amd64.
    VPS_DEV: Preparing to unpack .../11-gcc-7-base_7.5.0-3ubuntu1~18.04_amd64.deb ...
    VPS_DEV: Unpacking gcc-7-base:amd64 (7.5.0-3ubuntu1~18.04) ...
    VPS_DEV: Selecting previously unselected package libisl19:amd64.
    VPS_DEV: Preparing to unpack .../12-libisl19_0.19-1_amd64.deb ...
    VPS_DEV: Unpacking libisl19:amd64 (0.19-1) ...
    VPS_DEV: Selecting previously unselected package libmpc3:amd64.
    VPS_DEV: Preparing to unpack .../13-libmpc3_1.1.0-1_amd64.deb ...
    VPS_DEV: Unpacking libmpc3:amd64 (1.1.0-1) ...
    VPS_DEV: Selecting previously unselected package cpp-7.
    VPS_DEV: Preparing to unpack .../14-cpp-7_7.5.0-3ubuntu1~18.04_amd64.deb ...
    VPS_DEV: Unpacking cpp-7 (7.5.0-3ubuntu1~18.04) ...
    VPS_DEV: Selecting previously unselected package cpp.
    VPS_DEV: Preparing to unpack .../15-cpp_4%3a7.4.0-1ubuntu2.3_amd64.deb ...
    VPS_DEV: Unpacking cpp (4:7.4.0-1ubuntu2.3) ...
    VPS_DEV: Selecting previously unselected package libcc1-0:amd64.
    VPS_DEV: Preparing to unpack .../16-libcc1-0_8.4.0-1ubuntu1~18.04_amd64.deb ...
    VPS_DEV: Unpacking libcc1-0:amd64 (8.4.0-1ubuntu1~18.04) ...
    VPS_DEV: Selecting previously unselected package libgomp1:amd64.
    VPS_DEV: Preparing to unpack .../17-libgomp1_8.4.0-1ubuntu1~18.04_amd64.deb ...
    VPS_DEV: Unpacking libgomp1:amd64 (8.4.0-1ubuntu1~18.04) ...
    VPS_DEV: Selecting previously unselected package libitm1:amd64.
    VPS_DEV: Preparing to unpack .../18-libitm1_8.4.0-1ubuntu1~18.04_amd64.deb ...
    VPS_DEV: Unpacking libitm1:amd64 (8.4.0-1ubuntu1~18.04) ...
    VPS_DEV: Selecting previously unselected package libatomic1:amd64.
    VPS_DEV: Preparing to unpack .../19-libatomic1_8.4.0-1ubuntu1~18.04_amd64.deb ...
    VPS_DEV: Unpacking libatomic1:amd64 (8.4.0-1ubuntu1~18.04) ...
    VPS_DEV: Selecting previously unselected package libasan4:amd64.
    VPS_DEV: Preparing to unpack .../20-libasan4_7.5.0-3ubuntu1~18.04_amd64.deb ...
    VPS_DEV: Unpacking libasan4:amd64 (7.5.0-3ubuntu1~18.04) ...
    VPS_DEV: Selecting previously unselected package liblsan0:amd64.
    VPS_DEV: Preparing to unpack .../21-liblsan0_8.4.0-1ubuntu1~18.04_amd64.deb ...
    VPS_DEV: Unpacking liblsan0:amd64 (8.4.0-1ubuntu1~18.04) ...
    VPS_DEV: Selecting previously unselected package libtsan0:amd64.
    VPS_DEV: Preparing to unpack .../22-libtsan0_8.4.0-1ubuntu1~18.04_amd64.deb ...
    VPS_DEV: Unpacking libtsan0:amd64 (8.4.0-1ubuntu1~18.04) ...
    VPS_DEV: Selecting previously unselected package libubsan0:amd64.
    VPS_DEV: Preparing to unpack .../23-libubsan0_7.5.0-3ubuntu1~18.04_amd64.deb ...
    VPS_DEV: Unpacking libubsan0:amd64 (7.5.0-3ubuntu1~18.04) ...
    VPS_DEV: Selecting previously unselected package libcilkrts5:amd64.
    VPS_DEV: Preparing to unpack .../24-libcilkrts5_7.5.0-3ubuntu1~18.04_amd64.deb ...
    VPS_DEV: Unpacking libcilkrts5:amd64 (7.5.0-3ubuntu1~18.04) ...
    VPS_DEV: Selecting previously unselected package libmpx2:amd64.
    VPS_DEV: Preparing to unpack .../25-libmpx2_8.4.0-1ubuntu1~18.04_amd64.deb ...
    VPS_DEV: Unpacking libmpx2:amd64 (8.4.0-1ubuntu1~18.04) ...
    VPS_DEV: Selecting previously unselected package libquadmath0:amd64.
    VPS_DEV: Preparing to unpack .../26-libquadmath0_8.4.0-1ubuntu1~18.04_amd64.deb ...
    VPS_DEV: Unpacking libquadmath0:amd64 (8.4.0-1ubuntu1~18.04) ...
    VPS_DEV: Selecting previously unselected package libgcc-7-dev:amd64.
    VPS_DEV: Preparing to unpack .../27-libgcc-7-dev_7.5.0-3ubuntu1~18.04_amd64.deb ...
    VPS_DEV: Unpacking libgcc-7-dev:amd64 (7.5.0-3ubuntu1~18.04) ...
    VPS_DEV: Selecting previously unselected package gcc-7.
    VPS_DEV: Preparing to unpack .../28-gcc-7_7.5.0-3ubuntu1~18.04_amd64.deb ...
    VPS_DEV: Unpacking gcc-7 (7.5.0-3ubuntu1~18.04) ...
    VPS_DEV: Selecting previously unselected package gcc.
    VPS_DEV: Preparing to unpack .../29-gcc_4%3a7.4.0-1ubuntu2.3_amd64.deb ...
    VPS_DEV: Unpacking gcc (4:7.4.0-1ubuntu2.3) ...
    VPS_DEV: Selecting previously unselected package libstdc++-7-dev:amd64.
    VPS_DEV: Preparing to unpack .../30-libstdc++-7-dev_7.5.0-3ubuntu1~18.04_amd64.deb ...
    VPS_DEV: Unpacking libstdc++-7-dev:amd64 (7.5.0-3ubuntu1~18.04) ...
    VPS_DEV: Selecting previously unselected package g++-7.
    VPS_DEV: Preparing to unpack .../31-g++-7_7.5.0-3ubuntu1~18.04_amd64.deb ...
    VPS_DEV: Unpacking g++-7 (7.5.0-3ubuntu1~18.04) ...
    VPS_DEV: Selecting previously unselected package g++.
    VPS_DEV: Preparing to unpack .../32-g++_4%3a7.4.0-1ubuntu2.3_amd64.deb ...
    VPS_DEV: Unpacking g++ (4:7.4.0-1ubuntu2.3) ...
    VPS_DEV: Selecting previously unselected package make.
    VPS_DEV: Preparing to unpack .../33-make_4.1-9.1ubuntu1_amd64.deb ...
    VPS_DEV: Unpacking make (4.1-9.1ubuntu1) ...
    VPS_DEV: Selecting previously unselected package libdpkg-perl.
    VPS_DEV: Preparing to unpack .../34-libdpkg-perl_1.19.0.5ubuntu2.3_all.deb ...
    VPS_DEV: Unpacking libdpkg-perl (1.19.0.5ubuntu2.3) ...
    VPS_DEV: Selecting previously unselected package dpkg-dev.
    VPS_DEV: Preparing to unpack .../35-dpkg-dev_1.19.0.5ubuntu2.3_all.deb ...
    VPS_DEV: Unpacking dpkg-dev (1.19.0.5ubuntu2.3) ...
    VPS_DEV: Selecting previously unselected package build-essential.
    VPS_DEV: Preparing to unpack .../36-build-essential_12.4ubuntu1_amd64.deb ...
    VPS_DEV: Unpacking build-essential (12.4ubuntu1) ...
    VPS_DEV: Selecting previously unselected package libnl-3-200:amd64.
    VPS_DEV: Preparing to unpack .../37-libnl-3-200_3.2.29-0ubuntu3_amd64.deb ...
    VPS_DEV: Unpacking libnl-3-200:amd64 (3.2.29-0ubuntu3) ...
    VPS_DEV: Selecting previously unselected package libnl-genl-3-200:amd64.
    VPS_DEV: Preparing to unpack .../38-libnl-genl-3-200_3.2.29-0ubuntu3_amd64.deb ...
    VPS_DEV: Unpacking libnl-genl-3-200:amd64 (3.2.29-0ubuntu3) ...
    VPS_DEV: Selecting previously unselected package wireless-regdb.
    VPS_DEV: Preparing to unpack .../39-wireless-regdb_2020.11.20-0ubuntu1~18.04.1_all.deb ...
    VPS_DEV: Unpacking wireless-regdb (2020.11.20-0ubuntu1~18.04.1) ...
    VPS_DEV: Selecting previously unselected package iw.
    VPS_DEV: Preparing to unpack .../40-iw_4.14-0.1_amd64.deb ...
    VPS_DEV: Unpacking iw (4.14-0.1) ...
    VPS_DEV: Selecting previously unselected package crda.
    VPS_DEV: Preparing to unpack .../41-crda_3.18-1build1_amd64.deb ...
    VPS_DEV: Unpacking crda (3.18-1build1) ...
    VPS_DEV: Selecting previously unselected package dkms.
    VPS_DEV: Preparing to unpack .../42-dkms_2.3-3ubuntu9.7_all.deb ...
    VPS_DEV: Unpacking dkms (2.3-3ubuntu9.7) ...
    VPS_DEV: Selecting previously unselected package libfakeroot:amd64.
    VPS_DEV: Preparing to unpack .../43-libfakeroot_1.22-2ubuntu1_amd64.deb ...
    VPS_DEV: Unpacking libfakeroot:amd64 (1.22-2ubuntu1) ...
    VPS_DEV: Selecting previously unselected package fakeroot.
    VPS_DEV: Preparing to unpack .../44-fakeroot_1.22-2ubuntu1_amd64.deb ...
    VPS_DEV: Unpacking fakeroot (1.22-2ubuntu1) ...
    VPS_DEV: Selecting previously unselected package iucode-tool.
    VPS_DEV: Preparing to unpack .../45-iucode-tool_2.3.1-1_amd64.deb ...
    VPS_DEV: Unpacking iucode-tool (2.3.1-1) ...
    VPS_DEV: Selecting previously unselected package libalgorithm-diff-perl.
    VPS_DEV: Preparing to unpack .../46-libalgorithm-diff-perl_1.19.03-1_all.deb ...
    VPS_DEV: Unpacking libalgorithm-diff-perl (1.19.03-1) ...
    VPS_DEV: Selecting previously unselected package libalgorithm-diff-xs-perl.
    VPS_DEV: Preparing to unpack .../47-libalgorithm-diff-xs-perl_0.04-5_amd64.deb ...
    VPS_DEV: Unpacking libalgorithm-diff-xs-perl (0.04-5) ...
    VPS_DEV: Selecting previously unselected package libalgorithm-merge-perl.
    VPS_DEV: Preparing to unpack .../48-libalgorithm-merge-perl_0.08-3_all.deb ...
    VPS_DEV: Unpacking libalgorithm-merge-perl (0.08-3) ...
    VPS_DEV: Selecting previously unselected package libdbus-glib-1-2:amd64.
    VPS_DEV: Preparing to unpack .../49-libdbus-glib-1-2_0.110-2_amd64.deb ...
    VPS_DEV: Unpacking libdbus-glib-1-2:amd64 (0.110-2) ...
    VPS_DEV: Selecting previously unselected package libfile-fcntllock-perl.
    VPS_DEV: Preparing to unpack .../50-libfile-fcntllock-perl_0.22-3build2_amd64.deb ...
    VPS_DEV: Unpacking libfile-fcntllock-perl (0.22-3build2) ...
    VPS_DEV: Selecting previously unselected package linux-firmware.
    VPS_DEV: Preparing to unpack .../51-linux-firmware_1.173.19_all.deb ...
    VPS_DEV: Unpacking linux-firmware (1.173.19) ...
    VPS_DEV: Selecting previously unselected package linux-modules-extra-4.15.0-139-generic.
    VPS_DEV: Preparing to unpack .../52-linux-modules-extra-4.15.0-139-generic_4.15.0-139.143_amd64.deb ...
    VPS_DEV: Unpacking linux-modules-extra-4.15.0-139-generic (4.15.0-139.143) ...
    VPS_DEV: Selecting previously unselected package intel-microcode.
    VPS_DEV: Preparing to unpack .../53-intel-microcode_3.20201110.0ubuntu0.18.04.2_amd64.deb ...
    VPS_DEV: Unpacking intel-microcode (3.20201110.0ubuntu0.18.04.2) ...
    VPS_DEV: Selecting previously unselected package amd64-microcode.
    VPS_DEV: Preparing to unpack .../54-amd64-microcode_3.20191021.1+really3.20181128.1~ubuntu0.18.04.1_amd64.deb ...
    VPS_DEV: Unpacking amd64-microcode (3.20191021.1+really3.20181128.1~ubuntu0.18.04.1) ...
    VPS_DEV: Selecting previously unselected package linux-image-generic.
    VPS_DEV: Preparing to unpack .../55-linux-image-generic_4.15.0.139.126_amd64.deb ...
    VPS_DEV: Unpacking linux-image-generic (4.15.0.139.126) ...
    VPS_DEV: Selecting previously unselected package linux-generic.
    VPS_DEV: Preparing to unpack .../56-linux-generic_4.15.0.139.126_amd64.deb ...
    VPS_DEV: Unpacking linux-generic (4.15.0.139.126) ...
    VPS_DEV: Selecting previously unselected package manpages-dev.
    VPS_DEV: Preparing to unpack .../57-manpages-dev_4.15-1_all.deb ...
    VPS_DEV: Unpacking manpages-dev (4.15-1) ...
    VPS_DEV: Selecting previously unselected package thermald.
    VPS_DEV: Preparing to unpack .../58-thermald_1.7.0-5ubuntu5_amd64.deb ...
    VPS_DEV: Unpacking thermald (1.7.0-5ubuntu5) ...
    VPS_DEV: Setting up libquadmath0:amd64 (8.4.0-1ubuntu1~18.04) ...
    VPS_DEV: Setting up libgomp1:amd64 (8.4.0-1ubuntu1~18.04) ...
    VPS_DEV: Setting up libatomic1:amd64 (8.4.0-1ubuntu1~18.04) ...
    VPS_DEV: Setting up libcc1-0:amd64 (8.4.0-1ubuntu1~18.04) ...
    VPS_DEV: Setting up make (4.1-9.1ubuntu1) ...
    VPS_DEV: Setting up libdbus-glib-1-2:amd64 (0.110-2) ...
    VPS_DEV: Setting up libtsan0:amd64 (8.4.0-1ubuntu1~18.04) ...
    VPS_DEV: Setting up linux-libc-dev:amd64 (4.15.0-139.143) ...
    VPS_DEV: Setting up libdpkg-perl (1.19.0.5ubuntu2.3) ...
    VPS_DEV: Setting up wireless-regdb (2020.11.20-0ubuntu1~18.04.1) ...
    VPS_DEV: Setting up m4 (1.4.18-1) ...
    VPS_DEV: Setting up liblsan0:amd64 (8.4.0-1ubuntu1~18.04) ...
    VPS_DEV: Setting up gcc-7-base:amd64 (7.5.0-3ubuntu1~18.04) ...
    VPS_DEV: Setting up binutils-common:amd64 (2.30-21ubuntu1~18.04.5) ...
    VPS_DEV: Setting up libfile-fcntllock-perl (0.22-3build2) ...
    VPS_DEV: Setting up libmpx2:amd64 (8.4.0-1ubuntu1~18.04) ...
    VPS_DEV: Setting up autotools-dev (20180224.1) ...
    VPS_DEV: Setting up iucode-tool (2.3.1-1) ...
    VPS_DEV: Setting up libfakeroot:amd64 (1.22-2ubuntu1) ...
    VPS_DEV: Setting up libalgorithm-diff-perl (1.19.03-1) ...
    VPS_DEV: Setting up libmpc3:amd64 (1.1.0-1) ...
    VPS_DEV: Setting up libc-dev-bin (2.27-3ubuntu1.4) ...
    VPS_DEV: Setting up libnl-3-200:amd64 (3.2.29-0ubuntu3) ...
    VPS_DEV: Setting up manpages-dev (4.15-1) ...
    VPS_DEV: Setting up libc6-dev:amd64 (2.27-3ubuntu1.4) ...
    VPS_DEV: Setting up amd64-microcode (3.20191021.1+really3.20181128.1~ubuntu0.18.04.1) ...
    VPS_DEV: update-initramfs: deferring update (trigger activated)
    VPS_DEV: amd64-microcode: microcode will be updated at next boot
    VPS_DEV: Setting up linux-firmware (1.173.19) ...
    VPS_DEV: update-initramfs: Generating /boot/initrd.img-4.15.0-139-generic
    VPS_DEV: Setting up libitm1:amd64 (8.4.0-1ubuntu1~18.04) ...
    VPS_DEV: Setting up libisl19:amd64 (0.19-1) ...
    VPS_DEV: Setting up intel-microcode (3.20201110.0ubuntu0.18.04.2) ...
    VPS_DEV: update-initramfs: deferring update (trigger activated)
    VPS_DEV: intel-microcode: microcode will be updated at next boot
    VPS_DEV: Setting up libasan4:amd64 (7.5.0-3ubuntu1~18.04) ...
    VPS_DEV: Setting up libbinutils:amd64 (2.30-21ubuntu1~18.04.5) ...
    VPS_DEV: Setting up thermald (1.7.0-5ubuntu5) ...
    VPS_DEV: Created symlink /etc/systemd/system/dbus-org.freedesktop.thermald.service → /lib/systemd/system/thermald.service.
    VPS_DEV: Created symlink /etc/systemd/system/multi-user.target.wants/thermald.service → /lib/systemd/system/thermald.service.
    VPS_DEV: Setting up libcilkrts5:amd64 (7.5.0-3ubuntu1~18.04) ...
    VPS_DEV: Setting up libubsan0:amd64 (7.5.0-3ubuntu1~18.04) ...
    VPS_DEV: Setting up libnl-genl-3-200:amd64 (3.2.29-0ubuntu3) ...
    VPS_DEV: Setting up autoconf (2.69-11) ...
    VPS_DEV: Setting up fakeroot (1.22-2ubuntu1) ...
    VPS_DEV: update-alternatives: using /usr/bin/fakeroot-sysv to provide /usr/bin/fakeroot (fakeroot) in auto mode
    VPS_DEV: Setting up libgcc-7-dev:amd64 (7.5.0-3ubuntu1~18.04) ...
    VPS_DEV: Setting up cpp-7 (7.5.0-3ubuntu1~18.04) ...
    VPS_DEV: Setting up libstdc++-7-dev:amd64 (7.5.0-3ubuntu1~18.04) ...
    VPS_DEV: Setting up libalgorithm-merge-perl (0.08-3) ...
    VPS_DEV: Setting up libalgorithm-diff-xs-perl (0.04-5) ...
    VPS_DEV: Setting up automake (1:1.15.1-3ubuntu2) ...
    VPS_DEV: update-alternatives: using /usr/bin/automake-1.15 to provide /usr/bin/automake (automake) in auto mode
    VPS_DEV: Setting up iw (4.14-0.1) ...
    VPS_DEV: Setting up binutils-x86-64-linux-gnu (2.30-21ubuntu1~18.04.5) ...
    VPS_DEV: Setting up cpp (4:7.4.0-1ubuntu2.3) ...
    VPS_DEV: Setting up crda (3.18-1build1) ...
    VPS_DEV: Setting up binutils (2.30-21ubuntu1~18.04.5) ...
    VPS_DEV: Setting up linux-modules-extra-4.15.0-139-generic (4.15.0-139.143) ...
    VPS_DEV: Setting up gcc-7 (7.5.0-3ubuntu1~18.04) ...
    VPS_DEV: Setting up g++-7 (7.5.0-3ubuntu1~18.04) ...
    VPS_DEV: Setting up gcc (4:7.4.0-1ubuntu2.3) ...
    VPS_DEV: Setting up dpkg-dev (1.19.0.5ubuntu2.3) ...
    VPS_DEV: Setting up dkms (2.3-3ubuntu9.7) ...
    VPS_DEV: Setting up g++ (4:7.4.0-1ubuntu2.3) ...
    VPS_DEV: update-alternatives: using /usr/bin/g++ to provide /usr/bin/c++ (c++) in auto mode
    VPS_DEV: Setting up linux-image-generic (4.15.0.139.126) ...
    VPS_DEV: Setting up build-essential (12.4ubuntu1) ...
    VPS_DEV: Setting up linux-generic (4.15.0.139.126) ...
    VPS_DEV: Processing triggers for dbus (1.12.2-1ubuntu1.2) ...
    VPS_DEV: Processing triggers for install-info (6.5.0.dfsg.1-2) ...
    VPS_DEV: Processing triggers for libc-bin (2.27-3ubuntu1.4) ...
    VPS_DEV: Processing triggers for man-db (2.8.3-2ubuntu0.1) ...
    VPS_DEV: Processing triggers for initramfs-tools (0.130ubuntu3.11) ...
    VPS_DEV: update-initramfs: Generating /boot/initrd.img-4.15.0-139-generic
    VPS_DEV: Processing triggers for linux-image-4.15.0-139-generic (4.15.0-139.143) ...
    VPS_DEV: /etc/kernel/postinst.d/dkms:
    VPS_DEV:  * dkms: running auto installation service for kernel 4.15.0-139-generic
    VPS_DEV:    ...done.
    VPS_DEV: /etc/kernel/postinst.d/initramfs-tools:
    VPS_DEV: update-initramfs: Generating /boot/initrd.img-4.15.0-139-generic
    VPS_DEV: /etc/kernel/postinst.d/x-grub-legacy-ec2:
    VPS_DEV: Searching for GRUB installation directory ... found: /boot/grub
    VPS_DEV: Searching for default file ... 
    VPS_DEV: found: /boot/grub/default
    VPS_DEV: Testing for an existing GRUB menu.lst file ... 
    VPS_DEV: found: /boot/grub/menu.lst
    VPS_DEV: Searching for splash image ... 
    VPS_DEV: none found, skipping ...
    VPS_DEV: Found kernel: /boot/vmlinuz-4.15.0-139-generic
    VPS_DEV: Found kernel: /boot/vmlinuz-4.15.0-139-generic
    VPS_DEV: Updating /boot/grub/menu.lst ... 
    VPS_DEV: done
    VPS_DEV: /etc/kernel/postinst.d/zz-update-grub:
    VPS_DEV: Sourcing file `/etc/default/grub'
    VPS_DEV: Sourcing file `/etc/default/grub.d/50-cloudimg-settings.cfg'
    VPS_DEV: Generating grub configuration file ...
    VPS_DEV: Found linux image: /boot/vmlinuz-4.15.0-139-generic
    VPS_DEV: Found initrd image: /boot/initrd.img-4.15.0-139-generic
    VPS_DEV: done
==> VPS_DEV: Attempting graceful shutdown of VM...
==> VPS_DEV: Checking if box 'ubuntu/bionic64' version '20210319.0.0' is up to date...
==> VPS_DEV: Clearing any previously set forwarded ports...
==> VPS_DEV: Clearing any previously set network interfaces...
==> VPS_DEV: Preparing network interfaces based on configuration...
    VPS_DEV: Adapter 1: nat
==> VPS_DEV: Forwarding ports...
    VPS_DEV: 22 (guest) => 2222 (host) (adapter 1)
==> VPS_DEV: Running 'pre-boot' VM customizations...
==> VPS_DEV: Booting VM...
==> VPS_DEV: Waiting for machine to boot. This may take a few minutes...
    VPS_DEV: SSH address: 127.0.0.1:2222
    VPS_DEV: SSH username: vagrant
    VPS_DEV: SSH auth method: private key
    VPS_DEV: Warning: Remote connection disconnect. Retrying...
==> VPS_DEV: Machine booted and ready!
==> VPS_DEV: Checking for guest additions in VM...
    VPS_DEV: The guest additions on this VM do not match the installed version of
    VPS_DEV: VirtualBox! In most cases this is fine, but in rare cases it can
    VPS_DEV: prevent things such as shared folders from working properly. If you see
    VPS_DEV: shared folder errors, please make sure the guest additions within the
    VPS_DEV: virtual machine match the version of VirtualBox you have installed on
    VPS_DEV: your host and reload your VM.
    VPS_DEV: 
    VPS_DEV: Guest Additions Version: 5.2.42
    VPS_DEV: VirtualBox Version: 6.1
==> VPS_DEV: Mounting shared folders...
    VPS_DEV: /vagrant => /home/neo/Público/src/vps
==> VPS_DEV: Machine already provisioned. Run `vagrant provision` or use the `--provision`
==> VPS_DEV: flag to force provisioning. Provisioners marked to run always will still run.
Welcome to Ubuntu 18.04.5 LTS (GNU/Linux 4.15.0-139-generic x86_64)

 * Documentation:  https://help.ubuntu.com
 * Management:     https://landscape.canonical.com
 * Support:        https://ubuntu.com/advantage

  System information as of Mon Mar 22 18:15:13 UTC 2021

  System load:  0.19              Processes:             111
  Usage of /:   4.2% of 48.41GB   Users logged in:       0
  Memory usage: 4%                IP address for enp0s3: 10.0.2.15
  Swap usage:   0%


0 packages can be updated.
0 of these updates are security updates.

New release '20.04.2 LTS' available.
Run 'do-release-upgrade' to upgrade to it.


Parece bom!
