Bringing machine 'VPS_DEV' up with 'libvirt' provider...
==> VPS_DEV: Checking if box 'generic/ubuntu2004' version '3.2.10' is up to date...
==> VPS_DEV: Creating image (snapshot of base box volume).
==> VPS_DEV: Creating domain with the following settings...
==> VPS_DEV:  -- Name:              NEORICALEX_VPS_DEV
==> VPS_DEV:  -- Domain type:       kvm
==> VPS_DEV:  -- Cpus:              3
==> VPS_DEV:  -- Feature:           acpi
==> VPS_DEV:  -- Feature:           apic
==> VPS_DEV:  -- Feature:           pae
==> VPS_DEV:  -- Memory:            4096M
==> VPS_DEV:  -- Management MAC:    
==> VPS_DEV:  -- Loader:            
==> VPS_DEV:  -- Nvram:             
==> VPS_DEV:  -- Base box:          generic/ubuntu2004
==> VPS_DEV:  -- Storage pool:      default
==> VPS_DEV:  -- Image:             /var/lib/libvirt/images/NEORICALEX_VPS_DEV.img (128G)
==> VPS_DEV:  -- Volume Cache:      default
==> VPS_DEV:  -- Kernel:            
==> VPS_DEV:  -- Initrd:            
==> VPS_DEV:  -- Graphics Type:     vnc
==> VPS_DEV:  -- Graphics Port:     -1
==> VPS_DEV:  -- Graphics IP:       127.0.0.1
==> VPS_DEV:  -- Graphics Password: Not defined
==> VPS_DEV:  -- Video Type:        cirrus
==> VPS_DEV:  -- Video VRAM:        256
==> VPS_DEV:  -- Sound Type:	
==> VPS_DEV:  -- Keymap:            en-us
==> VPS_DEV:  -- TPM Path:          
==> VPS_DEV:  -- INPUT:             type=mouse, bus=ps2
==> VPS_DEV: Creating shared folders metadata...
==> VPS_DEV: Starting domain.
==> VPS_DEV: Waiting for domain to get an IP address...
==> VPS_DEV: Waiting for SSH to become available...
    VPS_DEV: 
    VPS_DEV: Vagrant insecure key detected. Vagrant will automatically replace
    VPS_DEV: this with a newly generated keypair for better security.
    VPS_DEV: 
    VPS_DEV: Inserting generated public key within guest...
    VPS_DEV: Removing insecure key from the guest if it's present...
    VPS_DEV: Key inserted! Disconnecting and reconnecting using new SSH key...
==> VPS_DEV: Running provisioner: shell...
    VPS_DEV: Running: /tmp/vagrant-shell20210322-474402-1rarwwo.sh
    VPS_DEV: + sudo apt-get update
    VPS_DEV: Get:1 http://security.ubuntu.com/ubuntu focal-security InRelease [109 kB]
    VPS_DEV: Hit:2 http://us.archive.ubuntu.com/ubuntu focal InRelease
    VPS_DEV: Get:3 http://us.archive.ubuntu.com/ubuntu focal-updates InRelease [114 kB]
    VPS_DEV: Get:4 http://security.ubuntu.com/ubuntu focal-security/main amd64 Packages [552 kB]
    VPS_DEV: Get:5 http://us.archive.ubuntu.com/ubuntu focal-backports InRelease [101 kB]
    VPS_DEV: Get:6 http://security.ubuntu.com/ubuntu focal-security/main i386 Packages [206 kB]
    VPS_DEV: Get:7 http://security.ubuntu.com/ubuntu focal-security/main Translation-en [117 kB]
    VPS_DEV: Get:8 http://security.ubuntu.com/ubuntu focal-security/main amd64 c-n-f Metadata [7,352 B]
    VPS_DEV: Get:9 http://security.ubuntu.com/ubuntu focal-security/restricted amd64 Packages [140 kB]
    VPS_DEV: Get:10 http://security.ubuntu.com/ubuntu focal-security/restricted Translation-en [20.6 kB]
    VPS_DEV: Get:11 http://security.ubuntu.com/ubuntu focal-security/universe i386 Packages [435 kB]
    VPS_DEV: Get:12 http://us.archive.ubuntu.com/ubuntu focal-updates/main amd64 Packages [866 kB]
    VPS_DEV: Get:13 http://security.ubuntu.com/ubuntu focal-security/universe amd64 Packages [550 kB]
    VPS_DEV: Get:14 http://security.ubuntu.com/ubuntu focal-security/universe Translation-en [80.7 kB]
    VPS_DEV: Get:15 http://security.ubuntu.com/ubuntu focal-security/universe amd64 c-n-f Metadata [10.6 kB]
    VPS_DEV: Get:16 http://us.archive.ubuntu.com/ubuntu focal-updates/main i386 Packages [439 kB]
    VPS_DEV: Get:17 http://us.archive.ubuntu.com/ubuntu focal-updates/main Translation-en [204 kB]
    VPS_DEV: Get:18 http://us.archive.ubuntu.com/ubuntu focal-updates/main amd64 c-n-f Metadata [12.8 kB]
    VPS_DEV: Get:19 http://us.archive.ubuntu.com/ubuntu focal-updates/restricted amd64 Packages [163 kB]
    VPS_DEV: Get:20 http://us.archive.ubuntu.com/ubuntu focal-updates/restricted Translation-en [24.3 kB]
    VPS_DEV: Get:21 http://us.archive.ubuntu.com/ubuntu focal-updates/universe amd64 Packages [751 kB]
    VPS_DEV: Get:22 http://us.archive.ubuntu.com/ubuntu focal-updates/universe i386 Packages [558 kB]
    VPS_DEV: Get:23 http://us.archive.ubuntu.com/ubuntu focal-updates/universe Translation-en [157 kB]
    VPS_DEV: Get:24 http://us.archive.ubuntu.com/ubuntu focal-updates/universe amd64 c-n-f Metadata [16.3 kB]
    VPS_DEV: Get:25 http://us.archive.ubuntu.com/ubuntu focal-backports/universe i386 Packages [2,932 B]
    VPS_DEV: Get:26 http://us.archive.ubuntu.com/ubuntu focal-backports/universe amd64 Packages [4,032 B]
    VPS_DEV: Get:27 http://us.archive.ubuntu.com/ubuntu focal-backports/universe amd64 c-n-f Metadata [224 B]
    VPS_DEV: Fetched 5,643 kB in 5s (1,234 kB/s)
    VPS_DEV: Reading package lists...
    VPS_DEV: + sudo apt-get install -y build-essential checkinstall libreadline-gplv2-dev libncursesw5-dev libssl-dev libsqlite3-dev tk-dev libgdbm-dev libc6-dev libbz2-dev libffi-dev python3-pip unzip lsb-release software-properties-common curl wget git rsync
    VPS_DEV: Reading package lists...
    VPS_DEV: Building dependency tree...
    VPS_DEV: Reading state information...
    VPS_DEV: lsb-release is already the newest version (11.1.0ubuntu2).
    VPS_DEV: rsync is already the newest version (3.1.3-8).
    VPS_DEV: unzip is already the newest version (6.0-25ubuntu1).
    VPS_DEV: unzip set to manually installed.
    VPS_DEV: wget is already the newest version (1.20.3-1ubuntu1).
    VPS_DEV: curl is already the newest version (7.68.0-1ubuntu2.4).
    VPS_DEV: software-properties-common is already the newest version (0.98.9.4).
    VPS_DEV: The following additional packages will be installed:
    VPS_DEV:   binutils binutils-common binutils-x86-64-linux-gnu bzip2-doc cpp cpp-9
    VPS_DEV:   dpkg-dev fakeroot fontconfig-config fonts-dejavu-core g++ g++-9 gcc gcc-9
    VPS_DEV:   gcc-9-base libalgorithm-diff-perl libalgorithm-diff-xs-perl
    VPS_DEV:   libalgorithm-merge-perl libasan5 libatomic1 libbinutils libc-dev-bin
    VPS_DEV:   libcc1-0 libcrypt-dev libctf-nobfd0 libctf0 libdpkg-perl libdrm-amdgpu1
    VPS_DEV:   libdrm-intel1 libdrm-nouveau2 libdrm-radeon1 libexpat1-dev libfakeroot
    VPS_DEV:   libfile-fcntllock-perl libfontconfig1 libfontconfig1-dev libfontenc1
    VPS_DEV:   libfreetype-dev libfreetype6-dev libgcc-9-dev libgl1 libgl1-mesa-dri
    VPS_DEV:   libglapi-mesa libglvnd0 libglx-mesa0 libglx0 libgomp1 libice-dev libice6
    VPS_DEV:   libisl22 libitm1 libllvm11 liblsan0 libmpc3 libncurses-dev libpciaccess0
    VPS_DEV:   libpng-dev libpng-tools libpthread-stubs0-dev libpython3-dev
    VPS_DEV:   libpython3.8-dev libquadmath0 libsm-dev libsm6 libstdc++-9-dev libtk8.6
    VPS_DEV:   libtsan0 libubsan1 libvulkan1 libwayland-client0 libx11-dev libx11-xcb1
    VPS_DEV:   libxau-dev libxaw7 libxcb-dri2-0 libxcb-dri3-0 libxcb-glx0 libxcb-present0
    VPS_DEV:   libxcb-randr0 libxcb-shape0 libxcb-sync1 libxcb-xfixes0 libxcb1-dev
    VPS_DEV:   libxcomposite1 libxdamage1 libxdmcp-dev libxext-dev libxfixes3 libxft-dev
    VPS_DEV:   libxft2 libxi6 libxinerama1 libxkbfile1 libxmu6 libxpm4 libxrandr2
    VPS_DEV:   libxrender-dev libxrender1 libxshmfence1 libxss-dev libxss1 libxt-dev libxt6
    VPS_DEV:   libxtst6 libxv1 libxxf86dga1 libxxf86vm1 linux-libc-dev make manpages-dev
    VPS_DEV:   mesa-vulkan-drivers pkg-config python-pip-whl python3-dev python3-distutils
    VPS_DEV:   python3-lib2to3 python3-setuptools python3-wheel python3.8-dev tcl tcl-dev
    VPS_DEV:   tcl8.6 tcl8.6-dev tk tk8.6 tk8.6-dev uuid-dev x11-common x11-utils
    VPS_DEV:   x11proto-core-dev x11proto-dev x11proto-scrnsaver-dev x11proto-xext-dev
    VPS_DEV:   xbitmaps xorg-sgml-doctools xterm xtrans-dev zlib1g-dev
    VPS_DEV: Suggested packages:
    VPS_DEV:   binutils-doc gettext cpp-doc gcc-9-locales debian-keyring g++-multilib
    VPS_DEV:   g++-9-multilib gcc-9-doc gcc-multilib autoconf automake libtool flex bison
    VPS_DEV:   gdb gcc-doc gcc-9-multilib git-daemon-run | git-daemon-sysvinit git-doc
    VPS_DEV:   git-el git-email git-gui gitk gitweb git-cvs git-mediawiki git-svn glibc-doc
    VPS_DEV:   bzr freetype2-doc libice-doc ncurses-doc libsm-doc sqlite3-doc libssl-doc
    VPS_DEV:   libstdc++-9-doc libx11-doc libxcb-doc libxext-doc libxt-doc make-doc
    VPS_DEV:   python-setuptools-doc tcl-doc tcl-tclreadline tcl8.6-doc tk-doc tk8.6-doc
    VPS_DEV:   mesa-utils xfonts-cyrillic
    VPS_DEV: The following NEW packages will be installed:
    VPS_DEV:   binutils binutils-common binutils-x86-64-linux-gnu build-essential bzip2-doc
    VPS_DEV:   checkinstall cpp cpp-9 dpkg-dev fakeroot fontconfig-config fonts-dejavu-core
    VPS_DEV:   g++ g++-9 gcc gcc-9 gcc-9-base libalgorithm-diff-perl
    VPS_DEV:   libalgorithm-diff-xs-perl libalgorithm-merge-perl libasan5 libatomic1
    VPS_DEV:   libbinutils libbz2-dev libc-dev-bin libc6-dev libcc1-0 libcrypt-dev
    VPS_DEV:   libctf-nobfd0 libctf0 libdpkg-perl libdrm-amdgpu1 libdrm-intel1
    VPS_DEV:   libdrm-nouveau2 libdrm-radeon1 libexpat1-dev libfakeroot libffi-dev
    VPS_DEV:   libfile-fcntllock-perl libfontconfig1 libfontconfig1-dev libfontenc1
    VPS_DEV:   libfreetype-dev libfreetype6-dev libgcc-9-dev libgdbm-dev libgl1
    VPS_DEV:   libgl1-mesa-dri libglapi-mesa libglvnd0 libglx-mesa0 libglx0 libgomp1
    VPS_DEV:   libice-dev libice6 libisl22 libitm1 libllvm11 liblsan0 libmpc3
    VPS_DEV:   libncurses-dev libncursesw5-dev libpciaccess0 libpng-dev libpng-tools
    VPS_DEV:   libpthread-stubs0-dev libpython3-dev libpython3.8-dev libquadmath0
    VPS_DEV:   libreadline-gplv2-dev libsm-dev libsm6 libsqlite3-dev libssl-dev
    VPS_DEV:   libstdc++-9-dev libtk8.6 libtsan0 libubsan1 libvulkan1 libwayland-client0
    VPS_DEV:   libx11-dev libx11-xcb1 libxau-dev libxaw7 libxcb-dri2-0 libxcb-dri3-0
    VPS_DEV:   libxcb-glx0 libxcb-present0 libxcb-randr0 libxcb-shape0 libxcb-sync1
    VPS_DEV:   libxcb-xfixes0 libxcb1-dev libxcomposite1 libxdamage1 libxdmcp-dev
    VPS_DEV:   libxext-dev libxfixes3 libxft-dev libxft2 libxi6 libxinerama1 libxkbfile1
    VPS_DEV:   libxmu6 libxpm4 libxrandr2 libxrender-dev libxrender1 libxshmfence1
    VPS_DEV:   libxss-dev libxss1 libxt-dev libxt6 libxtst6 libxv1 libxxf86dga1 libxxf86vm1
    VPS_DEV:   linux-libc-dev make manpages-dev mesa-vulkan-drivers pkg-config
    VPS_DEV:   python-pip-whl python3-dev python3-distutils python3-lib2to3 python3-pip
    VPS_DEV:   python3-setuptools python3-wheel python3.8-dev tcl tcl-dev tcl8.6 tcl8.6-dev
    VPS_DEV:   tk tk-dev tk8.6 tk8.6-dev uuid-dev x11-common x11-utils x11proto-core-dev
    VPS_DEV:   x11proto-dev x11proto-scrnsaver-dev x11proto-xext-dev xbitmaps
    VPS_DEV:   xorg-sgml-doctools xterm xtrans-dev zlib1g-dev
    VPS_DEV: The following packages will be upgraded:
    VPS_DEV:   git
    VPS_DEV: 1 upgraded, 150 newly installed, 0 to remove and 26 not upgraded.
    VPS_DEV: Need to get 96.4 MB of archives.
    VPS_DEV: After this operation, 653 MB of additional disk space will be used.
    VPS_DEV: Get:1 http://us.archive.ubuntu.com/ubuntu focal-updates/main amd64 binutils-common amd64 2.34-6ubuntu1.1 [207 kB]
    VPS_DEV: Get:2 http://us.archive.ubuntu.com/ubuntu focal-updates/main amd64 libbinutils amd64 2.34-6ubuntu1.1 [475 kB]
    VPS_DEV: Get:3 http://us.archive.ubuntu.com/ubuntu focal-updates/main amd64 libctf-nobfd0 amd64 2.34-6ubuntu1.1 [47.1 kB]
    VPS_DEV: Get:4 http://us.archive.ubuntu.com/ubuntu focal-updates/main amd64 libctf0 amd64 2.34-6ubuntu1.1 [46.6 kB]
    VPS_DEV: Get:5 http://us.archive.ubuntu.com/ubuntu focal-updates/main amd64 binutils-x86-64-linux-gnu amd64 2.34-6ubuntu1.1 [1,613 kB]
    VPS_DEV: Get:6 http://us.archive.ubuntu.com/ubuntu focal-updates/main amd64 binutils amd64 2.34-6ubuntu1.1 [3,380 B]
    VPS_DEV: Get:7 http://us.archive.ubuntu.com/ubuntu focal-updates/main amd64 libc-dev-bin amd64 2.31-0ubuntu9.2 [71.8 kB]
    VPS_DEV: Get:8 http://us.archive.ubuntu.com/ubuntu focal-updates/main amd64 linux-libc-dev amd64 5.4.0-67.75 [1,149 kB]
    VPS_DEV: Get:9 http://us.archive.ubuntu.com/ubuntu focal/main amd64 libcrypt-dev amd64 1:4.4.10-10ubuntu4 [104 kB]
    VPS_DEV: Get:10 http://us.archive.ubuntu.com/ubuntu focal-updates/main amd64 libc6-dev amd64 2.31-0ubuntu9.2 [2,520 kB]
    VPS_DEV: Get:11 http://us.archive.ubuntu.com/ubuntu focal-updates/main amd64 gcc-9-base amd64 9.3.0-17ubuntu1~20.04 [19.1 kB]
    VPS_DEV: Get:12 http://us.archive.ubuntu.com/ubuntu focal/main amd64 libisl22 amd64 0.22.1-1 [592 kB]
    VPS_DEV: Get:13 http://us.archive.ubuntu.com/ubuntu focal/main amd64 libmpc3 amd64 1.1.0-1 [40.8 kB]
    VPS_DEV: Get:14 http://us.archive.ubuntu.com/ubuntu focal-updates/main amd64 cpp-9 amd64 9.3.0-17ubuntu1~20.04 [7,494 kB]
    VPS_DEV: Get:15 http://us.archive.ubuntu.com/ubuntu focal/main amd64 cpp amd64 4:9.3.0-1ubuntu2 [27.6 kB]
    VPS_DEV: Get:16 http://us.archive.ubuntu.com/ubuntu focal-updates/main amd64 libcc1-0 amd64 10.2.0-5ubuntu1~20.04 [41.1 kB]
    VPS_DEV: Get:17 http://us.archive.ubuntu.com/ubuntu focal-updates/main amd64 libgomp1 amd64 10.2.0-5ubuntu1~20.04 [102 kB]
    VPS_DEV: Get:18 http://us.archive.ubuntu.com/ubuntu focal-updates/main amd64 libitm1 amd64 10.2.0-5ubuntu1~20.04 [26.4 kB]
    VPS_DEV: Get:19 http://us.archive.ubuntu.com/ubuntu focal-updates/main amd64 libatomic1 amd64 10.2.0-5ubuntu1~20.04 [9,300 B]
    VPS_DEV: Get:20 http://us.archive.ubuntu.com/ubuntu focal-updates/main amd64 libasan5 amd64 9.3.0-17ubuntu1~20.04 [394 kB]
    VPS_DEV: Get:21 http://us.archive.ubuntu.com/ubuntu focal-updates/main amd64 liblsan0 amd64 10.2.0-5ubuntu1~20.04 [144 kB]
    VPS_DEV: Get:22 http://us.archive.ubuntu.com/ubuntu focal-updates/main amd64 libtsan0 amd64 10.2.0-5ubuntu1~20.04 [320 kB]
    VPS_DEV: Get:23 http://us.archive.ubuntu.com/ubuntu focal-updates/main amd64 libubsan1 amd64 10.2.0-5ubuntu1~20.04 [136 kB]
    VPS_DEV: Get:24 http://us.archive.ubuntu.com/ubuntu focal-updates/main amd64 libquadmath0 amd64 10.2.0-5ubuntu1~20.04 [146 kB]
    VPS_DEV: Get:25 http://us.archive.ubuntu.com/ubuntu focal-updates/main amd64 libgcc-9-dev amd64 9.3.0-17ubuntu1~20.04 [2,360 kB]
    VPS_DEV: Get:26 http://us.archive.ubuntu.com/ubuntu focal-updates/main amd64 gcc-9 amd64 9.3.0-17ubuntu1~20.04 [8,241 kB]
    VPS_DEV: Get:27 http://us.archive.ubuntu.com/ubuntu focal/main amd64 gcc amd64 4:9.3.0-1ubuntu2 [5,208 B]
    VPS_DEV: Get:28 http://us.archive.ubuntu.com/ubuntu focal-updates/main amd64 libstdc++-9-dev amd64 9.3.0-17ubuntu1~20.04 [1,714 kB]
    VPS_DEV: Get:29 http://us.archive.ubuntu.com/ubuntu focal-updates/main amd64 g++-9 amd64 9.3.0-17ubuntu1~20.04 [8,405 kB]
    VPS_DEV: Get:30 http://us.archive.ubuntu.com/ubuntu focal/main amd64 g++ amd64 4:9.3.0-1ubuntu2 [1,604 B]
    VPS_DEV: Get:31 http://us.archive.ubuntu.com/ubuntu focal/main amd64 make amd64 4.2.1-1.2 [162 kB]
    VPS_DEV: Get:32 http://us.archive.ubuntu.com/ubuntu focal/main amd64 libdpkg-perl all 1.19.7ubuntu3 [230 kB]
    VPS_DEV: Get:33 http://us.archive.ubuntu.com/ubuntu focal/main amd64 dpkg-dev all 1.19.7ubuntu3 [679 kB]
    VPS_DEV: Get:34 http://us.archive.ubuntu.com/ubuntu focal-updates/main amd64 build-essential amd64 12.8ubuntu1.1 [4,664 B]
    VPS_DEV: Get:35 http://us.archive.ubuntu.com/ubuntu focal/main amd64 bzip2-doc all 1.0.8-2 [501 kB]
    VPS_DEV: Get:36 http://us.archive.ubuntu.com/ubuntu focal/universe amd64 checkinstall amd64 1.6.2+git20170426.d24a630-2ubuntu1 [99.3 kB]
    VPS_DEV: Get:37 http://us.archive.ubuntu.com/ubuntu focal/main amd64 libfakeroot amd64 1.24-1 [25.7 kB]
    VPS_DEV: Get:38 http://us.archive.ubuntu.com/ubuntu focal/main amd64 fakeroot amd64 1.24-1 [62.6 kB]
    VPS_DEV: Get:39 http://us.archive.ubuntu.com/ubuntu focal/main amd64 fonts-dejavu-core all 2.37-1 [1,041 kB]
    VPS_DEV: Get:40 http://us.archive.ubuntu.com/ubuntu focal/main amd64 fontconfig-config all 2.13.1-2ubuntu3 [28.8 kB]
    VPS_DEV: Get:41 http://us.archive.ubuntu.com/ubuntu focal-updates/main amd64 git amd64 1:2.25.1-1ubuntu3.1 [4,557 kB]
^C==> VPS_DEV: Waiting for cleanup before exiting...
    VPS_DEV: Get:42 http://us.archive.ubuntu.com/ubuntu focal/main amd64 libalgorithm-diff-perl all 1.19.03-2 [46.6 kB]
    VPS_DEV: Get:43 http://us.archive.ubuntu.com/ubuntu focal/main amd64 libalgorithm-diff-xs-perl amd64 0.04-6 [11.3 kB]
    VPS_DEV: Get:44 http://us.archive.ubuntu.com/ubuntu focal/main amd64 libalgorithm-merge-perl all 0.08-3 [12.0 kB]
    VPS_DEV: Get:45 http://us.archive.ubuntu.com/ubuntu focal/main amd64 libbz2-dev amd64 1.0.8-2 [30.2 kB]
    VPS_DEV: Get:46 http://us.archive.ubuntu.com/ubuntu focal-updates/main amd64 libdrm-amdgpu1 amd64 2.4.102-1ubuntu1~20.04.1 [18.4 kB]
    VPS_DEV: Get:47 http://us.archive.ubuntu.com/ubuntu focal/main amd64 libpciaccess0 amd64 0.16-0ubuntu1 [17.9 kB]
    VPS_DEV: Get:48 http://us.archive.ubuntu.com/ubuntu focal-updates/main amd64 libdrm-intel1 amd64 2.4.102-1ubuntu1~20.04.1 [60.3 kB]
    VPS_DEV: Get:49 http://us.archive.ubuntu.com/ubuntu focal-updates/main amd64 libdrm-nouveau2 amd64 2.4.102-1ubuntu1~20.04.1 [16.4 kB]
    VPS_DEV: Get:50 http://us.archive.ubuntu.com/ubuntu focal-updates/main amd64 libdrm-radeon1 amd64 2.4.102-1ubuntu1~20.04.1 [19.7 kB]
    VPS_DEV: Get:51 http://us.archive.ubuntu.com/ubuntu focal/main amd64 libexpat1-dev amd64 2.2.9-1build1 [116 kB]
    VPS_DEV: Get:52 http://us.archive.ubuntu.com/ubuntu focal/main amd64 libfile-fcntllock-perl amd64 0.22-3build4 [33.1 kB]
    VPS_DEV: Get:53 http://us.archive.ubuntu.com/ubuntu focal/main amd64 libfontconfig1 amd64 2.13.1-2ubuntu3 [114 kB]
    VPS_DEV: Get:54 http://us.archive.ubuntu.com/ubuntu focal-updates/main amd64 zlib1g-dev amd64 1:1.2.11.dfsg-2ubuntu1.2 [155 kB]
    VPS_DEV: Get:55 http://us.archive.ubuntu.com/ubuntu focal/main amd64 libpng-dev amd64 1.6.37-2 [175 kB]
    VPS_DEV: Get:56 http://us.archive.ubuntu.com/ubuntu focal-updates/main amd64 libfreetype-dev amd64 2.10.1-2ubuntu0.1 [493 kB]
    VPS_DEV: Get:57 http://us.archive.ubuntu.com/ubuntu focal-updates/main amd64 libfreetype6-dev amd64 2.10.1-2ubuntu0.1 [9,812 B]
    VPS_DEV: Get:58 http://us.archive.ubuntu.com/ubuntu focal-updates/main amd64 uuid-dev amd64 2.34-0.1ubuntu9.1 [33.6 kB]
    VPS_DEV: Get:59 http://us.archive.ubuntu.com/ubuntu focal/main amd64 pkg-config amd64 0.29.1-0ubuntu4 [45.5 kB]
    VPS_DEV: Get:60 http://us.archive.ubuntu.com/ubuntu focal/main amd64 libfontconfig1-dev amd64 2.13.1-2ubuntu3 [731 kB]
    VPS_DEV: Get:61 http://us.archive.ubuntu.com/ubuntu focal/main amd64 libfontenc1 amd64 1:1.1.4-0ubuntu1 [14.0 kB]
    VPS_DEV: Get:62 http://us.archive.ubuntu.com/ubuntu focal/main amd64 libgdbm-dev amd64 1.18.1-5 [83.4 kB]
    VPS_DEV: Get:63 http://us.archive.ubuntu.com/ubuntu focal-updates/main amd64 libglapi-mesa amd64 20.2.6-0ubuntu0.20.04.1 [26.7 kB]
    VPS_DEV: Get:64 http://us.archive.ubuntu.com/ubuntu focal-updates/main amd64 libllvm11 amd64 1:11.0.0-2~ubuntu20.04.1 [17.6 MB]
    VPS_DEV: Get:65 http://us.archive.ubuntu.com/ubuntu focal/main amd64 libvulkan1 amd64 1.2.131.2-1 [93.3 kB]
    VPS_DEV: Get:66 http://us.archive.ubuntu.com/ubuntu focal-updates/main amd64 libgl1-mesa-dri amd64 20.2.6-0ubuntu0.20.04.1 [10.1 MB]
    VPS_DEV: Get:67 http://us.archive.ubuntu.com/ubuntu focal-updates/main amd64 libx11-xcb1 amd64 2:1.6.9-2ubuntu1.1 [9,220 B]
    VPS_DEV: Get:68 http://us.archive.ubuntu.com/ubuntu focal/main amd64 libxcb-dri2-0 amd64 1.14-2 [6,920 B]
    VPS_DEV: Get:69 http://us.archive.ubuntu.com/ubuntu focal/main amd64 libxcb-dri3-0 amd64 1.14-2 [6,552 B]
    VPS_DEV: Get:70 http://us.archive.ubuntu.com/ubuntu focal/main amd64 libxcb-glx0 amd64 1.14-2 [22.1 kB]
    VPS_DEV: Get:71 http://us.archive.ubuntu.com/ubuntu focal/main amd64 libxcb-present0 amd64 1.14-2 [5,560 B]
    VPS_DEV: Get:72 http://us.archive.ubuntu.com/ubuntu focal/main amd64 libxcb-sync1 amd64 1.14-2 [8,884 B]
    VPS_DEV: Get:73 http://us.archive.ubuntu.com/ubuntu focal/main amd64 libxcb-xfixes0 amd64 1.14-2 [9,296 B]
    VPS_DEV: Get:74 http://us.archive.ubuntu.com/ubuntu focal/main amd64 libxdamage1 amd64 1:1.1.5-2 [6,996 B]
    VPS_DEV: Get:75 http://us.archive.ubuntu.com/ubuntu focal/main amd64 libxfixes3 amd64 1:5.0.3-2 [10.9 kB]
    VPS_DEV: Get:76 http://us.archive.ubuntu.com/ubuntu focal/main amd64 libxshmfence1 amd64 1.3-1 [5,028 B]
    VPS_DEV: Get:77 http://us.archive.ubuntu.com/ubuntu focal/main amd64 libxxf86vm1 amd64 1:1.1.4-1build1 [10.2 kB]
    VPS_DEV: Get:78 http://us.archive.ubuntu.com/ubuntu focal-updates/main amd64 libglx-mesa0 amd64 20.2.6-0ubuntu0.20.04.1 [142 kB]
    VPS_DEV: Get:79 http://us.archive.ubuntu.com/ubuntu focal/main amd64 x11-common all 1:7.7+19ubuntu14 [22.3 kB]
    VPS_DEV: Get:80 http://us.archive.ubuntu.com/ubuntu focal/main amd64 libice6 amd64 2:1.0.10-0ubuntu1 [41.0 kB]
    VPS_DEV: Get:81 http://us.archive.ubuntu.com/ubuntu focal/main amd64 xorg-sgml-doctools all 1:1.11-1 [12.9 kB]
    VPS_DEV: Get:82 http://us.archive.ubuntu.com/ubuntu focal/main amd64 x11proto-dev all 2019.2-1ubuntu1 [594 kB]
    VPS_DEV: Get:83 http://us.archive.ubuntu.com/ubuntu focal/main amd64 x11proto-core-dev all 2019.2-1ubuntu1 [2,620 B]
    VPS_DEV: Get:84 http://us.archive.ubuntu.com/ubuntu focal/main amd64 libice-dev amd64 2:1.0.10-0ubuntu1 [47.8 kB]
    VPS_DEV: Get:85 http://us.archive.ubuntu.com/ubuntu focal/main amd64 libncurses-dev amd64 6.2-0ubuntu2 [339 kB]
    VPS_DEV: Get:86 http://us.archive.ubuntu.com/ubuntu focal/main amd64 libncursesw5-dev amd64 6.2-0ubuntu2 [980 B]
    VPS_DEV: Get:87 http://us.archive.ubuntu.com/ubuntu focal/main amd64 libpng-tools amd64 1.6.37-2 [26.1 kB]
    VPS_DEV: Get:88 http://us.archive.ubuntu.com/ubuntu focal/main amd64 libpthread-stubs0-dev amd64 0.4-1 [5,384 B]
    VPS_DEV: Get:89 http://us.archive.ubuntu.com/ubuntu focal-updates/main amd64 libpython3.8-dev amd64 3.8.5-1~20.04.2 [3,942 kB]
    VPS_DEV: Get:90 http://us.archive.ubuntu.com/ubuntu focal/main amd64 libpython3-dev amd64 3.8.2-0ubuntu2 [7,236 B]
    VPS_DEV: Get:91 http://us.archive.ubuntu.com/ubuntu focal/main amd64 libsm6 amd64 2:1.2.3-1 [16.1 kB]
    VPS_DEV: Get:92 http://us.archive.ubuntu.com/ubuntu focal/main amd64 libsm-dev amd64 2:1.2.3-1 [17.0 kB]
    VPS_DEV: Get:93 http://us.archive.ubuntu.com/ubuntu focal-updates/main amd64 libsqlite3-dev amd64 3.31.1-4ubuntu0.2 [696 kB]
    VPS_DEV: Get:94 http://us.archive.ubuntu.com/ubuntu focal-updates/main amd64 libssl-dev amd64 1.1.1f-1ubuntu2.2 [1,582 kB]
    VPS_DEV: Get:95 http://us.archive.ubuntu.com/ubuntu focal/main amd64 libxrender1 amd64 1:0.9.10-1 [18.7 kB]
    VPS_DEV: Get:96 http://us.archive.ubuntu.com/ubuntu focal/main amd64 libxft2 amd64 2.3.3-0ubuntu1 [39.2 kB]
    VPS_DEV: Get:97 http://us.archive.ubuntu.com/ubuntu focal/main amd64 libxss1 amd64 1:1.2.3-1 [8,140 B]
    VPS_DEV: Get:98 http://us.archive.ubuntu.com/ubuntu focal/main amd64 libtk8.6 amd64 8.6.10-1 [714 kB]
    VPS_DEV: Get:99 http://us.archive.ubuntu.com/ubuntu focal/main amd64 libwayland-client0 amd64 1.18.0-1 [23.9 kB]
    VPS_DEV: Get:100 http://us.archive.ubuntu.com/ubuntu focal/main amd64 libxau-dev amd64 1:1.0.9-0ubuntu1 [9,552 B]
    VPS_DEV: Get:101 http://us.archive.ubuntu.com/ubuntu focal/main amd64 libxdmcp-dev amd64 1:1.1.3-0ubuntu1 [25.3 kB]
    VPS_DEV: Get:102 http://us.archive.ubuntu.com/ubuntu focal/main amd64 xtrans-dev all 1.4.0-1 [68.9 kB]
^C==> VPS_DEV: Exiting immediately, without cleanup!
/home/vagrant
