 A compilação vai iniciar em 4 segundos... A compilação vai iniciar em 3 segundos... A compilação vai iniciar em 2 segundos... A compilação vai iniciar em 1 segundos... A compilação vai iniciar em 0 segundos...

Compilação iniciada qui 18 mar 2021 13:16:28

Detalhes do desktop:

Nome do modelo: AMD FX(tm)-8350 Eight-Core
Arquitetura: x86_64
Número de CPU(s): 8    
Virtualização: AMD-V    
Modo(s) operacional da CPU: 32-bit, 64-bit

Bringing machine 'VPS_DEV' up with 'virtualbox' provider...
==> VPS_DEV: Importing base box 'ubuntu/focal64'...
Progress: 90%==> VPS_DEV: Matching MAC address for NAT networking...
==> VPS_DEV: Checking if box 'ubuntu/focal64' version '20210315.0.0' is up to date...
==> VPS_DEV: Setting the name of the VM: VPS_DEV
==> VPS_DEV: Clearing any previously set network interfaces...
==> VPS_DEV: Preparing network interfaces based on configuration...
    VPS_DEV: Adapter 1: nat
==> VPS_DEV: Forwarding ports...
    VPS_DEV: 22 (guest) => 2222 (host) (adapter 1)
==> VPS_DEV: Running 'pre-boot' VM customizations...
==> VPS_DEV: Booting VM...
==> VPS_DEV: Waiting for machine to boot. This may take a few minutes...
    VPS_DEV: SSH address: 127.0.0.1:2222
    VPS_DEV: SSH username: vagrant
    VPS_DEV: SSH auth method: private key
    VPS_DEV: Warning: Connection reset. Retrying...
    VPS_DEV: Warning: Remote connection disconnect. Retrying...
    VPS_DEV: 
    VPS_DEV: Vagrant insecure key detected. Vagrant will automatically replace
    VPS_DEV: this with a newly generated keypair for better security.
    VPS_DEV: 
    VPS_DEV: Inserting generated public key within guest...
    VPS_DEV: Removing insecure key from the guest if it's present...
    VPS_DEV: Key inserted! Disconnecting and reconnecting using new SSH key...
==> VPS_DEV: Machine booted and ready!
==> VPS_DEV: Checking for guest additions in VM...
==> VPS_DEV: Mounting shared folders...
    VPS_DEV: /vagrant => /home/neo/Público/src/vps
==> VPS_DEV: Running provisioner: shell...
    VPS_DEV: Running: /tmp/vagrant-shell20210318-122468-11sgj31.sh
    VPS_DEV: + sudo apt-get update
    VPS_DEV: Hit:1 http://archive.ubuntu.com/ubuntu focal InRelease
    VPS_DEV: Get:2 http://security.ubuntu.com/ubuntu focal-security InRelease [109 kB]
    VPS_DEV: Get:3 http://archive.ubuntu.com/ubuntu focal-updates InRelease [114 kB]
    VPS_DEV: Get:4 http://archive.ubuntu.com/ubuntu focal-backports InRelease [101 kB]
    VPS_DEV: Get:5 http://security.ubuntu.com/ubuntu focal-security/main amd64 Packages [547 kB]
    VPS_DEV: Get:6 http://archive.ubuntu.com/ubuntu focal/universe amd64 Packages [8628 kB]
    VPS_DEV: Get:7 http://security.ubuntu.com/ubuntu focal-security/main Translation-en [117 kB]
    VPS_DEV: Get:8 http://security.ubuntu.com/ubuntu focal-security/main amd64 c-n-f Metadata [7300 B]
    VPS_DEV: Get:9 http://security.ubuntu.com/ubuntu focal-security/universe amd64 Packages [550 kB]
    VPS_DEV: Get:10 http://security.ubuntu.com/ubuntu focal-security/universe Translation-en [80.7 kB]
    VPS_DEV: Get:11 http://security.ubuntu.com/ubuntu focal-security/universe amd64 c-n-f Metadata [10.6 kB]
    VPS_DEV: Get:12 http://security.ubuntu.com/ubuntu focal-security/multiverse amd64 Packages [14.8 kB]
    VPS_DEV: Get:13 http://security.ubuntu.com/ubuntu focal-security/multiverse Translation-en [3160 B]
    VPS_DEV: Get:14 http://security.ubuntu.com/ubuntu focal-security/multiverse amd64 c-n-f Metadata [340 B]
    VPS_DEV: Get:15 http://archive.ubuntu.com/ubuntu focal/universe Translation-en [5124 kB]
    VPS_DEV: Get:16 http://archive.ubuntu.com/ubuntu focal/universe amd64 c-n-f Metadata [265 kB]
    VPS_DEV: Get:17 http://archive.ubuntu.com/ubuntu focal/multiverse amd64 Packages [144 kB]
    VPS_DEV: Get:18 http://archive.ubuntu.com/ubuntu focal/multiverse Translation-en [104 kB]
    VPS_DEV: Get:19 http://archive.ubuntu.com/ubuntu focal/multiverse amd64 c-n-f Metadata [9136 B]
    VPS_DEV: Get:20 http://archive.ubuntu.com/ubuntu focal-updates/main amd64 Packages [863 kB]
    VPS_DEV: Get:21 http://archive.ubuntu.com/ubuntu focal-updates/main amd64 c-n-f Metadata [12.8 kB]
    VPS_DEV: Get:22 http://archive.ubuntu.com/ubuntu focal-updates/universe amd64 Packages [751 kB]
    VPS_DEV: Get:23 http://archive.ubuntu.com/ubuntu focal-updates/universe Translation-en [157 kB]
    VPS_DEV: Get:24 http://archive.ubuntu.com/ubuntu focal-updates/universe amd64 c-n-f Metadata [16.3 kB]
    VPS_DEV: Get:25 http://archive.ubuntu.com/ubuntu focal-updates/multiverse amd64 Packages [21.6 kB]
    VPS_DEV: Get:26 http://archive.ubuntu.com/ubuntu focal-updates/multiverse Translation-en [5508 B]
    VPS_DEV: Get:27 http://archive.ubuntu.com/ubuntu focal-updates/multiverse amd64 c-n-f Metadata [596 B]
    VPS_DEV: Get:28 http://archive.ubuntu.com/ubuntu focal-backports/main amd64 c-n-f Metadata [112 B]
    VPS_DEV: Get:29 http://archive.ubuntu.com/ubuntu focal-backports/restricted amd64 c-n-f Metadata [116 B]
    VPS_DEV: Get:30 http://archive.ubuntu.com/ubuntu focal-backports/universe amd64 Packages [4032 B]
    VPS_DEV: Get:31 http://archive.ubuntu.com/ubuntu focal-backports/universe Translation-en [1448 B]
    VPS_DEV: Get:32 http://archive.ubuntu.com/ubuntu focal-backports/universe amd64 c-n-f Metadata [224 B]
    VPS_DEV: Get:33 http://archive.ubuntu.com/ubuntu focal-backports/multiverse amd64 c-n-f Metadata [116 B]
    VPS_DEV: Fetched 17.8 MB in 6s (2918 kB/s)
    VPS_DEV: Reading package lists...
    VPS_DEV: ++ uname -r
    VPS_DEV: + sudo apt-get install linux-generic linux-headers-5.4.0-67-generic ubuntu-minimal -y
    VPS_DEV: Reading package lists...
    VPS_DEV: Building dependency tree...
    VPS_DEV: 
    VPS_DEV: Reading state information...
    VPS_DEV: linux-headers-5.4.0-67-generic is already the newest version (5.4.0-67.75).
    VPS_DEV: linux-headers-5.4.0-67-generic set to manually installed.
    VPS_DEV: ubuntu-minimal is already the newest version (1.450.2).
    VPS_DEV: The following additional packages will be installed:
    VPS_DEV:   amd64-microcode crda intel-microcode iucode-tool iw libdbus-glib-1-2
    VPS_DEV:   libnl-3-200 libnl-genl-3-200 linux-firmware linux-image-generic
    VPS_DEV:   linux-modules-extra-5.4.0-67-generic thermald wireless-regdb
    VPS_DEV: The following NEW packages will be installed:
    VPS_DEV:   amd64-microcode crda intel-microcode iucode-tool iw libdbus-glib-1-2
    VPS_DEV:   libnl-3-200 libnl-genl-3-200 linux-firmware linux-generic
    VPS_DEV:   linux-image-generic linux-modules-extra-5.4.0-67-generic thermald
    VPS_DEV:   wireless-regdb
    VPS_DEV: 0 upgraded, 14 newly installed, 0 to remove and 12 not upgraded.
    VPS_DEV: Need to get 145 MB of archives.
    VPS_DEV: After this operation, 766 MB of additional disk space will be used.
    VPS_DEV: Get:1 http://archive.ubuntu.com/ubuntu focal/main amd64 libnl-3-200 amd64 3.4.0-1 [53.9 kB]
    VPS_DEV: Get:2 http://archive.ubuntu.com/ubuntu focal/main amd64 libnl-genl-3-200 amd64 3.4.0-1 [11.1 kB]
    VPS_DEV: Get:3 http://archive.ubuntu.com/ubuntu focal-updates/main amd64 wireless-regdb all 2020.11.20-0ubuntu1~20.04.1 [10.3 kB]
    VPS_DEV: Get:4 http://archive.ubuntu.com/ubuntu focal/main amd64 iw amd64 5.4-1 [94.0 kB]
    VPS_DEV: Get:5 http://archive.ubuntu.com/ubuntu focal/main amd64 crda amd64 3.18-1build1 [63.5 kB]
    VPS_DEV: Get:6 http://archive.ubuntu.com/ubuntu focal/main amd64 iucode-tool amd64 2.3.1-1 [45.6 kB]
    VPS_DEV: Get:7 http://archive.ubuntu.com/ubuntu focal/main amd64 libdbus-glib-1-2 amd64 0.110-5fakssync1 [59.1 kB]
    VPS_DEV: Get:8 http://archive.ubuntu.com/ubuntu focal-updates/main amd64 linux-firmware all 1.187.10 [103 MB]
    VPS_DEV: Get:9 http://archive.ubuntu.com/ubuntu focal-updates/main amd64 linux-modules-extra-5.4.0-67-generic amd64 5.4.0-67.75 [39.4 MB]
    VPS_DEV: Get:10 http://archive.ubuntu.com/ubuntu focal-updates/main amd64 intel-microcode amd64 3.20201110.0ubuntu0.20.04.2 [2743 kB]
    VPS_DEV: Get:11 http://archive.ubuntu.com/ubuntu focal/main amd64 amd64-microcode amd64 3.20191218.1ubuntu1 [31.8 kB]
    VPS_DEV: Get:12 http://archive.ubuntu.com/ubuntu focal-updates/main amd64 linux-image-generic amd64 5.4.0.67.70 [2632 B]
    VPS_DEV: Get:13 http://archive.ubuntu.com/ubuntu focal-updates/main amd64 linux-generic amd64 5.4.0.67.70 [1896 B]
    VPS_DEV: Get:14 http://archive.ubuntu.com/ubuntu focal-updates/main amd64 thermald amd64 1.9.1-1ubuntu0.3 [196 kB]
    VPS_DEV: dpkg-preconfigure: unable to re-open stdin: No such file or directory
    VPS_DEV: Fetched 145 MB in 24s (6000 kB/s)
    VPS_DEV: Selecting previously unselected package libnl-3-200:amd64.
    VPS_DEV: (Reading database ... 
    VPS_DEV: (Reading database ... 5%(Reading database ... 10%(Reading database ... 15%(Reading database ... 20%(Reading database ... 25%(Reading database ... 30%(Reading database ... 35%(Reading database ... 40%(Reading database ... 45%(Reading database ... 50%(Reading database ... 55%
    VPS_DEV: (Reading database ... 60%
    VPS_DEV: (Reading database ... 65%
    VPS_DEV: (Reading database ... 70%
    VPS_DEV: (Reading database ... 75%
    VPS_DEV: (Reading database ... 80%
    VPS_DEV: (Reading database ... 85%
    VPS_DEV: (Reading database ... 90%
    VPS_DEV: (Reading database ... 95%
    VPS_DEV: (Reading database ... 100%(Reading database ... 63124 files and directories currently installed.)
    VPS_DEV: Preparing to unpack .../00-libnl-3-200_3.4.0-1_amd64.deb ...
    VPS_DEV: Unpacking libnl-3-200:amd64 (3.4.0-1) ...
    VPS_DEV: Selecting previously unselected package libnl-genl-3-200:amd64.
    VPS_DEV: Preparing to unpack .../01-libnl-genl-3-200_3.4.0-1_amd64.deb ...
    VPS_DEV: Unpacking libnl-genl-3-200:amd64 (3.4.0-1) ...
    VPS_DEV: Selecting previously unselected package wireless-regdb.
    VPS_DEV: Preparing to unpack .../02-wireless-regdb_2020.11.20-0ubuntu1~20.04.1_all.deb ...
    VPS_DEV: Unpacking wireless-regdb (2020.11.20-0ubuntu1~20.04.1) ...
    VPS_DEV: Selecting previously unselected package iw.
    VPS_DEV: Preparing to unpack .../03-iw_5.4-1_amd64.deb ...
    VPS_DEV: Unpacking iw (5.4-1) ...
    VPS_DEV: Selecting previously unselected package crda.
    VPS_DEV: Preparing to unpack .../04-crda_3.18-1build1_amd64.deb ...
    VPS_DEV: Unpacking crda (3.18-1build1) ...
    VPS_DEV: Selecting previously unselected package iucode-tool.
    VPS_DEV: Preparing to unpack .../05-iucode-tool_2.3.1-1_amd64.deb ...
    VPS_DEV: Unpacking iucode-tool (2.3.1-1) ...
    VPS_DEV: Selecting previously unselected package libdbus-glib-1-2:amd64.
    VPS_DEV: Preparing to unpack .../06-libdbus-glib-1-2_0.110-5fakssync1_amd64.deb ...
    VPS_DEV: Unpacking libdbus-glib-1-2:amd64 (0.110-5fakssync1) ...
    VPS_DEV: Selecting previously unselected package linux-firmware.
    VPS_DEV: Preparing to unpack .../07-linux-firmware_1.187.10_all.deb ...
    VPS_DEV: Unpacking linux-firmware (1.187.10) ...
    VPS_DEV: Selecting previously unselected package linux-modules-extra-5.4.0-67-generic.
    VPS_DEV: Preparing to unpack .../08-linux-modules-extra-5.4.0-67-generic_5.4.0-67.75_amd64.deb ...
    VPS_DEV: Unpacking linux-modules-extra-5.4.0-67-generic (5.4.0-67.75) ...
    VPS_DEV: Selecting previously unselected package intel-microcode.
    VPS_DEV: Preparing to unpack .../09-intel-microcode_3.20201110.0ubuntu0.20.04.2_amd64.deb ...
    VPS_DEV: Unpacking intel-microcode (3.20201110.0ubuntu0.20.04.2) ...
    VPS_DEV: Selecting previously unselected package amd64-microcode.
    VPS_DEV: Preparing to unpack .../10-amd64-microcode_3.20191218.1ubuntu1_amd64.deb ...
    VPS_DEV: Unpacking amd64-microcode (3.20191218.1ubuntu1) ...
    VPS_DEV: Selecting previously unselected package linux-image-generic.
    VPS_DEV: Preparing to unpack .../11-linux-image-generic_5.4.0.67.70_amd64.deb ...
    VPS_DEV: Unpacking linux-image-generic (5.4.0.67.70) ...
    VPS_DEV: Selecting previously unselected package linux-generic.
    VPS_DEV: Preparing to unpack .../12-linux-generic_5.4.0.67.70_amd64.deb ...
    VPS_DEV: Unpacking linux-generic (5.4.0.67.70) ...
    VPS_DEV: Selecting previously unselected package thermald.
    VPS_DEV: Preparing to unpack .../13-thermald_1.9.1-1ubuntu0.3_amd64.deb ...
    VPS_DEV: Unpacking thermald (1.9.1-1ubuntu0.3) ..