 A compilação vai iniciar em 6 segundos... A compilação vai iniciar em 5 segundos... A compilação vai iniciar em 4 segundos... A compilação vai iniciar em 3 segundos... A compilação vai iniciar em 2 segundos... A compilação vai iniciar em 1 segundos... A compilação vai iniciar em 0 segundos...

Compilação iniciada seg 22 mar 2021 01:48:46

Detalhes do desktop:

Nome do modelo: AMD FX(tm)-8350 Eight-Core
Arquitetura: x86_64
Número de CPU(s): 8    
Virtualização: AMD-V    
Memória RAM: 16041 MiB 
Memória Virtual: 6166 MB
Modo(s) operacional da CPU: 32-bit, 64-bit

./compilar.sh
Bringing machine 'VPS_DEV' up with 'libvirt' provider...
==> VPS_DEV: Checking if box 'ubuntu/bionic64' version '20210319.0.0' is up to date...
==> VPS_DEV: Creating image (snapshot of base box volume).
==> VPS_DEV: Creating domain with the following settings...
==> VPS_DEV:  -- Name:              NEORICALEX_VPS_DEV
==> VPS_DEV:  -- Domain type:       kvm
==> VPS_DEV:  -- Cpus:              3
==> VPS_DEV:  -- Feature:           acpi
==> VPS_DEV:  -- Feature:           apic
==> VPS_DEV:  -- Feature:           pae
==> VPS_DEV:  -- Memory:            4096M
==> VPS_DEV:  -- Management MAC:    
==> VPS_DEV:  -- Loader:            
==> VPS_DEV:  -- Nvram:             
==> VPS_DEV:  -- Base box:          ubuntu/bionic64
==> VPS_DEV:  -- Storage pool:      default
==> VPS_DEV:  -- Image:             /var/lib/libvirt/images/NEORICALEX_VPS_DEV.img (40G)
==> VPS_DEV:  -- Volume Cache:      default
==> VPS_DEV:  -- Kernel:            
==> VPS_DEV:  -- Initrd:            
==> VPS_DEV:  -- Graphics Type:     vnc
==> VPS_DEV:  -- Graphics Port:     -1
==> VPS_DEV:  -- Graphics IP:       127.0.0.1
==> VPS_DEV:  -- Graphics Password: Not defined
==> VPS_DEV:  -- Video Type:        cirrus
==> VPS_DEV:  -- Video VRAM:        9216
==> VPS_DEV:  -- Sound Type:	
==> VPS_DEV:  -- Keymap:            en-us
==> VPS_DEV:  -- TPM Path:          
==> VPS_DEV:  -- INPUT:             type=mouse, bus=ps2
==> VPS_DEV: Creating shared folders metadata...
==> VPS_DEV: Starting domain.
==> VPS_DEV: Waiting for domain to get an IP address...
^C==> VPS_DEV: Waiting for cleanup before exiting...
==> VPS_DEV: Removing domain...
Vagrant exited after cleanup due to external interrupt.
==> VPS_DEV: Domain is not created. Please run `vagrant up` first.
