 A compilação vai iniciar em 4 segundos... A compilação vai iniciar em 3 segundos... A compilação vai iniciar em 2 segundos... A compilação vai iniciar em 1 segundos... A compilação vai iniciar em 0 segundos...

Compilação iniciada ter 23 mar 2021 11:25:01

Detalhes do desktop:

Nome do modelo: AMD FX(tm)-8350 Eight-Core
Arquitetura: x86_64
Número de CPU(s): 8    
Virtualização: AMD-V    
Memória RAM: 16041 MiB 
Memória Virtual: 3878 MB
Modo(s) operacional da CPU: 32-bit, 64-bit

chmod +x criar_box.sh
./criar_box.sh
==> Instalar os requerimentos da box...
==> Iniciando a box...
Welcome to Ubuntu 20.04.2 LTS (GNU/Linux 5.4.0-67-generic x86_64)

 * Documentation:  https://help.ubuntu.com
 * Management:     https://landscape.canonical.com
 * Support:        https://ubuntu.com/advantage

  System information as of Tue Mar 23 14:25:10 UTC 2021

  System load:  0.07              Processes:               139
  Usage of /:   8.9% of 48.41GB   Users logged in:         0
  Memory usage: 6%                IPv4 address for enp0s3: 10.0.2.15
  Swap usage:   0%                IPv4 address for virbr0: 192.168.122.1


0 updates can be installed immediately.
0 of these updates are security updates.


chmod +x compilar_iso.sh
./compilar_iso.sh
Iniciando a criação da imagem ISO do NFDOS 0.4.4 ...
Atualizar repositórios e instalar requerimentos...

WARNING: apt does not have a stable CLI interface. Use with caution in scripts.

Get:1 http://security.ubuntu.com/ubuntu focal-security InRelease [109 kB]
Hit:2 http://archive.ubuntu.com/ubuntu focal InRelease
Get:3 http://archive.ubuntu.com/ubuntu focal-updates InRelease [114 kB]
Get:4 http://archive.ubuntu.com/ubuntu focal-backports InRelease [101 kB]
Fetched 324 kB in 2s (161 kB/s)
Reading package lists...
Building dependency tree...
Reading state information...
All packages are up to date.

WARNING: apt does not have a stable CLI interface. Use with caution in scripts.

Reading package lists...
Building dependency tree...
Reading state information...
mtools is already the newest version (4.0.24-1).
squashfs-tools is already the newest version (1:4.4-1).
unzip is already the newest version (6.0-25ubuntu1).
whois is already the newest version (5.5.6).
moreutils is already the newest version (0.63-1).
xorriso is already the newest version (1.5.2-1).
binutils is already the newest version (2.34-6ubuntu1.1).
debootstrap is already the newest version (1.0.118ubuntu1.3).
grub-efi-amd64-bin is already the newest version (2.04-1ubuntu26.9).
grub-pc-bin is already the newest version (2.04-1ubuntu26.9).
jq is already the newest version (1.6-1ubuntu0.20.04.1).
0 upgraded, 0 newly installed, 0 to remove and 0 not upgraded.
Checkando se a /vagrant/nfdos existe
Checkando se a /vagrant/nfdos/core/nfdos.iso existe
A /vagrant/nfdos/core/nfdos.iso existe
Checkando se a /vagrant/nfdos/desktop/vagrant/NFDOS-0.4.4.box existe
A /vagrant/nfdos/desktop/vagrant/libvirt/NFDOS-0.4.4.box não existe. Criando ela...
Checkando o SHA256 da imagem ISO...
2021/03/23 14:25:25 [INFO] Packer version: 1.6.4 [go1.15.2 linux amd64]
2021/03/23 14:25:25 Checking 'PACKER_CONFIG' for a config file path
2021/03/23 14:25:25 'PACKER_CONFIG' not set; checking the default config file path
2021/03/23 14:25:25 Attempting to open config file: /home/vagrant/.packerconfig
2021/03/23 14:25:25 [WARN] Config file doesn't exist: /home/vagrant/.packerconfig
2021/03/23 14:25:25 Setting cache directory: /vagrant/nfdos/desktop/packer_cache
Running in background, not using a TTY
2021/03/23 14:25:25 Creating plugin client for path: /usr/local/bin/packer
2021/03/23 14:25:25 Starting plugin: /usr/local/bin/packer []string{"/usr/local/bin/packer", "plugin", "packer-builder-qemu"}
2021/03/23 14:25:25 Waiting for RPC address for: /usr/local/bin/packer
2021/03/23 14:25:25 packer-builder-qemu plugin: [INFO] Packer version: 1.6.4 [go1.15.2 linux amd64]
2021/03/23 14:25:25 packer-builder-qemu plugin: Checking 'PACKER_CONFIG' for a config file path
2021/03/23 14:25:25 packer-builder-qemu plugin: 'PACKER_CONFIG' not set; checking the default config file path
2021/03/23 14:25:25 packer-builder-qemu plugin: Attempting to open config file: /home/vagrant/.packerconfig
2021/03/23 14:25:25 packer-builder-qemu plugin: [WARN] Config file doesn't exist: /home/vagrant/.packerconfig
2021/03/23 14:25:25 packer-builder-qemu plugin: Setting cache directory: /vagrant/nfdos/desktop/packer_cache
2021/03/23 14:25:25 packer-builder-qemu plugin: args: []string{"packer-builder-qemu"}
2021/03/23 14:25:25 packer-builder-qemu plugin: Plugin address: unix /tmp/packer-plugin277549972
2021/03/23 14:25:25 packer-builder-qemu plugin: Waiting for connection...
2021/03/23 14:25:25 Received unix RPC address for /usr/local/bin/packer: addr is /tmp/packer-plugin277549972
2021/03/23 14:25:25 packer-builder-qemu plugin: Serving a plugin connection...
2021/03/23 14:25:25 Creating plugin client for path: /usr/local/bin/packer
2021/03/23 14:25:25 Starting plugin: /usr/local/bin/packer []string{"/usr/local/bin/packer", "plugin", "packer-provisioner-shell"}
2021/03/23 14:25:25 Waiting for RPC address for: /usr/local/bin/packer
2021/03/23 14:25:25 packer-provisioner-shell plugin: [INFO] Packer version: 1.6.4 [go1.15.2 linux amd64]
2021/03/23 14:25:25 packer-provisioner-shell plugin: Checking 'PACKER_CONFIG' for a config file path
2021/03/23 14:25:25 packer-provisioner-shell plugin: 'PACKER_CONFIG' not set; checking the default config file path
2021/03/23 14:25:25 packer-provisioner-shell plugin: Attempting to open config file: /home/vagrant/.packerconfig
2021/03/23 14:25:25 packer-provisioner-shell plugin: [WARN] Config file doesn't exist: /home/vagrant/.packerconfig
2021/03/23 14:25:25 packer-provisioner-shell plugin: Setting cache directory: /vagrant/nfdos/desktop/packer_cache
2021/03/23 14:25:25 packer-provisioner-shell plugin: args: []string{"packer-provisioner-shell"}
2021/03/23 14:25:25 packer-provisioner-shell plugin: Plugin address: unix /tmp/packer-plugin667969516
2021/03/23 14:25:25 packer-provisioner-shell plugin: Waiting for connection...
2021/03/23 14:25:25 Received unix RPC address for /usr/local/bin/packer: addr is /tmp/packer-plugin667969516
2021/03/23 14:25:25 packer-provisioner-shell plugin: Serving a plugin connection...
2021/03/23 14:25:25 Creating plugin client for path: /usr/local/bin/packer
2021/03/23 14:25:25 Starting plugin: /usr/local/bin/packer []string{"/usr/local/bin/packer", "plugin", "packer-post-processor-vagrant"}
2021/03/23 14:25:25 Waiting for RPC address for: /usr/local/bin/packer
2021/03/23 14:25:25 packer-post-processor-vagrant plugin: [INFO] Packer version: 1.6.4 [go1.15.2 linux amd64]
2021/03/23 14:25:25 packer-post-processor-vagrant plugin: Checking 'PACKER_CONFIG' for a config file path
2021/03/23 14:25:25 packer-post-processor-vagrant plugin: 'PACKER_CONFIG' not set; checking the default config file path
2021/03/23 14:25:25 packer-post-processor-vagrant plugin: Attempting to open config file: /home/vagrant/.packerconfig
2021/03/23 14:25:25 packer-post-processor-vagrant plugin: [WARN] Config file doesn't exist: /home/vagrant/.packerconfig
2021/03/23 14:25:25 packer-post-processor-vagrant plugin: Setting cache directory: /vagrant/nfdos/desktop/packer_cache
2021/03/23 14:25:25 packer-post-processor-vagrant plugin: args: []string{"packer-post-processor-vagrant"}
2021/03/23 14:25:25 Received unix RPC address for /usr/local/bin/packer: addr is /tmp/packer-plugin564944806
2021/03/23 14:25:25 packer-post-processor-vagrant plugin: Plugin address: unix /tmp/packer-plugin564944806
2021/03/23 14:25:25 packer-post-processor-vagrant plugin: Waiting for connection...
2021/03/23 14:25:25 packer-post-processor-vagrant plugin: Serving a plugin connection...
2021/03/23 14:25:25 Preparing build: NFDOS
2021/03/23 14:25:25 packer-builder-qemu plugin: use specified accelerator: kvm
2021/03/23 14:25:25 packer-builder-qemu plugin: MemorySize 0 is too small, using default: 512
2021/03/23 14:25:25 packer-builder-qemu plugin: CpuCount 0 too small, using default: 1
2021/03/23 14:25:25 Build debug mode: false
2021/03/23 14:25:25 Force build: false
2021/03/23 14:25:25 On error: 
2021/03/23 14:25:25 Waiting on builds to complete...
2021/03/23 14:25:25 Starting build run: NFDOS
2021/03/23 14:25:25 Running builder: qemu
2021/03/23 14:25:25 [INFO] (telemetry) Starting builder qemu
NFDOS: output will be in this color.

2021/03/23 14:25:25 packer-builder-qemu plugin: Qemu path: /usr/bin/qemu-system-x86_64, Qemu Image page: /usr/bin/qemu-img
==> NFDOS: Retrieving ISO
==> NFDOS: Trying ../core/nfdos.iso
2021/03/23 14:25:25 packer-builder-qemu plugin: Acquiring lock for: ../core/nfdos.iso?checksum=sha256%3Abd8ae8b659678def6458b5412827a2e7dea164a24426de45173f1b9823dbca1d (/vagrant/nfdos/desktop/packer_cache/5e55bb5ef83add448355c4777cc6cd8c06ffb28b.iso.lock)
==> NFDOS: Trying ../core/nfdos.iso?checksum=sha256%3Abd8ae8b659678def6458b5412827a2e7dea164a24426de45173f1b9823dbca1d
2021/03/23 14:25:35 packer-builder-qemu plugin: Leaving retrieve loop for ISO
==> NFDOS: ../core/nfdos.iso?checksum=sha256%3Abd8ae8b659678def6458b5412827a2e7dea164a24426de45173f1b9823dbca1d => /vagrant/nfdos/core/nfdos.iso
==> NFDOS: Creating required virtual machine disks
2021/03/23 14:25:35 packer-builder-qemu plugin: No floppy files specified. Floppy disk will not be made.
2021/03/23 14:25:35 packer-builder-qemu plugin: No CD files specified. CD disk will not be made.
2021/03/23 14:25:35 packer-builder-qemu plugin: [INFO] Creating disk with Path: libvirt/packer-NFDOS and Size: 25600M
2021/03/23 14:25:35 packer-builder-qemu plugin: Executing qemu-img: []string{"create", "-f", "qcow2", "libvirt/packer-NFDOS", "25600M"}
2021/03/23 14:25:35 packer-builder-qemu plugin: stdout: Formatting 'libvirt/packer-NFDOS', fmt=qcow2 size=26843545600 cluster_size=65536 lazy_refcounts=off refcount_bits=16
2021/03/23 14:25:35 packer-builder-qemu plugin: stderr:
==> NFDOS: Starting HTTP server on port 8533
2021/03/23 14:25:35 packer-builder-qemu plugin: Found available port: 8533 on IP: 0.0.0.0
2021/03/23 14:25:35 packer-builder-qemu plugin: Looking for available communicator (SSH, WinRM, etc) port between 2222 and 4444
==> NFDOS: Found port for communicator (SSH, WinRM, etc): 4268.
2021/03/23 14:25:35 packer-builder-qemu plugin: Found available port: 4268 on IP: 127.0.0.1
==> NFDOS: Looking for available port between 5900 and 6000 on 127.0.0.1
2021/03/23 14:25:35 packer-builder-qemu plugin: Looking for available port between 5900 and 6000 on 127.0.0.1
2021/03/23 14:25:35 packer-builder-qemu plugin: Found available port: 5930 on IP: 127.0.0.1
2021/03/23 14:25:35 packer-builder-qemu plugin: Found available VNC port: 5930 on IP: 127.0.0.1
==> NFDOS: Starting VM, booting from CD-ROM
2021/03/23 14:25:35 packer-builder-qemu plugin: Qemu --version output: QEMU emulator version 4.2.1 (Debian 1:4.2-3ubuntu6.14)
2021/03/23 14:25:35 packer-builder-qemu plugin: Copyright (c) 2003-2019 Fabrice Bellard and the QEMU Project developers
2021/03/23 14:25:35 packer-builder-qemu plugin: Qemu version: 4.2.1
    NFDOS: view the screen of the VM, connect via VNC without a password to
    NFDOS: vnc://127.0.0.1:5930
    NFDOS: The VM will be run headless, without a GUI. If you want to
2021/03/23 14:25:35 packer-builder-qemu plugin: Qemu Builder has no floppy files, not attaching a floppy.
    NFDOS: view the screen of the VM, connect via VNC without a password to
    NFDOS: vnc://127.0.0.1:5930
==> NFDOS: Overriding default Qemu arguments with QemuArgs...
2021/03/23 14:25:35 packer-builder-qemu plugin: Executing /usr/bin/qemu-system-x86_64: []string{"-machine", "type=pc,accel=kvm", "-drive", "file=libvirt/packer-NFDOS,if=virtio,cache=none,discard=ignore,format=qcow2", "-drive", "file=/vagrant/nfdos/core/nfdos.iso,index=0,media=cdrom", "-boot", "once=d", "-vnc", "127.0.0.1:30", "-smp", "1", "-name", "packer-NFDOS", "-netdev", "user,id=user.0,hostfwd=tcp::4268-:22", "-device", "virtio-net,netdev=user.0", "-m", "2048M"}
2021/03/23 14:25:35 packer-builder-qemu plugin: Started Qemu. Pid: 2757
==> NFDOS: Waiting 10m0s for boot...
^[[A^[[A^[[A^[[A^[[A==> NFDOS: Connecting to VM via VNC (127.0.0.1:5930)
2021/03/23 14:35:38 packer-builder-qemu plugin: Connected to VNC desktop: QEMU (packer-NFDOS)
==> NFDOS: Typing the boot command over VNC...
2021/03/23 14:35:38 packer-builder-qemu plugin: Special code '<tab>' found, replacing with: 0xFF09
2021/03/23 14:35:38 packer-builder-qemu plugin: Special code '<tab>' found, replacing with: 0xFF09
2021/03/23 14:35:38 packer-builder-qemu plugin: Special code '<tab>' found, replacing with: 0xFF09
2021/03/23 14:35:38 packer-builder-qemu plugin: Special code '<enter>' found, replacing with: 0xFF0D
2021/03/23 14:35:38 packer-builder-qemu plugin: [INFO] Waiting 30s
2021/03/23 14:36:08 packer-builder-qemu plugin: Special code '<tab>' found, replacing with: 0xFF09
2021/03/23 14:36:09 packer-builder-qemu plugin: Special code '<tab>' found, replacing with: 0xFF09
2021/03/23 14:36:09 packer-builder-qemu plugin: Special code '<tab>' found, replacing with: 0xFF09
2021/03/23 14:36:09 packer-builder-qemu plugin: Special code '<tab>' found, replacing with: 0xFF09
2021/03/23 14:36:09 packer-builder-qemu plugin: Special code '<tab>' found, replacing with: 0xFF09
2021/03/23 14:36:10 packer-builder-qemu plugin: Special code '<tab>' found, replacing with: 0xFF09
2021/03/23 14:36:10 packer-builder-qemu plugin: Special code '<enter>' found, replacing with: 0xFF0D
2021/03/23 14:36:10 packer-builder-qemu plugin: [INFO] Waiting 30s
2021/03/23 14:36:40 packer-builder-qemu plugin: Special code '<tab>' found, replacing with: 0xFF09
2021/03/23 14:36:40 packer-builder-qemu plugin: Special code '<tab>' found, replacing with: 0xFF09
2021/03/23 14:36:40 packer-builder-qemu plugin: Special code '<tab>' found, replacing with: 0xFF09
2021/03/23 14:36:41 packer-builder-qemu plugin: Special code '<tab>' found, replacing with: 0xFF09
2021/03/23 14:36:41 packer-builder-qemu plugin: Special code '<enter>' found, replacing with: 0xFF0D
2021/03/23 14:36:41 packer-builder-qemu plugin: [INFO] Waiting 10m0s
2021/03/23 14:46:41 packer-builder-qemu plugin: Special code '<tab>' found, replacing with: 0xFF09
2021/03/23 14:46:41 packer-builder-qemu plugin: Special code '<tab>' found, replacing with: 0xFF09
2021/03/23 14:46:41 packer-builder-qemu plugin: Special code '<tab>' found, replacing with: 0xFF09
2021/03/23 14:46:42 packer-builder-qemu plugin: Special code '<tab>' found, replacing with: 0xFF09
2021/03/23 14:46:42 packer-builder-qemu plugin: Special code '<tab>' found, replacing with: 0xFF09
2021/03/23 14:46:42 packer-builder-qemu plugin: Special code '<tab>' found, replacing with: 0xFF09
2021/03/23 14:46:42 packer-builder-qemu plugin: Special code '<tab>' found, replacing with: 0xFF09
2021/03/23 14:46:43 packer-builder-qemu plugin: Special code '<enter>' found, replacing with: 0xFF0D
2021/03/23 14:46:43 packer-builder-qemu plugin: [INFO] Waiting 1m0s
2021/03/23 14:47:43 packer-builder-qemu plugin: Special code '<tab>' found, replacing with: 0xFF09
2021/03/23 14:47:43 packer-builder-qemu plugin: Special code '<enter>' found, replacing with: 0xFF0D
2021/03/23 14:47:43 packer-builder-qemu plugin: [INFO] Waiting 30s
2021/03/23 14:48:13 packer-builder-qemu plugin: Special code '<tab>' found, replacing with: 0xFF09
2021/03/23 14:48:13 packer-builder-qemu plugin: Special code '<tab>' found, replacing with: 0xFF09
2021/03/23 14:48:14 packer-builder-qemu plugin: Special code '<tab>' found, replacing with: 0xFF09
2021/03/23 14:48:14 packer-builder-qemu plugin: Special code '<enter>' found, replacing with: 0xFF0D
2021/03/23 14:48:14 packer-builder-qemu plugin: [INFO] Waiting 30s
2021/03/23 14:48:44 packer-builder-qemu plugin: Special code '<tab>' found, replacing with: 0xFF09
2021/03/23 14:48:44 packer-builder-qemu plugin: Special code '<tab>' found, replacing with: 0xFF09
2021/03/23 14:48:44 packer-builder-qemu plugin: Special code '<tab>' found, replacing with: 0xFF09
2021/03/23 14:48:45 packer-builder-qemu plugin: [INFO] Waiting 1s
2021/03/23 14:48:46 packer-builder-qemu plugin: Sending char 'n', code 0x6E, shift false
2021/03/23 14:48:46 packer-builder-qemu plugin: Sending char 'e', code 0x65, shift false
2021/03/23 14:48:46 packer-builder-qemu plugin: Sending char 'o', code 0x6F, shift false
2021/03/23 14:48:46 packer-builder-qemu plugin: Sending char 'r', code 0x72, shift false
2021/03/23 14:48:47 packer-builder-qemu plugin: Sending char 'i', code 0x69, shift false
2021/03/23 14:48:47 packer-builder-qemu plugin: Sending char 'c', code 0x63, shift false
2021/03/23 14:48:47 packer-builder-qemu plugin: Sending char 'a', code 0x61, shift false
2021/03/23 14:48:47 packer-builder-qemu plugin: Sending char 'l', code 0x6C, shift false
2021/03/23 14:48:47 packer-builder-qemu plugin: Sending char 'e', code 0x65, shift false
2021/03/23 14:48:48 packer-builder-qemu plugin: Sending char 'x', code 0x78, shift false
2021/03/23 14:48:48 packer-builder-qemu plugin: Special code '<tab>' found, replacing with: 0xFF09
2021/03/23 14:48:48 packer-builder-qemu plugin: [INFO] Waiting 1s
2021/03/23 14:48:49 packer-builder-qemu plugin: Sending char 'n', code 0x6E, shift false
2021/03/23 14:48:49 packer-builder-qemu plugin: Sending char 'e', code 0x65, shift false
2021/03/23 14:48:49 packer-builder-qemu plugin: Sending char 'o', code 0x6F, shift false
2021/03/23 14:48:50 packer-builder-qemu plugin: Sending char 'r', code 0x72, shift false
2021/03/23 14:48:50 packer-builder-qemu plugin: Sending char 'i', code 0x69, shift false
2021/03/23 14:48:50 packer-builder-qemu plugin: Sending char 'c', code 0x63, shift false
2021/03/23 14:48:50 packer-builder-qemu plugin: Sending char 'a', code 0x61, shift false
2021/03/23 14:48:50 packer-builder-qemu plugin: Sending char 'l', code 0x6C, shift false
2021/03/23 14:48:51 packer-builder-qemu plugin: Sending char 'e', code 0x65, shift false
2021/03/23 14:48:51 packer-builder-qemu plugin: Sending char 'x', code 0x78, shift false
2021/03/23 14:48:51 packer-builder-qemu plugin: Special code '<tab>' found, replacing with: 0xFF09
2021/03/23 14:48:51 packer-builder-qemu plugin: Special code '<tab>' found, replacing with: 0xFF09
2021/03/23 14:48:51 packer-builder-qemu plugin: Special code '<enter>' found, replacing with: 0xFF0D
2021/03/23 14:48:52 packer-builder-qemu plugin: [INFO] Waiting 1h15m0s
    NFDOS: Not using a NetBridge -- skipping StepWaitGuestAddress
2021/03/23 16:03:52 packer-builder-qemu plugin: [INFO] Waiting for SSH, up to timeout: 30m0s
==> NFDOS: Using ssh communicator to connect: 127.0.0.1
==> NFDOS: Waiting for SSH to become available...
2021/03/23 16:03:52 packer-builder-qemu plugin: [INFO] Attempting SSH connection to 127.0.0.1:4268...
2021/03/23 16:03:52 packer-builder-qemu plugin: [DEBUG] reconnecting to TCP connection for SSH
2021/03/23 16:03:52 packer-builder-qemu plugin: [DEBUG] handshaking with SSH
==> NFDOS: Connected to SSH!
2021/03/23 16:03:52 packer-builder-qemu plugin: [DEBUG] handshake complete!
2021/03/23 16:03:52 packer-builder-qemu plugin: [INFO] no local agent socket, will not connect agent
2021/03/23 16:03:52 packer-builder-qemu plugin: Running the provision hook
2021/03/23 16:03:52 [INFO] (telemetry) Starting provisioner shell
==> NFDOS: Provisioning with shell script: homologacao.sh
2021/03/23 16:03:52 packer-provisioner-shell plugin: Opening homologacao.sh for reading
2021/03/23 16:03:52 packer-builder-qemu plugin: [DEBUG] Opening new ssh session
2021/03/23 16:03:52 packer-provisioner-shell plugin: [INFO] 59 bytes written for 'uploadData'
2021/03/23 16:03:52 [INFO] 59 bytes written for 'uploadData'
2021/03/23 16:03:54 packer-builder-qemu plugin: [DEBUG] Starting remote scp process:  scp -vt /tmp
2021/03/23 16:03:54 packer-builder-qemu plugin: [DEBUG] Started SCP session, beginning transfers...
2021/03/23 16:03:54 packer-builder-qemu plugin: [DEBUG] Copying input data into temporary file so we can read the length
2021/03/23 16:03:54 packer-builder-qemu plugin: [DEBUG] scp: Uploading script_6453.sh: perms=C0644 size=59
2021/03/23 16:03:54 packer-builder-qemu plugin: [DEBUG] SCP session complete, closing stdin pipe.
2021/03/23 16:03:54 packer-builder-qemu plugin: [DEBUG] Waiting for SSH session to complete.
2021/03/23 16:03:54 packer-builder-qemu plugin: [DEBUG] scp stderr (length 30): Sink: C0644 59 script_6453.sh
2021/03/23 16:03:54 packer-builder-qemu plugin: [DEBUG] Opening new ssh session
2021/03/23 16:03:54 packer-builder-qemu plugin: [DEBUG] starting remote command: chmod 0755 /tmp/script_6453.sh
2021/03/23 16:03:54 packer-builder-qemu plugin: [INFO] RPC endpoint: Communicator ended with: 0
2021/03/23 16:03:54 [INFO] RPC client: Communicator ended with: 0
2021/03/23 16:03:54 [INFO] RPC endpoint: Communicator ended with: 0
2021/03/23 16:03:54 packer-provisioner-shell plugin: [INFO] RPC client: Communicator ended with: 0
2021/03/23 16:03:54 packer-builder-qemu plugin: [DEBUG] Opening new ssh session
2021/03/23 16:03:54 packer-builder-qemu plugin: [DEBUG] starting remote command: echo 'neoricalex'|DEBIAN_FRONTEND='noninteractive' DISABLE_IPV6='true' PACKER_BUILDER_TYPE='qemu' PACKER_BUILD_NAME='NFDOS' PACKER_HTTP_ADDR='10.0.2.2:8533' PACKER_HTTP_IP='10.0.2.2' PACKER_HTTP_PORT='8533' SSH_PASSWORD='neoricalex' SSH_USERNAME='neo' UPDATE='true' http_proxy='' https_proxy='' no_proxy=''  sudo -E -S bash '/tmp/script_6453.sh'
    NFDOS: ==> O NFDOS foi instalado com sucesso!
2021/03/23 16:03:55 packer-builder-qemu plugin: [INFO] RPC endpoint: Communicator ended with: 0
2021/03/23 16:03:55 [INFO] 40 bytes written for 'stdout'
2021/03/23 16:03:55 [INFO] 0 bytes written for 'stderr'
2021/03/23 16:03:55 [INFO] RPC client: Communicator ended with: 0
2021/03/23 16:03:55 [INFO] RPC endpoint: Communicator ended with: 0
2021/03/23 16:03:55 packer-provisioner-shell plugin: [INFO] 40 bytes written for 'stdout'
2021/03/23 16:03:55 packer-provisioner-shell plugin: [INFO] 0 bytes written for 'stderr'
2021/03/23 16:03:55 packer-provisioner-shell plugin: [INFO] RPC client: Communicator ended with: 0
2021/03/23 16:03:55 packer-builder-qemu plugin: [DEBUG] Opening new ssh session
2021/03/23 16:03:55 packer-builder-qemu plugin: [DEBUG] starting remote command: rm -f /tmp/script_6453.sh
2021/03/23 16:03:55 packer-builder-qemu plugin: [INFO] RPC endpoint: Communicator ended with: 0
2021/03/23 16:03:55 [INFO] RPC client: Communicator ended with: 0
2021/03/23 16:03:55 [INFO] RPC endpoint: Communicator ended with: 0
2021/03/23 16:03:55 packer-provisioner-shell plugin: [INFO] RPC client: Communicator ended with: 0
2021/03/23 16:03:55 packer-builder-qemu plugin: [DEBUG] Opening new ssh session
2021/03/23 16:03:55 packer-builder-qemu plugin: [DEBUG] starting remote command: rm -f
2021/03/23 16:03:55 packer-builder-qemu plugin: [INFO] RPC endpoint: Communicator ended with: 0
2021/03/23 16:03:55 [INFO] RPC client: Communicator ended with: 0
2021/03/23 16:03:55 [INFO] RPC endpoint: Communicator ended with: 0
2021/03/23 16:03:55 packer-provisioner-shell plugin: [INFO] RPC client: Communicator ended with: 0
2021/03/23 16:03:55 [INFO] (telemetry) ending shell
==> NFDOS: Gracefully halting virtual machine...
2021/03/23 16:03:55 packer-builder-qemu plugin: Executing shutdown command: echo 'neoricalex' | sudo -S shutdown -P now
2021/03/23 16:03:55 packer-builder-qemu plugin: [DEBUG] Opening new ssh session
2021/03/23 16:03:55 packer-builder-qemu plugin: [DEBUG] starting remote command: echo 'neoricalex' | sudo -S shutdown -P now
2021/03/23 16:03:57 packer-builder-qemu plugin: [ERROR] Remote command exited without exit status or exit signal.
2021/03/23 16:03:57 packer-builder-qemu plugin: Waiting max 5m0s for shutdown to complete
==> NFDOS: Converting hard drive...
2021/03/23 16:04:01 packer-builder-qemu plugin: VM shut down.
2021/03/23 16:04:01 packer-builder-qemu plugin: Executing qemu-img: []string{"convert", "-O", "qcow2", "libvirt/packer-NFDOS", "libvirt/packer-NFDOS.convert"}
2021/03/23 16:04:34 packer-builder-qemu plugin: stdout:
2021/03/23 16:04:34 packer-builder-qemu plugin: stderr:
2021/03/23 16:04:35 packer-builder-qemu plugin: failed to unlock port lockfile: close tcp 127.0.0.1:5930: use of closed network connection
2021/03/23 16:04:35 packer-builder-qemu plugin: failed to unlock port lockfile: close tcp 127.0.0.1:4268: use of closed network connection
2021/03/23 16:04:35 [INFO] (telemetry) ending qemu
2021/03/23 16:04:35 [INFO] (telemetry) Starting post-processor vagrant
==> NFDOS: Running post-processor: vagrant
==> NFDOS (vagrant): Creating a dummy Vagrant box to ensure the host system can create one correctly
2021/03/23 16:04:35 packer-post-processor-vagrant plugin: Turning dir into box: /tmp/packer526522573 => /tmp/box-656676296.box
2021/03/23 16:04:35 packer-post-processor-vagrant plugin: Compressing with gzip compression level: 9
2021/03/23 16:04:35 packer-post-processor-vagrant plugin: Skipping directory '/tmp/packer526522573' for box '/tmp/box-656676296.box'
2021/03/23 16:04:35 packer-post-processor-vagrant plugin: Box add: '/tmp/packer526522573/metadata.json' to '/tmp/box-656676296.box'
==> NFDOS (vagrant): Creating Vagrant box for 'libvirt' provider
    NFDOS (vagrant): Copying from artifact: libvirt/packer-NFDOS
    NFDOS (vagrant): Compressing: Vagrantfile
    NFDOS (vagrant): Compressing: box.img
2021/03/23 16:05:04 packer-post-processor-vagrant plugin: Turning dir into box: /tmp/packer502574727 => vagrant/libvirt/NFDOS-0.4.4.box
2021/03/23 16:05:04 packer-post-processor-vagrant plugin: Compressing with gzip compression level: 9
2021/03/23 16:05:04 packer-post-processor-vagrant plugin: Skipping directory '/tmp/packer502574727' for box 'vagrant/libvirt/NFDOS-0.4.4.box'
2021/03/23 16:05:04 packer-post-processor-vagrant plugin: Box add: '/tmp/packer502574727/Vagrantfile' to 'vagrant/libvirt/NFDOS-0.4.4.box'
2021/03/23 16:05:04 packer-post-processor-vagrant plugin: Box add: '/tmp/packer502574727/box.img' to 'vagrant/libvirt/NFDOS-0.4.4.box'
2021/03/23 16:11:45 packer-post-processor-vagrant plugin: Box add: '/tmp/packer502574727/metadata.json' to 'vagrant/libvirt/NFDOS-0.4.4.box'
    NFDOS (vagrant): Compressing: metadata.json
2021/03/23 16:11:46 [INFO] (telemetry) ending vagrant
2021/03/23 16:11:46 Flagging to keep original artifact from post-processor 'vagrant'
Build 'NFDOS' finished after 1 hour 46 minutes.

==> Wait completed after 1 hour 46 minutes
==> Builds finished. The artifacts of successful builds are:
==> Wait completed after 1 hour 46 minutes

==> Builds finished. The artifacts of successful builds are:
2021/03/23 16:11:46 machine readable: NFDOS,artifact-count []string{"2"}
2021/03/23 16:11:46 machine readable: NFDOS,artifact []string{"0", "builder-id", "transcend.qemu"}
2021/03/23 16:11:46 machine readable: NFDOS,artifact []string{"0", "id", "VM"}
2021/03/23 16:11:46 machine readable: NFDOS,artifact []string{"0", "string", "VM files in directory: libvirt"}
--> NFDOS: VM files in directory: libvirt
2021/03/23 16:11:46 machine readable: NFDOS,artifact []string{"0", "files-count", "1"}
2021/03/23 16:11:46 machine readable: NFDOS,artifact []string{"0", "file", "0", "libvirt/packer-NFDOS"}
2021/03/23 16:11:46 machine readable: NFDOS,artifact []string{"0", "end"}
2021/03/23 16:11:46 machine readable: NFDOS,artifact []string{"1", "builder-id", "mitchellh.post-processor.vagrant"}
2021/03/23 16:11:46 machine readable: NFDOS,artifact []string{"1", "id", "libvirt"}
2021/03/23 16:11:46 machine readable: NFDOS,artifact []string{"1", "string", "'libvirt' provider box: vagrant/libvirt/NFDOS-0.4.4.box"}
2021/03/23 16:11:46 machine readable: NFDOS,artifact []string{"1", "files-count", "1"}
2021/03/23 16:11:46 machine readable: NFDOS,artifact []string{"1", "file", "0", "vagrant/libvirt/NFDOS-0.4.4.box"}
2021/03/23 16:11:46 machine readable: NFDOS,artifact []string{"1", "end"}
--> NFDOS: 'libvirt' provider box: vagrant/libvirt/NFDOS-0.4.4.box
2021/03/23 16:11:46 [INFO] (telemetry) Finalizing.
2021/03/23 16:11:48 waiting for all plugin processes to complete...
2021/03/23 16:11:48 /usr/local/bin/packer: plugin process exited
2021/03/23 16:11:48 /usr/local/bin/packer: plugin process exited
2021/03/23 16:11:48 /usr/local/bin/packer: plugin process exited
