 A compilação vai iniciar em 6 segundos... A compilação vai iniciar em 5 segundos... A compilação vai iniciar em 4 segundos... A compilação vai iniciar em 3 segundos... A compilação vai iniciar em 2 segundos... A compilação vai iniciar em 1 segundos... A compilação vai iniciar em 0 segundos...

Compilação iniciada seg 22 mar 2021 12:12:16

Detalhes do desktop:

Nome do modelo: AMD FX(tm)-8350 Eight-Core
Arquitetura: x86_64
Número de CPU(s): 8    
Virtualização: AMD-V    
Memória RAM: 16041 MiB 
Memória Virtual: 8602 MB
Modo(s) operacional da CPU: 32-bit, 64-bit

chmod +x criar_box.sh
./criar_box.sh
==> Atualizar os repositórios...
[sudo] senha para neo: 
0% [Trabalhando]                Atingido:1 http://br.archive.ubuntu.com/ubuntu focal InRelease
0% [Conectando a security.ubuntu.com] [Conectando em download.virtualbox.org (23.4.244.57)] [Conectando a brave-browser-apt-re                                                                                                                              Atingido:2 http://br.archive.ubuntu.com/ubuntu focal-updates InRelease
0% [Conectando a security.ubuntu.com] [Aguardando por cabeçalhos] [Conectando em brave-browser-apt-release.s3.brave.com (13.2                                                                                                                              Atingido:3 http://download.virtualbox.org/virtualbox/debian focal InRelease
0% [Aguardando por cabeçalhos] [Conectando a security.ubuntu.com] [Conectando em brave-browser-apt-release.s3.brave.com (13.2                                                                                                                              Atingido:4 http://br.archive.ubuntu.com/ubuntu focal-backports InRelease
0% [Conectando a security.ubuntu.com] [Connected to brave-browser-apt-release.s3.brave.com (13.227.99.26)] [Aguardando por cab                                                                                                                              Atingido:5 https://download.docker.com/linux/ubuntu focal InRelease
                                                                                                                              0% [Conectando a security.ubuntu.com] [Connected to brave-browser-apt-release.s3.brave.com (13.227.99.26)]                                                                                                          Atingido:6 https://brave-browser-apt-release.s3.brave.com stable InRelease
                                                                                                          0% [Conectando a security.ubuntu.com]0% [Conectando em security.ubuntu.com (91.189.88.152)]0% [Conectando em security.ubuntu.com (91.189.88.152)]                                                      0% [Aguardando por cabeçalhos]                               Atingido:7 http://security.ubuntu.com/ubuntu focal-security InRelease
                               0% [Trabalhando]0% [Trabalhando]0% [Trabalhando]0% [Trabalhando]20% [Trabalhando]                 Lendo listas de pacotes... 0%Lendo listas de pacotes... 0%Lendo listas de pacotes... 0%Lendo listas de pacotes... 3%Lendo listas de pacotes... 3%Lendo listas de pacotes... 5%Lendo listas de pacotes... 5%Lendo listas de pacotes... 6%Lendo listas de pacotes... 6%Lendo listas de pacotes... 7%Lendo listas de pacotes... 7%Lendo listas de pacotes... 9%Lendo listas de pacotes... 9%Lendo listas de pacotes... 9%Lendo listas de pacotes... 9%Lendo listas de pacotes... 9%Lendo listas de pacotes... 9%Lendo listas de pacotes... 9%Lendo listas de pacotes... 9%Lendo listas de pacotes... 9%Lendo listas de pacotes... 9%Lendo listas de pacotes... 9%Lendo listas de pacotes... 9%Lendo listas de pacotes... 39%Lendo listas de pacotes... 39%Lendo listas de pacotes... 55%Lendo listas de pacotes... 55%Lendo listas de pacotes... 57%Lendo listas de pacotes... 58%Lendo listas de pacotes... 58%Lendo listas de pacotes... 61%Lendo listas de pacotes... 61%Lendo listas de pacotes... 77%Lendo listas de pacotes... 77%Lendo listas de pacotes... 77%Lendo listas de pacotes... 77%Lendo listas de pacotes... 77%Lendo listas de pacotes... 77%Lendo listas de pacotes... 77%Lendo listas de pacotes... 77%Lendo listas de pacotes... 77%Lendo listas de pacotes... 77%Lendo listas de pacotes... 78%Lendo listas de pacotes... 78%Lendo listas de pacotes... 80%Lendo listas de pacotes... 80%Lendo listas de pacotes... 82%Lendo listas de pacotes... 82%Lendo listas de pacotes... 83%Lendo listas de pacotes... 83%Lendo listas de pacotes... 84%Lendo listas de pacotes... 84%Lendo listas de pacotes... 84%Lendo listas de pacotes... 84%Lendo listas de pacotes... 84%Lendo listas de pacotes... 84%Lendo listas de pacotes... 87%Lendo listas de pacotes... 87%Lendo listas de pacotes... 89%Lendo listas de pacotes... 89%Lendo listas de pacotes... 90%Lendo listas de pacotes... 90%Lendo listas de pacotes... 90%Lendo listas de pacotes... 90%Lendo listas de pacotes... 90%Lendo listas de pacotes... 90%Lendo listas de pacotes... 90%Lendo listas de pacotes... 90%Lendo listas de pacotes... 90%Lendo listas de pacotes... 90%Lendo listas de pacotes... 90%Lendo listas de pacotes... 90%Lendo listas de pacotes... 90%Lendo listas de pacotes... 90%Lendo listas de pacotes... 92%Lendo listas de pacotes... 92%Lendo listas de pacotes... 92%Lendo listas de pacotes... 92%Lendo listas de pacotes... 93%Lendo listas de pacotes... 93%Lendo listas de pacotes... 94%Lendo listas de pacotes... 94%Lendo listas de pacotes... 94%Lendo listas de pacotes... 94%Lendo listas de pacotes... 94%Lendo listas de pacotes... 94%Lendo listas de pacotes... 96%Lendo listas de pacotes... 96%Lendo listas de pacotes... 98%Lendo listas de pacotes... 98%Lendo listas de pacotes... 98%Lendo listas de pacotes... 98%Lendo listas de pacotes... 98%Lendo listas de pacotes... 98%Lendo listas de pacotes... 98%Lendo listas de pacotes... 98%Lendo listas de pacotes... 98%Lendo listas de pacotes... 98%Lendo listas de pacotes... 98%Lendo listas de pacotes... 98%Lendo listas de pacotes... 98%Lendo listas de pacotes... 98%Lendo listas de pacotes... 98%Lendo listas de pacotes... 98%Lendo listas de pacotes... Pronto
Construindo árvore de dependências... 0%Construindo árvore de dependências... 0%Construindo árvore de dependências... 0%Construindo árvore de dependências... 50%Construindo árvore de dependências... 50%Construindo árvore de dependências       
Lendo informação de estado... 0%  Lendo informação de estado... 0%Lendo informação de estado... Pronto
9 packages can be upgraded. Run 'apt list --upgradable' to see them.
==> Instalar o VirtualBox
Lendo listas de pacotes... 0%Lendo listas de pacotes... 100%Lendo listas de pacotes... Pronto
Construindo árvore de dependências... 0%Construindo árvore de dependências... 0%Construindo árvore de dependências... 50%Construindo árvore de dependências... 50%Construindo árvore de dependências       
Lendo informação de estado... 0%  Lendo informação de estado... 0%Lendo informação de estado... Pronto
virtualbox is already the newest version (6.1.16-dfsg-6~ubuntu1.20.04.1).
0 pacotes atualizados, 0 pacotes novos instalados, 0 a serem removidos e 9 não atualizados.
Lendo listas de pacotes... 0%Lendo listas de pacotes... 100%Lendo listas de pacotes... Pronto
Construindo árvore de dependências... 0%Construindo árvore de dependências... 0%Construindo árvore de dependências... 50%Construindo árvore de dependências... 50%Construindo árvore de dependências       
Lendo informação de estado... 0%  Lendo informação de estado... 0%Lendo informação de estado... Pronto
virtualbox-guest-dkms is already the newest version (6.1.16-dfsg-6~ubuntu1.20.04.1).
virtualbox-guest-x11 is already the newest version (6.1.16-dfsg-6~ubuntu1.20.04.1).
0 pacotes atualizados, 0 pacotes novos instalados, 0 a serem removidos e 9 não atualizados.
Lendo listas de pacotes... 0%Lendo listas de pacotes... 100%Lendo listas de pacotes... Pronto
Construindo árvore de dependências... 0%Construindo árvore de dependências... 0%Construindo árvore de dependências... 50%Construindo árvore de dependências... 50%Construindo árvore de dependências       
Lendo informação de estado... 0%  Lendo informação de estado... 0%Lendo informação de estado... Pronto
virtualbox-guest-additions-iso is already the newest version (6.1.16-1~ubuntu1.20.04.1).
0 pacotes atualizados, 0 pacotes novos instalados, 0 a serem removidos e 9 não atualizados.
==> Instalar o Extension Pack do VirtualBox
--2021-03-22 12:12:27--  https://download.virtualbox.org/virtualbox/6.1.18/Oracle_VM_VirtualBox_Extension_Pack-6.1.18.vbox-extpack
Resolvendo download.virtualbox.org (download.virtualbox.org)... 23.4.244.57
Conectando-se a download.virtualbox.org (download.virtualbox.org)|23.4.244.57|:443... conectado.
A requisição HTTP foi enviada, aguardando resposta... 200 OK
Tamanho: 11157510 (11M) [text/plain]
Salvando em: “Oracle_VM_VirtualBox_Extension_Pack-6.1.18.vbox-extpack.3”

                Oracle_VM_Virtu   0%[                                                       ]       0  --.-KB/s                              Oracle_VM_Virtua  19%[=========>                                             ]   2,06M  10,3MB/s                             Oracle_VM_Virtual  40%[=====================>                                 ]   4,31M  10,7MB/s                            Oracle_VM_VirtualB  61%[================================>                      ]   6,56M  10,9MB/s                           Oracle_VM_VirtualBo  82%[============================================>          ]   8,81M  11,0MB/s               Oracle_VM_VirtualBox_Extension_ 100%[======================================================>]  10,64M  11,0MB/s    em 1,0s    

2021-03-22 12:12:28 (11,0 MB/s) - “Oracle_VM_VirtualBox_Extension_Pack-6.1.18.vbox-extpack.3” salvo [11157510/11157510]

License accepted.
0%...10%...20%...30%...40%...50%...60%...70%...80%...90%...100%
Successfully installed "Oracle VM VirtualBox Extension Pack".
==> Download Vagrant & Instalar
2021-03-22 12:12:34 URL:https://releases.hashicorp.com/vagrant/2.2.9/vagrant_2.2.9_x86_64.deb [42978828/42978828] -> "vagrant_2.2.9_x86_64.deb" [1]
(Lendo banco de dados ... (Lendo banco de dados ... 5%(Lendo banco de dados ... 10%(Lendo banco de dados ... 15%(Lendo banco de dados ... 20%(Lendo banco de dados ... 25%(Lendo banco de dados ... 30%(Lendo banco de dados ... 35%(Lendo banco de dados ... 40%(Lendo banco de dados ... 45%(Lendo banco de dados ... 50%(Lendo banco de dados ... 55%(Lendo banco de dados ... 60%(Lendo banco de dados ... 65%(Lendo banco de dados ... 70%(Lendo banco de dados ... 75%(Lendo banco de dados ... 80%(Lendo banco de dados ... 85%(Lendo banco de dados ... 90%(Lendo banco de dados ... 95%(Lendo banco de dados ... 100%(Lendo banco de dados ... 237073 ficheiros e directórios actualmente instalados.)
A preparar para desempacotar vagrant_2.2.9_x86_64.deb ...
A descompactar vagrant (1:2.2.9) sobre (1:2.2.9) ...
Configurando vagrant (1:2.2.9) ...
==> Instalar plugins do Vagrant
Installing the 'vagrant-libvirt' plugin. This can take a few minutes...
Building native extensions. This could take a while...
Building native extensions. This could take a while...
Fetching vagrant-libvirt-0.4.0.gem
Successfully uninstalled vagrant-libvirt-0.3.0
Installed the plugin 'vagrant-libvirt (0.4.0)'!
Installing the 'vagrant-disksize' plugin. This can take a few minutes...
Building native extensions. This could take a while...
Building native extensions. This could take a while...
Installed the plugin 'vagrant-disksize (0.1.3)'!
Installing the 'vagrant-mutate' plugin. This can take a few minutes...
Building native extensions. This could take a while...
Building native extensions. This could take a while...
Installed the plugin 'vagrant-mutate (1.2.0)'!
==> Removendo pacotes do Ubuntu desnecessários
E: Não foi possível abrir arquivo de trava /var/lib/dpkg/lock-frontend - open (13: Permissão negada)
E: Unable to acquire the dpkg frontend lock (/var/lib/dpkg/lock-frontend), are you root?
==> Iniciando a box...
Bringing machine 'VPS_DEV' up with 'libvirt' provider...
==> VPS_DEV: Checking if box 'generic/ubuntu1804' version '3.2.10' is up to date...
==> VPS_DEV: Starting domain.
There was an error talking to Libvirt. The error message is shown
below:

Call to virDomainCreateWithFlags failed: internal error: process exited while connecting to monitor: ioctl(KVM_CREATE_VM) failed: 16 Device or resource busy
2021-03-22T15:17:57.651377Z qemu-system-x86_64: failed to initialize KVM: Device or resource busy
==> VPS_DEV: Domain is not running. Please run `vagrant up` or `vagrant resume` first.
