Bringing machine 'VPS_DEV' up with 'libvirt' provider...
==> VPS_DEV: Checking if box 'generic/ubuntu1804' version '3.2.10' is up to date...
==> VPS_DEV: Creating image (snapshot of base box volume).
==> VPS_DEV: Creating domain with the following settings...
==> VPS_DEV:  -- Name:              NEORICALEX_VPS_DEV
==> VPS_DEV:  -- Domain type:       kvm
==> VPS_DEV:  -- Cpus:              3
==> VPS_DEV:  -- Feature:           acpi
==> VPS_DEV:  -- Feature:           apic
==> VPS_DEV:  -- Feature:           pae
==> VPS_DEV:  -- Memory:            4096M
==> VPS_DEV:  -- Management MAC:    
==> VPS_DEV:  -- Loader:            
==> VPS_DEV:  -- Nvram:             
==> VPS_DEV:  -- Base box:          generic/ubuntu1804
==> VPS_DEV:  -- Storage pool:      default
==> VPS_DEV:  -- Image:             /var/lib/libvirt/images/NEORICALEX_VPS_DEV.img (128G)
==> VPS_DEV:  -- Volume Cache:      default
==> VPS_DEV:  -- Kernel:            
==> VPS_DEV:  -- Initrd:            
==> VPS_DEV:  -- Graphics Type:     vnc
==> VPS_DEV:  -- Graphics Port:     -1
==> VPS_DEV:  -- Graphics IP:       127.0.0.1
==> VPS_DEV:  -- Graphics Password: Not defined
==> VPS_DEV:  -- Video Type:        cirrus
==> VPS_DEV:  -- Video VRAM:        256
==> VPS_DEV:  -- Sound Type:	
==> VPS_DEV:  -- Keymap:            en-us
==> VPS_DEV:  -- TPM Path:          
==> VPS_DEV:  -- INPUT:             type=mouse, bus=ps2
==> VPS_DEV: Creating shared folders metadata...
==> VPS_DEV: Starting domain.
==> VPS_DEV: Waiting for domain to get an IP address...
==> VPS_DEV: Waiting for SSH to become available...
    VPS_DEV: 
    VPS_DEV: Vagrant insecure key detected. Vagrant will automatically replace
    VPS_DEV: this with a newly generated keypair for better security.
    VPS_DEV: 
    VPS_DEV: Inserting generated public key within guest...
    VPS_DEV: Removing insecure key from the guest if it's present...
    VPS_DEV: Key inserted! Disconnecting and reconnecting using new SSH key...
==> VPS_DEV: Rsyncing folder: /home/neo/Público/src/vps/ => /vagrant
==> VPS_DEV: Removing domain...
Traceback (most recent call last):
	69: from /opt/vagrant/embedded/gems/2.2.9/gems/vagrant-2.2.9/lib/vagrant/batch_action.rb:86:in `block (2 levels) in run'
	68: from /opt/vagrant/embedded/gems/2.2.9/gems/vagrant-2.2.9/lib/vagrant/machine.rb:198:in `action'
	67: from /opt/vagrant/embedded/gems/2.2.9/gems/vagrant-2.2.9/lib/vagrant/machine.rb:198:in `call'
	66: from /opt/vagrant/embedded/gems/2.2.9/gems/vagrant-2.2.9/lib/vagrant/environment.rb:613:in `lock'
	65: from /opt/vagrant/embedded/gems/2.2.9/gems/vagrant-2.2.9/lib/vagrant/machine.rb:212:in `block in action'
	64: from /opt/vagrant/embedded/gems/2.2.9/gems/vagrant-2.2.9/lib/vagrant/machine.rb:240:in `action_raw'
	63: from /opt/vagrant/embedded/gems/2.2.9/gems/vagrant-2.2.9/lib/vagrant/action/runner.rb:89:in `run'
	62: from /opt/vagrant/embedded/gems/2.2.9/gems/vagrant-2.2.9/lib/vagrant/util/busy.rb:19:in `busy'
	61: from /opt/vagrant/embedded/gems/2.2.9/gems/vagrant-2.2.9/lib/vagrant/action/runner.rb:89:in `block in run'
	60: from /opt/vagrant/embedded/gems/2.2.9/gems/vagrant-2.2.9/lib/vagrant/action/builder.rb:116:in `call'
	59: from /opt/vagrant/embedded/gems/2.2.9/gems/vagrant-2.2.9/lib/vagrant/action/warden.rb:48:in `call'
	58: from /opt/vagrant/embedded/gems/2.2.9/gems/vagrant-2.2.9/lib/vagrant/action/builtin/config_validate.rb:25:in `call'
	57: from /opt/vagrant/embedded/gems/2.2.9/gems/vagrant-2.2.9/lib/vagrant/action/warden.rb:48:in `call'
	56: from /opt/vagrant/embedded/gems/2.2.9/gems/vagrant-2.2.9/lib/vagrant/action/builtin/box_check_outdated.rb:92:in `call'
	55: from /opt/vagrant/embedded/gems/2.2.9/gems/vagrant-2.2.9/lib/vagrant/action/warden.rb:48:in `call'
	54: from /opt/vagrant/embedded/gems/2.2.9/gems/vagrant-2.2.9/lib/vagrant/action/builtin/call.rb:53:in `call'
	53: from /opt/vagrant/embedded/gems/2.2.9/gems/vagrant-2.2.9/lib/vagrant/action/runner.rb:89:in `run'
	52: from /opt/vagrant/embedded/gems/2.2.9/gems/vagrant-2.2.9/lib/vagrant/util/busy.rb:19:in `busy'
	51: from /opt/vagrant/embedded/gems/2.2.9/gems/vagrant-2.2.9/lib/vagrant/action/runner.rb:89:in `block in run'
	50: from /opt/vagrant/embedded/gems/2.2.9/gems/vagrant-2.2.9/lib/vagrant/action/builder.rb:116:in `call'
	49: from /opt/vagrant/embedded/gems/2.2.9/gems/vagrant-2.2.9/lib/vagrant/action/warden.rb:48:in `call'
	48: from /opt/vagrant/embedded/gems/2.2.9/gems/vagrant-2.2.9/lib/vagrant/action/warden.rb:107:in `block in finalize_action'
	47: from /opt/vagrant/embedded/gems/2.2.9/gems/vagrant-2.2.9/lib/vagrant/action/warden.rb:48:in `call'
	46: from /home/neo/.vagrant.d/gems/2.6.6/gems/vagrant-libvirt-0.3.0/lib/vagrant-libvirt/action/set_name_of_domain.rb:32:in `call'
	45: from /opt/vagrant/embedded/gems/2.2.9/gems/vagrant-2.2.9/lib/vagrant/action/warden.rb:48:in `call'
	44: from /home/neo/.vagrant.d/gems/2.6.6/gems/vagrant-libvirt-0.3.0/lib/vagrant-libvirt/action/handle_storage_pool.rb:57:in `call'
	43: from /opt/vagrant/embedded/gems/2.2.9/gems/vagrant-2.2.9/lib/vagrant/action/warden.rb:48:in `call'
	42: from /opt/vagrant/embedded/gems/2.2.9/gems/vagrant-2.2.9/lib/vagrant/action/builtin/handle_box.rb:56:in `call'
	41: from /opt/vagrant/embedded/gems/2.2.9/gems/vagrant-2.2.9/lib/vagrant/action/warden.rb:48:in `call'
	40: from /home/neo/.vagrant.d/gems/2.6.6/gems/vagrant-libvirt-0.3.0/lib/vagrant-libvirt/action/handle_box_image.rb:127:in `call'
	39: from /opt/vagrant/embedded/gems/2.2.9/gems/vagrant-2.2.9/lib/vagrant/action/warden.rb:48:in `call'
	38: from /home/neo/.vagrant.d/gems/2.6.6/gems/vagrant-libvirt-0.3.0/lib/vagrant-libvirt/action/create_domain_volume.rb:87:in `call'
	37: from /opt/vagrant/embedded/gems/2.2.9/gems/vagrant-2.2.9/lib/vagrant/action/warden.rb:48:in `call'
	36: from /home/neo/.vagrant.d/gems/2.6.6/gems/vagrant-libvirt-0.3.0/lib/vagrant-libvirt/action/create_domain.rb:374:in `call'
	35: from /opt/vagrant/embedded/gems/2.2.9/gems/vagrant-2.2.9/lib/vagrant/action/warden.rb:48:in `call'
	34: from /home/neo/.vagrant.d/gems/2.6.6/gems/vagrant-bindfs-1.1.8/lib/vagrant-bindfs/vagrant/actions/mounter.rb:21:in `call'
	33: from /opt/vagrant/embedded/gems/2.2.9/gems/vagrant-2.2.9/lib/vagrant/action/warden.rb:48:in `call'
	32: from /opt/vagrant/embedded/gems/2.2.9/gems/vagrant-2.2.9/lib/vagrant/action/builtin/provision.rb:80:in `call'
	31: from /opt/vagrant/embedded/gems/2.2.9/gems/vagrant-2.2.9/lib/vagrant/action/warden.rb:48:in `call'
	30: from /home/neo/.vagrant.d/gems/2.6.6/gems/vagrant-libvirt-0.3.0/lib/vagrant-libvirt/action/prepare_nfs_valid_ids.rb:12:in `call'
	29: from /opt/vagrant/embedded/gems/2.2.9/gems/vagrant-2.2.9/lib/vagrant/action/warden.rb:48:in `call'
	28: from /opt/vagrant/embedded/gems/2.2.9/gems/vagrant-2.2.9/plugins/synced_folders/nfs/action_cleanup.rb:25:in `call'
	27: from /opt/vagrant/embedded/gems/2.2.9/gems/vagrant-2.2.9/lib/vagrant/action/warden.rb:48:in `call'
	26: from /opt/vagrant/embedded/gems/2.2.9/gems/vagrant-2.2.9/lib/vagrant/action/builtin/synced_folder_cleanup.rb:28:in `call'
	25: from /opt/vagrant/embedded/gems/2.2.9/gems/vagrant-2.2.9/lib/vagrant/action/warden.rb:48:in `call'
	24: from /opt/vagrant/embedded/gems/2.2.9/gems/vagrant-2.2.9/lib/vagrant/action/builtin/delayed.rb:19:in `call'
	23: from /opt/vagrant/embedded/gems/2.2.9/gems/vagrant-2.2.9/lib/vagrant/action/warden.rb:48:in `call'
	22: from /home/neo/.vagrant.d/gems/2.6.6/gems/vagrant-bindfs-1.1.8/lib/vagrant-bindfs/vagrant/actions/mounter.rb:21:in `call'
	21: from /opt/vagrant/embedded/gems/2.2.9/gems/vagrant-2.2.9/lib/vagrant/action/warden.rb:48:in `call'
	20: from /home/neo/.vagrant.d/gems/2.6.6/gems/vagrant-bindfs-1.1.8/lib/vagrant-bindfs/vagrant/actions/installer.rb:19:in `call'
	19: from /opt/vagrant/embedded/gems/2.2.9/gems/vagrant-2.2.9/lib/vagrant/action/warden.rb:48:in `call'
	18: from /opt/vagrant/embedded/gems/2.2.9/gems/vagrant-2.2.9/lib/vagrant/action/builtin/synced_folders.rb:90:in `call'
	17: from /opt/vagrant/embedded/gems/2.2.9/gems/vagrant-2.2.9/lib/vagrant/action/builtin/synced_folders.rb:90:in `each'
	16: from /opt/vagrant/embedded/gems/2.2.9/gems/vagrant-2.2.9/lib/vagrant/action/builtin/synced_folders.rb:93:in `block in call'
	15: from /opt/vagrant/embedded/gems/2.2.9/gems/vagrant-2.2.9/plugins/synced_folders/rsync/synced_folder.rb:47:in `enable'
	14: from /opt/vagrant/embedded/gems/2.2.9/gems/vagrant-2.2.9/plugins/synced_folders/rsync/synced_folder.rb:47:in `each'
	13: from /opt/vagrant/embedded/gems/2.2.9/gems/vagrant-2.2.9/plugins/synced_folders/rsync/synced_folder.rb:48:in `block in enable'
	12: from /opt/vagrant/embedded/gems/2.2.9/gems/vagrant-2.2.9/plugins/synced_folders/rsync/helper.rb:223:in `rsync_single'
	11: from /opt/vagrant/embedded/gems/2.2.9/gems/vagrant-2.2.9/plugins/synced_folders/rsync/helper.rb:223:in `raise'
	10: from /opt/vagrant/embedded/gems/2.2.9/gems/vagrant-2.2.9/plugins/synced_folders/rsync/helper.rb:223:in `exception'
	 9: from /opt/vagrant/embedded/gems/2.2.9/gems/vagrant-2.2.9/lib/vagrant/errors.rb:72:in `initialize'
	 8: from /opt/vagrant/embedded/gems/2.2.9/gems/vagrant-2.2.9/lib/vagrant/errors.rb:103:in `translate_error'
	 7: from /opt/vagrant/embedded/gems/2.2.9/gems/i18n-1.8.2/lib/i18n.rb:202:in `translate'
	 6: from /opt/vagrant/embedded/gems/2.2.9/gems/i18n-1.8.2/lib/i18n.rb:202:in `catch'
	 5: from /opt/vagrant/embedded/gems/2.2.9/gems/i18n-1.8.2/lib/i18n.rb:206:in `block in translate'
	 4: from /opt/vagrant/embedded/gems/2.2.9/gems/i18n-1.8.2/lib/i18n/backend/base.rb:61:in `translate'
	 3: from /opt/vagrant/embedded/gems/2.2.9/gems/i18n-1.8.2/lib/i18n/backend/base.rb:187:in `interpolate'
	 2: from /opt/vagrant/embedded/gems/2.2.9/gems/i18n-1.8.2/lib/i18n/interpolate/ruby.rb:19:in `interpolate'
	 1: from /opt/vagrant/embedded/gems/2.2.9/gems/i18n-1.8.2/lib/i18n/interpolate/ruby.rb:23:in `interpolate_hash'
/opt/vagrant/embedded/gems/2.2.9/gems/i18n-1.8.2/lib/i18n/interpolate/ruby.rb:23:in `gsub': incompatible character encodings: UTF-8 and ASCII-8BIT (Encoding::CompatibilityError)
==> VPS_DEV: Domain is not created. Please run `vagrant up` first.
