 A compilação vai iniciar em 6 segundos... A compilação vai iniciar em 5 segundos... A compilação vai iniciar em 4 segundos... A compilação vai iniciar em 3 segundos... A compilação vai iniciar em 2 segundos... A compilação vai iniciar em 1 segundos... A compilação vai iniciar em 0 segundos...

Compilação iniciada seg 22 mar 2021 16:24:50

Detalhes do desktop:

Nome do modelo: AMD FX(tm)-8350 Eight-Core
Arquitetura: x86_64
Número de CPU(s): 8    
Virtualização: AMD-V    
Memória RAM: 16041 MiB 
Memória Virtual: 8769 MB
Modo(s) operacional da CPU: 32-bit, 64-bit

chmod +x criar_box.sh
./criar_box.sh
==> Instalar os requerimentos da box...
==> Iniciando a box...
Welcome to Ubuntu 18.04.5 LTS (GNU/Linux 4.15.0-139-generic x86_64)

 * Documentation:  https://help.ubuntu.com
 * Management:     https://landscape.canonical.com
 * Support:        https://ubuntu.com/advantage

  System information as of Mon Mar 22 19:24:58 UTC 2021

  System load:  0.04              Processes:             110
  Usage of /:   4.2% of 48.41GB   Users logged in:       0
  Memory usage: 4%                IP address for enp0s3: 10.0.2.15
  Swap usage:   0%


0 packages can be updated.
0 of these updates are security updates.

New release '20.04.2 LTS' available.
Run 'do-release-upgrade' to upgrade to it.


chmod +x criar_iso.sh
./criar_iso.sh
Iniciando a criação da imagem ISO do NFDOS 0.4.4 ...
Atualizar repositórios e instalar requerimentos...

WARNING: apt does not have a stable CLI interface. Use with caution in scripts.

Hit:1 http://security.ubuntu.com/ubuntu bionic-security InRelease
Hit:2 http://archive.ubuntu.com/ubuntu bionic InRelease
Hit:3 http://archive.ubuntu.com/ubuntu bionic-updates InRelease
Hit:4 http://archive.ubuntu.com/ubuntu bionic-backports InRelease
Reading package lists...
Building dependency tree...
Reading state information...
All packages are up to date.

WARNING: apt does not have a stable CLI interface. Use with caution in scripts.

Reading package lists...
Building dependency tree...
Reading state information...
binutils is already the newest version (2.30-21ubuntu1~18.04.5).
binutils set to manually installed.
grub-pc-bin is already the newest version (2.02-2ubuntu8.21).
grub-pc-bin set to manually installed.
squashfs-tools is already the newest version (1:4.3-6ubuntu0.18.04.1).
squashfs-tools set to manually installed.
The following additional packages will be installed:
  efibootmgr libburn4 libefiboot1 libefivar1 libio-pty-perl libipc-run-perl
  libisoburn1 libisofs6 libjq1 libjte1 libonig4
Suggested packages:
  ubuntu-archive-keyring libtime-duration-perl libtimedate-perl floppyd zip
  jigit cdck
The following NEW packages will be installed:
  debootstrap efibootmgr grub-efi-amd64-bin jq libburn4 libefiboot1 libefivar1
  libio-pty-perl libipc-run-perl libisoburn1 libisofs6 libjq1 libjte1 libonig4
  moreutils mtools unzip whois xorriso
0 upgraded, 19 newly installed, 0 to remove and 0 not upgraded.
Need to get 2631 kB of archives.
After this operation, 8254 kB of additional disk space will be used.
Get:1 http://archive.ubuntu.com/ubuntu bionic/main amd64 libefivar1 amd64 34-1 [46.2 kB]
Get:2 http://archive.ubuntu.com/ubuntu bionic/main amd64 libefiboot1 amd64 34-1 [23.5 kB]
Get:3 http://archive.ubuntu.com/ubuntu bionic/main amd64 efibootmgr amd64 15-1 [28.2 kB]
Get:4 http://archive.ubuntu.com/ubuntu bionic/universe amd64 libonig4 amd64 6.7.0-1 [119 kB]
Get:5 http://archive.ubuntu.com/ubuntu bionic/universe amd64 libjq1 amd64 1.5+dfsg-2 [111 kB]
Get:6 http://archive.ubuntu.com/ubuntu bionic/universe amd64 jq amd64 1.5+dfsg-2 [45.6 kB]
Get:7 http://archive.ubuntu.com/ubuntu bionic/universe amd64 libburn4 amd64 1.4.8-1 [146 kB]
Get:8 http://archive.ubuntu.com/ubuntu bionic/main amd64 libio-pty-perl amd64 1:1.08-1.1build4 [30.1 kB]
Get:9 http://archive.ubuntu.com/ubuntu bionic/main amd64 libipc-run-perl all 0.96-1 [89.9 kB]
Get:10 http://archive.ubuntu.com/ubuntu bionic/main amd64 libjte1 amd64 1.20-2ubuntu2 [25.1 kB]
Get:11 http://archive.ubuntu.com/ubuntu bionic/universe amd64 libisofs6 amd64 1.4.8-1 [189 kB]
Get:12 http://archive.ubuntu.com/ubuntu bionic/universe amd64 libisoburn1 amd64 1.4.8-3 [363 kB]
Get:13 http://archive.ubuntu.com/ubuntu bionic/universe amd64 moreutils amd64 0.60-1 [57.7 kB]
Get:14 http://archive.ubuntu.com/ubuntu bionic/main amd64 mtools amd64 4.0.18-2ubuntu1 [177 kB]
Get:15 http://archive.ubuntu.com/ubuntu bionic-updates/main amd64 unzip amd64 6.0-21ubuntu1.1 [168 kB]
Get:16 http://archive.ubuntu.com/ubuntu bionic/main amd64 whois amd64 5.3.0 [43.7 kB]
Get:17 http://archive.ubuntu.com/ubuntu bionic/universe amd64 xorriso amd64 1.4.8-3 [276 kB]
Get:18 http://archive.ubuntu.com/ubuntu bionic-updates/main amd64 debootstrap all 1.0.95ubuntu0.8 [35.3 kB]
Get:19 http://archive.ubuntu.com/ubuntu bionic-updates/main amd64 grub-efi-amd64-bin amd64 2.02-2ubuntu8.21 [656 kB]
debconf: unable to initialize frontend: Dialog
debconf: (Dialog frontend will not work on a dumb terminal, an emacs shell buffer, or without a controlling terminal.)
debconf: falling back to frontend: Readline
debconf: unable to initialize frontend: Readline
debconf: (This frontend requires a controlling tty.)
debconf: falling back to frontend: Teletype
dpkg-preconfigure: unable to re-open stdin: 
Fetched 2631 kB in 2s (1135 kB/s)
Selecting previously unselected package libefivar1:amd64.
(Reading database ... (Reading database ... 5%(Reading database ... 10%(Reading database ... 15%(Reading database ... 20%(Reading database ... 25%(Reading database ... 30%(Reading database ... 35%(Reading database ... 40%(Reading database ... 45%(Reading database ... 50%(Reading database ... 55%(Reading database ... 60%(Reading database ... 65%(Reading database ... 70%(Reading database ... 75%(Reading database ... 80%(Reading database ... 85%(Reading database ... 90%(Reading database ... 95%(Reading database ... 100%(Reading database ... 72968 files and directories currently installed.)
Preparing to unpack .../00-libefivar1_34-1_amd64.deb ...
Unpacking libefivar1:amd64 (34-1) ...
Selecting previously unselected package libefiboot1:amd64.
Preparing to unpack .../01-libefiboot1_34-1_amd64.deb ...
Unpacking libefiboot1:amd64 (34-1) ...
Selecting previously unselected package efibootmgr.
Preparing to unpack .../02-efibootmgr_15-1_amd64.deb ...
Unpacking efibootmgr (15-1) ...
Selecting previously unselected package libonig4:amd64.
Preparing to unpack .../03-libonig4_6.7.0-1_amd64.deb ...
Unpacking libonig4:amd64 (6.7.0-1) ...
Selecting previously unselected package libjq1:amd64.
Preparing to unpack .../04-libjq1_1.5+dfsg-2_amd64.deb ...
Unpacking libjq1:amd64 (1.5+dfsg-2) ...
Selecting previously unselected package jq.
Preparing to unpack .../05-jq_1.5+dfsg-2_amd64.deb ...
Unpacking jq (1.5+dfsg-2) ...
Selecting previously unselected package libburn4:amd64.
Preparing to unpack .../06-libburn4_1.4.8-1_amd64.deb ...
Unpacking libburn4:amd64 (1.4.8-1) ...
Selecting previously unselected package libio-pty-perl.
Preparing to unpack .../07-libio-pty-perl_1%3a1.08-1.1build4_amd64.deb ...
Unpacking libio-pty-perl (1:1.08-1.1build4) ...
Selecting previously unselected package libipc-run-perl.
Preparing to unpack .../08-libipc-run-perl_0.96-1_all.deb ...
Unpacking libipc-run-perl (0.96-1) ...
Selecting previously unselected package libjte1:amd64.
Preparing to unpack .../09-libjte1_1.20-2ubuntu2_amd64.deb ...
Unpacking libjte1:amd64 (1.20-2ubuntu2) ...
Selecting previously unselected package libisofs6:amd64.
Preparing to unpack .../10-libisofs6_1.4.8-1_amd64.deb ...
Unpacking libisofs6:amd64 (1.4.8-1) ...
Selecting previously unselected package libisoburn1:amd64.
Preparing to unpack .../11-libisoburn1_1.4.8-3_amd64.deb ...
Unpacking libisoburn1:amd64 (1.4.8-3) ...
Selecting previously unselected package moreutils.
Preparing to unpack .../12-moreutils_0.60-1_amd64.deb ...
Unpacking moreutils (0.60-1) ...
Selecting previously unselected package mtools.
Preparing to unpack .../13-mtools_4.0.18-2ubuntu1_amd64.deb ...
Unpacking mtools (4.0.18-2ubuntu1) ...
Selecting previously unselected package unzip.
Preparing to unpack .../14-unzip_6.0-21ubuntu1.1_amd64.deb ...
Unpacking unzip (6.0-21ubuntu1.1) ...
Selecting previously unselected package whois.
Preparing to unpack .../15-whois_5.3.0_amd64.deb ...
Unpacking whois (5.3.0) ...
Selecting previously unselected package xorriso.
Preparing to unpack .../16-xorriso_1.4.8-3_amd64.deb ...
Unpacking xorriso (1.4.8-3) ...
Selecting previously unselected package debootstrap.
Preparing to unpack .../17-debootstrap_1.0.95ubuntu0.8_all.deb ...
Unpacking debootstrap (1.0.95ubuntu0.8) ...
Selecting previously unselected package grub-efi-amd64-bin.
Preparing to unpack .../18-grub-efi-amd64-bin_2.02-2ubuntu8.21_amd64.deb ...
Unpacking grub-efi-amd64-bin (2.02-2ubuntu8.21) ...
Setting up libio-pty-perl (1:1.08-1.1build4) ...
Setting up libonig4:amd64 (6.7.0-1) ...
Setting up unzip (6.0-21ubuntu1.1) ...
Setting up libefivar1:amd64 (34-1) ...
Setting up whois (5.3.0) ...
Setting up libburn4:amd64 (1.4.8-1) ...
Setting up libjq1:amd64 (1.5+dfsg-2) ...
Setting up mtools (4.0.18-2ubuntu1) ...
Setting up libipc-run-perl (0.96-1) ...
Setting up libefiboot1:amd64 (34-1) ...
Setting up libjte1:amd64 (1.20-2ubuntu2) ...
Setting up debootstrap (1.0.95ubuntu0.8) ...
Setting up jq (1.5+dfsg-2) ...
Setting up efibootmgr (15-1) ...
Setting up moreutils (0.60-1) ...
Setting up libisofs6:amd64 (1.4.8-1) ...
Setting up grub-efi-amd64-bin (2.02-2ubuntu8.21) ...
Setting up libisoburn1:amd64 (1.4.8-3) ...
Setting up xorriso (1.4.8-3) ...
Processing triggers for man-db (2.8.3-2ubuntu0.1) ...
Processing triggers for mime-support (3.60ubuntu1) ...
Processing triggers for install-info (6.5.0.dfsg.1-2) ...
Processing triggers for libc-bin (2.27-3ubuntu1.4) ...
--2021-03-22 19:25:13--  https://releases.hashicorp.com/packer/1.6.4/packer_1.6.4_linux_amd64.zip
Resolving releases.hashicorp.com (releases.hashicorp.com)... 199.232.113.183, 2a04:4e42:5c::439
Connecting to releases.hashicorp.com (releases.hashicorp.com)|199.232.113.183|:443... connected.
HTTP request sent, awaiting response... 200 OK
Length: 28446502 (27M) [application/zip]
Saving to: ‘packer_1.6.4_linux_amd64.zip’

     0K .......... .......... .......... .......... ..........  0% 3.87M 7s
    50K .......... .......... .......... .......... ..........  0% 3.85M 7s
   100K .......... .......... .......... .......... ..........  0% 4.10M 7s
   150K .......... .......... .......... .......... ..........  0% 4.70M 7s
   200K .......... .......... .......... .......... ..........  0% 7.94M 6s
   250K .......... .......... .......... .......... ..........  1% 16.5M 5s
   300K .......... .......... .......... .......... ..........  1% 16.3M 5s
   350K .......... .......... .......... .......... ..........  1% 17.8M 4s
   400K .......... .......... .......... .......... ..........  1% 15.8M 4s
   450K .......... .......... .......... .......... ..........  1% 17.2M 4s
   500K .......... .......... .......... .......... ..........  1% 17.2M 4s
   550K .......... .......... .......... .......... ..........  2% 17.1M 3s
   600K .......... .......... .......... .......... ..........  2% 12.5M 3s
   650K .......... .......... .......... .......... ..........  2% 10.3M 3s
   700K .......... .......... .......... .......... ..........  2% 10.9M 3s
   750K .......... .......... .......... .......... ..........  2% 7.32M 3s
   800K .......... .......... .......... .......... ..........  3% 9.19M 3s
   850K .......... .......... .......... .......... ..........  3% 9.05M 3s
   900K .......... .......... .......... .......... ..........  3% 12.2M 3s
   950K .......... .......... .......... .......... ..........  3% 8.77M 3s
  1000K .......... .......... .......... .......... ..........  3% 10.1M 3s
  1050K .......... .......... .......... .......... ..........  3% 8.56M 3s
  1100K .......... .......... .......... .......... ..........  4% 14.5M 3s
  1150K .......... .......... .......... .......... ..........  4% 11.6M 3s
  1200K .......... .......... .......... .......... ..........  4% 9.02M 3s
  1250K .......... .......... .......... .......... ..........  4% 10.5M 3s
  1300K .......... .......... .......... .......... ..........  4% 12.4M 3s
  1350K .......... .......... .......... .......... ..........  5% 11.6M 3s
  1400K .......... .......... .......... .......... ..........  5% 10.7M 3s
  1450K .......... .......... .......... .......... ..........  5% 11.3M 3s
  1500K .......... .......... .......... .......... ..........  5% 10.9M 3s
  1550K .......... .......... .......... .......... ..........  5% 9.09M 3s
  1600K .......... .......... .......... .......... ..........  5% 11.9M 3s
  1650K .......... .......... .......... .......... ..........  6% 10.5M 3s
  1700K .......... .......... .......... .......... ..........  6% 10.9M 3s
  1750K .......... .......... .......... .......... ..........  6% 13.1M 3s
  1800K .......... .......... .......... .......... ..........  6% 8.91M 3s
  1850K .......... .......... .......... .......... ..........  6% 13.5M 3s
  1900K .......... .......... .......... .......... ..........  7% 11.8M 3s
  1950K .......... .......... .......... .......... ..........  7% 12.4M 3s
  2000K .......... .......... .......... .......... ..........  7% 9.22M 3s
  2050K .......... .......... .......... .......... ..........  7% 11.8M 3s
  2100K .......... .......... .......... .......... ..........  7% 11.2M 3s
  2150K .......... .......... .......... .......... ..........  7% 11.7M 3s
  2200K .......... .......... .......... .......... ..........  8% 10.4M 3s
  2250K .......... .......... .......... .......... ..........  8% 8.00M 3s
  2300K .......... .......... .......... .......... ..........  8% 13.1M 3s
  2350K .......... .......... .......... .......... ..........  8% 16.0M 3s
  2400K .......... .......... .......... .......... ..........  8% 10.2M 3s
  2450K .......... .......... .......... .......... ..........  8% 11.9M 3s
  2500K .......... .......... .......... .......... ..........  9% 11.2M 2s
  2550K .......... .......... .......... .......... ..........  9% 12.5M 2s
  2600K .......... .......... .......... .......... ..........  9% 10.9M 2s
  2650K .......... .......... .......... .......... ..........  9% 11.5M 2s
  2700K .......... .......... .......... .......... ..........  9% 11.8M 2s
  2750K .......... .......... .......... .......... .......... 10% 11.1M 2s
  2800K .......... .......... .......... .......... .......... 10% 9.40M 2s
  2850K .......... .......... .......... .......... .......... 10% 11.8M 2s
  2900K .......... .......... .......... .......... .......... 10% 11.7M 2s
  2950K .......... .......... .......... .......... .......... 10% 11.6M 2s
  3000K .......... .......... .......... .......... .......... 10% 6.56M 2s
  3050K .......... .......... .......... .......... .......... 11% 19.1M 2s
  3100K .......... .......... .......... .......... .......... 11% 11.8M 2s
  3150K .......... .......... .......... .......... .......... 11% 12.6M 2s
  3200K .......... .......... .......... .......... .......... 11% 9.94M 2s
  3250K .......... .......... .......... .......... .......... 11% 11.7M 2s
  3300K .......... .......... .......... .......... .......... 12% 12.9M 2s
  3350K .......... .......... .......... .......... .......... 12% 11.4M 2s
  3400K .......... .......... .......... .......... .......... 12% 10.9M 2s
  3450K .......... .......... .......... .......... .......... 12% 10.4M 2s
  3500K .......... .......... .......... .......... .......... 12% 9.67M 2s
  3550K .......... .......... .......... .......... .......... 12% 11.2M 2s
  3600K .......... .......... .......... .......... .......... 13% 9.43M 2s
  3650K .......... .......... .......... .......... .......... 13% 12.7M 2s
  3700K .......... .......... .......... .......... .......... 13% 11.0M 2s
  3750K .......... .......... .......... .......... .......... 13% 11.2M 2s
  3800K .......... .......... .......... .......... .......... 13% 11.4M 2s
  3850K .......... .......... .......... .......... .......... 14% 11.7M 2s
  3900K .......... .......... .......... .......... .......... 14% 9.43M 2s
  3950K .......... .......... .......... .......... .......... 14% 12.5M 2s
  4000K .......... .......... .......... .......... .......... 14% 10.6M 2s
  4050K .......... .......... .......... .......... .......... 14% 12.1M 2s
  4100K .......... .......... .......... .......... .......... 14% 11.6M 2s
  4150K .......... .......... .......... .......... .......... 15% 11.5M 2s
  4200K .......... .......... .......... .......... .......... 15% 11.1M 2s
  4250K .......... .......... .......... .......... .......... 15% 10.0M 2s
  4300K .......... .......... .......... .......... .......... 15% 14.5M 2s
  4350K .......... .......... .......... .......... .......... 15% 10.1M 2s
  4400K .......... .......... .......... .......... .......... 16% 9.48M 2s
  4450K .......... .......... .......... .......... .......... 16% 13.0M 2s
  4500K .......... .......... .......... .......... .......... 16% 11.8M 2s
  4550K .......... .......... .......... .......... .......... 16% 11.5M 2s
  4600K .......... .......... .......... .......... .......... 16% 11.4M 2s
  4650K .......... .......... .......... .......... .......... 16% 11.0M 2s
  4700K .......... .......... .......... .......... .......... 17% 11.3M 2s
  4750K .......... .......... .......... .......... .......... 17% 8.34M 2s
  4800K .......... .......... .......... .......... .......... 17% 7.27M 2s
  4850K .......... .......... .......... .......... .......... 17% 10.8M 2s
  4900K .......... .......... .......... .......... .......... 17% 13.1M 2s
  4950K .......... .......... .......... .......... .......... 17% 13.5M 2s
  5000K .......... .......... .......... .......... .......... 18% 12.9M 2s
  5050K .......... .......... .......... .......... .......... 18% 11.0M 2s
  5100K .......... .......... .......... .......... .......... 18% 12.8M 2s
  5150K .......... .......... .......... .......... .......... 18% 11.1M 2s
  5200K .......... .......... .......... .......... .......... 18% 8.86M 2s
  5250K .......... .......... .......... .......... .......... 19% 13.2M 2s
  5300K .......... .......... .......... .......... .......... 19% 10.3M 2s
  5350K .......... .......... .......... .......... .......... 19% 12.3M 2s
  5400K .......... .......... .......... .......... .......... 19% 10.7M 2s
  5450K .......... .......... .......... .......... .......... 19% 11.9M 2s
  5500K .......... .......... .......... .......... .......... 19% 12.9M 2s
  5550K .......... .......... .......... .......... .......... 20% 11.5M 2s
  5600K .......... .......... .......... .......... .......... 20% 9.15M 2s
  5650K .......... .......... .......... .......... .......... 20% 11.5M 2s
  5700K .......... .......... .......... .......... .......... 20% 11.9M 2s
  5750K .......... .......... .......... .......... .......... 20% 11.4M 2s
  5800K .......... .......... .......... .......... .......... 21% 10.9M 2s
  5850K .......... .......... .......... .......... .......... 21% 11.7M 2s
  5900K .......... .......... .......... .......... .......... 21% 11.8M 2s
  5950K .......... .......... .......... .......... .......... 21% 11.2M 2s
  6000K .......... .......... .......... .......... .......... 21% 9.44M 2s
  6050K .......... .......... .......... .......... .......... 21% 11.5M 2s
  6100K .......... .......... .......... .......... .......... 22% 11.5M 2s
  6150K .......... .......... .......... .......... .......... 22% 11.2M 2s
  6200K .......... .......... .......... .......... .......... 22% 11.1M 2s
  6250K .......... .......... .......... .......... .......... 22% 11.7M 2s
  6300K .......... .......... .......... .......... .......... 22% 12.0M 2s
  6350K .......... .......... .......... .......... .......... 23% 10.4M 2s
  6400K .......... .......... .......... .......... .......... 23% 9.34M 2s
  6450K .......... .......... .......... .......... .......... 23% 10.9M 2s
  6500K .......... .......... .......... .......... .......... 23% 13.4M 2s
  6550K .......... .......... .......... .......... .......... 23% 11.9M 2s
  6600K .......... .......... .......... .......... .......... 23% 11.0M 2s
  6650K .......... .......... .......... .......... .......... 24% 12.1M 2s
  6700K .......... .......... .......... .......... .......... 24% 10.3M 2s
  6750K .......... .......... .......... .......... .......... 24% 12.4M 2s
  6800K .......... .......... .......... .......... .......... 24% 9.62M 2s
  6850K .......... .......... .......... .......... .......... 24% 11.5M 2s
  6900K .......... .......... .......... .......... .......... 25% 11.8M 2s
  6950K .......... .......... .......... .......... .......... 25% 10.9M 2s
  7000K .......... .......... .......... .......... .......... 25% 11.4M 2s
  7050K .......... .......... .......... .......... .......... 25% 10.2M 2s
  7100K .......... .......... .......... .......... .......... 25% 12.2M 2s
  7150K .......... .......... .......... .......... .......... 25% 12.9M 2s
  7200K .......... .......... .......... .......... .......... 26% 9.09M 2s
  7250K .......... .......... .......... .......... .......... 26% 12.1M 2s
  7300K .......... .......... .......... .......... .......... 26% 11.3M 2s
  7350K .......... .......... .......... .......... .......... 26% 12.1M 2s
  7400K .......... .......... .......... .......... .......... 26% 10.6M 2s
  7450K .......... .......... .......... .......... .......... 26% 11.5M 2s
  7500K .......... .......... .......... .......... .......... 27% 11.4M 2s
  7550K .......... .......... .......... .......... .......... 27% 11.6M 2s
  7600K .......... .......... .......... .......... .......... 27% 9.72M 2s
  7650K .......... .......... .......... .......... .......... 27% 10.2M 2s
  7700K .......... .......... .......... .......... .......... 27% 7.84M 2s
  7750K .......... .......... .......... .......... .......... 28% 11.5M 2s
  7800K .......... .......... .......... .......... .......... 28% 10.7M 2s
  7850K .......... .......... .......... .......... .......... 28% 15.9M 2s
  7900K .......... .......... .......... .......... .......... 28% 11.6M 2s
  7950K .......... .......... .......... .......... .......... 28% 13.3M 2s
  8000K .......... .......... .......... .......... .......... 28% 10.3M 2s
  8050K .......... .......... .......... .......... .......... 29% 9.35M 2s
  8100K .......... .......... .......... .......... .......... 29% 13.2M 2s
  8150K .......... .......... .......... .......... .......... 29% 12.2M 2s
  8200K .......... .......... .......... .......... .......... 29% 9.99M 2s
  8250K .......... .......... .......... .......... .......... 29% 16.2M 2s
  8300K .......... .......... .......... .......... .......... 30% 11.5M 2s
  8350K .......... .......... .......... .......... .......... 30% 11.8M 2s
  8400K .......... .......... .......... .......... .......... 30% 9.20M 2s
  8450K .......... .......... .......... .......... .......... 30% 11.9M 2s
  8500K .......... .......... .......... .......... .......... 30% 11.3M 2s
  8550K .......... .......... .......... .......... .......... 30% 11.3M 2s
  8600K .......... .......... .......... .......... .......... 31% 11.6M 2s
  8650K .......... .......... .......... .......... .......... 31% 11.9M 2s
  8700K .......... .......... .......... .......... .......... 31% 10.9M 2s
  8750K .......... .......... .......... .......... .......... 31% 12.5M 2s
  8800K .......... .......... .......... .......... .......... 31% 8.98M 2s
  8850K .......... .......... .......... .......... .......... 32% 11.5M 2s
  8900K .......... .......... .......... .......... .......... 32% 11.5M 2s
  8950K .......... .......... .......... .......... .......... 32% 11.8M 2s
  9000K .......... .......... .......... .......... .......... 32% 11.0M 2s
  9050K .......... .......... .......... .......... .......... 32% 11.6M 2s
  9100K .......... .......... .......... .......... .......... 32% 11.4M 2s
  9150K .......... .......... .......... .......... .......... 33% 10.9M 2s
  9200K .......... .......... .......... .......... .......... 33% 9.16M 2s
  9250K .......... .......... .......... .......... .......... 33% 9.23M 2s
  9300K .......... .......... .......... .......... .......... 33% 14.7M 2s
  9350K .......... .......... .......... .......... .......... 33% 13.8M 2s
  9400K .......... .......... .......... .......... .......... 34% 10.8M 2s
  9450K .......... .......... .......... .......... .......... 34% 11.3M 2s
  9500K .......... .......... .......... .......... .......... 34% 12.5M 2s
  9550K .......... .......... .......... .......... .......... 34% 11.0M 2s
  9600K .......... .......... .......... .......... .......... 34% 9.36M 2s
  9650K .......... .......... .......... .......... .......... 34% 12.2M 2s
  9700K .......... .......... .......... .......... .......... 35% 11.4M 2s
  9750K .......... .......... .......... .......... .......... 35% 10.4M 2s
  9800K .......... .......... .......... .......... .......... 35% 11.1M 2s
  9850K .......... .......... .......... .......... .......... 35% 1.03M 2s
  9900K .......... .......... .......... .......... .......... 35% 15.1M 2s
  9950K .......... .......... .......... .......... .......... 35% 20.2M 2s
 10000K .......... .......... .......... .......... .......... 36% 16.3M 2s
 10050K .......... .......... .......... .......... .......... 36% 31.6M 2s
 10100K .......... .......... .......... .......... .......... 36% 23.4M 2s
 10150K .......... .......... .......... .......... .......... 36% 20.8M 2s
 10200K .......... .......... .......... .......... .......... 36% 18.4M 2s
 10250K .......... .......... .......... .......... .......... 37% 23.0M 2s
 10300K .......... .......... .......... .......... .......... 37% 27.3M 2s
 10350K .......... .......... .......... .......... .......... 37% 22.6M 2s
 10400K .......... .......... .......... .......... .......... 37% 21.6M 2s
 10450K .......... .......... .......... .......... .......... 37% 27.6M 2s
 10500K .......... .......... .......... .......... .......... 37% 28.7M 2s
 10550K .......... .......... .......... .......... .......... 38% 28.1M 2s
 10600K .......... .......... .......... .......... .......... 38% 20.9M 2s
 10650K .......... .......... .......... .......... .......... 38% 16.7M 2s
 10700K .......... .......... .......... .......... .......... 38% 21.0M 2s
 10750K .......... .......... .......... .......... .......... 38% 22.1M 2s
 10800K .......... .......... .......... .......... .......... 39% 19.9M 2s
 10850K .......... .......... .......... .......... .......... 39% 23.0M 2s
 10900K .......... .......... .......... .......... .......... 39% 12.6M 2s
 10950K .......... .......... .......... .......... .......... 39% 11.9M 2s
 11000K .......... .......... .......... .......... .......... 39% 8.85M 2s
 11050K .......... .......... .......... .......... .......... 39% 15.0M 2s
 11100K .......... .......... .......... .......... .......... 40% 11.3M 2s
 11150K .......... .......... .......... .......... .......... 40% 12.1M 1s
 11200K .......... .......... .......... .......... .......... 40% 1.17M 2s
 11250K .......... .......... .......... .......... .......... 40% 6.82M 2s
 11300K .......... .......... .......... .......... .......... 40% 9.60M 2s
 11350K .......... .......... .......... .......... .......... 41% 13.5M 2s
 11400K .......... .......... .......... .......... .......... 41% 12.8M 2s
 11450K .......... .......... .......... .......... .......... 41% 15.7M 2s
 11500K .......... .......... .......... .......... .......... 41% 21.0M 2s
 11550K .......... .......... .......... .......... .......... 41% 23.5M 2s
 11600K .......... .......... .......... .......... .......... 41% 14.9M 1s
 11650K .......... .......... .......... .......... .......... 42% 15.6M 1s
 11700K .......... .......... .......... .......... .......... 42% 18.1M 1s
 11750K .......... .......... .......... .......... .......... 42% 16.2M 1s
 11800K .......... .......... .......... .......... .......... 42% 13.5M 1s
 11850K .......... .......... .......... .......... .......... 42% 20.9M 1s
 11900K .......... .......... .......... .......... .......... 43% 16.5M 1s
 11950K .......... .......... .......... .......... .......... 43% 17.6M 1s
 12000K .......... .......... .......... .......... .......... 43% 19.8M 1s
 12050K .......... .......... .......... .......... .......... 43% 12.8M 1s
 12100K .......... .......... .......... .......... .......... 43% 14.0M 1s
 12150K .......... .......... .......... .......... .......... 43% 18.6M 1s
 12200K .......... .......... .......... .......... .......... 44% 15.7M 1s
 12250K .......... .......... .......... .......... .......... 44% 16.0M 1s
 12300K .......... .......... .......... .......... .......... 44% 10.6M 1s
 12350K .......... .......... .......... .......... .......... 44% 14.5M 1s
 12400K .......... .......... .......... .......... .......... 44% 11.8M 1s
 12450K .......... .......... .......... .......... .......... 44% 16.8M 1s
 12500K .......... .......... .......... .......... .......... 45% 18.7M 1s
 12550K .......... .......... .......... .......... .......... 45% 22.3M 1s
 12600K .......... .......... .......... .......... .......... 45% 14.1M 1s
 12650K .......... .......... .......... .......... .......... 45% 14.3M 1s
 12700K .......... .......... .......... .......... .......... 45% 14.1M 1s
 12750K .......... .......... .......... .......... .......... 46% 16.5M 1s
 12800K .......... .......... .......... .......... .......... 46% 14.2M 1s
 12850K .......... .......... .......... .......... .......... 46% 15.7M 1s
 12900K .......... .......... .......... .......... .......... 46% 11.6M 1s
 12950K .......... .......... .......... .......... .......... 46% 11.0M 1s
 13000K .......... .......... .......... .......... .......... 46% 11.3M 1s
 13050K .......... .......... .......... .......... .......... 47% 10.9M 1s
 13100K .......... .......... .......... .......... .......... 47% 11.4M 1s
 13150K .......... .......... .......... .......... .......... 47% 11.3M 1s
 13200K .......... .......... .......... .......... .......... 47% 10.5M 1s
 13250K .......... .......... .......... .......... .......... 47% 10.3M 1s
 13300K .......... .......... .......... .......... .......... 48% 13.0M 1s
 13350K .......... .......... .......... .......... .......... 48% 10.6M 1s
 13400K .......... .......... .......... .......... .......... 48% 11.7M 1s
 13450K .......... .......... .......... .......... .......... 48% 11.9M 1s
 13500K .......... .......... .......... .......... .......... 48% 10.2M 1s
 13550K .......... .......... .......... .......... .......... 48% 12.0M 1s
 13600K .......... .......... .......... .......... .......... 49% 1.55M 1s
 13650K .......... .......... .......... .......... .......... 49% 9.74M 1s
 13700K .......... .......... .......... .......... .......... 49% 11.8M 1s
 13750K .......... .......... .......... .......... .......... 49% 16.8M 1s
 13800K .......... .......... .......... .......... .......... 49% 13.1M 1s
 13850K .......... .......... .......... .......... .......... 50% 14.3M 1s
 13900K .......... .......... .......... .......... .......... 50% 15.3M 1s
 13950K .......... .......... .......... .......... .......... 50% 14.4M 1s
 14000K .......... .......... .......... .......... .......... 50% 20.3M 1s
 14050K .......... .......... .......... .......... .......... 50% 11.1M 1s
 14100K .......... .......... .......... .......... .......... 50% 12.1M 1s
 14150K .......... .......... .......... .......... .......... 51% 10.9M 1s
 14200K .......... .......... .......... .......... .......... 51% 11.0M 1s
 14250K .......... .......... .......... .......... .......... 51% 13.7M 1s
 14300K .......... .......... .......... .......... .......... 51% 12.8M 1s
 14350K .......... .......... .......... .......... .......... 51% 11.8M 1s
 14400K .......... .......... .......... .......... .......... 52% 15.1M 1s
 14450K .......... .......... .......... .......... .......... 52% 14.0M 1s
 14500K .......... .......... .......... .......... .......... 52% 11.9M 1s
 14550K .......... .......... .......... .......... .......... 52% 13.3M 1s
 14600K .......... .......... .......... .......... .......... 52% 7.55M 1s
 14650K .......... .......... .......... .......... .......... 52% 8.58M 1s
 14700K .......... .......... .......... .......... .......... 53% 10.2M 1s
 14750K .......... .......... .......... .......... .......... 53% 18.7M 1s
 14800K .......... .......... .......... .......... .......... 53% 11.1M 1s
 14850K .......... .......... .......... .......... .......... 53% 10.4M 1s
 14900K .......... .......... .......... .......... .......... 53% 14.1M 1s
 14950K .......... .......... .......... .......... .......... 53% 18.5M 1s
 15000K .......... .......... .......... .......... .......... 54% 15.3M 1s
 15050K .......... .......... .......... .......... .......... 54% 11.4M 1s
 15100K .......... .......... .......... .......... .......... 54% 12.9M 1s
 15150K .......... .......... .......... .......... .......... 54% 14.8M 1s
 15200K .......... .......... .......... .......... .......... 54% 16.4M 1s
 15250K .......... .......... .......... .......... .......... 55% 17.6M 1s
 15300K .......... .......... .......... .......... .......... 55% 16.7M 1s
 15350K .......... .......... .......... .......... .......... 55% 14.3M 1s
 15400K .......... .......... .......... .......... .......... 55% 13.6M 1s
 15450K .......... .......... .......... .......... .......... 55% 10.6M 1s
 15500K .......... .......... .......... .......... .......... 55% 12.1M 1s
 15550K .......... .......... .......... .......... .......... 56% 12.2M 1s
 15600K .......... .......... .......... .......... .......... 56% 9.73M 1s
 15650K .......... .......... .......... .......... .......... 56% 11.5M 1s
 15700K .......... .......... .......... .......... .......... 56% 11.5M 1s
 15750K .......... .......... .......... .......... .......... 56% 12.3M 1s
 15800K .......... .......... .......... .......... .......... 57% 10.8M 1s
 15850K .......... .......... .......... .......... .......... 57% 11.8M 1s
 15900K .......... .......... .......... .......... .......... 57% 11.1M 1s
 15950K .......... .......... .......... .......... .......... 57% 8.47M 1s
 16000K .......... .......... .......... .......... .......... 57% 2.62M 1s
 16050K .......... .......... .......... .......... .......... 57% 7.31M 1s
 16100K .......... .......... .......... .......... .......... 58% 10.3M 1s
 16150K .......... .......... .......... .......... .......... 58% 12.7M 1s
 16200K .......... .......... .......... .......... .......... 58% 12.9M 1s
 16250K .......... .......... .......... .......... .......... 58% 17.1M 1s
 16300K .......... .......... .......... .......... .......... 58% 24.7M 1s
 16350K .......... .......... .......... .......... .......... 59% 19.6M 1s
 16400K .......... .......... .......... .......... .......... 59% 15.7M 1s
 16450K .......... .......... .......... .......... .......... 59% 10.6M 1s
 16500K .......... .......... .......... .......... .......... 59% 12.2M 1s
 16550K .......... .......... .......... .......... .......... 59% 12.7M 1s
 16600K .......... .......... .......... .......... .......... 59% 10.1M 1s
 16650K .......... .......... .......... .......... .......... 60% 11.9M 1s
 16700K .......... .......... .......... .......... .......... 60% 11.0M 1s
 16750K .......... .......... .......... .......... .......... 60% 12.1M 1s
 16800K .......... .......... .......... .......... .......... 60% 7.10M 1s
 16850K .......... .......... .......... .......... .......... 60% 11.8M 1s
 16900K .......... .......... .......... .......... .......... 61% 10.1M 1s
 16950K .......... .......... .......... .......... .......... 61% 9.51M 1s
 17000K .......... .......... .......... .......... .......... 61% 8.73M 1s
 17050K .......... .......... .......... .......... .......... 61% 15.0M 1s
 17100K .......... .......... .......... .......... .......... 61% 7.53M 1s
 17150K .......... .......... .......... .......... .......... 61% 9.94M 1s
 17200K .......... .......... .......... .......... .......... 62% 9.82M 1s
 17250K .......... .......... .......... .......... .......... 62% 13.4M 1s
 17300K .......... .......... .......... .......... .......... 62% 10.7M 1s
 17350K .......... .......... .......... .......... .......... 62% 10.8M 1s
 17400K .......... .......... .......... .......... .......... 62% 10.4M 1s
 17450K .......... .......... .......... .......... .......... 62% 11.4M 1s
 17500K .......... .......... .......... .......... .......... 63% 9.04M 1s
 17550K .......... .......... .......... .......... .......... 63% 11.4M 1s
 17600K .......... .......... .......... .......... .......... 63% 8.40M 1s
 17650K .......... .......... .......... .......... .......... 63% 10.9M 1s
 17700K .......... .......... .......... .......... .......... 63% 10.8M 1s
 17750K .......... .......... .......... .......... .......... 64% 10.9M 1s
 17800K .......... .......... .......... .......... .......... 64% 10.4M 1s
 17850K .......... .......... .......... .......... .......... 64% 10.3M 1s
 17900K .......... .......... .......... .......... .......... 64% 12.0M 1s
 17950K .......... .......... .......... .......... .......... 64% 9.90M 1s
 18000K .......... .......... .......... .......... .......... 64% 9.73M 1s
 18050K .......... .......... .......... .......... .......... 65% 8.80M 1s
 18100K .......... .......... .......... .......... .......... 65% 9.35M 1s
 18150K .......... .......... .......... .......... .......... 65% 9.60M 1s
 18200K .......... .......... .......... .......... .......... 65% 13.3M 1s
 18250K .......... .......... .......... .......... .......... 65% 8.57M 1s
 18300K .......... .......... .......... .......... .......... 66% 11.3M 1s
 18350K .......... .......... .......... .......... .......... 66% 16.0M 1s
 18400K .......... .......... .......... .......... .......... 66% 7.28M 1s
 18450K .......... .......... .......... .......... .......... 66% 9.63M 1s
 18500K .......... .......... .......... .......... .......... 66% 16.4M 1s
 18550K .......... .......... .......... .......... .......... 66% 10.6M 1s
 18600K .......... .......... .......... .......... .......... 67% 10.8M 1s
 18650K .......... .......... .......... .......... .......... 67% 9.35M 1s
 18700K .......... .......... .......... .......... .......... 67% 11.3M 1s
 18750K .......... .......... .......... .......... .......... 67% 12.1M 1s
 18800K .......... .......... .......... .......... .......... 67% 9.39M 1s
 18850K .......... .......... .......... .......... .......... 68% 10.1M 1s
 18900K .......... .......... .......... .......... .......... 68% 10.7M 1s
 18950K .......... .......... .......... .......... .......... 68% 12.1M 1s
 19000K .......... .......... .......... .......... .......... 68% 10.5M 1s
 19050K .......... .......... .......... .......... .......... 68% 10.9M 1s
 19100K .......... .......... .......... .......... .......... 68% 11.8M 1s
 19150K .......... .......... .......... .......... .......... 69% 12.9M 1s
 19200K .......... .......... .......... .......... .......... 69% 8.23M 1s
 19250K .......... .......... .......... .......... .......... 69% 10.7M 1s
 19300K .......... .......... .......... .......... .......... 69% 10.8M 1s
 19350K .......... .......... .......... .......... .......... 69% 10.6M 1s
 19400K .......... .......... .......... .......... .......... 70% 6.09M 1s
 19450K .......... .......... .......... .......... .......... 70% 11.5M 1s
 19500K .......... .......... .......... .......... .......... 70% 12.1M 1s
 19550K .......... .......... .......... .......... .......... 70% 12.0M 1s
 19600K .......... .......... .......... .......... .......... 70% 8.86M 1s
 19650K .......... .......... .......... .......... .......... 70% 11.7M 1s
 19700K .......... .......... .......... .......... .......... 71% 10.6M 1s
 19750K .......... .......... .......... .......... .......... 71% 11.6M 1s
 19800K .......... .......... .......... .......... .......... 71% 10.5M 1s
 19850K .......... .......... .......... .......... .......... 71% 11.6M 1s
 19900K .......... .......... .......... .......... .......... 71% 12.3M 1s
 19950K .......... .......... .......... .......... .......... 71% 10.1M 1s
 20000K .......... .......... .......... .......... .......... 72% 8.88M 1s
 20050K .......... .......... .......... .......... .......... 72% 11.6M 1s
 20100K .......... .......... .......... .......... .......... 72% 11.3M 1s
 20150K .......... .......... .......... .......... .......... 72% 11.4M 1s
 20200K .......... .......... .......... .......... .......... 72% 9.61M 1s
 20250K .......... .......... .......... .......... .......... 73% 12.0M 1s
 20300K .......... .......... .......... .......... .......... 73% 11.2M 1s
 20350K .......... .......... .......... .......... .......... 73% 12.9M 1s
 20400K .......... .......... .......... .......... .......... 73% 8.99M 1s
 20450K .......... .......... .......... .......... .......... 73% 9.82M 1s
 20500K .......... .......... .......... .......... .......... 73% 12.4M 1s
 20550K .......... .......... .......... .......... .......... 74% 5.93M 1s
 20600K .......... .......... .......... .......... .......... 74% 8.64M 1s
 20650K .......... .......... .......... .......... .......... 74% 15.3M 1s
 20700K .......... .......... .......... .......... .......... 74% 12.7M 1s
 20750K .......... .......... .......... .......... .......... 74% 10.7M 1s
 20800K .......... .......... .......... .......... .......... 75% 9.58M 1s
 20850K .......... .......... .......... .......... .......... 75% 11.6M 1s
 20900K .......... .......... .......... .......... .......... 75% 11.6M 1s
 20950K .......... .......... .......... .......... .......... 75% 11.6M 1s
 21000K .......... .......... .......... .......... .......... 75% 10.6M 1s
 21050K .......... .......... .......... .......... .......... 75% 11.5M 1s
 21100K .......... .......... .......... .......... .......... 76% 12.4M 1s
 21150K .......... .......... .......... .......... .......... 76% 10.5M 1s
 21200K .......... .......... .......... .......... .......... 76% 9.80M 1s
 21250K .......... .......... .......... .......... .......... 76% 11.4M 1s
 21300K .......... .......... .......... .......... .......... 76% 11.1M 1s
 21350K .......... .......... .......... .......... .......... 77% 12.6M 1s
 21400K .......... .......... .......... .......... .......... 77% 8.24M 1s
 21450K .......... .......... .......... .......... .......... 77% 13.1M 1s
 21500K .......... .......... .......... .......... .......... 77% 14.1M 1s
 21550K .......... .......... .......... .......... .......... 77% 11.7M 1s
 21600K .......... .......... .......... .......... .......... 77% 9.45M 1s
 21650K .......... .......... .......... .......... .......... 78% 10.8M 1s
 21700K .......... .......... .......... .......... .......... 78% 11.6M 1s
 21750K .......... .......... .......... .......... .......... 78% 11.2M 1s
 21800K .......... .......... .......... .......... .......... 78% 5.66M 1s
 21850K .......... .......... .......... .......... .......... 78% 2.78M 1s
 21900K .......... .......... .......... .......... .......... 79% 10.9M 1s
 21950K .......... .......... .......... .......... .......... 79% 12.0M 1s
 22000K .......... .......... .......... .......... .......... 79% 11.5M 1s
 22050K .......... .......... .......... .......... .......... 79% 9.07M 1s
 22100K .......... .......... .......... .......... .......... 79% 14.3M 1s
 22150K .......... .......... .......... .......... .......... 79% 14.5M 1s
 22200K .......... .......... .......... .......... .......... 80% 9.86M 1s
 22250K .......... .......... .......... .......... .......... 80% 13.3M 1s
 22300K .......... .......... .......... .......... .......... 80% 9.95M 0s
 22350K .......... .......... .......... .......... .......... 80% 6.75M 0s
 22400K .......... .......... .......... .......... .......... 80% 9.91M 0s
 22450K .......... .......... .......... .......... .......... 80% 10.6M 0s
 22500K .......... .......... .......... .......... .......... 81% 12.6M 0s
 22550K .......... .......... .......... .......... .......... 81% 6.87M 0s
 22600K .......... .......... .......... .......... .......... 81% 9.89M 0s
 22650K .......... .......... .......... .......... .......... 81% 9.74M 0s
 22700K .......... .......... .......... .......... .......... 81% 14.3M 0s
 22750K .......... .......... .......... .......... .......... 82% 5.83M 0s
 22800K .......... .......... .......... .......... .......... 82% 8.07M 0s
 22850K .......... .......... .......... .......... .......... 82% 5.67M 0s
 22900K .......... .......... .......... .......... .......... 82% 12.0M 0s
 22950K .......... .......... .......... .......... .......... 82% 11.0M 0s
 23000K .......... .......... .......... .......... .......... 82% 11.2M 0s
 23050K .......... .......... .......... .......... .......... 83% 6.84M 0s
 23100K .......... .......... .......... .......... .......... 83% 12.3M 0s
 23150K .......... .......... .......... .......... .......... 83% 10.8M 0s
 23200K .......... .......... .......... .......... .......... 83% 8.97M 0s
 23250K .......... .......... .......... .......... .......... 83% 7.35M 0s
 23300K .......... .......... .......... .......... .......... 84% 9.51M 0s
 23350K .......... .......... .......... .......... .......... 84% 8.19M 0s
 23400K .......... .......... .......... .......... .......... 84% 9.95M 0s
 23450K .......... .......... .......... .......... .......... 84% 10.3M 0s
 23500K .......... .......... .......... .......... .......... 84% 10.4M 0s
 23550K .......... .......... .......... .......... .......... 84% 12.0M 0s
 23600K .......... .......... .......... .......... .......... 85% 9.27M 0s
 23650K .......... .......... .......... .......... .......... 85% 6.70M 0s
 23700K .......... .......... .......... .......... .......... 85% 9.62M 0s
 23750K .......... .......... .......... .......... .......... 85% 12.1M 0s
 23800K .......... .......... .......... .......... .......... 85% 6.29M 0s
 23850K .......... .......... .......... .......... .......... 86% 8.33M 0s
 23900K .......... .......... .......... .......... .......... 86% 14.3M 0s
 23950K .......... .......... .......... .......... .......... 86% 11.2M 0s
 24000K .......... .......... .......... .......... .......... 86% 7.80M 0s
 24050K .......... .......... .......... .......... .......... 86% 10.3M 0s
 24100K .......... .......... .......... .......... .......... 86% 8.54M 0s
 24150K .......... .......... .......... .......... .......... 87% 12.0M 0s
 24200K .......... .......... .......... .......... .......... 87% 5.09M 0s
 24250K .......... .......... .......... .......... .......... 87% 10.6M 0s
 24300K .......... .......... .......... .......... .......... 87% 14.7M 0s
 24350K .......... .......... .......... .......... .......... 87% 14.5M 0s
 24400K .......... .......... .......... .......... .......... 88% 7.65M 0s
 24450K .......... .......... .......... .......... .......... 88% 8.63M 0s
 24500K .......... .......... .......... .......... .......... 88% 10.0M 0s
 24550K .......... .......... .......... .......... .......... 88% 9.52M 0s
 24600K .......... .......... .......... .......... .......... 88% 9.13M 0s
 24650K .......... .......... .......... .......... .......... 88% 8.21M 0s
 24700K .......... .......... .......... .......... .......... 89% 17.4M 0s
 24750K .......... .......... .......... .......... .......... 89% 7.67M 0s
 24800K .......... .......... .......... .......... .......... 89% 6.25M 0s
 24850K .......... .......... .......... .......... .......... 89% 11.5M 0s
 24900K .......... .......... .......... .......... .......... 89% 11.3M 0s
 24950K .......... .......... .......... .......... .......... 89% 10.1M 0s
 25000K .......... .......... .......... .......... .......... 90% 10.4M 0s
 25050K .......... .......... .......... .......... .......... 90% 7.68M 0s
 25100K .......... .......... .......... .......... .......... 90% 10.2M 0s
 25150K .......... .......... .......... .......... .......... 90% 10.9M 0s
 25200K .......... .......... .......... .......... .......... 90% 6.93M 0s
 25250K .......... .......... .......... .......... .......... 91% 9.84M 0s
 25300K .......... .......... .......... .......... .......... 91% 14.0M 0s
 25350K .......... .......... .......... .......... .......... 91% 11.4M 0s
 25400K .......... .......... .......... .......... .......... 91% 6.81M 0s
 25450K .......... .......... .......... .......... .......... 91% 11.3M 0s
 25500K .......... .......... .......... .......... .......... 91% 11.3M 0s
 25550K .......... .......... .......... .......... .......... 92% 11.2M 0s
 25600K .......... .......... .......... .......... .......... 92% 6.98M 0s
 25650K .......... .......... .......... .......... .......... 92% 11.8M 0s
 25700K .......... .......... .......... .......... .......... 92% 11.0M 0s
 25750K .......... .......... .......... .......... .......... 92% 10.7M 0s
 25800K .......... .......... .......... .......... .......... 93% 11.3M 0s
 25850K .......... .......... .......... .......... .......... 93% 7.79M 0s
 25900K .......... .......... .......... .......... .......... 93% 6.13M 0s
 25950K .......... .......... .......... .......... .......... 93% 11.8M 0s
 26000K .......... .......... .......... .......... .......... 93% 6.05M 0s
 26050K .......... .......... .......... .......... .......... 93% 14.8M 0s
 26100K .......... .......... .......... .......... .......... 94% 9.86M 0s
 26150K .......... .......... .......... .......... .......... 94% 12.1M 0s
 26200K .......... .......... .......... .......... .......... 94% 10.6M 0s
 26250K .......... .......... .......... .......... .......... 94% 11.1M 0s
 26300K .......... .......... .......... .......... .......... 94% 9.74M 0s
 26350K .......... .......... .......... .......... .......... 95% 11.5M 0s
 26400K .......... .......... .......... .......... .......... 95% 8.18M 0s
 26450K .......... .......... .......... .......... .......... 95% 11.7M 0s
 26500K .......... .......... .......... .......... .......... 95% 8.17M 0s
 26550K .......... .......... .......... .......... .......... 95% 12.0M 0s
 26600K .......... .......... .......... .......... .......... 95% 10.6M 0s
 26650K .......... .......... .......... .......... .......... 96% 12.1M 0s
 26700K .......... .......... .......... .......... .......... 96% 6.86M 0s
 26750K .......... .......... .......... .......... .......... 96% 10.8M 0s
 26800K .......... .......... .......... .......... .......... 96% 11.4M 0s
 26850K .......... .......... .......... .......... .......... 96% 11.5M 0s
 26900K .......... .......... .......... .......... .......... 97% 8.74M 0s
 26950K .......... .......... .......... .......... .......... 97% 9.94M 0s
 27000K .......... .......... .......... .......... .......... 97% 6.91M 0s
 27050K .......... .......... .......... .......... .......... 97% 10.4M 0s
 27100K .......... .......... .......... .......... .......... 97% 12.0M 0s
 27150K .......... .......... .......... .......... .......... 97% 11.8M 0s
 27200K .......... .......... .......... .......... .......... 98% 6.90M 0s
 27250K .......... .......... .......... .......... .......... 98% 11.5M 0s
 27300K .......... .......... .......... .......... .......... 98% 10.9M 0s
 27350K .......... .......... .......... .......... .......... 98% 11.5M 0s
 27400K .......... .......... .......... .......... .......... 98% 8.25M 0s
 27450K .......... .......... .......... .......... .......... 98% 10.8M 0s
 27500K .......... .......... .......... .......... .......... 99% 11.8M 0s
 27550K .......... .......... .......... .......... .......... 99% 11.2M 0s
 27600K .......... .......... .......... .......... .......... 99% 7.58M 0s
 27650K .......... .......... .......... .......... .......... 99% 11.4M 0s
 27700K .......... .......... .......... .......... .......... 99% 11.7M 0s
 27750K .......... .......... .........                       100% 13.6M=2.6s

2021-03-22 19:25:15 (10.4 MB/s) - ‘packer_1.6.4_linux_amd64.zip’ saved [28446502/28446502]

Archive:  packer_1.6.4_linux_amd64.zip
  inflating: packer                  
Checkando se a /vagrant/nfdos existe
Checkando se a /vagrant/nfdos/core/nfdos.iso existe
A /vagrant/nfdos/core/nfdos.iso existe
Checkando se a /vagrant/nfdos/desktop/vagrant/NFDOS-0.4.4.box existe
A /vagrant/nfdos/desktop/vagrant/NFDOS-0.4.4.box não existe. Criando ela...
Checkando o SHA256 da imagem ISO...
NFDOS: output will be in this color.

Build 'NFDOS' errored after 1 millisecond 90 microseconds: Failed creating VirtualBox driver: exec: "VBoxManage": executable file not found in $PATH

==> Wait completed after 1 millisecond 189 microseconds

==> Some builds didn't complete successfully and had errors:
--> NFDOS: Failed creating VirtualBox driver: exec: "VBoxManage": executable file not found in $PATH

==> Builds finished but no artifacts were created.
