 A compilação vai iniciar em 5 segundos... A compilação vai iniciar em 4 segundos... A compilação vai iniciar em 3 segundos... A compilação vai iniciar em 2 segundos... A compilação vai iniciar em 1 segundos... A compilação vai iniciar em 0 segundos...

Compilação iniciada seg 22 mar 2021 13:36:33

Detalhes do desktop:

Nome do modelo: AMD FX(tm)-8350 Eight-Core
Arquitetura: x86_64
Número de CPU(s): 8    
Virtualização: AMD-V    
Memória RAM: 16041 MiB 
Memória Virtual: 8405 MB
Modo(s) operacional da CPU: 32-bit, 64-bit

chmod +x criar_box.sh
./criar_box.sh
==> Instalar os requerimentos da box...
==> Atualizar os repositórios...
[sudo] senha para neo: 
0% [Trabalhando]                Atingido:1 http://br.archive.ubuntu.com/ubuntu focal InRelease
0% [Conectando em security.ubuntu.com (91.189.88.152)] [Conectando em download.virtualbox.org (2.20.144.90)] [Connected to bra                                                                                                                              Obter:2 http://br.archive.ubuntu.com/ubuntu focal-updates InRelease [114 kB]
0% [2 InRelease 4.091 B/114 kB 4%] [Conectando em security.ubuntu.com (91.189.88.152)] [Aguardando por cabeçalhos] [Aguardand                                                                                                                              Atingido:3 http://download.virtualbox.org/virtualbox/debian focal InRelease
0% [2 InRelease 14,1 kB/114 kB 12%] [Conectando em security.ubuntu.com (91.189.88.152)] [Aguardando por cabeçalhos] [Aguardan                                                                                                                              Atingido:4 https://download.docker.com/linux/ubuntu focal InRelease
                                                                                                                              0% [2 InRelease 14,1 kB/114 kB 12%] [Conectando em security.ubuntu.com (91.189.88.152)] [Aguardando por cabeçalhos]                                                                                                                    Atingido:5 https://brave-browser-apt-release.s3.brave.com stable InRelease
                                                                                                                    0% [2 InRelease 31,2 kB/114 kB 27%] [Conectando em security.ubuntu.com (91.189.88.152)]                                                                                       0% [Conectando em security.ubuntu.com (91.189.88.152)]                                                      Obter:6 http://br.archive.ubuntu.com/ubuntu focal-backports InRelease [101 kB]
0% [6 InRelease 2.663 B/101 kB 3%] [Conectando em security.ubuntu.com (91.189.88.152)]                                                                                      0% [Conectando em security.ubuntu.com (91.189.88.152)]0% [Conectando em security.ubuntu.com (91.189.88.152)]                                                      0% [Aguardando por cabeçalhos]0% [Aguardando por cabeçalhos]                               Atingido:7 http://security.ubuntu.com/ubuntu focal-security InRelease
                               0% [Trabalhando]0% [Trabalhando]0% [Trabalhando]                Obter:8 http://br.archive.ubuntu.com/ubuntu focal-updates/main amd64 Packages [866 kB]
0% [8 Packages 0 B/866 kB 0%]0% [8 Packages 730 kB/866 kB 84%]                                 0% [Trabalhando]0% [8 Packages store 0 B] [Aguardando por cabeçalhos]                                                      Obter:9 http://br.archive.ubuntu.com/ubuntu focal-updates/main amd64 c-n-f Metadata [12,8 kB]
0% [8 Packages store 0 B] [9 Commands-amd64 2.665 B/12,8 kB 21%]                                                                0% [8 Packages store 0 B] [Aguardando por cabeçalhos]                                                      Obter:10 http://br.archive.ubuntu.com/ubuntu focal-updates/universe amd64 Packages [752 kB]
0% [8 Packages store 0 B] [10 Packages 4.091 B/752 kB 1%]                                                         0% [8 Packages store 0 B]100% [8 Packages store 0 B]                           100% [Trabalhando]100% [9 Commands-amd64 store 0 B]                                 100% [Trabalhando]100% [10 Packages store 0 B]                            100% [Trabalhando]                  Baixados 1.845 kB em 1s (1.531 kB/s)
Lendo listas de pacotes... 0%Lendo listas de pacotes... 0%Lendo listas de pacotes... 0%Lendo listas de pacotes... 3%Lendo listas de pacotes... 3%Lendo listas de pacotes... 5%Lendo listas de pacotes... 5%Lendo listas de pacotes... 6%Lendo listas de pacotes... 6%Lendo listas de pacotes... 7%Lendo listas de pacotes... 7%Lendo listas de pacotes... 9%Lendo listas de pacotes... 9%Lendo listas de pacotes... 9%Lendo listas de pacotes... 9%Lendo listas de pacotes... 9%Lendo listas de pacotes... 9%Lendo listas de pacotes... 9%Lendo listas de pacotes... 9%Lendo listas de pacotes... 9%Lendo listas de pacotes... 9%Lendo listas de pacotes... 9%Lendo listas de pacotes... 9%Lendo listas de pacotes... 39%Lendo listas de pacotes... 39%Lendo listas de pacotes... 55%Lendo listas de pacotes... 55%Lendo listas de pacotes... 56%Lendo listas de pacotes... 58%Lendo listas de pacotes... 58%Lendo listas de pacotes... 61%Lendo listas de pacotes... 61%Lendo listas de pacotes... 77%Lendo listas de pacotes... 77%Lendo listas de pacotes... 77%Lendo listas de pacotes... 77%Lendo listas de pacotes... 77%Lendo listas de pacotes... 77%Lendo listas de pacotes... 77%Lendo listas de pacotes... 77%Lendo listas de pacotes... 77%Lendo listas de pacotes... 77%Lendo listas de pacotes... 78%Lendo listas de pacotes... 78%Lendo listas de pacotes... 80%Lendo listas de pacotes... 80%Lendo listas de pacotes... 82%Lendo listas de pacotes... 82%Lendo listas de pacotes... 83%Lendo listas de pacotes... 83%Lendo listas de pacotes... 84%Lendo listas de pacotes... 84%Lendo listas de pacotes... 84%Lendo listas de pacotes... 84%Lendo listas de pacotes... 84%Lendo listas de pacotes... 84%Lendo listas de pacotes... 87%Lendo listas de pacotes... 87%Lendo listas de pacotes... 89%Lendo listas de pacotes... 89%Lendo listas de pacotes... 90%Lendo listas de pacotes... 90%Lendo listas de pacotes... 90%Lendo listas de pacotes... 90%Lendo listas de pacotes... 90%Lendo listas de pacotes... 90%Lendo listas de pacotes... 90%Lendo listas de pacotes... 90%Lendo listas de pacotes... 90%Lendo listas de pacotes... 90%Lendo listas de pacotes... 90%Lendo listas de pacotes... 90%Lendo listas de pacotes... 90%Lendo listas de pacotes... 90%Lendo listas de pacotes... 92%Lendo listas de pacotes... 92%Lendo listas de pacotes... 92%Lendo listas de pacotes... 92%Lendo listas de pacotes... 93%Lendo listas de pacotes... 93%Lendo listas de pacotes... 94%Lendo listas de pacotes... 94%Lendo listas de pacotes... 94%Lendo listas de pacotes... 94%Lendo listas de pacotes... 94%Lendo listas de pacotes... 94%Lendo listas de pacotes... 96%Lendo listas de pacotes... 96%Lendo listas de pacotes... 98%Lendo listas de pacotes... 98%Lendo listas de pacotes... 98%Lendo listas de pacotes... 98%Lendo listas de pacotes... 98%Lendo listas de pacotes... 98%Lendo listas de pacotes... 98%Lendo listas de pacotes... 98%Lendo listas de pacotes... 98%Lendo listas de pacotes... 98%Lendo listas de pacotes... 98%Lendo listas de pacotes... 98%Lendo listas de pacotes... 98%Lendo listas de pacotes... 98%Lendo listas de pacotes... 99%Lendo listas de pacotes... 99%Lendo listas de pacotes... Pronto
Construindo árvore de dependências... 0%Construindo árvore de dependências... 0%Construindo árvore de dependências... 0%Construindo árvore de dependências... 50%Construindo árvore de dependências... 50%Construindo árvore de dependências       
Lendo informação de estado... 0%  Lendo informação de estado... 0%Lendo informação de estado... Pronto
9 packages can be upgraded. Run 'apt list --upgradable' to see them.
==> Instalar Linux/Ubuntu base...
Lendo listas de pacotes... 0%Lendo listas de pacotes... 100%Lendo listas de pacotes... Pronto
Construindo árvore de dependências... 0%Construindo árvore de dependências... 0%Construindo árvore de dependências... 50%Construindo árvore de dependências... 50%Construindo árvore de dependências       
Lendo informação de estado... 0%  Lendo informação de estado... 0%Lendo informação de estado... Pronto
dkms is already the newest version (2.8.1-5ubuntu2).
linux-headers-5.8.0-45-generic is already the newest version (5.8.0-45.51~20.04.1).
ubuntu-minimal is already the newest version (1.450.2).
The following additional packages will be installed:
  linux-image-5.4.0-67-generic linux-image-generic linux-modules-5.4.0-67-generic linux-modules-extra-5.4.0-67-generic
Pacotes sugeridos:
  fdutils linux-doc | linux-source-5.4.0 linux-tools
Os NOVOS pacotes a seguir serão instalados:
  linux-generic linux-image-5.4.0-67-generic linux-image-generic linux-modules-5.4.0-67-generic
  linux-modules-extra-5.4.0-67-generic
0 pacotes atualizados, 5 pacotes novos instalados, 0 a serem removidos e 9 não atualizados.
É preciso baixar 63,2 MB de arquivos.
Depois desta operação, 291 MB adicionais de espaço em disco serão usados.
0% [Trabalhando]                Obter:1 http://br.archive.ubuntu.com/ubuntu focal-updates/main amd64 linux-modules-5.4.0-67-generic amd64 5.4.0-67.75 [14,8 MB]
0% [1 linux-modules-5.4.0-67-generic 0 B/14,8 MB 0%]3% [1 linux-modules-5.4.0-67-generic 2.032 kB/14,8 MB 14%]9% [1 linux-modules-5.4.0-67-generic 7.240 kB/14,8 MB 49%]16% [1 linux-modules-5.4.0-67-generic 12,5 MB/14,8 MB 84%]                                                          23% [Trabalhando]                 Obter:2 http://br.archive.ubuntu.com/ubuntu focal-updates/main amd64 linux-image-5.4.0-67-generic amd64 5.4.0-67.75 [8.958 kB]
23% [2 linux-image-5.4.0-67-generic 0 B/8.958 kB 0%]30% [2 linux-image-5.4.0-67-generic 5.580 kB/8.958 kB 62%]                                                          38% [Trabalhando]                 Obter:3 http://br.archive.ubuntu.com/ubuntu focal-updates/main amd64 linux-modules-extra-5.4.0-67-generic amd64 5.4.0-67.75 [39,4 MB]
38% [3 linux-modules-extra-5.4.0-67-generic 36,9 kB/39,4 MB 0%]44% [3 linux-modules-extra-5.4.0-67-generic 4.866 kB/39,4 MB 12%]51% [3 linux-modules-extra-5.4.0-67-generic 9.925 kB/39,4 MB 25%]                                                                 55% [3 linux-modules-extra-5.4.0-67-generic 13,6 MB/39,4 MB 35%]59% [3 linux-modules-extra-5.4.0-67-generic 16,7 MB/39,4 MB 42%]64% [3 linux-modules-extra-5.4.0-67-generic 20,1 MB/39,4 MB 51%]67% [3 linux-modules-extra-5.4.0-67-generic 23,0 MB/39,4 MB 58%]71% [3 linux-modules-extra-5.4.0-67-generic 26,3 MB/39,4 MB 67%]                                                 8.073 kB/s 1s76% [3 linux-modules-extra-5.4.0-67-generic 29,6 MB/39,4 MB 75%]                                                 8.073 kB/s 1s79% [3 linux-modules-extra-5.4.0-67-generic 32,6 MB/39,4 MB 83%]                                                 8.073 kB/s 0s84% [3 linux-modules-extra-5.4.0-67-generic 36,1 MB/39,4 MB 92%]                                                 8.073 kB/s 0s87% [3 linux-modules-extra-5.4.0-67-generic 39,0 MB/39,4 MB 99%]                                                 8.073 kB/s 0s92% [Trabalhando]                                                                                                8.073 kB/s 0s                                                                                                                              Obter:4 http://br.archive.ubuntu.com/ubuntu focal-updates/main amd64 linux-image-generic amd64 5.4.0.67.70 [2.632 B]
92% [4 linux-image-generic 2.632 B/2.632 B 100%]                                                                 8.073 kB/s 0s96% [Aguardando por cabeçalhos]                                                                                 8.073 kB/s 0s                                                                                                                              Obter:5 http://br.archive.ubuntu.com/ubuntu focal-updates/main amd64 linux-generic amd64 5.4.0.67.70 [1.896 B]
96% [5 linux-generic 1.896 B/1.896 B 100%]                                                                       8.073 kB/s 0s100% [Trabalhando]                                                                                               8.073 kB/s 0s                                                                                                                              Baixados 63,2 MB em 8s (7.455 kB/s)
A seleccionar pacote anteriormente não seleccionado linux-modules-5.4.0-67-generic.
(Lendo banco de dados ... (Lendo banco de dados ... 5%(Lendo banco de dados ... 10%(Lendo banco de dados ... 15%(Lendo banco de dados ... 20%(Lendo banco de dados ... 25%(Lendo banco de dados ... 30%(Lendo banco de dados ... 35%(Lendo banco de dados ... 40%(Lendo banco de dados ... 45%(Lendo banco de dados ... 50%(Lendo banco de dados ... 55%(Lendo banco de dados ... 60%(Lendo banco de dados ... 65%(Lendo banco de dados ... 70%(Lendo banco de dados ... 75%(Lendo banco de dados ... 80%(Lendo banco de dados ... 85%(Lendo banco de dados ... 90%(Lendo banco de dados ... 95%(Lendo banco de dados ... 100%(Lendo banco de dados ... 236470 ficheiros e directórios actualmente instalados.)
A preparar para desempacotar .../linux-modules-5.4.0-67-generic_5.4.0-67.75_amd64.deb ...
A descompactar linux-modules-5.4.0-67-generic (5.4.0-67.75) ...
A seleccionar pacote anteriormente não seleccionado linux-image-5.4.0-67-generic.
A preparar para desempacotar .../linux-image-5.4.0-67-generic_5.4.0-67.75_amd64.deb ...
A descompactar linux-image-5.4.0-67-generic (5.4.0-67.75) ...
A seleccionar pacote anteriormente não seleccionado linux-modules-extra-5.4.0-67-generic.
A preparar para desempacotar .../linux-modules-extra-5.4.0-67-generic_5.4.0-67.75_amd64.deb ...
A descompactar linux-modules-extra-5.4.0-67-generic (5.4.0-67.75) ...
A seleccionar pacote anteriormente não seleccionado linux-image-generic.
A preparar para desempacotar .../linux-image-generic_5.4.0.67.70_amd64.deb ...
A descompactar linux-image-generic (5.4.0.67.70) ...
A seleccionar pacote anteriormente não seleccionado linux-generic.
A preparar para desempacotar .../linux-generic_5.4.0.67.70_amd64.deb ...
A descompactar linux-generic (5.4.0.67.70) ...
Configurando linux-modules-5.4.0-67-generic (5.4.0-67.75) ...
Configurando linux-image-5.4.0-67-generic (5.4.0-67.75) ...
I: /boot/vmlinuz.old is now a symlink to vmlinuz-5.8.0-45-generic
I: /boot/initrd.img.old is now a symlink to initrd.img-5.8.0-45-generic
I: /boot/vmlinuz is now a symlink to vmlinuz-5.4.0-67-generic
I: /boot/initrd.img is now a symlink to initrd.img-5.4.0-67-generic
Configurando linux-modules-extra-5.4.0-67-generic (5.4.0-67.75) ...
Configurando linux-image-generic (5.4.0.67.70) ...
Configurando linux-generic (5.4.0.67.70) ...
A processar 'triggers' para linux-image-5.4.0-67-generic (5.4.0-67.75) ...
/etc/kernel/postinst.d/dkms:
 * dkms: running auto installation service for kernel 5.4.0-67-generic
   ...done.
/etc/kernel/postinst.d/initramfs-tools:
update-initramfs: Generating /boot/initrd.img-5.4.0-67-generic
/etc/kernel/postinst.d/vboxadd:
VirtualBox Guest Additions: Building the modules for kernel 5.4.0-67-generic.
update-initramfs: deferring update (hook will be called later)
/etc/kernel/postinst.d/zz-update-grub:
Sourcing file `/etc/default/grub'
Sourcing file `/etc/default/grub.d/init-select.cfg'
Generating grub configuration file ...
Imagem Linux encontrada: /boot/vmlinuz-5.8.0-45-generic
Imagem initrd encontrada: /boot/initrd.img-5.8.0-45-generic
Imagem Linux encontrada: /boot/vmlinuz-5.8.0-44-generic
Imagem initrd encontrada: /boot/initrd.img-5.8.0-44-generic
Imagem Linux encontrada: /boot/vmlinuz-5.4.0-67-generic
Imagem initrd encontrada: /boot/initrd.img-5.4.0-67-generic
Adding boot menu entry for UEFI Firmware Settings
concluído
==> Instalar libvrt & KVM (REF: https://github.com/alvistack/ansible-role-virtualbox/blob/master/.travis.yml)
E: Não foi possível abrir arquivo de trava /var/lib/dpkg/lock-frontend - open (13: Permissão negada)
E: Unable to acquire the dpkg frontend lock (/var/lib/dpkg/lock-frontend), are you root?
==> Instalar o VirtualBox
Lendo listas de pacotes... 0%Lendo listas de pacotes... 100%Lendo listas de pacotes... Pronto
Construindo árvore de dependências... 0%Construindo árvore de dependências... 0%Construindo árvore de dependências... 50%Construindo árvore de dependências... 50%Construindo árvore de dependências       
Lendo informação de estado... 0%  Lendo informação de estado... 0%Lendo informação de estado... Pronto
The following additional packages will be installed:
  libdouble-conversion3 libgsoap-2.8.91 liblzf1 libpcre2-16-0 libqt5core5a libqt5dbus5 libqt5gui5 libqt5network5
  libqt5opengl5 libqt5printsupport5 libqt5svg5 libqt5widgets5 libqt5x11extras5 libvncserver1 libxcb-xinerama0 libxcb-xinput0
  qt5-gtk-platformtheme qttranslations5-l10n virtualbox-dkms virtualbox-qt
Pacotes sugeridos:
  qt5-image-formats-plugins qtwayland5 vde2 virtualbox-guest-additions-iso
Os NOVOS pacotes a seguir serão instalados:
  libdouble-conversion3 libgsoap-2.8.91 liblzf1 libpcre2-16-0 libqt5core5a libqt5dbus5 libqt5gui5 libqt5network5
  libqt5opengl5 libqt5printsupport5 libqt5svg5 libqt5widgets5 libqt5x11extras5 libvncserver1 libxcb-xinerama0 libxcb-xinput0
  qt5-gtk-platformtheme qttranslations5-l10n virtualbox virtualbox-dkms virtualbox-qt
0 pacotes atualizados, 21 pacotes novos instalados, 0 a serem removidos e 9 não atualizados.
É preciso baixar 231 kB/54,7 MB de arquivos.
Depois desta operação, 225 MB adicionais de espaço em disco serão usados.
99% [Trabalhando]                 Obter:1 http://br.archive.ubuntu.com/ubuntu focal/universe amd64 libgsoap-2.8.91 amd64 2.8.91-2 [231 kB]
99% [1 libgsoap-2.8.91 5.466 B/231 kB 2%]                                         100% [Trabalhando]                  Baixados 231 kB em 0s (1.719 kB/s)

7[0;15r8[1AA seleccionar pacote anteriormente não seleccionado libdouble-conversion3:amd64.
(Lendo banco de dados ... (Lendo banco de dados ... 5%(Lendo banco de dados ... 10%(Lendo banco de dados ... 15%(Lendo banco de dados ... 20%(Lendo banco de dados ... 25%(Lendo banco de dados ... 30%(Lendo banco de dados ... 35%(Lendo banco de dados ... 40%(Lendo banco de dados ... 45%(Lendo banco de dados ... 50%(Lendo banco de dados ... 55%(Lendo banco de dados ... 60%(Lendo banco de dados ... 65%(Lendo banco de dados ... 70%(Lendo banco de dados ... 75%(Lendo banco de dados ... 80%(Lendo banco de dados ... 85%(Lendo banco de dados ... 90%(Lendo banco de dados ... 95%(Lendo banco de dados ... 100%(Lendo banco de dados ... 243095 ficheiros e directórios actualmente instalados.)
A preparar para desempacotar .../00-libdouble-conversion3_3.1.5-4ubuntu1_amd64.deb ...
7[16;0fProgress: [  0%] [.........................................................................................................] 87[16;0fProgress: [  1%] [#........................................................................................................] 8A descompactar libdouble-conversion3:amd64 (3.1.5-4ubuntu1) ...
7[16;0fProgress: [  2%] [##.......................................................................................................] 8A seleccionar pacote anteriormente não seleccionado libpcre2-16-0:amd64.
A preparar para desempacotar .../01-libpcre2-16-0_10.34-7_amd64.deb ...
7[16;0fProgress: [  4%] [###......................................................................................................] 8A descompactar libpcre2-16-0:amd64 (10.34-7) ...
7[16;0fProgress: [  5%] [####.....................................................................................................] 8A seleccionar pacote anteriormente não seleccionado libqt5core5a:amd64.
A preparar para desempacotar .../02-libqt5core5a_5.12.8+dfsg-0ubuntu1_amd64.deb ...
7[16;0fProgress: [  6%] [######...................................................................................................] 8A descompactar libqt5core5a:amd64 (5.12.8+dfsg-0ubuntu1) ...
7[16;0fProgress: [  7%] [#######..................................................................................................] 8A seleccionar pacote anteriormente não seleccionado libqt5dbus5:amd64.
A preparar para desempacotar .../03-libqt5dbus5_5.12.8+dfsg-0ubuntu1_amd64.deb ...
7[16;0fProgress: [  8%] [########.................................................................................................] 8A descompactar libqt5dbus5:amd64 (5.12.8+dfsg-0ubuntu1) ...
7[16;0fProgress: [  9%] [#########................................................................................................] 8A seleccionar pacote anteriormente não seleccionado libqt5network5:amd64.
A preparar para desempacotar .../04-libqt5network5_5.12.8+dfsg-0ubuntu1_amd64.deb ...
7[16;0fProgress: [ 11%] [###########..............................................................................................] 8A descompactar libqt5network5:amd64 (5.12.8+dfsg-0ubuntu1) ...
7[16;0fProgress: [ 12%] [############.............................................................................................] 8A seleccionar pacote anteriormente não seleccionado libxcb-xinerama0:amd64.
A preparar para desempacotar .../05-libxcb-xinerama0_1.14-2_amd64.deb ...
7[16;0fProgress: [ 13%] [#############............................................................................................] 8A descompactar libxcb-xinerama0:amd64 (1.14-2) ...
7[16;0fProgress: [ 14%] [##############...........................................................................................] 8A seleccionar pacote anteriormente não seleccionado libxcb-xinput0:amd64.
A preparar para desempacotar .../06-libxcb-xinput0_1.14-2_amd64.deb ...
7[16;0fProgress: [ 15%] [################.........................................................................................] 8A descompactar libxcb-xinput0:amd64 (1.14-2) ...
7[16;0fProgress: [ 16%] [#################........................................................................................] 8A seleccionar pacote anteriormente não seleccionado libqt5gui5:amd64.
A preparar para desempacotar .../07-libqt5gui5_5.12.8+dfsg-0ubuntu1_amd64.deb ...
7[16;0fProgress: [ 18%] [##################.......................................................................................] 8A descompactar libqt5gui5:amd64 (5.12.8+dfsg-0ubuntu1) ...
7[16;0fProgress: [ 19%] [###################......................................................................................] 8A seleccionar pacote anteriormente não seleccionado libqt5widgets5:amd64.
A preparar para desempacotar .../08-libqt5widgets5_5.12.8+dfsg-0ubuntu1_amd64.deb ...
7[16;0fProgress: [ 20%] [#####################....................................................................................] 8A descompactar libqt5widgets5:amd64 (5.12.8+dfsg-0ubuntu1) ...
7[16;0fProgress: [ 21%] [######################...................................................................................] 8A seleccionar pacote anteriormente não seleccionado libqt5svg5:amd64.
A preparar para desempacotar .../09-libqt5svg5_5.12.8-0ubuntu1_amd64.deb ...
7[16;0fProgress: [ 22%] [#######################..................................................................................] 8A descompactar libqt5svg5:amd64 (5.12.8-0ubuntu1) ...
7[16;0fProgress: [ 24%] [########################.................................................................................] 8A seleccionar pacote anteriormente não seleccionado libgsoap-2.8.91:amd64.
A preparar para desempacotar .../10-libgsoap-2.8.91_2.8.91-2_amd64.deb ...
7[16;0fProgress: [ 25%] [#########################................................................................................] 8A descompactar libgsoap-2.8.91:amd64 (2.8.91-2) ...
7[16;0fProgress: [ 26%] [###########################..............................................................................] 8A seleccionar pacote anteriormente não seleccionado liblzf1:amd64.
A preparar para desempacotar .../11-liblzf1_3.6-2~ubuntu1.20.04.1_amd64.deb ...
7[16;0fProgress: [ 27%] [############################.............................................................................] 8A descompactar liblzf1:amd64 (3.6-2~ubuntu1.20.04.1) ...
7[16;0fProgress: [ 28%] [#############################............................................................................] 8A seleccionar pacote anteriormente não seleccionado libqt5opengl5:amd64.
A preparar para desempacotar .../12-libqt5opengl5_5.12.8+dfsg-0ubuntu1_amd64.deb ...
7[16;0fProgress: [ 29%] [##############################...........................................................................] 8A descompactar libqt5opengl5:amd64 (5.12.8+dfsg-0ubuntu1) ...
7[16;0fProgress: [ 31%] [################################.........................................................................] 8A seleccionar pacote anteriormente não seleccionado libqt5printsupport5:amd64.
A preparar para desempacotar .../13-libqt5printsupport5_5.12.8+dfsg-0ubuntu1_amd64.deb ...
7[16;0fProgress: [ 32%] [#################################........................................................................] 8A descompactar libqt5printsupport5:amd64 (5.12.8+dfsg-0ubuntu1) ...
7[16;0fProgress: [ 33%] [##################################.......................................................................] 8A seleccionar pacote anteriormente não seleccionado libqt5x11extras5:amd64.
A preparar para desempacotar .../14-libqt5x11extras5_5.12.8-0ubuntu1_amd64.deb ...
7[16;0fProgress: [ 34%] [###################################......................................................................] 8A descompactar libqt5x11extras5:amd64 (5.12.8-0ubuntu1) ...
7[16;0fProgress: [ 35%] [#####################################....................................................................] 8A seleccionar pacote anteriormente não seleccionado libvncserver1:amd64.
A preparar para desempacotar .../15-libvncserver1_0.9.12+dfsg-9ubuntu0.3_amd64.deb ...
7[16;0fProgress: [ 36%] [######################################...................................................................] 8A descompactar libvncserver1:amd64 (0.9.12+dfsg-9ubuntu0.3) ...
7[16;0fProgress: [ 38%] [#######################################..................................................................] 8A seleccionar pacote anteriormente não seleccionado qt5-gtk-platformtheme:amd64.
A preparar para desempacotar .../16-qt5-gtk-platformtheme_5.12.8+dfsg-0ubuntu1_amd64.deb ...
7[16;0fProgress: [ 39%] [########################################.................................................................] 8A descompactar qt5-gtk-platformtheme:amd64 (5.12.8+dfsg-0ubuntu1) ...
7[16;0fProgress: [ 40%] [##########################################...............................................................] 8A seleccionar pacote anteriormente não seleccionado qttranslations5-l10n.
A preparar para desempacotar .../17-qttranslations5-l10n_5.12.8-0ubuntu1_all.deb ...
7[16;0fProgress: [ 41%] [###########################################..............................................................] 8A descompactar qttranslations5-l10n (5.12.8-0ubuntu1) ...
7[16;0fProgress: [ 42%] [############################################.............................................................] 8A seleccionar pacote anteriormente não seleccionado virtualbox-dkms.
A preparar para desempacotar .../18-virtualbox-dkms_6.1.16-dfsg-6~ubuntu1.20.04.1_amd64.deb ...
7[16;0fProgress: [ 44%] [#############################################............................................................] 8A descompactar virtualbox-dkms (6.1.16-dfsg-6~ubuntu1.20.04.1) ...
7[16;0fProgress: [ 45%] [##############################################...........................................................] 8A seleccionar pacote anteriormente não seleccionado virtualbox.
A preparar para desempacotar .../19-virtualbox_6.1.16-dfsg-6~ubuntu1.20.04.1_amd64.deb ...
7[16;0fProgress: [ 46%] [################################################.........................................................] 8A descompactar virtualbox (6.1.16-dfsg-6~ubuntu1.20.04.1) ...
7[16;0fProgress: [ 47%] [#################################################........................................................] 8A seleccionar pacote anteriormente não seleccionado virtualbox-qt.
A preparar para desempacotar .../20-virtualbox-qt_6.1.16-dfsg-6~ubuntu1.20.04.1_amd64.deb ...
7[16;0fProgress: [ 48%] [##################################################.......................................................] 8A descompactar virtualbox-qt (6.1.16-dfsg-6~ubuntu1.20.04.1) ...
7[16;0fProgress: [ 49%] [###################################################......................................................] 8Configurando libdouble-conversion3:amd64 (3.1.5-4ubuntu1) ...
7[16;0fProgress: [ 51%] [#####################################################....................................................] 87[16;0fProgress: [ 52%] [######################################################...................................................] 8Configurando libxcb-xinput0:amd64 (1.14-2) ...
7[16;0fProgress: [ 53%] [#######################################################..................................................] 87[16;0fProgress: [ 54%] [########################################################.................................................] 8Configurando libpcre2-16-0:amd64 (10.34-7) ...
7[16;0fProgress: [ 55%] [##########################################################...............................................] 87[16;0fProgress: [ 56%] [###########################################################..............................................] 8Configurando libvncserver1:amd64 (0.9.12+dfsg-9ubuntu0.3) ...
7[16;0fProgress: [ 58%] [############################################################.............................................] 87[16;0fProgress: [ 59%] [#############################################################............................................] 8Configurando libxcb-xinerama0:amd64 (1.14-2) ...
7[16;0fProgress: [ 60%] [###############################################################..........................................] 87[16;0fProgress: [ 61%] [################################################################.........................................] 8Configurando qttranslations5-l10n (5.12.8-0ubuntu1) ...
7[16;0fProgress: [ 62%] [#################################################################........................................] 87[16;0fProgress: [ 64%] [##################################################################.......................................] 8Configurando liblzf1:amd64 (3.6-2~ubuntu1.20.04.1) ...
7[16;0fProgress: [ 65%] [###################################################################......................................] 87[16;0fProgress: [ 66%] [#####################################################################....................................] 8Configurando libqt5core5a:amd64 (5.12.8+dfsg-0ubuntu1) ...
7[16;0fProgress: [ 67%] [######################################################################...................................] 87[16;0fProgress: [ 68%] [#######################################################################..................................] 8Configurando libqt5dbus5:amd64 (5.12.8+dfsg-0ubuntu1) ...
7[16;0fProgress: [ 69%] [########################################################################.................................] 87[16;0fProgress: [ 71%] [##########################################################################...............................] 8Configurando libgsoap-2.8.91:amd64 (2.8.91-2) ...
7[16;0fProgress: [ 72%] [###########################################################################..............................] 87[16;0fProgress: [ 73%] [############################################################################.............................] 8Configurando virtualbox-dkms (6.1.16-dfsg-6~ubuntu1.20.04.1) ...
7[16;0fProgress: [ 74%] [#############################################################################............................] 8Loading new virtualbox-6.1.16 DKMS files...
Building for 5.8.0-45-generic
Building initial module for 5.8.0-45-generic
This system doesn't support Secure Boot
Secure Boot not enabled on this system.
Done.

vboxdrv.ko:
Running module version sanity check.
 - Original module
   - No original module exists within this kernel
 - Installation
   - Installing to /lib/modules/5.8.0-45-generic/updates/dkms/

vboxnetadp.ko:
Running module version sanity check.
 - Original module
   - No original module exists within this kernel
 - Installation
   - Installing to /lib/modules/5.8.0-45-generic/updates/dkms/

vboxnetflt.ko:
Running module version sanity check.
 - Original module
   - No original module exists within this kernel
 - Installation
   - Installing to /lib/modules/5.8.0-45-generic/updates/dkms/

depmod...

DKMS: install completed.
7[16;0fProgress: [ 75%] [###############################################################################..........................] 8Configurando libqt5network5:amd64 (5.12.8+dfsg-0ubuntu1) ...
7[16;0fProgress: [ 76%] [################################################################################.........................] 87[16;0fProgress: [ 78%] [#################################################################################........................] 8Configurando virtualbox (6.1.16-dfsg-6~ubuntu1.20.04.1) ...
7[16;0fProgress: [ 79%] [##################################################################################.......................] 8Created symlink /etc/systemd/system/multi-user.target.wants/vboxweb.service → /lib/systemd/system/vboxweb.service.
Job for vboxweb.service failed because the service did not take the steps required by its unit configuration.
See "systemctl status vboxweb.service" and "journalctl -xe" for details.
7[16;0fProgress: [ 80%] [####################################################################################.....................] 8Configurando libqt5gui5:amd64 (5.12.8+dfsg-0ubuntu1) ...
7[16;0fProgress: [ 81%] [#####################################################################################....................] 87[16;0fProgress: [ 82%] [######################################################################################...................] 8Configurando libqt5widgets5:amd64 (5.12.8+dfsg-0ubuntu1) ...
7[16;0fProgress: [ 84%] [#######################################################################################..................] 87[16;0fProgress: [ 85%] [########################################################################################.................] 8Configurando qt5-gtk-platformtheme:amd64 (5.12.8+dfsg-0ubuntu1) ...
7[16;0fProgress: [ 86%] [##########################################################################################...............] 87[16;0fProgress: [ 87%] [###########################################################################################..............] 8Configurando libqt5printsupport5:amd64 (5.12.8+dfsg-0ubuntu1) ...
7[16;0fProgress: [ 88%] [############################################################################################.............] 87[16;0fProgress: [ 89%] [#############################################################################################............] 8Configurando libqt5opengl5:amd64 (5.12.8+dfsg-0ubuntu1) ...
7[16;0fProgress: [ 91%] [###############################################################################################..........] 87[16;0fProgress: [ 92%] [################################################################################################.........] 8Configurando libqt5x11extras5:amd64 (5.12.8-0ubuntu1) ...
7[16;0fProgress: [ 93%] [#################################################################################################........] 87[16;0fProgress: [ 94%] [##################################################################################################.......] 8Configurando libqt5svg5:amd64 (5.12.8-0ubuntu1) ...
7[16;0fProgress: [ 95%] [####################################################################################################.....] 87[16;0fProgress: [ 96%] [#####################################################################################################....] 8Configurando virtualbox-qt (6.1.16-dfsg-6~ubuntu1.20.04.1) ...
7[16;0fProgress: [ 98%] [######################################################################################################...] 87[16;0fProgress: [ 99%] [#######################################################################################################..] 8A processar 'triggers' para desktop-file-utils (0.24-1ubuntu3) ...
A processar 'triggers' para mime-support (3.64ubuntu1) ...
A processar 'triggers' para hicolor-icon-theme (0.17-2) ...
A processar 'triggers' para gnome-menus (3.36.0-1ubuntu1) ...
A processar 'triggers' para libc-bin (2.31-0ubuntu9.2) ...
A processar 'triggers' para systemd (245.4-4ubuntu3.5) ...
A processar 'triggers' para man-db (2.9.1-1) ...
A processar 'triggers' para shared-mime-info (1.15-1) ...

7[0;16r8[1A[JLendo listas de pacotes... 0%Lendo listas de pacotes... 100%Lendo listas de pacotes... Pronto
Construindo árvore de dependências... 0%Construindo árvore de dependências... 0%Construindo árvore de dependências... 50%Construindo árvore de dependências... 50%Construindo árvore de dependências       
Lendo informação de estado... 0%  Lendo informação de estado... 0%Lendo informação de estado... Pronto
The following additional packages will be installed:
  virtualbox-guest-utils
Os NOVOS pacotes a seguir serão instalados:
  virtualbox-guest-dkms virtualbox-guest-utils virtualbox-guest-x11
0 pacotes atualizados, 3 pacotes novos instalados, 0 a serem removidos e 9 não atualizados.
É preciso baixar 0 B/2.087 kB de arquivos.
Depois desta operação, 15,7 MB adicionais de espaço em disco serão usados.

7[0;15r8[1AA seleccionar pacote anteriormente não seleccionado virtualbox-guest-dkms.
(Lendo banco de dados ... (Lendo banco de dados ... 5%(Lendo banco de dados ... 10%(Lendo banco de dados ... 15%(Lendo banco de dados ... 20%(Lendo banco de dados ... 25%(Lendo banco de dados ... 30%(Lendo banco de dados ... 35%(Lendo banco de dados ... 40%(Lendo banco de dados ... 45%(Lendo banco de dados ... 50%(Lendo banco de dados ... 55%(Lendo banco de dados ... 60%(Lendo banco de dados ... 65%(Lendo banco de dados ... 70%(Lendo banco de dados ... 75%(Lendo banco de dados ... 80%(Lendo banco de dados ... 85%(Lendo banco de dados ... 90%(Lendo banco de dados ... 95%(Lendo banco de dados ... 100%(Lendo banco de dados ... 244172 ficheiros e directórios actualmente instalados.)
A preparar para desempacotar .../virtualbox-guest-dkms_6.1.16-dfsg-6~ubuntu1.20.04.1_all.deb ...
7[16;0fProgress: [  0%] [.........................................................................................................] 87[16;0fProgress: [  8%] [########.................................................................................................] 8A descompactar virtualbox-guest-dkms (6.1.16-dfsg-6~ubuntu1.20.04.1) ...
7[16;0fProgress: [ 15%] [################.........................................................................................] 8A seleccionar pacote anteriormente não seleccionado virtualbox-guest-utils.
A preparar para desempacotar .../virtualbox-guest-utils_6.1.16-dfsg-6~ubuntu1.20.04.1_amd64.deb ...
7[16;0fProgress: [ 23%] [########################.................................................................................] 8A descompactar virtualbox-guest-utils (6.1.16-dfsg-6~ubuntu1.20.04.1) ...
7[16;0fProgress: [ 31%] [################################.........................................................................] 8A seleccionar pacote anteriormente não seleccionado virtualbox-guest-x11.
A preparar para desempacotar .../virtualbox-guest-x11_6.1.16-dfsg-6~ubuntu1.20.04.1_amd64.deb ...
7[16;0fProgress: [ 38%] [########################################.................................................................] 8A descompactar virtualbox-guest-x11 (6.1.16-dfsg-6~ubuntu1.20.04.1) ...
7[16;0fProgress: [ 46%] [################################################.........................................................] 8Configurando virtualbox-guest-dkms (6.1.16-dfsg-6~ubuntu1.20.04.1) ...
7[16;0fProgress: [ 54%] [########################################################.................................................] 8Loading new virtualbox-guest-6.1.16 DKMS files...
Building for 5.8.0-45-generic
Building initial module for 5.8.0-45-generic
This system doesn't support Secure Boot
Secure Boot not enabled on this system.
Done.

vboxguest.ko:
Running module version sanity check.
 - Original module
 - Installation
   - Installing to /lib/modules/5.8.0-45-generic/updates/dkms/

vboxsf.ko:
Running module version sanity check.
 - Original module
 - Installation
   - Installing to /lib/modules/5.8.0-45-generic/updates/dkms/

vboxvideo.ko:
Running module version sanity check.
 - Original module
 - Installation
   - Installing to /lib/modules/5.8.0-45-generic/updates/dkms/

depmod...

DKMS: install completed.
7[16;0fProgress: [ 62%] [################################################################.........................................] 8Configurando virtualbox-guest-utils (6.1.16-dfsg-6~ubuntu1.20.04.1) ...
7[16;0fProgress: [ 69%] [########################################################################.................................] 8Created symlink /etc/systemd/system/multi-user.target.wants/virtualbox-guest-utils.service → /lib/systemd/system/virtualbox-guest-utils.service.
7[16;0fProgress: [ 77%] [################################################################################.........................] 8Configurando virtualbox-guest-x11 (6.1.16-dfsg-6~ubuntu1.20.04.1) ...
7[16;0fProgress: [ 85%] [########################################################################################.................] 87[16;0fProgress: [ 92%] [################################################################################################.........] 8A processar 'triggers' para man-db (2.9.1-1) ...
A processar 'triggers' para systemd (245.4-4ubuntu3.5) ...

7[0;16r8[1A[JLendo listas de pacotes... 0%Lendo listas de pacotes... 100%Lendo listas de pacotes... Pronto
Construindo árvore de dependências... 0%Construindo árvore de dependências... 0%Construindo árvore de dependências... 50%Construindo árvore de dependências... 50%Construindo árvore de dependências       
Lendo informação de estado... 0%  Lendo informação de estado... 0%Lendo informação de estado... Pronto
Os NOVOS pacotes a seguir serão instalados:
  virtualbox-guest-additions-iso
0 pacotes atualizados, 1 pacotes novos instalados, 0 a serem removidos e 9 não atualizados.
É preciso baixar 44,7 MB de arquivos.
Depois desta operação, 61,0 MB adicionais de espaço em disco serão usados.
0% [Trabalhando]                Obter:1 http://br.archive.ubuntu.com/ubuntu focal-updates/multiverse amd64 virtualbox-guest-additions-iso all 6.1.16-1~ubuntu1.20.04.1 [44,7 MB]
0% [1 virtualbox-guest-additions-iso 5.462 B/44,7 MB 0%]8% [1 virtualbox-guest-additions-iso 4.273 kB/44,7 MB 10%]17% [1 virtualbox-guest-additions-iso 9.469 kB/44,7 MB 21%]                                                           26% [1 virtualbox-guest-additions-iso 14,5 MB/44,7 MB 32%]36% [1 virtualbox-guest-additions-iso 20,0 MB/44,7 MB 45%]43% [1 virtualbox-guest-additions-iso 23,8 MB/44,7 MB 53%]49% [1 virtualbox-guest-additions-iso 27,4 MB/44,7 MB 61%]56% [1 virtualbox-guest-additions-iso 31,4 MB/44,7 MB 70%]64% [1 virtualbox-guest-additions-iso 35,9 MB/44,7 MB 80%]73% [1 virtualbox-guest-additions-iso 40,8 MB/44,7 MB 91%]78% [1 virtualbox-guest-additions-iso 43,9 MB/44,7 MB 98%]                                                          100% [Trabalhando]                  Baixados 44,7 MB em 5s (8.230 kB/s)

7[0;15r8[1AA seleccionar pacote anteriormente não seleccionado virtualbox-guest-additions-iso.
(Lendo banco de dados ... (Lendo banco de dados ... 5%(Lendo banco de dados ... 10%(Lendo banco de dados ... 15%(Lendo banco de dados ... 20%(Lendo banco de dados ... 25%(Lendo banco de dados ... 30%(Lendo banco de dados ... 35%(Lendo banco de dados ... 40%(Lendo banco de dados ... 45%(Lendo banco de dados ... 50%(Lendo banco de dados ... 55%(Lendo banco de dados ... 60%(Lendo banco de dados ... 65%(Lendo banco de dados ... 70%(Lendo banco de dados ... 75%(Lendo banco de dados ... 80%(Lendo banco de dados ... 85%(Lendo banco de dados ... 90%(Lendo banco de dados ... 95%(Lendo banco de dados ... 100%(Lendo banco de dados ... 244519 ficheiros e directórios actualmente instalados.)
A preparar para desempacotar .../virtualbox-guest-additions-iso_6.1.16-1~ubuntu1.20.04.1_all.deb ...
7[16;0fProgress: [  0%] [.........................................................................................................] 87[16;0fProgress: [ 20%] [#####################....................................................................................] 8A descompactar virtualbox-guest-additions-iso (6.1.16-1~ubuntu1.20.04.1) ...
7[16;0fProgress: [ 40%] [##########################################...............................................................] 8Configurando virtualbox-guest-additions-iso (6.1.16-1~ubuntu1.20.04.1) ...
7[16;0fProgress: [ 60%] [###############################################################..........................................] 87[16;0fProgress: [ 80%] [####################################################################################.....................] 8
7[0;16r8[1A[J==> Instalar o Extension Pack do VirtualBox
--2021-03-22 13:38:51--  https://download.virtualbox.org/virtualbox/6.1.18/Oracle_VM_VirtualBox_Extension_Pack-6.1.18.vbox-extpack
Resolvendo download.virtualbox.org (download.virtualbox.org)... 2.20.144.90
Conectando-se a download.virtualbox.org (download.virtualbox.org)|2.20.144.90|:443... conectado.
A requisição HTTP foi enviada, aguardando resposta... 200 OK
Tamanho: 11157510 (11M) [text/plain]
Salvando em: “Oracle_VM_VirtualBox_Extension_Pack-6.1.18.vbox-extpack”

                Oracle_VM_Virtu   0%[                                                       ]       0  --.-KB/s                              Oracle_VM_Virtua  19%[=========>                                             ]   2,06M  10,3MB/s                             Oracle_VM_Virtual  39%[====================>                                  ]   4,25M  10,2MB/s                            Oracle_VM_VirtualB  63%[=================================>                     ]   6,71M  10,9MB/s                           Oracle_VM_VirtualBo  83%[=============================================>         ]   8,91M  10,9MB/s               Oracle_VM_VirtualBox_Extension_ 100%[======================================================>]  10,64M  10,9MB/s    em 1,0s    

2021-03-22 13:38:52 (10,9 MB/s) - “Oracle_VM_VirtualBox_Extension_Pack-6.1.18.vbox-extpack” salvo [11157510/11157510]

License accepted.
0%...
Progress state: NS_ERROR_FAILURE
VBoxManage: error: Failed to install "/home/neo/Público/src/vps/Oracle_VM_VirtualBox_Extension_Pack-6.1.18.vbox-extpack"
VBoxManage: error: Extension pack 'Oracle VM VirtualBox Extension Pack' is already installed. In case of a reinstallation, please uninstall it first
VBoxManage: error: Details: code NS_ERROR_FAILURE (0x80004005), component ExtPackManagerWrap, interface IExtPackManager
VBoxManage: error: Context: "RTEXITCODE handleExtPack(HandlerArg*)" at line 1424 of file VBoxManageMisc.cpp
Lendo listas de pacotes... 0%Lendo listas de pacotes... 100%Lendo listas de pacotes... Pronto
Construindo árvore de dependências... 0%Construindo árvore de dependências... 0%Construindo árvore de dependências... 50%Construindo árvore de dependências... 50%Construindo árvore de dependências       
Lendo informação de estado... 0%  Lendo informação de estado... 0%Lendo informação de estado... Pronto
E: Impossível encontrar o pacote vagrant-libs
Lendo listas de pacotes... 0%Lendo listas de pacotes... 100%Lendo listas de pacotes... Pronto
Construindo árvore de dependências... 0%Construindo árvore de dependências... 0%Construindo árvore de dependências... 50%Construindo árvore de dependências... 50%Construindo árvore de dependências       
Lendo informação de estado... 0%  Lendo informação de estado... 0%Lendo informação de estado... Pronto
0 pacotes atualizados, 0 pacotes novos instalados, 0 a serem removidos e 9 não atualizados.
==> Download Vagrant & Instalar
2021-03-22 13:39:00 URL:https://releases.hashicorp.com/vagrant/2.2.9/vagrant_2.2.9_x86_64.deb [42978828/42978828] -> "vagrant_2.2.9_x86_64.deb" [1]
(Lendo banco de dados ... (Lendo banco de dados ... 5%(Lendo banco de dados ... 10%(Lendo banco de dados ... 15%(Lendo banco de dados ... 20%(Lendo banco de dados ... 25%(Lendo banco de dados ... 30%(Lendo banco de dados ... 35%(Lendo banco de dados ... 40%(Lendo banco de dados ... 45%(Lendo banco de dados ... 50%(Lendo banco de dados ... 55%(Lendo banco de dados ... 60%(Lendo banco de dados ... 65%(Lendo banco de dados ... 70%(Lendo banco de dados ... 75%(Lendo banco de dados ... 80%(Lendo banco de dados ... 85%(Lendo banco de dados ... 90%(Lendo banco de dados ... 95%(Lendo banco de dados ... 100%(Lendo banco de dados ... 244523 ficheiros e directórios actualmente instalados.)
A preparar para desempacotar vagrant_2.2.9_x86_64.deb ...
A descompactar vagrant (1:2.2.9) sobre (1:2.2.9) ...
Configurando vagrant (1:2.2.9) ...
==> Instalar plugins do Vagrant
Installing the 'vagrant-libvirt' plugin. This can take a few minutes...
Building native extensions. This could take a while...
Building native extensions. This could take a while...
Installed the plugin 'vagrant-libvirt (0.4.0)'!
Installing the 'vagrant-disksize' plugin. This can take a few minutes...
Building native extensions. This could take a while...
Building native extensions. This could take a while...
Installed the plugin 'vagrant-disksize (0.1.3)'!
Installing the 'vagrant-mutate' plugin. This can take a few minutes...
Building native extensions. This could take a while...
Building native extensions. This could take a while...
Installed the plugin 'vagrant-mutate (1.2.0)'!
==> Removendo pacotes do Ubuntu desnecessários
Lendo listas de pacotes... 0%Lendo listas de pacotes... 0%Lendo listas de pacotes... 8%Lendo listas de pacotes... Pronto
Construindo árvore de dependências... 0%Construindo árvore de dependências... 0%Construindo árvore de dependências... 50%Construindo árvore de dependências... 50%Construindo árvore de dependências       
Lendo informação de estado... 0%  Lendo informação de estado... 0%Lendo informação de estado... Pronto
0 pacotes atualizados, 0 pacotes novos instalados, 0 a serem removidos e 9 não atualizados.
./criar_box.sh: linha 66: x: comando não encontrado
./criar_box.sh: linha 67: erro de sintaxe próximo ao token inesperado `fi'
./criar_box.sh: linha 67: `fi'
make: *** [Makefile:34: box] Erro 2
