 A compilação vai iniciar em 4 segundos... A compilação vai iniciar em 3 segundos... A compilação vai iniciar em 2 segundos... A compilação vai iniciar em 1 segundos... A compilação vai iniciar em 0 segundos...

Detalhes do desktop:

Nome do modelo: AMD FX(tm)-8350 Eight-Core
Arquitetura: x86_64
Número de CPU(s): 8    
Virtualização: AMD-V    
Modo(s) operacional da CPU: 32-bit, 64-bit

    VPS_DEV: Are you sure you want to destroy the 'VPS_DEV' VM? [y/N] N
==> VPS_DEV: The VM 'VPS_DEV' will not be destroyed, since the confirmation
==> VPS_DEV: was declined.
Bringing machine 'VPS_DEV' up with 'virtualbox' provider...
==> VPS_DEV: Checking if box 'ubuntu/focal64' version '20210315.0.0' is up to date...
==> VPS_DEV: Machine already provisioned. Run `vagrant provision` or use the `--provision`
==> VPS_DEV: flag to force provisioning. Provisioners marked to run always will still run.
Welcome to Ubuntu 20.04.2 LTS (GNU/Linux 5.4.0-67-generic x86_64)

 * Documentation:  https://help.ubuntu.com
 * Management:     https://landscape.canonical.com
 * Support:        https://ubuntu.com/advantage

  System information as of Wed Mar 17 21:42:56 UTC 2021

  System load:  0.36               Processes:                153
  Usage of /:   11.2% of 38.71GB   Users logged in:          0
  Memory usage: 10%                IPv4 address for docker0: 172.17.0.1
  Swap usage:   0%                 IPv4 address for enp0s3:  10.0.2.15

 * Introducing self-healing high availability clusters in MicroK8s.
   Simple, hardened, Kubernetes for production, from RaspberryPi to DC.

     https://microk8s.io/high-availability

1 update can be installed immediately.
0 of these updates are security updates.
To see these additional updates run: apt list --upgradable


*** System restart required ***
chmod +x iniciar_nfdos.sh
./iniciar_nfdos.sh
Atualizar repositórios e instalar requerimentos...

WARNING: apt does not have a stable CLI interface. Use with caution in scripts.

Hit:1 https://download.docker.com/linux/ubuntu focal InRelease
Get:2 http://security.ubuntu.com/ubuntu focal-security InRelease [109 kB]
Hit:3 http://archive.ubuntu.com/ubuntu focal InRelease
Get:4 http://archive.ubuntu.com/ubuntu focal-updates InRelease [114 kB]
Get:5 http://archive.ubuntu.com/ubuntu focal-backports InRelease [101 kB]
Fetched 324 kB in 2s (161 kB/s)
Reading package lists...
Building dependency tree...
Reading state information...
1 package can be upgraded. Run 'apt list --upgradable' to see it.

WARNING: apt does not have a stable CLI interface. Use with caution in scripts.

Reading package lists...
Building dependency tree...
Reading state information...
mtools is already the newest version (4.0.24-1).
squashfs-tools is already the newest version (1:4.4-1).
unzip is already the newest version (6.0-25ubuntu1).
whois is already the newest version (5.5.6).
moreutils is already the newest version (0.63-1).
xorriso is already the newest version (1.5.2-1).
binutils is already the newest version (2.34-6ubuntu1.1).
debootstrap is already the newest version (1.0.118ubuntu1.3).
grub-efi-amd64-bin is already the newest version (2.04-1ubuntu26.9).
grub-pc-bin is already the newest version (2.04-1ubuntu26.9).
software-properties-common is already the newest version (0.98.9.4).
tmux is already the newest version (3.0a-2ubuntu0.2).
jq is already the newest version (1.6-1ubuntu0.20.04.1).
0 upgraded, 0 newly installed, 0 to remove and 1 not upgraded.
A /vagrant/nfdos/core/nfdos.iso existe
A /vagrant/nfdos/desktop/vagrant/NFDOS-0.4.4.box existe.
chmod +x iniciar_docker.sh 
./iniciar_docker.sh 
Configurar o pacote estático do QEMU x86_64
  % Total    % Received % Xferd  Average Speed   Time    Time     Time  Current
                                 Dload  Upload   Total   Spent    Left  Speed
  0     0    0     0    0     0      0      0 --:--:-- --:--:-- --:--:--     0100     9  100     9    0     0     17      0 --:--:-- --:--:-- --:--:--    17
#docker build --no-cache -t neoricalex/nfdos:focal-1.0.0-pre  --build-arg QEMU_ARCH=x86_64 --platform x86_64 --rm docker
