 A compilação vai iniciar em 6 segundos... A compilação vai iniciar em 5 segundos... A compilação vai iniciar em 4 segundos... A compilação vai iniciar em 3 segundos... A compilação vai iniciar em 2 segundos... A compilação vai iniciar em 1 segundos... A compilação vai iniciar em 0 segundos...

Compilação iniciada seg 22 mar 2021 09:44:27

Detalhes do desktop:

Nome do modelo: AMD FX(tm)-8350 Eight-Core
Arquitetura: x86_64
Número de CPU(s): 8    
Virtualização: AMD-V    
Memória RAM: 16041 MiB 
Memória Virtual: 1197 MB
Modo(s) operacional da CPU: 32-bit, 64-bit

chmod +x compilar_box.sh
./compilar_box.sh
Atualizar repositórios e instalar requerimentos...
[sudo] senha para neo: 
0% [Trabalhando]                Atingido:1 http://download.virtualbox.org/virtualbox/debian focal InRelease
0% [Aguardando por cabeçalhos] [Conectando a security.ubuntu.com] [Conectando a brave-browser-apt-release.s3.brave.com] [Conn                                                                                                                              Atingido:2 http://br.archive.ubuntu.com/ubuntu focal InRelease
0% [Aguardando por cabeçalhos] [Conectando a security.ubuntu.com] [Conectando em brave-browser-apt-release.s3.brave.com (13.2                                                                                                                              Obter:3 http://br.archive.ubuntu.com/ubuntu focal-updates InRelease [114 kB]
0% [3 InRelease 4.091 B/114 kB 4%] [Conectando a security.ubuntu.com] [Connected to brave-browser-apt-release.s3.brave.com (13                                                                                                                              Atingido:4 https://download.docker.com/linux/ubuntu focal InRelease
0% [3 InRelease 14,1 kB/114 kB 12%] [Conectando a security.ubuntu.com] [Connected to brave-browser-apt-release.s3.brave.com (1                                                                                                                              Atingido:5 https://brave-browser-apt-release.s3.brave.com stable InRelease
                                                                                                                              0% [3 InRelease 48,4 kB/114 kB 43%] [Conectando a security.ubuntu.com]                                                                      0% [Conectando a security.ubuntu.com]                                     Obter:6 http://br.archive.ubuntu.com/ubuntu focal-backports InRelease [101 kB]
0% [6 InRelease 4.091 B/101 kB 4%] [Conectando a security.ubuntu.com]                                                                     0% [Conectando em security.ubuntu.com (91.189.88.142)]0% [Conectando em security.ubuntu.com (91.189.88.142)]0% [Conectando em security.ubuntu.com (91.189.88.142)]                                                      0% [Aguardando por cabeçalhos]                               Obter:7 http://security.ubuntu.com/ubuntu focal-security InRelease [109 kB]
0% [7 InRelease 5.401 B/109 kB 5%]0% [7 InRelease 14,0 kB/109 kB 13%]0% [7 InRelease 14,0 kB/109 kB 13%]                                   Obter:8 http://br.archive.ubuntu.com/ubuntu focal-updates/main amd64 DEP-11 Metadata [265 kB]
0% [8 Components-amd64 5.519 B/265 kB 2%] [7 InRelease 14,0 kB/109 kB 13%]                                                                          0% [7 InRelease 36,8 kB/109 kB 34%]0% [7 InRelease 36,8 kB/109 kB 34%]0% [8 Components-amd64 store 0 B] [7 InRelease 36,8 kB/109 kB 34%]                                                                  Obter:9 http://br.archive.ubuntu.com/ubuntu focal-updates/universe amd64 DEP-11 Metadata [303 kB]
0% [8 Components-amd64 store 0 B] [9 Components-amd64 6.947 B/303 kB 2%] [7 InRelease 39,7 kB/109 kB 36%]                                                                                                         0% [9 Components-amd64 187 kB/303 kB 62%] [7 InRelease 42,5 kB/109 kB 39%]                                                                          0% [Aguardando por cabeçalhos] [7 InRelease 42,5 kB/109 kB 39%]                                                                Obter:10 http://br.archive.ubuntu.com/ubuntu focal-updates/multiverse amd64 DEP-11 Metadata [2.468 B]
                                                                0% [7 InRelease 42,5 kB/109 kB 39%]0% [9 Components-amd64 store 0 B] [7 InRelease 42,5 kB/109 kB 39%]                                                                  Obter:11 http://br.archive.ubuntu.com/ubuntu focal-backports/universe amd64 DEP-11 Metadata [1.768 B]
0% [9 Components-amd64 store 0 B] [11 Components-amd64 1.768 B/1.768 B 100%] [7 InRelease 42,5 kB/109 kB 39%]                                                                                                             0% [9 Components-amd64 store 0 B] [7 InRelease 42,5 kB/109 kB 39%]                                                                  0% [7 InRelease 62,5 kB/109 kB 57%]0% [10 Components-amd64 store 0 B] [7 InRelease 62,5 kB/109 kB 57%]                                                                   0% [7 InRelease 62,5 kB/109 kB 57%]0% [11 Components-amd64 store 0 B] [7 InRelease 62,5 kB/109 kB 57%]                                                                   0% [7 InRelease 62,5 kB/109 kB 57%]                                   0% [Trabalhando]93% [Trabalhando]                 Obter:12 http://security.ubuntu.com/ubuntu focal-security/main amd64 DEP-11 Metadata [24,3 kB]
94% [12 Components-amd64 5.505 B/24,3 kB 23%]                                             95% [Trabalhando]95% [12 Components-amd64 store 0 B]                                   95% [Aguardando por cabeçalhos]                                Obter:13 http://security.ubuntu.com/ubuntu focal-security/universe amd64 DEP-11 Metadata [58,2 kB]
96% [13 Components-amd64 5.505 B/58,2 kB 9%]                                            100% [Trabalhando]100% [13 Components-amd64 store 0 B]                                    100% [Trabalhando]                  Baixados 977 kB em 2s (456 kB/s)
Lendo listas de pacotes... 0%Lendo listas de pacotes... 0%Lendo listas de pacotes... 0%Lendo listas de pacotes... 3%Lendo listas de pacotes... 3%Lendo listas de pacotes... 5%Lendo listas de pacotes... 5%Lendo listas de pacotes... 6%Lendo listas de pacotes... 6%Lendo listas de pacotes... 7%Lendo listas de pacotes... 7%Lendo listas de pacotes... 9%Lendo listas de pacotes... 9%Lendo listas de pacotes... 9%Lendo listas de pacotes... 9%Lendo listas de pacotes... 9%Lendo listas de pacotes... 9%Lendo listas de pacotes... 9%Lendo listas de pacotes... 9%Lendo listas de pacotes... 9%Lendo listas de pacotes... 9%Lendo listas de pacotes... 9%Lendo listas de pacotes... 9%Lendo listas de pacotes... 39%Lendo listas de pacotes... 39%Lendo listas de pacotes... 55%Lendo listas de pacotes... 55%Lendo listas de pacotes... 58%Lendo listas de pacotes... 58%Lendo listas de pacotes... 61%Lendo listas de pacotes... 61%Lendo listas de pacotes... 63%Lendo listas de pacotes... 77%Lendo listas de pacotes... 77%Lendo listas de pacotes... 77%Lendo listas de pacotes... 77%Lendo listas de pacotes... 77%Lendo listas de pacotes... 77%Lendo listas de pacotes... 77%Lendo listas de pacotes... 77%Lendo listas de pacotes... 77%Lendo listas de pacotes... 77%Lendo listas de pacotes... 78%Lendo listas de pacotes... 78%Lendo listas de pacotes... 80%Lendo listas de pacotes... 80%Lendo listas de pacotes... 82%Lendo listas de pacotes... 82%Lendo listas de pacotes... 83%Lendo listas de pacotes... 83%Lendo listas de pacotes... 84%Lendo listas de pacotes... 84%Lendo listas de pacotes... 84%Lendo listas de pacotes... 84%Lendo listas de pacotes... 84%Lendo listas de pacotes... 84%Lendo listas de pacotes... 87%Lendo listas de pacotes... 87%Lendo listas de pacotes... 89%Lendo listas de pacotes... 89%Lendo listas de pacotes... 90%Lendo listas de pacotes... 90%Lendo listas de pacotes... 90%Lendo listas de pacotes... 90%Lendo listas de pacotes... 90%Lendo listas de pacotes... 90%Lendo listas de pacotes... 90%Lendo listas de pacotes... 90%Lendo listas de pacotes... 90%Lendo listas de pacotes... 90%Lendo listas de pacotes... 90%Lendo listas de pacotes... 90%Lendo listas de pacotes... 90%Lendo listas de pacotes... 90%Lendo listas de pacotes... 92%Lendo listas de pacotes... 92%Lendo listas de pacotes... 92%Lendo listas de pacotes... 92%Lendo listas de pacotes... 93%Lendo listas de pacotes... 93%Lendo listas de pacotes... 94%Lendo listas de pacotes... 94%Lendo listas de pacotes... 94%Lendo listas de pacotes... 94%Lendo listas de pacotes... 94%Lendo listas de pacotes... 94%Lendo listas de pacotes... 96%Lendo listas de pacotes... 96%Lendo listas de pacotes... 98%Lendo listas de pacotes... 98%Lendo listas de pacotes... 98%Lendo listas de pacotes... 98%Lendo listas de pacotes... 98%Lendo listas de pacotes... 98%Lendo listas de pacotes... 98%Lendo listas de pacotes... 98%Lendo listas de pacotes... 98%Lendo listas de pacotes... 98%Lendo listas de pacotes... 98%Lendo listas de pacotes... 98%Lendo listas de pacotes... 98%Lendo listas de pacotes... 98%Lendo listas de pacotes... 98%Lendo listas de pacotes... 98%Lendo listas de pacotes... Pronto
Construindo árvore de dependências... 0%Construindo árvore de dependências... 0%Construindo árvore de dependências... 0%Construindo árvore de dependências... 50%Construindo árvore de dependências... 50%Construindo árvore de dependências       
Lendo informação de estado... 0%  Lendo informação de estado... 0%Lendo informação de estado... Pronto
6 packages can be upgraded. Run 'apt list --upgradable' to see them.
Lendo listas de pacotes... 0%Lendo listas de pacotes... 100%Lendo listas de pacotes... Pronto
Construindo árvore de dependências... 0%Construindo árvore de dependências... 0%Construindo árvore de dependências... 50%Construindo árvore de dependências... 50%Construindo árvore de dependências       
Lendo informação de estado... 0%  Lendo informação de estado... 0%Lendo informação de estado... Pronto
mtools is already the newest version (4.0.24-1).
squashfs-tools is already the newest version (1:4.4-1).
unzip is already the newest version (6.0-25ubuntu1).
whois is already the newest version (5.5.6).
moreutils is already the newest version (0.63-1).
xorriso is already the newest version (1.5.2-1).
binutils is already the newest version (2.34-6ubuntu1.1).
debootstrap is already the newest version (1.0.118ubuntu1.3).
grub-efi-amd64-bin is already the newest version (2.04-1ubuntu26.9).
grub-pc-bin is already the newest version (2.04-1ubuntu26.9).
jq is already the newest version (1.6-1ubuntu0.20.04.1).
0 pacotes atualizados, 0 pacotes novos instalados, 0 a serem removidos e 6 não atualizados.
Checkando se a /home/neo/Público/src/vps/nfdos existe
Checkando se a /home/neo/Público/src/vps/nfdos/core/nfdos.iso existe
A /home/neo/Público/src/vps/nfdos/core/nfdos.iso não existe. Criando ela...
bash: /home/neo/Público/src/vps/nfdos/core/criar_iso.sh: Arquivo ou diretório inexistente
Checkando se a /home/neo/Público/src/vps/nfdos/desktop/vagrant/NFDOS-0.4.4.box existe
A /home/neo/Público/src/vps/nfdos/desktop/vagrant/NFDOS-0.4.4.box não existe. Criando ela...
Checkando o SHA256 da imagem ISO...
sha256sum: /home/neo/Público/src/vps/nfdos/core/nfdos.iso: Arquivo ou diretório inexistente
jq: error: Could not open file /home/neo/Público/src/vps/nfdos/desktop/desktop.json: No such file or directory
error opening output file: No such file or directory
./compilar_box.sh: linha 61: cd: /home/neo/Público/src/vps/nfdos/desktop: Arquivo ou diretório inexistente
"desktop.json": stat desktop.json: no such file or directory
