 A compilação vai iniciar em 6 segundos... A compilação vai iniciar em 5 segundos... A compilação vai iniciar em 4 segundos... A compilação vai iniciar em 3 segundos... A compilação vai iniciar em 2 segundos... A compilação vai iniciar em 1 segundos... A compilação vai iniciar em 0 segundos...

Compilação iniciada qui 18 mar 2021 13:35:05

Detalhes do desktop:

Nome do modelo: AMD FX(tm)-8350 Eight-Core
Arquitetura: x86_64
Número de CPU(s): 8    
Virtualização: AMD-V    
Modo(s) operacional da CPU: 32-bit, 64-bit

Bringing machine 'VPS_DEV' up with 'virtualbox' provider...
==> VPS_DEV: Checking if box 'ubuntu/focal64' version '20210315.0.0' is up to date...
==> VPS_DEV: Machine already provisioned. Run `vagrant provision` or use the `--provision`
==> VPS_DEV: flag to force provisioning. Provisioners marked to run always will still run.
Welcome to Ubuntu 20.04.2 LTS (GNU/Linux 5.4.0-67-generic x86_64)

 * Documentation:  https://help.ubuntu.com
 * Management:     https://landscape.canonical.com
 * Support:        https://ubuntu.com/advantage

  System information as of Thu Mar 18 16:35:11 UTC 2021

  System load:  1.62               Processes:                194
  Usage of /:   11.2% of 38.71GB   Users logged in:          0
  Memory usage: 12%                IPv4 address for docker0: 172.17.0.1
  Swap usage:   0%                 IPv4 address for enp0s3:  10.0.2.15

 * Introducing self-healing high availability clusters in MicroK8s.
   Simple, hardened, Kubernetes for production, from RaspberryPi to DC.

     https://microk8s.io/high-availability

1 update can be installed immediately.
0 of these updates are security updates.
To see these additional updates run: apt list --upgradable


make: *** No rule to make target 'vps'.  Stop.
