 A compilação vai iniciar em 5 segundos... A compilação vai iniciar em 4 segundos... A compilação vai iniciar em 3 segundos... A compilação vai iniciar em 2 segundos... A compilação vai iniciar em 1 segundos... A compilação vai iniciar em 0 segundos...

Compilação iniciada dom 21 mar 2021 23:06:20

Detalhes do desktop:

Nome do modelo: AMD FX(tm)-8350 Eight-Core
Arquitetura: x86_64
Número de CPU(s): 8    
Virtualização: AMD-V    
Memória RAM: 16041 MiB 
Memória Virtual: 7181 MB
Modo(s) operacional da CPU: 32-bit, 64-bit

./build.sh
Getting qemu package for amd64
WARNING! This will remove all images without at least one container associated to them.
Are you sure you want to continue? [y/N] Deleted Images:
deleted: sha256:d4ba51341212d319cc058ceb371c3194ec7872a4bd1d375410fbd7e5dd16e9e3
deleted: sha256:ce65af21202e6cbcd076bcd84f7cd4920bd6bb1b273170d9c99044eccb708261
deleted: sha256:de9119b96057b994ae0cee3863d122ff7da6479ca831eaf1d81b5970e6aa3fd5
deleted: sha256:396dac3541b90a5d560b35feef91983bf09950dab159f6db4d0142c1d0f4650a
deleted: sha256:78cc9a250f6909d7e227d9e8b613ce6fecb7159d5f361a4031118229c5bd075c
untagged: ubuntu:20.04
untagged: ubuntu@sha256:b4f9e18267eb98998f6130342baacaeb9553f136142d40959a1b46d6401f0f2b
deleted: sha256:4dd97cefde62cf2d6bcfd8f2c0300a24fbcddbe0ebcd577cc8b420c29106869a
deleted: sha256:95bc1f83306cc7ebaa959492929d6624b0cc1bb6ba61be1cd04fed7d39b002fc
deleted: sha256:a0fcf305193749a4fe8c9da074c4781a0f1e63f2c5b5a979a88597ada5c74645
deleted: sha256:aeb3f02e937406fb402a926ce5cebc7da79b14dbcb4f85a5ce0e3855623cec80

Total reclaimed space: 185.8MB
docker images
REPOSITORY   TAG       IMAGE ID   CREATED   SIZE
docker build --no-cache -t nfdos/core/rootfs:latest  --build-arg QEMU_ARCH=amd64 --platform amd64 --rm nfdos
error checking context: 'no permission to read from '/home/neo/Público/src/vps/nfdos/core/rootfs/etc/.pwd.lock''.
make: *** [Makefile:34: build] Erro 1
