 A compilação vai iniciar em 6 segundos... A compilação vai iniciar em 5 segundos... A compilação vai iniciar em 4 segundos... A compilação vai iniciar em 3 segundos... A compilação vai iniciar em 2 segundos... A compilação vai iniciar em 1 segundos... A compilação vai iniciar em 0 segundos...

Compilação iniciada seg 22 mar 2021 13:24:30

Detalhes do desktop:

Nome do modelo: AMD FX(tm)-8350 Eight-Core
Arquitetura: x86_64
Número de CPU(s): 8    
Virtualização: AMD-V    
Memória RAM: 16041 MiB 
Memória Virtual: 8157 MB
Modo(s) operacional da CPU: 32-bit, 64-bit

chmod +x criar_box.sh
./criar_box.sh
==> Instalar os requerimentos da box...
==> Atualizar os repositórios...
[sudo] senha para neo: 
0% [Trabalhando]                Atingido:1 http://br.archive.ubuntu.com/ubuntu focal InRelease
0% [Conectando a security.ubuntu.com] [Conectando em download.virtualbox.org (2.20.144.90)] [Connected to brave-browser-apt-re                                                                                                                              Atingido:2 http://br.archive.ubuntu.com/ubuntu focal-updates InRelease
0% [Aguardando por cabeçalhos] [Conectando a security.ubuntu.com] [Aguardando por cabeçalhos] [Aguardando por cabeçalhos] [                                                                                                                              Obter:3 http://br.archive.ubuntu.com/ubuntu focal-backports InRelease [101 kB]
0% [3 InRelease 4.091 B/101 kB 4%] [Conectando a security.ubuntu.com] [Aguardando por cabeçalhos] [Aguardando por cabeçalhos                                                                                                                              Atingido:4 http://download.virtualbox.org/virtualbox/debian focal InRelease
0% [3 InRelease 14,1 kB/101 kB 14%] [Conectando a security.ubuntu.com] [Aguardando por cabeçalhos] [Aguardando por cabeçalho                                                                                                                              Atingido:5 https://brave-browser-apt-release.s3.brave.com stable InRelease
                                                                                                                              0% [3 InRelease 14,1 kB/101 kB 14%] [Conectando a security.ubuntu.com] [Aguardando por cabeçalhos]                                                                                                   Atingido:6 https://download.docker.com/linux/ubuntu focal InRelease
                                                                                                   0% [3 InRelease 42,6 kB/101 kB 42%] [Conectando a security.ubuntu.com]                                                                      0% [Conectando a security.ubuntu.com]0% [Conectando em security.ubuntu.com (91.189.88.152)]0% [Conectando em security.ubuntu.com (91.189.88.152)]                                                      0% [Aguardando por cabeçalhos]                               Atingido:7 http://security.ubuntu.com/ubuntu focal-security InRelease
                               0% [Trabalhando]0% [Trabalhando]0% [Trabalhando]0% [Trabalhando]100% [Trabalhando]                  Baixados 101 kB em 1s (92,1 kB/s)
Lendo listas de pacotes... 0%Lendo listas de pacotes... 0%Lendo listas de pacotes... 0%Lendo listas de pacotes... 3%Lendo listas de pacotes... 3%Lendo listas de pacotes... 5%Lendo listas de pacotes... 5%Lendo listas de pacotes... 6%Lendo listas de pacotes... 6%Lendo listas de pacotes... 7%Lendo listas de pacotes... 7%Lendo listas de pacotes... 9%Lendo listas de pacotes... 9%Lendo listas de pacotes... 9%Lendo listas de pacotes... 9%Lendo listas de pacotes... 9%Lendo listas de pacotes... 9%Lendo listas de pacotes... 9%Lendo listas de pacotes... 9%Lendo listas de pacotes... 9%Lendo listas de pacotes... 9%Lendo listas de pacotes... 9%Lendo listas de pacotes... 9%Lendo listas de pacotes... 39%Lendo listas de pacotes... 39%Lendo listas de pacotes... 55%Lendo listas de pacotes... 55%Lendo listas de pacotes... 58%Lendo listas de pacotes... 58%Lendo listas de pacotes... 58%Lendo listas de pacotes... 61%Lendo listas de pacotes... 61%Lendo listas de pacotes... 77%Lendo listas de pacotes... 77%Lendo listas de pacotes... 77%Lendo listas de pacotes... 77%Lendo listas de pacotes... 77%Lendo listas de pacotes... 77%Lendo listas de pacotes... 77%Lendo listas de pacotes... 77%Lendo listas de pacotes... 77%Lendo listas de pacotes... 77%Lendo listas de pacotes... 78%Lendo listas de pacotes... 78%Lendo listas de pacotes... 80%Lendo listas de pacotes... 80%Lendo listas de pacotes... 82%Lendo listas de pacotes... 82%Lendo listas de pacotes... 83%Lendo listas de pacotes... 83%Lendo listas de pacotes... 84%Lendo listas de pacotes... 84%Lendo listas de pacotes... 84%Lendo listas de pacotes... 84%Lendo listas de pacotes... 84%Lendo listas de pacotes... 84%Lendo listas de pacotes... 87%Lendo listas de pacotes... 87%Lendo listas de pacotes... 89%Lendo listas de pacotes... 89%Lendo listas de pacotes... 90%Lendo listas de pacotes... 90%Lendo listas de pacotes... 90%Lendo listas de pacotes... 90%Lendo listas de pacotes... 90%Lendo listas de pacotes... 90%Lendo listas de pacotes... 90%Lendo listas de pacotes... 90%Lendo listas de pacotes... 90%Lendo listas de pacotes... 90%Lendo listas de pacotes... 90%Lendo listas de pacotes... 90%Lendo listas de pacotes... 90%Lendo listas de pacotes... 90%Lendo listas de pacotes... 92%Lendo listas de pacotes... 92%Lendo listas de pacotes... 92%Lendo listas de pacotes... 92%Lendo listas de pacotes... 93%Lendo listas de pacotes... 93%Lendo listas de pacotes... 94%Lendo listas de pacotes... 94%Lendo listas de pacotes... 94%Lendo listas de pacotes... 94%Lendo listas de pacotes... 94%Lendo listas de pacotes... 94%Lendo listas de pacotes... 96%Lendo listas de pacotes... 96%Lendo listas de pacotes... 98%Lendo listas de pacotes... 98%Lendo listas de pacotes... 98%Lendo listas de pacotes... 98%Lendo listas de pacotes... 98%Lendo listas de pacotes... 98%Lendo listas de pacotes... 98%Lendo listas de pacotes... 98%Lendo listas de pacotes... 98%Lendo listas de pacotes... 98%Lendo listas de pacotes... 98%Lendo listas de pacotes... 98%Lendo listas de pacotes... 98%Lendo listas de pacotes... 98%Lendo listas de pacotes... 98%Lendo listas de pacotes... 98%Lendo listas de pacotes... Pronto
Construindo árvore de dependências... 0%Construindo árvore de dependências... 0%Construindo árvore de dependências... 0%Construindo árvore de dependências... 50%Construindo árvore de dependências... 50%Construindo árvore de dependências       
Lendo informação de estado... 0%  Lendo informação de estado... 0%Lendo informação de estado... Pronto
9 packages can be upgraded. Run 'apt list --upgradable' to see them.
Lendo listas de pacotes... 0%Lendo listas de pacotes... 100%Lendo listas de pacotes... Pronto
Construindo árvore de dependências... 0%Construindo árvore de dependências... 0%Construindo árvore de dependências... 50%Construindo árvore de dependências... 50%Construindo árvore de dependências       
Lendo informação de estado... 0%  Lendo informação de estado... 0%Lendo informação de estado... Pronto
Note, selecting 'virtualbox-source' for glob 'virtualbox*'
Note, selecting 'virtualbox-guest-utils' for glob 'virtualbox*'
Note, selecting 'virtualbox-ose' for glob 'virtualbox*'
Note, selecting 'virtualbox-guest-modules' for glob 'virtualbox*'
Note, selecting 'virtualbox-guest-additions-iso' for glob 'virtualbox*'
Note, selecting 'virtualbox-guest-dkms' for glob 'virtualbox*'
Note, selecting 'virtualbox-dkms' for glob 'virtualbox*'
Note, selecting 'virtualbox-guest-dkms-hwe' for glob 'virtualbox*'
Note, selecting 'virtualbox-ext-pack' for glob 'virtualbox*'
Note, selecting 'virtualbox' for glob 'virtualbox*'
Note, selecting 'virtualbox-guest-modules-hwe' for glob 'virtualbox*'
Note, selecting 'virtualbox-guest-x11-hwe' for glob 'virtualbox*'
Note, selecting 'virtualbox-guest-source' for glob 'virtualbox*'
Note, selecting 'virtualbox-qt' for glob 'virtualbox*'
Note, selecting 'virtualbox-guest-source-hwe' for glob 'virtualbox*'
Note, selecting 'virtualbox-2.0' for glob 'virtualbox*'
Note, selecting 'virtualbox-2.1' for glob 'virtualbox*'
Note, selecting 'virtualbox-2.2' for glob 'virtualbox*'
Note, selecting 'virtualbox-modules' for glob 'virtualbox*'
Note, selecting 'virtualbox-3.0' for glob 'virtualbox*'
Note, selecting 'virtualbox-3.1' for glob 'virtualbox*'
Note, selecting 'virtualbox-3.2' for glob 'virtualbox*'
Note, selecting 'virtualbox-4.0' for glob 'virtualbox*'
Note, selecting 'virtualbox-4.1' for glob 'virtualbox*'
Note, selecting 'virtualbox-4.2' for glob 'virtualbox*'
Note, selecting 'virtualbox-4.3' for glob 'virtualbox*'
Note, selecting 'virtualbox-5.0' for glob 'virtualbox*'
Note, selecting 'virtualbox-5.1' for glob 'virtualbox*'
Note, selecting 'virtualbox-5.2' for glob 'virtualbox*'
Note, selecting 'virtualbox-guest-utils-hwe' for glob 'virtualbox*'
Note, selecting 'virtualbox-6.0' for glob 'virtualbox*'
Note, selecting 'virtualbox-6.1' for glob 'virtualbox*'
Note, selecting 'virtualbox-guest-x11' for glob 'virtualbox*'
O pacote 'virtualbox-5.0' não está instalado, por isso não será removido
O pacote 'virtualbox-5.1' não está instalado, por isso não será removido
O pacote 'virtualbox-5.2' não está instalado, por isso não será removido
Note, a seleccionar 'virtualbox-dkms' em vez de 'virtualbox-modules'
O pacote 'virtualbox-2.0' não está instalado, por isso não será removido
O pacote 'virtualbox-2.1' não está instalado, por isso não será removido
O pacote 'virtualbox-2.2' não está instalado, por isso não será removido
O pacote 'virtualbox-3.0' não está instalado, por isso não será removido
O pacote 'virtualbox-3.1' não está instalado, por isso não será removido
O pacote 'virtualbox-3.2' não está instalado, por isso não será removido
O pacote 'virtualbox-4.0' não está instalado, por isso não será removido
O pacote 'virtualbox-4.1' não está instalado, por isso não será removido
O pacote 'virtualbox-4.2' não está instalado, por isso não será removido
O pacote 'virtualbox-4.3' não está instalado, por isso não será removido
O pacote 'virtualbox-guest-modules-hwe' não está instalado, por isso não será removido
O pacote 'virtualbox-ose' não está instalado, por isso não será removido
O pacote 'virtualbox-ext-pack' não está instalado, por isso não será removido
O pacote 'virtualbox-guest-dkms-hwe' não está instalado, por isso não será removido
O pacote 'virtualbox-guest-source' não está instalado, por isso não será removido
O pacote 'virtualbox-guest-source-hwe' não está instalado, por isso não será removido
O pacote 'virtualbox-guest-utils-hwe' não está instalado, por isso não será removido
O pacote 'virtualbox-guest-x11-hwe' não está instalado, por isso não será removido
O pacote 'virtualbox-source' não está instalado, por isso não será removido
O pacote 'virtualbox-6.0' não está instalado, por isso não será removido
O pacote 'virtualbox-6.1' não está instalado, por isso não será removido
Os seguintes pacotes foram instalados automaticamente e já não são necessários:
  libdouble-conversion3 libgsoap-2.8.91 liblzf1 libpcre2-16-0 libqt5core5a libqt5dbus5 libqt5gui5 libqt5network5
  libqt5opengl5 libqt5printsupport5 libqt5svg5 libqt5widgets5 libqt5x11extras5 libvncserver1 libxcb-xinerama0 libxcb-xinput0
  qt5-gtk-platformtheme qttranslations5-l10n
Utilize 'sudo apt autoremove' para os remover.
Os pacotes a seguir serão REMOVIDOS:
  virtualbox* virtualbox-dkms* virtualbox-guest-additions-iso* virtualbox-guest-dkms* virtualbox-guest-utils*
  virtualbox-guest-x11* virtualbox-qt*
0 pacotes atualizados, 0 pacotes novos instalados, 7 a serem removidos e 9 não atualizados.
Depois desta operação, 254 MB de espaço em disco serão liberados.

7[0;15r8[1A(Lendo banco de dados ... (Lendo banco de dados ... 5%(Lendo banco de dados ... 10%(Lendo banco de dados ... 15%(Lendo banco de dados ... 20%(Lendo banco de dados ... 25%(Lendo banco de dados ... 30%(Lendo banco de dados ... 35%(Lendo banco de dados ... 40%(Lendo banco de dados ... 45%(Lendo banco de dados ... 50%(Lendo banco de dados ... 55%(Lendo banco de dados ... 60%(Lendo banco de dados ... 65%(Lendo banco de dados ... 70%(Lendo banco de dados ... 75%(Lendo banco de dados ... 80%(Lendo banco de dados ... 85%(Lendo banco de dados ... 90%(Lendo banco de dados ... 95%(Lendo banco de dados ... 100%(Lendo banco de dados ... 237898 ficheiros e directórios actualmente instalados.)
A remover virtualbox-qt (6.1.16-dfsg-6~ubuntu1.20.04.1) ...
7[16;0fProgress: [  0%] [.........................................................................................................] 87[16;0fProgress: [  3%] [###......................................................................................................] 87[16;0fProgress: [  7%] [#######..................................................................................................] 87[16;0fProgress: [ 10%] [##########...............................................................................................] 8A remover virtualbox (6.1.16-dfsg-6~ubuntu1.20.04.1) ...
7[16;0fProgress: [ 14%] [##############...........................................................................................] 87[16;0fProgress: [ 17%] [##################.......................................................................................] 87[16;0fProgress: [ 21%] [#####################....................................................................................] 8A remover virtualbox-dkms (6.1.16-dfsg-6~ubuntu1.20.04.1) ...
7[16;0fProgress: [ 24%] [#########################................................................................................] 8
-------- Uninstall Beginning --------
Module:  virtualbox
Version: 6.1.16
Kernel:  5.8.0-45-generic (x86_64)
-------------------------------------

Status: Before uninstall, this module version was ACTIVE on this kernel.

vboxdrv.ko:
 - Uninstallation
   - Deleting from: /lib/modules/5.8.0-45-generic/updates/dkms/
 - Original module
   - No original module was found for this module on this kernel.
   - Use the dkms install command to reinstall any previous module version.


vboxnetadp.ko:
 - Uninstallation
   - Deleting from: /lib/modules/5.8.0-45-generic/updates/dkms/
 - Original module
   - No original module was found for this module on this kernel.
   - Use the dkms install command to reinstall any previous module version.


vboxnetflt.ko:
 - Uninstallation
   - Deleting from: /lib/modules/5.8.0-45-generic/updates/dkms/
 - Original module
   - No original module was found for this module on this kernel.
   - Use the dkms install command to reinstall any previous module version.

depmod...

DKMS: uninstall completed.

------------------------------
Deleting module version: 6.1.16
completely from the DKMS tree.
------------------------------
Done.
7[16;0fProgress: [ 28%] [############################.............................................................................] 87[16;0fProgress: [ 31%] [################################.........................................................................] 87[16;0fProgress: [ 34%] [####################################.....................................................................] 8A remover virtualbox-guest-additions-iso (6.1.16-1~ubuntu1.20.04.1) ...
7[16;0fProgress: [ 38%] [#######################################..................................................................] 87[16;0fProgress: [ 41%] [###########################################..............................................................] 87[16;0fProgress: [ 45%] [###############################################..........................................................] 87[16;0fProgress: [ 48%] [##################################################.......................................................] 8A remover virtualbox-guest-x11 (6.1.16-dfsg-6~ubuntu1.20.04.1) ...
7[16;0fProgress: [ 52%] [######################################################...................................................] 87[16;0fProgress: [ 55%] [#########################################################................................................] 87[16;0fProgress: [ 59%] [#############################################################............................................] 8A remover virtualbox-guest-utils (6.1.16-dfsg-6~ubuntu1.20.04.1) ...
7[16;0fProgress: [ 62%] [#################################################################........................................] 87[16;0fProgress: [ 66%] [####################################################################.....................................] 87[16;0fProgress: [ 69%] [########################################################################.................................] 8A remover virtualbox-guest-dkms (6.1.16-dfsg-6~ubuntu1.20.04.1) ...
7[16;0fProgress: [ 72%] [############################################################################.............................] 8
-------- Uninstall Beginning --------
Module:  virtualbox-guest
Version: 6.1.16
Kernel:  5.8.0-45-generic (x86_64)
-------------------------------------

Status: Before uninstall, this module version was ACTIVE on this kernel.

vboxguest.ko:
 - Uninstallation
   - Deleting from: /lib/modules/5.8.0-45-generic/updates/dkms/
 - Original module
   - No original module was found for this module on this kernel.
   - Use the dkms install command to reinstall any previous module version.


vboxsf.ko:
 - Uninstallation
   - Deleting from: /lib/modules/5.8.0-45-generic/updates/dkms/
 - Original module
   - No original module was found for this module on this kernel.
   - Use the dkms install command to reinstall any previous module version.


vboxvideo.ko:
 - Uninstallation
   - Deleting from: /lib/modules/5.8.0-45-generic/updates/dkms/
 - Original module
   - No original module was found for this module on this kernel.
   - Use the dkms install command to reinstall any previous module version.

depmod...

DKMS: uninstall completed.

------------------------------
Deleting module version: 6.1.16
completely from the DKMS tree.
------------------------------
Done.
7[16;0fProgress: [ 76%] [###############################################################################..........................] 87[16;0fProgress: [ 79%] [###################################################################################......................] 87[16;0fProgress: [ 83%] [######################################################################################...................] 8A processar 'triggers' para mime-support (3.64ubuntu1) ...
A processar 'triggers' para hicolor-icon-theme (0.17-2) ...
A processar 'triggers' para gnome-menus (3.36.0-1ubuntu1) ...
A processar 'triggers' para libc-bin (2.31-0ubuntu9.2) ...
A processar 'triggers' para man-db (2.9.1-1) ...
A processar 'triggers' para shared-mime-info (1.15-1) ...
A processar 'triggers' para desktop-file-utils (0.24-1ubuntu3) ...
(Lendo banco de dados ... (Lendo banco de dados ... 5%(Lendo banco de dados ... 10%(Lendo banco de dados ... 15%(Lendo banco de dados ... 20%(Lendo banco de dados ... 25%(Lendo banco de dados ... 30%(Lendo banco de dados ... 35%(Lendo banco de dados ... 40%(Lendo banco de dados ... 45%(Lendo banco de dados ... 50%(Lendo banco de dados ... 55%(Lendo banco de dados ... 60%(Lendo banco de dados ... 65%(Lendo banco de dados ... 70%(Lendo banco de dados ... 75%(Lendo banco de dados ... 80%(Lendo banco de dados ... 85%(Lendo banco de dados ... 90%(Lendo banco de dados ... 95%(Lendo banco de dados ... 100%(Lendo banco de dados ... 236909 ficheiros e directórios actualmente instalados.)
A purgar os ficheiros de configuração para virtualbox-guest-x11 (6.1.16-dfsg-6~ubuntu1.20.04.1) ...
7[16;0fProgress: [ 86%] [##########################################################################################...............] 8A purgar os ficheiros de configuração para virtualbox-guest-utils (6.1.16-dfsg-6~ubuntu1.20.04.1) ...
7[16;0fProgress: [ 90%] [##############################################################################################...........] 8A purgar os ficheiros de configuração para virtualbox-qt (6.1.16-dfsg-6~ubuntu1.20.04.1) ...
7[16;0fProgress: [ 93%] [#################################################################################################........] 8A purgar os ficheiros de configuração para virtualbox (6.1.16-dfsg-6~ubuntu1.20.04.1) ...
dpkg: aviso: ao remover virtualbox, o directório '/usr/lib/virtualbox/ExtensionPacks' não estava vazio, por isso não foi removido
7[16;0fProgress: [ 97%] [#####################################################################################################....] 8A processar 'triggers' para systemd (245.4-4ubuntu3.5) ...

7[0;16r8[1A[JE: Não foi possível abrir arquivo de trava /var/lib/dpkg/lock-frontend - open (13: Permissão negada)
E: Unable to acquire the dpkg frontend lock (/var/lib/dpkg/lock-frontend), are you root?
==> Instalar o VirtualBox
Lendo listas de pacotes... 0%Lendo listas de pacotes... 100%Lendo listas de pacotes... Pronto
Construindo árvore de dependências... 0%Construindo árvore de dependências... 0%Construindo árvore de dependências... 50%Construindo árvore de dependências... 50%Construindo árvore de dependências       
Lendo informação de estado... 0%  Lendo informação de estado... 0%Lendo informação de estado... Pronto
The following additional packages will be installed:
  virtualbox-dkms virtualbox-qt
Pacotes sugeridos:
  vde2 virtualbox-guest-additions-iso
Os NOVOS pacotes a seguir serão instalados:
  virtualbox virtualbox-dkms virtualbox-qt
0 pacotes atualizados, 3 pacotes novos instalados, 0 a serem removidos e 9 não atualizados.
É preciso baixar 0 B/43,8 MB de arquivos.
Depois desta operação, 177 MB adicionais de espaço em disco serão usados.

7[0;15r8[1AA seleccionar pacote anteriormente não seleccionado virtualbox-dkms.
(Lendo banco de dados ... (Lendo banco de dados ... 5%(Lendo banco de dados ... 10%(Lendo banco de dados ... 15%(Lendo banco de dados ... 20%(Lendo banco de dados ... 25%(Lendo banco de dados ... 30%(Lendo banco de dados ... 35%(Lendo banco de dados ... 40%(Lendo banco de dados ... 45%(Lendo banco de dados ... 50%(Lendo banco de dados ... 55%(Lendo banco de dados ... 60%(Lendo banco de dados ... 65%(Lendo banco de dados ... 70%(Lendo banco de dados ... 75%(Lendo banco de dados ... 80%(Lendo banco de dados ... 85%(Lendo banco de dados ... 90%(Lendo banco de dados ... 95%(Lendo banco de dados ... 100%(Lendo banco de dados ... 236903 ficheiros e directórios actualmente instalados.)
A preparar para desempacotar .../virtualbox-dkms_6.1.16-dfsg-6~ubuntu1.20.04.1_amd64.deb ...
7[16;0fProgress: [  0%] [.........................................................................................................] 87[16;0fProgress: [  8%] [########.................................................................................................] 8A descompactar virtualbox-dkms (6.1.16-dfsg-6~ubuntu1.20.04.1) ...
7[16;0fProgress: [ 15%] [################.........................................................................................] 8A seleccionar pacote anteriormente não seleccionado virtualbox.
A preparar para desempacotar .../virtualbox_6.1.16-dfsg-6~ubuntu1.20.04.1_amd64.deb ...
7[16;0fProgress: [ 23%] [########################.................................................................................] 8A descompactar virtualbox (6.1.16-dfsg-6~ubuntu1.20.04.1) ...
7[16;0fProgress: [ 31%] [################################.........................................................................] 8A seleccionar pacote anteriormente não seleccionado virtualbox-qt.
A preparar para desempacotar .../virtualbox-qt_6.1.16-dfsg-6~ubuntu1.20.04.1_amd64.deb ...
7[16;0fProgress: [ 38%] [########################################.................................................................] 8A descompactar virtualbox-qt (6.1.16-dfsg-6~ubuntu1.20.04.1) ...
7[16;0fProgress: [ 46%] [################################################.........................................................] 8Configurando virtualbox-dkms (6.1.16-dfsg-6~ubuntu1.20.04.1) ...
7[16;0fProgress: [ 54%] [########################################################.................................................] 8Loading new virtualbox-6.1.16 DKMS files...
Building for 5.8.0-45-generic
Building initial module for 5.8.0-45-generic
This system doesn't support Secure Boot
Secure Boot not enabled on this system.
Done.

vboxdrv.ko:
Running module version sanity check.
 - Original module
   - No original module exists within this kernel
 - Installation
   - Installing to /lib/modules/5.8.0-45-generic/updates/dkms/

vboxnetadp.ko:
Running module version sanity check.
 - Original module
   - No original module exists within this kernel
 - Installation
   - Installing to /lib/modules/5.8.0-45-generic/updates/dkms/

vboxnetflt.ko:
Running module version sanity check.
 - Original module
   - No original module exists within this kernel
 - Installation
   - Installing to /lib/modules/5.8.0-45-generic/updates/dkms/

depmod...

DKMS: install completed.
7[16;0fProgress: [ 62%] [################################################################.........................................] 8Configurando virtualbox (6.1.16-dfsg-6~ubuntu1.20.04.1) ...
7[16;0fProgress: [ 69%] [########################################################################.................................] 8Created symlink /etc/systemd/system/multi-user.target.wants/vboxweb.service → /lib/systemd/system/vboxweb.service.
Job for vboxweb.service failed because the service did not take the steps required by its unit configuration.
See "systemctl status vboxweb.service" and "journalctl -xe" for details.
7[16;0fProgress: [ 77%] [################################################################################.........................] 8Configurando virtualbox-qt (6.1.16-dfsg-6~ubuntu1.20.04.1) ...
7[16;0fProgress: [ 85%] [########################################################################################.................] 87[16;0fProgress: [ 92%] [################################################################################################.........] 8A processar 'triggers' para desktop-file-utils (0.24-1ubuntu3) ...
A processar 'triggers' para mime-support (3.64ubuntu1) ...
A processar 'triggers' para hicolor-icon-theme (0.17-2) ...
A processar 'triggers' para gnome-menus (3.36.0-1ubuntu1) ...
A processar 'triggers' para systemd (245.4-4ubuntu3.5) ...
A processar 'triggers' para man-db (2.9.1-1) ...
A processar 'triggers' para shared-mime-info (1.15-1) ...

7[0;16r8[1A[JLendo listas de pacotes... 0%Lendo listas de pacotes... 100%Lendo listas de pacotes... Pronto
Construindo árvore de dependências... 0%Construindo árvore de dependências... 0%Construindo árvore de dependências... 50%Construindo árvore de dependências... 50%Construindo árvore de dependências       
Lendo informação de estado... 0%  Lendo informação de estado... 0%Lendo informação de estado... Pronto
The following additional packages will be installed:
  virtualbox-guest-utils
Os NOVOS pacotes a seguir serão instalados:
  virtualbox-guest-dkms virtualbox-guest-utils virtualbox-guest-x11
0 pacotes atualizados, 3 pacotes novos instalados, 0 a serem removidos e 9 não atualizados.
É preciso baixar 0 B/2.087 kB de arquivos.
Depois desta operação, 15,7 MB adicionais de espaço em disco serão usados.

7[0;15r8[1AA seleccionar pacote anteriormente não seleccionado virtualbox-guest-dkms.
(Lendo banco de dados ... (Lendo banco de dados ... 5%(Lendo banco de dados ... 10%(Lendo banco de dados ... 15%(Lendo banco de dados ... 20%(Lendo banco de dados ... 25%(Lendo banco de dados ... 30%(Lendo banco de dados ... 35%(Lendo banco de dados ... 40%(Lendo banco de dados ... 45%(Lendo banco de dados ... 50%(Lendo banco de dados ... 55%(Lendo banco de dados ... 60%(Lendo banco de dados ... 65%(Lendo banco de dados ... 70%(Lendo banco de dados ... 75%(Lendo banco de dados ... 80%(Lendo banco de dados ... 85%(Lendo banco de dados ... 90%(Lendo banco de dados ... 95%(Lendo banco de dados ... 100%(Lendo banco de dados ... 237547 ficheiros e directórios actualmente instalados.)
A preparar para desempacotar .../virtualbox-guest-dkms_6.1.16-dfsg-6~ubuntu1.20.04.1_all.deb ...
7[16;0fProgress: [  0%] [.........................................................................................................] 87[16;0fProgress: [  8%] [########.................................................................................................] 8A descompactar virtualbox-guest-dkms (6.1.16-dfsg-6~ubuntu1.20.04.1) ...
7[16;0fProgress: [ 15%] [################.........................................................................................] 8A seleccionar pacote anteriormente não seleccionado virtualbox-guest-utils.
A preparar para desempacotar .../virtualbox-guest-utils_6.1.16-dfsg-6~ubuntu1.20.04.1_amd64.deb ...
7[16;0fProgress: [ 23%] [########################.................................................................................] 8A descompactar virtualbox-guest-utils (6.1.16-dfsg-6~ubuntu1.20.04.1) ...
7[16;0fProgress: [ 31%] [################################.........................................................................] 8A seleccionar pacote anteriormente não seleccionado virtualbox-guest-x11.
A preparar para desempacotar .../virtualbox-guest-x11_6.1.16-dfsg-6~ubuntu1.20.04.1_amd64.deb ...
7[16;0fProgress: [ 38%] [########################################.................................................................] 8A descompactar virtualbox-guest-x11 (6.1.16-dfsg-6~ubuntu1.20.04.1) ...
7[16;0fProgress: [ 46%] [################################################.........................................................] 8Configurando virtualbox-guest-dkms (6.1.16-dfsg-6~ubuntu1.20.04.1) ...
7[16;0fProgress: [ 54%] [########################################################.................................................] 8Loading new virtualbox-guest-6.1.16 DKMS files...
Building for 5.8.0-45-generic
Building initial module for 5.8.0-45-generic
This system doesn't support Secure Boot
Secure Boot not enabled on this system.
Done.

vboxguest.ko:
Running module version sanity check.
 - Original module
 - Installation
   - Installing to /lib/modules/5.8.0-45-generic/updates/dkms/

vboxsf.ko:
Running module version sanity check.
 - Original module
 - Installation
   - Installing to /lib/modules/5.8.0-45-generic/updates/dkms/

vboxvideo.ko:
Running module version sanity check.
 - Original module
 - Installation
   - Installing to /lib/modules/5.8.0-45-generic/updates/dkms/

depmod...

DKMS: install completed.
7[16;0fProgress: [ 62%] [################################################################.........................................] 8Configurando virtualbox-guest-utils (6.1.16-dfsg-6~ubuntu1.20.04.1) ...
7[16;0fProgress: [ 69%] [########################################################################.................................] 8Created symlink /etc/systemd/system/multi-user.target.wants/virtualbox-guest-utils.service → /lib/systemd/system/virtualbox-guest-utils.service.
7[16;0fProgress: [ 77%] [################################################################################.........................] 8Configurando virtualbox-guest-x11 (6.1.16-dfsg-6~ubuntu1.20.04.1) ...
7[16;0fProgress: [ 85%] [########################################################################################.................] 87[16;0fProgress: [ 92%] [################################################################################################.........] 8A processar 'triggers' para man-db (2.9.1-1) ...
A processar 'triggers' para systemd (245.4-4ubuntu3.5) ...

7[0;16r8[1A[JLendo listas de pacotes... 0%Lendo listas de pacotes... 100%Lendo listas de pacotes... Pronto
Construindo árvore de dependências... 0%Construindo árvore de dependências... 0%Construindo árvore de dependências... 50%Construindo árvore de dependências... 50%Construindo árvore de dependências       
Lendo informação de estado... 0%  Lendo informação de estado... 0%Lendo informação de estado... Pronto
Os NOVOS pacotes a seguir serão instalados:
  virtualbox-guest-additions-iso
0 pacotes atualizados, 1 pacotes novos instalados, 0 a serem removidos e 9 não atualizados.
É preciso baixar 44,7 MB de arquivos.
Depois desta operação, 61,0 MB adicionais de espaço em disco serão usados.
0% [Trabalhando]                Obter:1 http://br.archive.ubuntu.com/ubuntu focal-updates/multiverse amd64 virtualbox-guest-additions-iso all 6.1.16-1~ubuntu1.20.04.1 [44,7 MB]
0% [1 virtualbox-guest-additions-iso 4.096 B/44,7 MB 0%]9% [1 virtualbox-guest-additions-iso 5.263 kB/44,7 MB 12%]20% [1 virtualbox-guest-additions-iso 11,1 MB/44,7 MB 25%]30% [1 virtualbox-guest-additions-iso 16,7 MB/44,7 MB 37%]40% [1 virtualbox-guest-additions-iso 22,1 MB/44,7 MB 49%]50% [1 virtualbox-guest-additions-iso 27,9 MB/44,7 MB 62%]56% [1 virtualbox-guest-additions-iso 31,3 MB/44,7 MB 70%]61% [1 virtualbox-guest-additions-iso 34,2 MB/44,7 MB 77%]67% [1 virtualbox-guest-additions-iso 37,6 MB/44,7 MB 84%]73% [1 virtualbox-guest-additions-iso 40,9 MB/44,7 MB 91%]79% [1 virtualbox-guest-additions-iso 44,0 MB/44,7 MB 98%]                                                          100% [Trabalhando]                  Baixados 44,7 MB em 5s (8.246 kB/s)

7[0;15r8[1AA seleccionar pacote anteriormente não seleccionado virtualbox-guest-additions-iso.
(Lendo banco de dados ... (Lendo banco de dados ... 5%(Lendo banco de dados ... 10%(Lendo banco de dados ... 15%(Lendo banco de dados ... 20%(Lendo banco de dados ... 25%(Lendo banco de dados ... 30%(Lendo banco de dados ... 35%(Lendo banco de dados ... 40%(Lendo banco de dados ... 45%(Lendo banco de dados ... 50%(Lendo banco de dados ... 55%(Lendo banco de dados ... 60%(Lendo banco de dados ... 65%(Lendo banco de dados ... 70%(Lendo banco de dados ... 75%(Lendo banco de dados ... 80%(Lendo banco de dados ... 85%(Lendo banco de dados ... 90%(Lendo banco de dados ... 95%(Lendo banco de dados ... 100%(Lendo banco de dados ... 237894 ficheiros e directórios actualmente instalados.)
A preparar para desempacotar .../virtualbox-guest-additions-iso_6.1.16-1~ubuntu1.20.04.1_all.deb ...
7[16;0fProgress: [  0%] [.........................................................................................................] 87[16;0fProgress: [ 20%] [#####################....................................................................................] 8A descompactar virtualbox-guest-additions-iso (6.1.16-1~ubuntu1.20.04.1) ...
7[16;0fProgress: [ 40%] [##########################################...............................................................] 8Configurando virtualbox-guest-additions-iso (6.1.16-1~ubuntu1.20.04.1) ...
7[16;0fProgress: [ 60%] [###############################################################..........................................] 87[16;0fProgress: [ 80%] [####################################################################################.....................] 8
7[0;16r8[1A[J==> Instalar o Extension Pack do VirtualBox
--2021-03-22 13:26:06--  https://download.virtualbox.org/virtualbox/6.1.18/Oracle_VM_VirtualBox_Extension_Pack-6.1.18.vbox-extpack
Resolvendo download.virtualbox.org (download.virtualbox.org)... 2.20.144.90
Conectando-se a download.virtualbox.org (download.virtualbox.org)|2.20.144.90|:443... conectado.
A requisição HTTP foi enviada, aguardando resposta... 200 OK
Tamanho: 11157510 (11M) [text/plain]
Salvando em: “Oracle_VM_VirtualBox_Extension_Pack-6.1.18.vbox-extpack”

                Oracle_VM_Virtu   0%[                                                       ]       0  --.-KB/s                              Oracle_VM_Virtua  18%[=========>                                             ]   1,95M  9,09MB/s                             Oracle_VM_Virtual  41%[======================>                                ]   4,46M  10,7MB/s                            Oracle_VM_VirtualB  63%[=================================>                     ]   6,71M  10,9MB/s                           Oracle_VM_VirtualBo  83%[=============================================>         ]   8,93M  10,9MB/s               Oracle_VM_VirtualBox_Extension_ 100%[======================================================>]  10,64M  11,0MB/s    em 1,0s    

2021-03-22 13:26:07 (11,0 MB/s) - “Oracle_VM_VirtualBox_Extension_Pack-6.1.18.vbox-extpack” salvo [11157510/11157510]

License accepted.
0%...
Progress state: NS_ERROR_FAILURE
VBoxManage: error: Failed to install "/home/neo/Público/src/vps/Oracle_VM_VirtualBox_Extension_Pack-6.1.18.vbox-extpack"
VBoxManage: error: Extension pack 'Oracle VM VirtualBox Extension Pack' is already installed. In case of a reinstallation, please uninstall it first
VBoxManage: error: Details: code NS_ERROR_FAILURE (0x80004005), component ExtPackManagerWrap, interface IExtPackManager
VBoxManage: error: Context: "RTEXITCODE handleExtPack(HandlerArg*)" at line 1424 of file VBoxManageMisc.cpp
Lendo listas de pacotes... 0%Lendo listas de pacotes... 100%Lendo listas de pacotes... Pronto
Construindo árvore de dependências... 0%Construindo árvore de dependências... 0%Construindo árvore de dependências... 50%Construindo árvore de dependências... 50%Construindo árvore de dependências       
Lendo informação de estado... 0%  Lendo informação de estado... 0%Lendo informação de estado... Pronto
E: Impossível encontrar o pacote vagrant-libs
E: Não foi possível abrir arquivo de trava /var/lib/dpkg/lock-frontend - open (13: Permissão negada)
E: Unable to acquire the dpkg frontend lock (/var/lib/dpkg/lock-frontend), are you root?
==> Download Vagrant & Instalar
2021-03-22 13:26:21 URL:https://releases.hashicorp.com/vagrant/2.2.9/vagrant_2.2.9_x86_64.deb [42978828/42978828] -> "vagrant_2.2.9_x86_64.deb" [1]
(Lendo banco de dados ... (Lendo banco de dados ... 5%(Lendo banco de dados ... 10%(Lendo banco de dados ... 15%(Lendo banco de dados ... 20%(Lendo banco de dados ... 25%(Lendo banco de dados ... 30%(Lendo banco de dados ... 35%(Lendo banco de dados ... 40%(Lendo banco de dados ... 45%(Lendo banco de dados ... 50%(Lendo banco de dados ... 55%(Lendo banco de dados ... 60%(Lendo banco de dados ... 65%(Lendo banco de dados ... 70%(Lendo banco de dados ... 75%(Lendo banco de dados ... 80%(Lendo banco de dados ... 85%(Lendo banco de dados ... 90%(Lendo banco de dados ... 95%(Lendo banco de dados ... 100%(Lendo banco de dados ... 237898 ficheiros e directórios actualmente instalados.)
A preparar para desempacotar vagrant_2.2.9_x86_64.deb ...
A descompactar vagrant (1:2.2.9) sobre (1:2.2.9) ...
Configurando vagrant (1:2.2.9) ...
==> Instalar plugins do Vagrant
Installing the 'vagrant-libvirt' plugin. This can take a few minutes...
Building native extensions. This could take a while...
Building native extensions. This could take a while...
Installed the plugin 'vagrant-libvirt (0.4.0)'!
Installing the 'vagrant-disksize' plugin. This can take a few minutes...
Building native extensions. This could take a while...
Building native extensions. This could take a while...
Installed the plugin 'vagrant-disksize (0.1.3)'!
Installing the 'vagrant-mutate' plugin. This can take a few minutes...
Building native extensions. This could take a while...
Building native extensions. This could take a while...
Installed the plugin 'vagrant-mutate (1.2.0)'!
==> Removendo pacotes do Ubuntu desnecessários
E: Não foi possível abrir arquivo de trava /var/lib/dpkg/lock-frontend - open (13: Permissão negada)
E: Unable to acquire the dpkg frontend lock (/var/lib/dpkg/lock-frontend), are you root?
./criar_box.sh: linha 57: oremove: comando não encontrado
==> Instalar o VirtualBox
Lendo listas de pacotes... 0%Lendo listas de pacotes... 0%Lendo listas de pacotes... 8%Lendo listas de pacotes... Pronto
Construindo árvore de dependências... 0%Construindo árvore de dependências... 0%Construindo árvore de dependências... 50%Construindo árvore de dependências... 50%Construindo árvore de dependências       
Lendo informação de estado... 0%  Lendo informação de estado... 0%Lendo informação de estado... Pronto
virtualbox is already the newest version (6.1.16-dfsg-6~ubuntu1.20.04.1).
0 pacotes atualizados, 0 pacotes novos instalados, 0 a serem removidos e 9 não atualizados.
Lendo listas de pacotes... 0%Lendo listas de pacotes... 100%Lendo listas de pacotes... Pronto
Construindo árvore de dependências... 0%Construindo árvore de dependências... 0%Construindo árvore de dependências... 50%Construindo árvore de dependências... 50%Construindo árvore de dependências       
Lendo informação de estado... 0%  Lendo informação de estado... 0%Lendo informação de estado... Pronto
virtualbox-guest-dkms is already the newest version (6.1.16-dfsg-6~ubuntu1.20.04.1).
virtualbox-guest-x11 is already the newest version (6.1.16-dfsg-6~ubuntu1.20.04.1).
0 pacotes atualizados, 0 pacotes novos instalados, 0 a serem removidos e 9 não atualizados.
Lendo listas de pacotes... 0%Lendo listas de pacotes... 100%Lendo listas de pacotes... Pronto
Construindo árvore de dependências... 0%Construindo árvore de dependências... 0%Construindo árvore de dependências... 50%Construindo árvore de dependências... 50%Construindo árvore de dependências       
Lendo informação de estado... 0%  Lendo informação de estado... 0%Lendo informação de estado... Pronto
virtualbox-guest-additions-iso is already the newest version (6.1.16-1~ubuntu1.20.04.1).
0 pacotes atualizados, 0 pacotes novos instalados, 0 a serem removidos e 9 não atualizados.
==> Instalar o Extension Pack do VirtualBox
--2021-03-22 13:30:41--  https://download.virtualbox.org/virtualbox/6.1.18/Oracle_VM_VirtualBox_Extension_Pack-6.1.18.vbox-extpack
Resolvendo download.virtualbox.org (download.virtualbox.org)... 104.90.0.86
Conectando-se a download.virtualbox.org (download.virtualbox.org)|104.90.0.86|:443... conectado.
A requisição HTTP foi enviada, aguardando resposta... 200 OK
Tamanho: 11157510 (11M) [text/plain]
Salvando em: “Oracle_VM_VirtualBox_Extension_Pack-6.1.18.vbox-extpack”

                Oracle_VM_Virtu   0%[                                                       ]       0  --.-KB/s                              Oracle_VM_Virtua  19%[=========>                                             ]   2,04M  10,2MB/s                             Oracle_VM_Virtual  40%[=====================>                                 ]   4,27M  10,7MB/s                            Oracle_VM_VirtualB  60%[================================>                      ]   6,47M  10,8MB/s                           Oracle_VM_VirtualBo  81%[===========================================>           ]   8,68M  10,8MB/s               Oracle_VM_VirtualBox_Extension_ 100%[======================================================>]  10,64M  10,9MB/s    em 1,0s    

2021-03-22 13:30:42 (10,9 MB/s) - “Oracle_VM_VirtualBox_Extension_Pack-6.1.18.vbox-extpack” salvo [11157510/11157510]

License accepted.
0%...
Progress state: NS_ERROR_FAILURE
VBoxManage: error: Failed to install "/home/neo/Público/src/vps/Oracle_VM_VirtualBox_Extension_Pack-6.1.18.vbox-extpack"
VBoxManage: error: Extension pack 'Oracle VM VirtualBox Extension Pack' is already installed. In case of a reinstallation, please uninstall it first
VBoxManage: error: Details: code NS_ERROR_FAILURE (0x80004005), component ExtPackManagerWrap, interface IExtPackManager
VBoxManage: error: Context: "RTEXITCODE handleExtPack(HandlerArg*)" at line 1424 of file VBoxManageMisc.cpp
./criar_box.sh: linha 60: erro de sintaxe próximo ao token inesperado `fi'
./criar_box.sh: linha 60: `    fi'
make: *** [Makefile:34: box] Erro 2
