 A compilação vai iniciar em 5 segundos... A compilação vai iniciar em 4 segundos... A compilação vai iniciar em 3 segundos... A compilação vai iniciar em 2 segundos... A compilação vai iniciar em 1 segundos... A compilação vai iniciar em 0 segundos...

Compilação iniciada seg 22 mar 2021 12:05:47

Detalhes do desktop:

Nome do modelo: AMD FX(tm)-8350 Eight-Core
Arquitetura: x86_64
Número de CPU(s): 8    
Virtualização: AMD-V    
Memória RAM: 16041 MiB 
Memória Virtual: 9446 MB
Modo(s) operacional da CPU: 32-bit, 64-bit

chmod +x criar_box.sh
./criar_box.sh
==> Instalar o VirtualBox
E: Não foi possível abrir arquivo de trava /var/lib/dpkg/lock-frontend - open (13: Permissão negada)
E: Unable to acquire the dpkg frontend lock (/var/lib/dpkg/lock-frontend), are you root?
E: Não foi possível abrir arquivo de trava /var/lib/dpkg/lock-frontend - open (13: Permissão negada)
E: Unable to acquire the dpkg frontend lock (/var/lib/dpkg/lock-frontend), are you root?
E: Não foi possível abrir arquivo de trava /var/lib/dpkg/lock-frontend - open (13: Permissão negada)
E: Unable to acquire the dpkg frontend lock (/var/lib/dpkg/lock-frontend), are you root?
==> Instalar o Extension Pack do VirtualBox
--2021-03-22 12:05:47--  https://download.virtualbox.org/virtualbox/6.1.18/Oracle_VM_VirtualBox_Extension_Pack-6.1.18.vbox-extpack
Resolvendo download.virtualbox.org (download.virtualbox.org)... 23.77.38.242
Conectando-se a download.virtualbox.org (download.virtualbox.org)|23.77.38.242|:443... conectado.
A requisição HTTP foi enviada, aguardando resposta... 200 OK
Tamanho: 11157510 (11M) [text/plain]
Salvando em: “Oracle_VM_VirtualBox_Extension_Pack-6.1.18.vbox-extpack”

                Oracle_VM_Virtu   0%[                                                       ]       0  --.-KB/s                              Oracle_VM_Virtua  18%[=========>                                             ]   1,99M  9,96MB/s                             Oracle_VM_Virtual  39%[====================>                                  ]   4,21M  10,5MB/s                            Oracle_VM_VirtualB  60%[================================>                      ]   6,44M  10,7MB/s                           Oracle_VM_VirtualBo  81%[===========================================>           ]   8,70M  10,8MB/s               Oracle_VM_VirtualBox_Extension_ 100%[======================================================>]  10,64M  10,9MB/s    em 1,0s    

2021-03-22 12:05:48 (10,9 MB/s) - “Oracle_VM_VirtualBox_Extension_Pack-6.1.18.vbox-extpack” salvo [11157510/11157510]

License accepted.
0%...^Cmake: *** [Makefile:31: criar_box] Interrupção
