 A compilação vai iniciar em 5 segundos... A compilação vai iniciar em 4 segundos... A compilação vai iniciar em 3 segundos... A compilação vai iniciar em 2 segundos... A compilação vai iniciar em 1 segundos... A compilação vai iniciar em 0 segundos...

Compilação iniciada ter 23 mar 2021 13:45:52

Detalhes do desktop:

Nome do modelo: AMD FX(tm)-8350 Eight-Core
Arquitetura: x86_64
Número de CPU(s): 8    
Virtualização: AMD-V    
Memória RAM: 16041 MiB 
Memória Virtual: 1027 MB
Modo(s) operacional da CPU: 32-bit, 64-bit

chmod +x criar_box.sh
./criar_box.sh
==> Instalar os requerimentos da box...
==> Iniciando a box...
Welcome to Ubuntu 20.04.2 LTS (GNU/Linux 5.4.0-67-generic x86_64)

 * Documentation:  https://help.ubuntu.com
 * Management:     https://landscape.canonical.com
 * Support:        https://ubuntu.com/advantage

  System information as of Tue Mar 23 16:46:02 UTC 2021

  System load:  0.03              Processes:               142
  Usage of /:   8.9% of 48.41GB   Users logged in:         0
  Memory usage: 6%                IPv4 address for enp0s3: 10.0.2.15
  Swap usage:   0%                IPv4 address for virbr0: 192.168.122.1

 * Introducing self-healing high availability clusters in MicroK8s.
   Simple, hardened, Kubernetes for production, from RaspberryPi to DC.

     https://microk8s.io/high-availability

0 updates can be installed immediately.
0 of these updates are security updates.


chmod +x compilar_iso.sh
./compilar_iso.sh
Iniciando a criação da imagem ISO do NFDOS 0.4.4 ...
Atualizar repositórios e instalar requerimentos...

WARNING: apt does not have a stable CLI interface. Use with caution in scripts.

Get:1 http://security.ubuntu.com/ubuntu focal-security InRelease [109 kB]
Hit:2 http://archive.ubuntu.com/ubuntu focal InRelease
Get:3 http://archive.ubuntu.com/ubuntu focal-updates InRelease [114 kB]
Get:4 http://archive.ubuntu.com/ubuntu focal-backports InRelease [101 kB]
Fetched 324 kB in 2s (153 kB/s)
Reading package lists...
Building dependency tree...
Reading state information...
All packages are up to date.

WARNING: apt does not have a stable CLI interface. Use with caution in scripts.

Reading package lists...
Building dependency tree...
Reading state information...
mtools is already the newest version (4.0.24-1).
squashfs-tools is already the newest version (1:4.4-1).
unzip is already the newest version (6.0-25ubuntu1).
whois is already the newest version (5.5.6).
moreutils is already the newest version (0.63-1).
xorriso is already the newest version (1.5.2-1).
binutils is already the newest version (2.34-6ubuntu1.1).
debootstrap is already the newest version (1.0.118ubuntu1.3).
grub-efi-amd64-bin is already the newest version (2.04-1ubuntu26.9).
grub-pc-bin is already the newest version (2.04-1ubuntu26.9).
jq is already the newest version (1.6-1ubuntu0.20.04.1).
0 upgraded, 0 newly installed, 0 to remove and 0 not upgraded.
Checkando se a /vagrant/nfdos existe
Checkando se a /vagrant/nfdos/core/nfdos.iso existe
A /vagrant/nfdos/core/nfdos.iso existe
Checkando se a /vagrant/nfdos/desktop/vagrant/virtualbox/NFDOS-0.4.4.box existe...
A /vagrant/nfdos/desktop/vagrant/virtualbox/NFDOS-0.4.4.box existe.
