 A compilação vai iniciar em 3 segundos... A compilação vai iniciar em 2 segundos... A compilação vai iniciar em 1 segundos... A compilação vai iniciar em 0 segundos...

Compilação iniciada ter 23 mar 2021 10:15:20

Detalhes do desktop:

Nome do modelo: AMD FX(tm)-8350 Eight-Core
Arquitetura: x86_64
Número de CPU(s): 8    
Virtualização: AMD-V    
Memória RAM: 16041 MiB 
Memória Virtual: 2405 MB
Modo(s) operacional da CPU: 32-bit, 64-bit

chmod +x criar_box.sh
./criar_box.sh
==> Instalar os requerimentos da box...
==> Iniciando a box...
Welcome to Ubuntu 20.04.2 LTS (GNU/Linux 5.4.0-67-generic x86_64)

 * Documentation:  https://help.ubuntu.com
 * Management:     https://landscape.canonical.com
 * Support:        https://ubuntu.com/advantage

  System information as of Tue Mar 23 13:15:16 UTC 2021

  System load:  0.12              Processes:               137
  Usage of /:   7.6% of 48.41GB   Users logged in:         0
  Memory usage: 8%                IPv4 address for enp0s3: 10.0.2.15
  Swap usage:   0%                IPv4 address for virbr0: 192.168.122.1

 * Introducing self-healing high availability clusters in MicroK8s.
   Simple, hardened, Kubernetes for production, from RaspberryPi to DC.

     https://microk8s.io/high-availability

0 updates can be installed immediately.
0 of these updates are security updates.


chmod +x compilar_iso.sh
./compilar_iso.sh
Iniciando a criação da imagem ISO do NFDOS 0.4.4 ...
Atualizar repositórios e instalar requerimentos...

WARNING: apt does not have a stable CLI interface. Use with caution in scripts.

Hit:1 http://security.ubuntu.com/ubuntu focal-security InRelease
Hit:2 http://archive.ubuntu.com/ubuntu focal InRelease
Hit:3 http://archive.ubuntu.com/ubuntu focal-updates InRelease
Hit:4 http://archive.ubuntu.com/ubuntu focal-backports InRelease
Reading package lists...
Building dependency tree...
Reading state information...
All packages are up to date.

WARNING: apt does not have a stable CLI interface. Use with caution in scripts.

Reading package lists...
Building dependency tree...
Reading state information...
mtools is already the newest version (4.0.24-1).
squashfs-tools is already the newest version (1:4.4-1).
unzip is already the newest version (6.0-25ubuntu1).
whois is already the newest version (5.5.6).
moreutils is already the newest version (0.63-1).
xorriso is already the newest version (1.5.2-1).
binutils is already the newest version (2.34-6ubuntu1.1).
debootstrap is already the newest version (1.0.118ubuntu1.3).
grub-efi-amd64-bin is already the newest version (2.04-1ubuntu26.9).
grub-pc-bin is already the newest version (2.04-1ubuntu26.9).
jq is already the newest version (1.6-1ubuntu0.20.04.1).
0 upgraded, 0 newly installed, 0 to remove and 0 not upgraded.
Checkando se a /vagrant/nfdos existe
Checkando se a /vagrant/nfdos/core/nfdos.iso existe
A /vagrant/nfdos/core/nfdos.iso existe
Checkando se a /vagrant/nfdos/desktop/vagrant/NFDOS-0.4.4.box existe
A /vagrant/nfdos/desktop/vagrant/libvirt/NFDOS-0.4.4.box não existe. Criando ela...
Checkando o SHA256 da imagem ISO...
2021/03/23 13:15:30 [INFO] Packer version: 1.6.4 [go1.15.2 linux amd64]
2021/03/23 13:15:30 Checking 'PACKER_CONFIG' for a config file path
2021/03/23 13:15:30 'PACKER_CONFIG' not set; checking the default config file path
2021/03/23 13:15:30 Attempting to open config file: /home/vagrant/.packerconfig
2021/03/23 13:15:30 [WARN] Config file doesn't exist: /home/vagrant/.packerconfig
2021/03/23 13:15:30 Setting cache directory: /vagrant/nfdos/desktop/packer_cache
Running in background, not using a TTY
2021/03/23 13:15:30 Creating plugin client for path: /usr/local/bin/packer
2021/03/23 13:15:30 Starting plugin: /usr/local/bin/packer []string{"/usr/local/bin/packer", "plugin", "packer-builder-qemu"}
2021/03/23 13:15:30 Waiting for RPC address for: /usr/local/bin/packer
2021/03/23 13:15:30 packer-builder-qemu plugin: [INFO] Packer version: 1.6.4 [go1.15.2 linux amd64]
2021/03/23 13:15:30 packer-builder-qemu plugin: Checking 'PACKER_CONFIG' for a config file path
2021/03/23 13:15:30 packer-builder-qemu plugin: 'PACKER_CONFIG' not set; checking the default config file path
2021/03/23 13:15:30 packer-builder-qemu plugin: Attempting to open config file: /home/vagrant/.packerconfig
2021/03/23 13:15:30 packer-builder-qemu plugin: [WARN] Config file doesn't exist: /home/vagrant/.packerconfig
2021/03/23 13:15:30 packer-builder-qemu plugin: Setting cache directory: /vagrant/nfdos/desktop/packer_cache
2021/03/23 13:15:30 packer-builder-qemu plugin: args: []string{"packer-builder-qemu"}
2021/03/23 13:15:30 packer-builder-qemu plugin: Plugin address: unix /tmp/packer-plugin984165775
2021/03/23 13:15:30 packer-builder-qemu plugin: Waiting for connection...
2021/03/23 13:15:30 Received unix RPC address for /usr/local/bin/packer: addr is /tmp/packer-plugin984165775
2021/03/23 13:15:30 packer-builder-qemu plugin: Serving a plugin connection...
2021/03/23 13:15:30 Creating plugin client for path: /usr/local/bin/packer
2021/03/23 13:15:30 Starting plugin: /usr/local/bin/packer []string{"/usr/local/bin/packer", "plugin", "packer-provisioner-shell"}
2021/03/23 13:15:30 Waiting for RPC address for: /usr/local/bin/packer
2021/03/23 13:15:31 packer-provisioner-shell plugin: [INFO] Packer version: 1.6.4 [go1.15.2 linux amd64]
2021/03/23 13:15:31 packer-provisioner-shell plugin: Checking 'PACKER_CONFIG' for a config file path
2021/03/23 13:15:31 packer-provisioner-shell plugin: 'PACKER_CONFIG' not set; checking the default config file path
2021/03/23 13:15:31 packer-provisioner-shell plugin: Attempting to open config file: /home/vagrant/.packerconfig
2021/03/23 13:15:31 packer-provisioner-shell plugin: [WARN] Config file doesn't exist: /home/vagrant/.packerconfig
2021/03/23 13:15:31 packer-provisioner-shell plugin: Setting cache directory: /vagrant/nfdos/desktop/packer_cache
2021/03/23 13:15:31 packer-provisioner-shell plugin: args: []string{"packer-provisioner-shell"}
2021/03/23 13:15:31 Received unix RPC address for /usr/local/bin/packer: addr is /tmp/packer-plugin150525017
2021/03/23 13:15:31 packer-provisioner-shell plugin: Plugin address: unix /tmp/packer-plugin150525017
2021/03/23 13:15:31 packer-provisioner-shell plugin: Waiting for connection...
2021/03/23 13:15:31 packer-provisioner-shell plugin: Serving a plugin connection...
2021/03/23 13:15:31 Creating plugin client for path: /usr/local/bin/packer
2021/03/23 13:15:31 Starting plugin: /usr/local/bin/packer []string{"/usr/local/bin/packer", "plugin", "packer-post-processor-vagrant"}
2021/03/23 13:15:31 Waiting for RPC address for: /usr/local/bin/packer
2021/03/23 13:15:31 packer-post-processor-vagrant plugin: [INFO] Packer version: 1.6.4 [go1.15.2 linux amd64]
2021/03/23 13:15:31 packer-post-processor-vagrant plugin: Checking 'PACKER_CONFIG' for a config file path
2021/03/23 13:15:31 packer-post-processor-vagrant plugin: 'PACKER_CONFIG' not set; checking the default config file path
2021/03/23 13:15:31 packer-post-processor-vagrant plugin: Attempting to open config file: /home/vagrant/.packerconfig
2021/03/23 13:15:31 packer-post-processor-vagrant plugin: [WARN] Config file doesn't exist: /home/vagrant/.packerconfig
2021/03/23 13:15:31 packer-post-processor-vagrant plugin: Setting cache directory: /vagrant/nfdos/desktop/packer_cache
2021/03/23 13:15:31 packer-post-processor-vagrant plugin: args: []string{"packer-post-processor-vagrant"}
2021/03/23 13:15:31 Received unix RPC address for /usr/local/bin/packer: addr is /tmp/packer-plugin322829430
2021/03/23 13:15:31 packer-post-processor-vagrant plugin: Plugin address: unix /tmp/packer-plugin322829430
2021/03/23 13:15:31 packer-post-processor-vagrant plugin: Waiting for connection...
2021/03/23 13:15:31 packer-post-processor-vagrant plugin: Serving a plugin connection...
2021/03/23 13:15:31 Preparing build: NFDOS
2021/03/23 13:15:31 packer-builder-qemu plugin: use specified accelerator: kvm
2021/03/23 13:15:31 packer-builder-qemu plugin: MemorySize 0 is too small, using default: 512
2021/03/23 13:15:31 packer-builder-qemu plugin: CpuCount 0 too small, using default: 1
NFDOS: output will be in this color.

2021/03/23 13:15:31 Build debug mode: false
2021/03/23 13:15:31 Force build: false
2021/03/23 13:15:31 On error: 
2021/03/23 13:15:31 Waiting on builds to complete...
2021/03/23 13:15:31 Starting build run: NFDOS
2021/03/23 13:15:31 Running builder: qemu
2021/03/23 13:15:31 [INFO] (telemetry) Starting builder qemu
2021/03/23 13:15:31 packer-builder-qemu plugin: Qemu path: /usr/bin/qemu-system-x86_64, Qemu Image page: /usr/bin/qemu-img
==> NFDOS: Retrieving ISO
==> NFDOS: Trying ../core/nfdos.iso
2021/03/23 13:15:31 packer-builder-qemu plugin: Acquiring lock for: ../core/nfdos.iso?checksum=sha256%3Abd8ae8b659678def6458b5412827a2e7dea164a24426de45173f1b9823dbca1d (/vagrant/nfdos/desktop/packer_cache/5e55bb5ef83add448355c4777cc6cd8c06ffb28b.iso.lock)
==> NFDOS: Trying ../core/nfdos.iso?checksum=sha256%3Abd8ae8b659678def6458b5412827a2e7dea164a24426de45173f1b9823dbca1d
2021/03/23 13:15:41 packer-builder-qemu plugin: Leaving retrieve loop for ISO
2021/03/23 13:15:41 packer-builder-qemu plugin: No floppy files specified. Floppy disk will not be made.
2021/03/23 13:15:41 packer-builder-qemu plugin: No CD files specified. CD disk will not be made.
2021/03/23 13:15:41 packer-builder-qemu plugin: [INFO] Creating disk with Path: libvirt/packer-NFDOS and Size: 25600M
2021/03/23 13:15:41 packer-builder-qemu plugin: Executing qemu-img: []string{"create", "-f", "qcow2", "libvirt/packer-NFDOS", "25600M"}
==> NFDOS: ../core/nfdos.iso?checksum=sha256%3Abd8ae8b659678def6458b5412827a2e7dea164a24426de45173f1b9823dbca1d => /vagrant/nfdos/core/nfdos.iso
==> NFDOS: Creating required virtual machine disks
2021/03/23 13:15:41 packer-builder-qemu plugin: stdout: Formatting 'libvirt/packer-NFDOS', fmt=qcow2 size=26843545600 cluster_size=65536 lazy_refcounts=off refcount_bits=16
2021/03/23 13:15:41 packer-builder-qemu plugin: stderr:
2021/03/23 13:15:41 packer-builder-qemu plugin: Found available port: 8104 on IP: 0.0.0.0
==> NFDOS: Starting HTTP server on port 8104
==> NFDOS: Found port for communicator (SSH, WinRM, etc): 2872.
==> NFDOS: Looking for available port between 5900 and 6000 on 127.0.0.1
==> NFDOS: Starting VM, booting from CD-ROM
2021/03/23 13:15:41 packer-builder-qemu plugin: Looking for available communicator (SSH, WinRM, etc) port between 2222 and 4444
2021/03/23 13:15:41 packer-builder-qemu plugin: Found available port: 2872 on IP: 127.0.0.1
2021/03/23 13:15:41 packer-builder-qemu plugin: Looking for available port between 5900 and 6000 on 127.0.0.1
2021/03/23 13:15:41 packer-builder-qemu plugin: Found available port: 5940 on IP: 127.0.0.1
2021/03/23 13:15:41 packer-builder-qemu plugin: Found available VNC port: 5940 on IP: 127.0.0.1
2021/03/23 13:15:41 packer-builder-qemu plugin: Qemu --version output: QEMU emulator version 4.2.1 (Debian 1:4.2-3ubuntu6.14)
2021/03/23 13:15:41 packer-builder-qemu plugin: Copyright (c) 2003-2019 Fabrice Bellard and the QEMU Project developers
2021/03/23 13:15:41 packer-builder-qemu plugin: Qemu version: 4.2.1
    NFDOS: view the screen of the VM, connect via VNC without a password to
    NFDOS: vnc://127.0.0.1:5940
    NFDOS: The VM will be run headless, without a GUI. If you want to
2021/03/23 13:15:41 packer-builder-qemu plugin: Qemu Builder has no floppy files, not attaching a floppy.
    NFDOS: view the screen of the VM, connect via VNC without a password to
    NFDOS: vnc://127.0.0.1:5940
==> NFDOS: Overriding default Qemu arguments with QemuArgs...
2021/03/23 13:15:41 packer-builder-qemu plugin: Executing /usr/bin/qemu-system-x86_64: []string{"-netdev", "user,id=user.0,hostfwd=tcp::2872-:22", "-vnc", "127.0.0.1:40", "-name", "packer-NFDOS", "-m", "M", "-smp", "-machine", "type=pc,accel=kvm", "-device", "virtio-net,netdev=user.0", "-drive", "file=libvirt/packer-NFDOS,if=virtio,cache=none,discard=ignore,format=qcow2", "-drive", "file=/vagrant/nfdos/core/nfdos.iso,index=0,media=cdrom", "-boot", "once=d"}
2021/03/23 13:15:41 packer-builder-qemu plugin: Started Qemu. Pid: 126212
2021/03/23 13:15:41 packer-builder-qemu plugin: Qemu stderr: qemu-system-x86_64: -m M: Parameter 'size' expects a non-negative number below 2^64
2021/03/23 13:15:41 packer-builder-qemu plugin: Qemu stderr: Optional suffix k, M, G, T, P or E means kilo-, mega-, giga-, tera-, peta-
2021/03/23 13:15:41 packer-builder-qemu plugin: Qemu stderr: and exabytes, respectively.
==> NFDOS: Error launching VM: Qemu failed to start. Please run with PACKER_LOG=1 to get more info.
2021/03/23 13:15:41 packer-builder-qemu plugin: failed to unlock port lockfile: close tcp 127.0.0.1:5940: use of closed network connection
2021/03/23 13:15:41 packer-builder-qemu plugin: failed to unlock port lockfile: close tcp 127.0.0.1:2872: use of closed network connection
==> NFDOS: Deleting output directory...
2021/03/23 13:15:41 [INFO] (telemetry) ending qemu
==> Wait completed after 10 seconds 452 milliseconds
2021/03/23 13:15:41 machine readable: error-count []string{"1"}
==> Some builds didn't complete successfully and had errors:
2021/03/23 13:15:41 machine readable: NFDOS,error []string{"Build was halted."}
==> Builds finished but no artifacts were created.
Build 'NFDOS' errored after 10 seconds 452 milliseconds: Build was halted.

==> Wait completed after 10 seconds 452 milliseconds

==> Some builds didn't complete successfully and had errors:
--> NFDOS: Build was halted.

==> Builds finished but no artifacts were created.
2021/03/23 13:15:41 [INFO] (telemetry) Finalizing.
2021/03/23 13:15:42 waiting for all plugin processes to complete...
2021/03/23 13:15:42 /usr/local/bin/packer: plugin process exited
2021/03/23 13:15:42 /usr/local/bin/packer: plugin process exited
2021/03/23 13:15:42 /usr/local/bin/packer: plugin process exited
