 A compilação vai iniciar em 5 segundos... A compilação vai iniciar em 4 segundos... A compilação vai iniciar em 3 segundos... A compilação vai iniciar em 2 segundos... A compilação vai iniciar em 1 segundos... A compilação vai iniciar em 0 segundos...

Compilação iniciada sex 26 mar 2021 05:54:36

Detalhes do desktop:

Nome do modelo: AMD FX(tm)-8350 Eight-Core
Arquitetura: x86_64
Número de CPU(s): 8    
Virtualização: AMD-V    
Memória RAM: 16041 MiB 
Memória Virtual: 3666 MB
Modo(s) operacional da CPU: 32-bit, 64-bit

chmod +x compilar_vps.sh
./compilar_vps.sh
[DEBUG] O VPS_DEV existe mas está com o status de pausado. Ligando ele de volta...
0%...10%...20%...30%...40%...50%...60%...70%...80%...90%...100%
==> VPS_DEV: Checking if box 'neoricalex/ubuntu' version '0.0.4' is up to date...
==> VPS_DEV: Clearing any previously set forwarded ports...
==> VPS_DEV: Clearing any previously set network interfaces...
==> VPS_DEV: Preparing network interfaces based on configuration...
    VPS_DEV: Adapter 1: nat
==> VPS_DEV: Forwarding ports...
    VPS_DEV: 22 (guest) => 1234 (host) (adapter 1)
    VPS_DEV: 22 (guest) => 2222 (host) (adapter 1)
==> VPS_DEV: Running 'pre-boot' VM customizations...
==> VPS_DEV: Booting VM...
==> VPS_DEV: Waiting for machine to boot. This may take a few minutes...
    VPS_DEV: SSH address: 127.0.0.1:2222
    VPS_DEV: SSH username: vagrant
    VPS_DEV: SSH auth method: private key
The guest machine entered an invalid state while waiting for it
to boot. Valid states are 'starting, running'. The machine is in the
'paused' state. Please verify everything is configured
properly and try again.

If the provider you're using has a GUI that comes with it,
it is often helpful to open that and watch the machine, since the
GUI often has more helpful error messages than Vagrant can retrieve.
For example, if you're using VirtualBox, run `vagrant up` while the
VirtualBox GUI is open.

The primary issue for this error is that the provider you're using
is not properly configured. This is very rarely a Vagrant issue.
==> Entrando no VPS_DEV...
VM must be running to open SSH connection. Run `vagrant up`
to start the virtual machine.
make: *** [Makefile:31: compilar_vps] Erro 1
