 A compilação vai iniciar em 6 segundos... A compilação vai iniciar em 5 segundos... A compilação vai iniciar em 4 segundos... A compilação vai iniciar em 3 segundos... A compilação vai iniciar em 2 segundos... A compilação vai iniciar em 1 segundos... A compilação vai iniciar em 0 segundos...

Compilação iniciada ter 23 mar 2021 15:08:14

Detalhes do desktop:

Nome do modelo: AMD FX(tm)-8350 Eight-Core
Arquitetura: x86_64
Número de CPU(s): 8    
Virtualização: AMD-V    
Memória RAM: 16041 MiB 
Memória Virtual: 4683 MB
Modo(s) operacional da CPU: 32-bit, 64-bit

chmod +x compilar_box.sh
./compilar_box.sh
==> Instalar os requerimentos da box...
==> Iniciando a box...
Bringing machine 'VPS_DEV' up with 'virtualbox' provider...
==> VPS_DEV: Box 'neoricalex/ubuntu' could not be found. Attempting to find and install...
    VPS_DEV: Box Provider: virtualbox
    VPS_DEV: Box Version: >= 0
==> VPS_DEV: Box file was not detected as metadata. Adding it directly...
==> VPS_DEV: Adding box 'neoricalex/ubuntu' (v0) for provider: virtualbox
    VPS_DEV: Unpacking necessary files from: file:///home/neo/P%C3%BAblico/src/vps/vagrant-libs/virtualbox.box
Progress: 0% (Rate: 0/s, Estimated time remaining: --:--:--)==> VPS_DEV: Successfully added box 'neoricalex/ubuntu' (v0) for 'virtualbox'!
==> VPS_DEV: Importing base box 'neoricalex/ubuntu'...
Progress: 90%==> VPS_DEV: Matching MAC address for NAT networking...
==> VPS_DEV: Setting the name of the VM: VPS_DEV
==> VPS_DEV: Clearing any previously set network interfaces...
==> VPS_DEV: Preparing network interfaces based on configuration...
    VPS_DEV: Adapter 1: nat
==> VPS_DEV: Forwarding ports...
    VPS_DEV: 22 (guest) => 2222 (host) (adapter 1)
==> VPS_DEV: Running 'pre-boot' VM customizations...
==> VPS_DEV: Resized disk: old 40960 MB, req 51200 MB, new 51200 MB
==> VPS_DEV: You may need to resize the filesystem from within the guest.
==> VPS_DEV: Booting VM...
^C==> VPS_DEV: Waiting for cleanup before exiting...
^C==> VPS_DEV: Exiting immediately, without cleanup!
^CTraceback (most recent call last):
	31: from /opt/vagrant/embedded/gems/2.2.9/gems/vagrant-2.2.9/bin/vagrant:168:in `<main>'
	30: from /opt/vagrant/embedded/gems/2.2.9/gems/vagrant-2.2.9/bin/vagrant:168:in `new'
	29: from /opt/vagrant/embedded/gems/2.2.9/gems/vagrant-2.2.9/lib/vagrant/environment.rb:178:in `initialize'
	28: from /opt/vagrant/embedded/gems/2.2.9/gems/vagrant-2.2.9/lib/vagrant/environment.rb:983:in `process_configured_plugins'
	27: from /opt/vagrant/embedded/gems/2.2.9/gems/vagrant-2.2.9/lib/vagrant/environment.rb:956:in `find_configured_plugins'
	26: from /opt/vagrant/embedded/gems/2.2.9/gems/vagrant-2.2.9/lib/vagrant/environment.rb:956:in `each'
	25: from /opt/vagrant/embedded/gems/2.2.9/gems/vagrant-2.2.9/lib/vagrant/environment.rb:958:in `block in find_configured_plugins'
	24: from /opt/vagrant/embedded/gems/2.2.9/gems/vagrant-2.2.9/lib/vagrant/vagrantfile.rb:173:in `machine_config'
	23: from /opt/vagrant/embedded/gems/2.2.9/gems/vagrant-2.2.9/lib/vagrant/config/loader.rb:116:in `load'
	22: from /opt/vagrant/embedded/gems/2.2.9/gems/vagrant-2.2.9/lib/vagrant/config/loader.rb:116:in `each'
	21: from /opt/vagrant/embedded/gems/2.2.9/gems/vagrant-2.2.9/lib/vagrant/config/loader.rb:119:in `block in load'
	20: from /opt/vagrant/embedded/gems/2.2.9/gems/vagrant-2.2.9/lib/vagrant/config/loader.rb:119:in `each'
	19: from /opt/vagrant/embedded/gems/2.2.9/gems/vagrant-2.2.9/lib/vagrant/config/loader.rb:191:in `block (2 levels) in load'
	18: from /opt/vagrant/embedded/gems/2.2.9/gems/vagrant-2.2.9/lib/vagrant/config/v2/loader.rb:57:in `merge'
	17: from /opt/vagrant/embedded/gems/2.2.9/gems/vagrant-2.2.9/lib/vagrant/registry.rb:48:in `each'
	16: from /opt/vagrant/embedded/gems/2.2.9/gems/vagrant-2.2.9/lib/vagrant/registry.rb:48:in `each'
	15: from /opt/vagrant/embedded/gems/2.2.9/gems/vagrant-2.2.9/lib/vagrant/registry.rb:49:in `block in each'
	14: from /opt/vagrant/embedded/gems/2.2.9/gems/vagrant-2.2.9/lib/vagrant/config/v2/loader.rb:58:in `block in merge'
	13: from /opt/vagrant/embedded/gems/2.2.9/gems/vagrant-2.2.9/lib/vagrant/config/v2/loader.rb:58:in `public_send'
	12: from /opt/vagrant/embedded/gems/2.2.9/gems/vagrant-2.2.9/lib/vagrant/config/v2/root.rb:31:in `method_missing'
	11: from /opt/vagrant/embedded/gems/2.2.9/gems/vagrant-2.2.9/lib/vagrant/config/v2/root.rb:31:in `new'
	10: from /opt/vagrant/embedded/gems/2.2.9/gems/vagrant-2.2.9/plugins/kernel_v2/config/trigger.rb:12:in `initialize'
	 9: from /opt/vagrant/embedded/gems/2.2.9/gems/vagrant-2.2.9/plugins/kernel_v2/config/trigger.rb:12:in `new'
	 8: from /opt/vagrant/embedded/gems/2.2.9/gems/log4r-1.1.10/lib/log4r/logger.rb:38:in `initialize'
	 7: from /opt/vagrant/embedded/gems/2.2.9/gems/log4r-1.1.10/lib/log4r/logger.rb:101:in `trace='
	 6: from /opt/vagrant/embedded/gems/2.2.9/gems/log4r-1.1.10/lib/log4r/loggerfactory.rb:19:in `define_methods'
	 5: from /opt/vagrant/embedded/gems/2.2.9/gems/log4r-1.1.10/lib/log4r/loggerfactory.rb:35:in `toggle_methods'
	 4: from /opt/vagrant/embedded/gems/2.2.9/gems/log4r-1.1.10/lib/log4r/loggerfactory.rb:35:in `each'
	 3: from /opt/vagrant/embedded/gems/2.2.9/gems/log4r-1.1.10/lib/log4r/loggerfactory.rb:39:in `block in toggle_methods'
	 2: from /opt/vagrant/embedded/gems/2.2.9/gems/log4r-1.1.10/lib/log4r/loggerfactory.rb:76:in `set_log'
	 1: from /opt/vagrant/embedded/gems/2.2.9/gems/log4r-1.1.10/lib/log4r/loggerfactory.rb:76:in `module_eval'
(eval):2:in `set_log': Interrupt
^CTraceback (most recent call last):
	17: from /opt/vagrant/embedded/gems/2.2.9/gems/vagrant-2.2.9/bin/vagrant:168:in `<main>'
	16: from /opt/vagrant/embedded/gems/2.2.9/gems/vagrant-2.2.9/bin/vagrant:168:in `new'
	15: from /opt/vagrant/embedded/gems/2.2.9/gems/vagrant-2.2.9/lib/vagrant/environment.rb:178:in `initialize'
	14: from /opt/vagrant/embedded/gems/2.2.9/gems/vagrant-2.2.9/lib/vagrant/environment.rb:983:in `process_configured_plugins'
	13: from /opt/vagrant/embedded/gems/2.2.9/gems/vagrant-2.2.9/lib/vagrant/environment.rb:956:in `find_configured_plugins'
	12: from /opt/vagrant/embedded/gems/2.2.9/gems/vagrant-2.2.9/lib/vagrant/environment.rb:956:in `each'
	11: from /opt/vagrant/embedded/gems/2.2.9/gems/vagrant-2.2.9/lib/vagrant/environment.rb:958:in `block in find_configured_plugins'
	10: from /opt/vagrant/embedded/gems/2.2.9/gems/vagrant-2.2.9/lib/vagrant/vagrantfile.rb:237:in `machine_config'
	 9: from /opt/vagrant/embedded/gems/2.2.9/gems/vagrant-2.2.9/lib/vagrant/vagrantfile.rb:209:in `block in machine_config'
	 8: from /opt/vagrant/embedded/gems/2.2.9/gems/vagrant-2.2.9/lib/vagrant/config/loader.rb:97:in `load'
	 7: from /opt/vagrant/embedded/gems/2.2.9/gems/vagrant-2.2.9/lib/vagrant/config/v2/loader.rb:13:in `init'
	 6: from /opt/vagrant/embedded/gems/2.2.9/gems/vagrant-2.2.9/lib/vagrant/config/v2/loader.rb:143:in `new_root_object'
	 5: from /opt/vagrant/embedded/gems/2.2.9/gems/vagrant-2.2.9/lib/vagrant/plugin/v2/manager.rb:110:in `config'
	 4: from /opt/vagrant/embedded/gems/2.2.9/gems/vagrant-2.2.9/lib/vagrant/plugin/v2/manager.rb:110:in `tap'
	 3: from /opt/vagrant/embedded/gems/2.2.9/gems/vagrant-2.2.9/lib/vagrant/plugin/v2/manager.rb:111:in `block in config'
	 2: from /opt/vagrant/embedded/gems/2.2.9/gems/vagrant-2.2.9/lib/vagrant/plugin/v2/manager.rb:111:in `each'
	 1: from /opt/vagrant/embedded/gems/2.2.9/gems/vagrant-2.2.9/lib/vagrant/plugin/v2/manager.rb:112:in `block (2 levels) in config'
/opt/vagrant/embedded/gems/2.2.9/gems/vagrant-2.2.9/lib/vagrant/plugin/v2/plugin.rb:34:in `components': Interrupt
./compilar_box.sh: linha 108: erro de sintaxe: fim prematuro do arquivo
make: *** [Makefile:35: box] Erro 2
