 A compilação vai iniciar em 6 segundos... A compilação vai iniciar em 5 segundos... A compilação vai iniciar em 4 segundos... A compilação vai iniciar em 3 segundos... A compilação vai iniciar em 2 segundos... A compilação vai iniciar em 1 segundos... A compilação vai iniciar em 0 segundos...

Detalhes do desktop:

Nome do modelo: AMD FX(tm)-8350 Eight-Core
Arquitetura: x86_64
Número de CPU(s): 8    
Virtualização: AMD-V    
Modo(s) operacional da CPU: 32-bit, 64-bit

Bringing machine 'VPS_DEV' up with 'virtualbox' provider...
==> VPS_DEV: Checking if box 'neoricalex/nfdos' version '0.4.4' is up to date...
==> VPS_DEV: Running provisioner: shell...
    VPS_DEV: Running: /tmp/vagrant-shell20210317-744868-1h8tkh9.sh
    VPS_DEV: + sudo apt-get update
    VPS_DEV: Obter:1 http://security.ubuntu.com/ubuntu focal-security InRelease [109 kB]
    VPS_DEV: Atingido:2 http://archive.ubuntu.com/ubuntu focal InRelease
    VPS_DEV: Obter:3 http://archive.ubuntu.com/ubuntu focal-updates InRelease [114 kB]
    VPS_DEV: Obter:4 http://security.ubuntu.com/ubuntu focal-security/main amd64 Packages [547 kB]
    VPS_DEV: Obter:5 http://security.ubuntu.com/ubuntu focal-security/main i386 Packages [204 kB]
    VPS_DEV: Obter:6 http://security.ubuntu.com/ubuntu focal-security/main Translation-en [117 kB]
    VPS_DEV: Obter:7 http://archive.ubuntu.com/ubuntu focal-backports InRelease [101 kB]
    VPS_DEV: Obter:8 http://archive.ubuntu.com/ubuntu focal-updates/main i386 Packages [439 kB]
    VPS_DEV: Obter:9 http://archive.ubuntu.com/ubuntu focal-updates/main amd64 Packages [863 kB]
    VPS_DEV: Baixados 2.493 kB em 3s (782 kB/s)
    VPS_DEV: Lendo listas de pacotes...
    VPS_DEV: ++ uname -r
    VPS_DEV: + sudo apt-get install linux-generic linux-headers-5.4.0-67-generic ubuntu-minimal -y
    VPS_DEV: Lendo listas de pacotes...
    VPS_DEV: Construindo árvore de dependências...
    VPS_DEV: 
    VPS_DEV: Lendo informação de estado...
    VPS_DEV: linux-generic is already the newest version (5.4.0.67.70).
    VPS_DEV: linux-headers-5.4.0-67-generic is already the newest version (5.4.0-67.75).
    VPS_DEV: linux-headers-5.4.0-67-generic configurado para instalar manualmente.
    VPS_DEV: ubuntu-minimal is already the newest version (1.450.2).
    VPS_DEV: 0 pacotes atualizados, 0 pacotes novos instalados, 0 a serem removidos e 24 não atualizados.
    VPS_DEV: + sudo apt-get install -y build-essential checkinstall libreadline-gplv2-dev libncursesw5-dev libssl-dev libsqlite3-dev tk-dev libgdbm-dev libc6-dev libbz2-dev libffi-dev python3-pip unzip lsb-release software-properties-common curl wget git rsync python-dev python3-venv xrdp libterm-readline-gnu-perl dkms
    VPS_DEV: Lendo listas de pacotes...
    VPS_DEV: Construindo árvore de dependências...
    VPS_DEV: 
    VPS_DEV: Lendo informação de estado...
    VPS_DEV: lsb-release is already the newest version (11.1.0ubuntu2).
    VPS_DEV: lsb-release configurado para instalar manualmente.
    VPS_DEV: unzip is already the newest version (6.0-25ubuntu1).
    VPS_DEV: unzip configurado para instalar manualmente.
    VPS_DEV: wget is already the newest version (1.20.3-1ubuntu1).
    VPS_DEV: libterm-readline-gnu-perl is already the newest version (1.36-2build1).
    VPS_DEV: build-essential is already the newest version (12.8ubuntu1.1).
    VPS_DEV: curl is already the newest version (7.68.0-1ubuntu2.4).
    VPS_DEV: git is already the newest version (1:2.25.1-1ubuntu3.1).
    VPS_DEV: libc6-dev is already the newest version (2.31-0ubuntu9.2).
    VPS_DEV: libc6-dev configurado para instalar manualmente.
    VPS_DEV: The following additional packages will be installed:
    VPS_DEV:   bzip2-doc dctrl-tools libexpat1-dev libfontconfig1-dev libfreetype-dev
    VPS_DEV:   libfreetype6-dev libglu1-mesa libice-dev libncurses-dev libpng-dev
    VPS_DEV:   libpng-tools libpthread-stubs0-dev libpython2-dev libpython2-stdlib
    VPS_DEV:   libpython2.7 libpython2.7-dev libpython2.7-minimal libpython2.7-stdlib
    VPS_DEV:   libpython3-dev libpython3.8-dev libsm-dev libtcl8.6 libtk8.6 libuuid1
    VPS_DEV:   libx11-dev libxau-dev libxcb1-dev libxdmcp-dev libxext-dev libxft-dev
    VPS_DEV:   libxrender-dev libxss-dev libxt-dev libxxf86dga1 pkg-config
    VPS_DEV:   python-is-python2 python-pip-whl python2 python2-dev python2-minimal
    VPS_DEV:   python2.7 python2.7-dev python2.7-minimal python3-dev python3-distro-info
    VPS_DEV:   python3-distutils python3-lib2to3 python3-setuptools
    VPS_DEV:   python3-software-properties python3-wheel python3.8-dev python3.8-venv tcl
    VPS_DEV:   tcl-dev tcl8.6 tcl8.6-dev tk tk8.6 tk8.6-dev unattended-upgrades uuid-dev
    VPS_DEV:   x11-apps x11-session-utils x11-utils x11proto-core-dev x11proto-dev
    VPS_DEV:   x11proto-scrnsaver-dev x11proto-xext-dev xbitmaps xfonts-scalable xinit
    VPS_DEV:   xinput xorg xorg-docs-core xorg-sgml-doctools xorgxrdp xterm xtrans-dev
    VPS_DEV:   zlib1g zlib1g-dev
    VPS_DEV: Pacotes sugeridos:
    VPS_DEV:   gettext debtags menu freetype2-doc libice-doc ncurses-doc libsm-doc
    VPS_DEV:   sqlite3-doc libssl-doc libx11-doc libxcb-doc libxext-doc libxt-doc
    VPS_DEV:   python2-doc python-tk python2.7-doc binfmt-support python-setuptools-doc
    VPS_DEV:   tcl-doc tcl-tclreadline tcl8.6-doc tk-doc tk8.6-doc bsd-mailx default-mta
    VPS_DEV:   | mail-transport-agent needrestart powermgmt-base mesa-utils xorg-docs
    VPS_DEV:   xfonts-100dpi xfonts-75dpi x11-xfs-utils guacamole xrdp-pulseaudio-installer
    VPS_DEV:   xfonts-cyrillic
    VPS_DEV: Os NOVOS pacotes a seguir serão instalados:
    VPS_DEV:   bzip2-doc checkinstall dctrl-tools dkms libbz2-dev libexpat1-dev libffi-dev
    VPS_DEV:   libfontconfig1-dev libfreetype-dev libfreetype6-dev libgdbm-dev libglu1-mesa
    VPS_DEV:   libice-dev libncurses-dev libncursesw5-dev libpng-dev libpng-tools
    VPS_DEV:   libpthread-stubs0-dev libpython2-dev libpython2-stdlib libpython2.7
    VPS_DEV:   libpython2.7-dev libpython2.7-minimal libpython2.7-stdlib libpython3-dev
    VPS_DEV:   libpython3.8-dev libreadline-gplv2-dev libsm-dev libsqlite3-dev libssl-dev
    VPS_DEV:   libtcl8.6 libtk8.6 libx11-dev libxau-dev libxcb1-dev libxdmcp-dev
    VPS_DEV:   libxext-dev libxft-dev libxrender-dev libxss-dev libxt-dev libxxf86dga1
    VPS_DEV:   pkg-config python-dev-is-python2 python-is-python2 python-pip-whl python2
    VPS_DEV:   python2-dev python2-minimal python2.7 python2.7-dev python2.7-minimal
    VPS_DEV:   python3-dev python3-distro-info python3-distutils python3-lib2to3
    VPS_DEV:   python3-pip python3-setuptools python3-software-properties python3-venv
    VPS_DEV:   python3-wheel python3.8-dev python3.8-venv rsync software-properties-common
    VPS_DEV:   tcl tcl-dev tcl8.6 tcl8.6-dev tk tk-dev tk8.6 tk8.6-dev unattended-upgrades
    VPS_DEV:   uuid-dev x11-apps x11-session-utils x11-utils x11proto-core-dev x11proto-dev
    VPS_DEV:   x11proto-scrnsaver-dev x11proto-xext-dev xbitmaps xfonts-scalable xinit
    VPS_DEV:   xinput xorg xorg-docs-core xorg-sgml-doctools xorgxrdp xrdp xterm xtrans-dev
    VPS_DEV:   zlib1g-dev
    VPS_DEV: Os pacotes a seguir serão atualizados:
    VPS_DEV:   libuuid1 zlib1g
    VPS_DEV: 2 pacotes atualizados, 94 pacotes novos instalados, 0 a serem removidos e 22 não atualizados.
    VPS_DEV: É preciso baixar 28,7 MB/28,8 MB de arquivos.
    VPS_DEV: Depois desta operação, 119 MB adicionais de espaço em disco serão usados.
    VPS_DEV: Obter:1 http://archive.ubuntu.com/ubuntu focal/main amd64 rsync amd64 3.1.3-8 [322 kB]
    VPS_DEV: Obter:2 http://archive.ubuntu.com/ubuntu focal/main amd64 dctrl-tools amd64 2.24-3 [61,5 kB]
    VPS_DEV: Obter:3 http://archive.ubuntu.com/ubuntu focal-updates/main amd64 dkms all 2.8.1-5ubuntu2 [66,8 kB]
    VPS_DEV: Obter:4 http://archive.ubuntu.com/ubuntu focal-updates/universe amd64 libpython2.7-minimal amd64 2.7.18-1~20.04.1 [335 kB]
    VPS_DEV: Obter:5 http://archive.ubuntu.com/ubuntu focal-updates/universe amd64 python2.7-minimal amd64 2.7.18-1~20.04.1 [1.285 kB]
    VPS_DEV: Obter:6 http://archive.ubuntu.com/ubuntu focal/universe amd64 python2-minimal amd64 2.7.17-2ubuntu4 [27,5 kB]
    VPS_DEV: Obter:7 http://archive.ubuntu.com/ubuntu focal-updates/universe amd64 libpython2.7-stdlib amd64 2.7.18-1~20.04.1 [1.887 kB]
    VPS_DEV: Obter:8 http://archive.ubuntu.com/ubuntu focal-updates/universe amd64 python2.7 amd64 2.7.18-1~20.04.1 [248 kB]
    VPS_DEV: Obter:9 http://archive.ubuntu.com/ubuntu focal/universe amd64 libpython2-stdlib amd64 2.7.17-2ubuntu4 [7.072 B]
    VPS_DEV: Obter:10 http://archive.ubuntu.com/ubuntu focal/universe amd64 python2 amd64 2.7.17-2ubuntu4 [26,5 kB]
    VPS_DEV: Obter:11 http://archive.ubuntu.com/ubuntu focal/universe amd64 xrdp amd64 0.9.12-1 [428 kB]
    VPS_DEV: Obter:12 http://archive.ubuntu.com/ubuntu focal/main amd64 python3-distro-info all 0.23ubuntu1 [5.924 B]
    VPS_DEV: Obter:13 http://archive.ubuntu.com/ubuntu focal/main amd64 bzip2-doc all 1.0.8-2 [501 kB]
    VPS_DEV: Obter:14 http://archive.ubuntu.com/ubuntu focal/universe amd64 checkinstall amd64 1.6.2+git20170426.d24a630-2ubuntu1 [99,3 kB]
    VPS_DEV: Obter:15 http://archive.ubuntu.com/ubuntu focal/main amd64 libbz2-dev amd64 1.0.8-2 [30,2 kB]
    VPS_DEV: Obter:16 http://archive.ubuntu.com/ubuntu focal/main amd64 libexpat1-dev amd64 2.2.9-1build1 [116 kB]
    VPS_DEV: Obter:17 http://archive.ubuntu.com/ubuntu focal-updates/main amd64 zlib1g-dev amd64 1:1.2.11.dfsg-2ubuntu1.2 [155 kB]
    VPS_DEV: Obter:18 http://archive.ubuntu.com/ubuntu focal/main amd64 libpng-dev amd64 1.6.37-2 [175 kB]
    VPS_DEV: Obter:19 http://archive.ubuntu.com/ubuntu focal-updates/main amd64 libfreetype-dev amd64 2.10.1-2ubuntu0.1 [493 kB]
    VPS_DEV: Obter:20 http://archive.ubuntu.com/ubuntu focal-updates/main amd64 libfreetype6-dev amd64 2.10.1-2ubuntu0.1 [9.812 B]
    VPS_DEV: Obter:21 http://archive.ubuntu.com/ubuntu focal-updates/main amd64 uuid-dev amd64 2.34-0.1ubuntu9.1 [33,6 kB]
    VPS_DEV: Obter:22 http://archive.ubuntu.com/ubuntu focal/main amd64 pkg-config amd64 0.29.1-0ubuntu4 [45,5 kB]
    VPS_DEV: Obter:23 http://archive.ubuntu.com/ubuntu focal/main amd64 libfontconfig1-dev amd64 2.13.1-2ubuntu3 [731 kB]
    VPS_DEV: Obter:24 http://archive.ubuntu.com/ubuntu focal/main amd64 libgdbm-dev amd64 1.18.1-5 [83,4 kB]
    VPS_DEV: Obter:25 http://archive.ubuntu.com/ubuntu focal/main amd64 xorg-sgml-doctools all 1:1.11-1 [12,9 kB]
    VPS_DEV: Obter:26 http://archive.ubuntu.com/ubuntu focal/main amd64 x11proto-dev all 2019.2-1ubuntu1 [594 kB]
    VPS_DEV: Obter:27 http://archive.ubuntu.com/ubuntu focal/main amd64 x11proto-core-dev all 2019.2-1ubuntu1 [2.620 B]
    VPS_DEV: Obter:28 http://archive.ubuntu.com/ubuntu focal/main amd64 libice-dev amd64 2:1.0.10-0ubuntu1 [47,8 kB]
    VPS_DEV: Obter:29 http://archive.ubuntu.com/ubuntu focal/main amd64 libncurses-dev amd64 6.2-0ubuntu2 [339 kB]
    VPS_DEV: Obter:30 http://archive.ubuntu.com/ubuntu focal/main amd64 libncursesw5-dev amd64 6.2-0ubuntu2 [980 B]
    VPS_DEV: Obter:31 http://archive.ubuntu.com/ubuntu focal/main amd64 libpng-tools amd64 1.6.37-2 [26,1 kB]
    VPS_DEV: Obter:32 http://archive.ubuntu.com/ubuntu focal/main amd64 libpthread-stubs0-dev amd64 0.4-1 [5.384 B]
    VPS_DEV: Obter:33 http://archive.ubuntu.com/ubuntu focal-updates/universe amd64 libpython2.7 amd64 2.7.18-1~20.04.1 [1.038 kB]
    VPS_DEV: Obter:34 http://archive.ubuntu.com/ubuntu focal-updates/universe amd64 libpython2.7-dev amd64 2.7.18-1~20.04.1 [2.475 kB]
    VPS_DEV: Obter:35 http://archive.ubuntu.com/ubuntu focal/universe amd64 libpython2-dev amd64 2.7.17-2ubuntu4 [7.140 B]
    VPS_DEV: Obter:36 http://archive.ubuntu.com/ubuntu focal-updates/main amd64 libpython3.8-dev amd64 3.8.5-1~20.04.2 [3.942 kB]
    VPS_DEV: Obter:37 http://archive.ubuntu.com/ubuntu focal/main amd64 libpython3-dev amd64 3.8.2-0ubuntu2 [7.236 B]
    VPS_DEV: Obter:38 http://archive.ubuntu.com/ubuntu focal/main amd64 libsm-dev amd64 2:1.2.3-1 [17,0 kB]
    VPS_DEV: Obter:39 http://archive.ubuntu.com/ubuntu focal-updates/main amd64 libsqlite3-dev amd64 3.31.1-4ubuntu0.2 [696 kB]
    VPS_DEV: Obter:40 http://archive.ubuntu.com/ubuntu focal-updates/main amd64 libssl-dev amd64 1.1.1f-1ubuntu2.2 [1.582 kB]
    VPS_DEV: Obter:41 http://archive.ubuntu.com/ubuntu focal/main amd64 libtcl8.6 amd64 8.6.10+dfsg-1 [902 kB]
    VPS_DEV: Obter:42 http://archive.ubuntu.com/ubuntu focal/main amd64 libtk8.6 amd64 8.6.10-1 [714 kB]
    VPS_DEV: Obter:43 http://archive.ubuntu.com/ubuntu focal/main amd64 libxau-dev amd64 1:1.0.9-0ubuntu1 [9.552 B]
    VPS_DEV: Obter:44 http://archive.ubuntu.com/ubuntu focal/main amd64 libxdmcp-dev amd64 1:1.1.3-0ubuntu1 [25,3 kB]
    VPS_DEV: Obter:45 http://archive.ubuntu.com/ubuntu focal/main amd64 xtrans-dev all 1.4.0-1 [68,9 kB]
    VPS_DEV: Obter:46 http://archive.ubuntu.com/ubuntu focal/main amd64 libxcb1-dev amd64 1.14-2 [80,5 kB]
    VPS_DEV: Obter:47 http://archive.ubuntu.com/ubuntu focal-updates/main amd64 libx11-dev amd64 2:1.6.9-2ubuntu1.1 [649 kB]
    VPS_DEV: Obter:48 http://archive.ubuntu.com/ubuntu focal/main amd64 x11proto-xext-dev all 2019.2-1ubuntu1 [2.616 B]
    VPS_DEV: Obter:49 http://archive.ubuntu.com/ubuntu focal/main amd64 libxext-dev amd64 2:1.3.4-0ubuntu1 [82,2 kB]
    VPS_DEV: Obter:50 http://archive.ubuntu.com/ubuntu focal/main amd64 libxrender-dev amd64 1:0.9.10-1 [24,9 kB]
    VPS_DEV: Obter:51 http://archive.ubuntu.com/ubuntu focal/main amd64 libxft-dev amd64 2.3.3-0ubuntu1 [49,1 kB]
    VPS_DEV: Obter:52 http://archive.ubuntu.com/ubuntu focal/main amd64 x11proto-scrnsaver-dev all 2019.2-1ubuntu1 [2.624 B]
    VPS_DEV: Obter:53 http://archive.ubuntu.com/ubuntu focal/main amd64 libxss-dev amd64 1:1.2.3-1 [11,9 kB]
    VPS_DEV: Obter:54 http://archive.ubuntu.com/ubuntu focal/main amd64 libxt-dev amd64 1:1.1.5-1 [395 kB]
    VPS_DEV: Obter:55 http://archive.ubuntu.com/ubuntu focal/main amd64 libxxf86dga1 amd64 2:1.1.5-0ubuntu1 [12,0 kB]
    VPS_DEV: Obter:56 http://archive.ubuntu.com/ubuntu focal/universe amd64 python-is-python2 all 2.7.17-4 [2.496 B]
    VPS_DEV: Obter:57 http://archive.ubuntu.com/ubuntu focal-updates/universe amd64 python2.7-dev amd64 2.7.18-1~20.04.1 [287 kB]
    VPS_DEV: Obter:58 http://archive.ubuntu.com/ubuntu focal/universe amd64 python2-dev amd64 2.7.17-2ubuntu4 [1.268 B]
    VPS_DEV: Obter:59 http://archive.ubuntu.com/ubuntu focal/universe amd64 python-dev-is-python2 all 2.7.17-4 [1.396 B]
    VPS_DEV: Obter:60 http://archive.ubuntu.com/ubuntu focal-updates/universe amd64 python-pip-whl all 20.0.2-5ubuntu1.1 [1.799 kB]
    VPS_DEV: Obter:61 http://archive.ubuntu.com/ubuntu focal-updates/main amd64 python3.8-dev amd64 3.8.5-1~20.04.2 [515 kB]
    VPS_DEV: Obter:62 http://archive.ubuntu.com/ubuntu focal-updates/main amd64 python3-lib2to3 all 3.8.5-1~20.04.1 [75,6 kB]
    VPS_DEV: Obter:63 http://archive.ubuntu.com/ubuntu focal-updates/main amd64 python3-distutils all 3.8.5-1~20.04.1 [141 kB]
    VPS_DEV: Obter:64 http://archive.ubuntu.com/ubuntu focal/main amd64 python3-dev amd64 3.8.2-0ubuntu2 [1.212 B]
    VPS_DEV: Obter:65 http://archive.ubuntu.com/ubuntu focal/main amd64 python3-setuptools all 45.2.0-1 [330 kB]
    VPS_DEV: Obter:66 http://archive.ubuntu.com/ubuntu focal/universe amd64 python3-wheel all 0.34.2-1 [23,8 kB]
    VPS_DEV: Obter:67 http://archive.ubuntu.com/ubuntu focal-updates/universe amd64 python3-pip all 20.0.2-5ubuntu1.1 [230 kB]
    VPS_DEV: Obter:68 http://archive.ubuntu.com/ubuntu focal-updates/main amd64 python3-software-properties all 0.98.9.4 [25,1 kB]
    VPS_DEV: Obter:69 http://archive.ubuntu.com/ubuntu focal-updates/universe amd64 python3.8-venv amd64 3.8.5-1~20.04.2 [5.444 B]
    VPS_DEV: Obter:70 http://archive.ubuntu.com/ubuntu focal/universe amd64 python3-venv amd64 3.8.2-0ubuntu2 [1.228 B]
    VPS_DEV: Obter:71 http://archive.ubuntu.com/ubuntu focal-updates/main amd64 software-properties-common all 0.98.9.4 [10,6 kB]
    VPS_DEV: Obter:72 http://archive.ubuntu.com/ubuntu focal/main amd64 tcl8.6 amd64 8.6.10+dfsg-1 [14,8 kB]
    VPS_DEV: Obter:73 http://archive.ubuntu.com/ubuntu focal/universe amd64 tcl amd64 8.6.9+1 [5.112 B]
    VPS_DEV: Obter:74 http://archive.ubuntu.com/ubuntu focal/main amd64 tcl8.6-dev amd64 8.6.10+dfsg-1 [905 kB]
    VPS_DEV: Obter:75 http://archive.ubuntu.com/ubuntu focal/universe amd64 tcl-dev amd64 8.6.9+1 [5.760 B]
    VPS_DEV: Obter:76 http://archive.ubuntu.com/ubuntu focal/main amd64 tk8.6 amd64 8.6.10-1 [12,5 kB]
    VPS_DEV: Obter:77 http://archive.ubuntu.com/ubuntu focal/universe amd64 tk amd64 8.6.9+1 [3.240 B]
    VPS_DEV: Obter:78 http://archive.ubuntu.com/ubuntu focal/main amd64 tk8.6-dev amd64 8.6.10-1 [711 kB]
    VPS_DEV: Obter:79 http://archive.ubuntu.com/ubuntu focal/universe amd64 tk-dev amd64 8.6.9+1 [3.076 B]
    VPS_DEV: Obter:80 http://archive.ubuntu.com/ubuntu focal-updates/main amd64 unattended-upgrades all 2.3ubuntu0.1 [48,7 kB]
    VPS_DEV: Obter:81 http://archive.ubuntu.com/ubuntu focal/main amd64 x11-apps amd64 7.7+8 [657 kB]
    VPS_DEV: Obter:82 http://archive.ubuntu.com/ubuntu focal/main amd64 x11-session-utils amd64 7.7+4 [69,3 kB]
    VPS_DEV: Obter:83 http://archive.ubuntu.com/ubuntu focal/main amd64 x11-utils amd64 7.7+5 [199 kB]
    VPS_DEV: Obter:84 http://archive.ubuntu.com/ubuntu focal/main amd64 xbitmaps all 1.1.1-2 [28,1 kB]
    VPS_DEV: Obter:85 http://archive.ubuntu.com/ubuntu focal/main amd64 xfonts-scalable all 1:1.0.3-1.1 [304 kB]
    VPS_DEV: Obter:86 http://archive.ubuntu.com/ubuntu focal/main amd64 xinit amd64 1.4.1-0ubuntu2 [17,9 kB]
    VPS_DEV: Obter:87 http://archive.ubuntu.com/ubuntu focal/main amd64 xinput amd64 1.6.3-1 [27,8 kB]
    VPS_DEV: Obter:88 http://archive.ubuntu.com/ubuntu focal/main amd64 libglu1-mesa amd64 9.0.1-1build1 [168 kB]
    VPS_DEV: Obter:89 http://archive.ubuntu.com/ubuntu focal/main amd64 xorg-docs-core all 1:1.7.1-1.1 [41,8 kB]
    VPS_DEV: Obter:90 http://archive.ubuntu.com/ubuntu focal-updates/universe amd64 xterm amd64 353-1ubuntu1.20.04.2 [765 kB]
    VPS_DEV: Obter:91 http://archive.ubuntu.com/ubuntu focal/main amd64 xorg amd64 1:7.7+19ubuntu14 [3.072 B]
    VPS_DEV: Obter:92 http://archive.ubuntu.com/ubuntu focal/universe amd64 xorgxrdp amd64 1:0.2.12-1 [59,9 kB]
    VPS_DEV: Obter:93 http://archive.ubuntu.com/ubuntu focal/main amd64 libffi-dev amd64 3.3-4 [57,0 kB]
    VPS_DEV: Obter:94 http://archive.ubuntu.com/ubuntu focal/main amd64 libreadline-gplv2-dev amd64 5.2+dfsg-3build3 [125 kB]
    VPS_DEV: dpkg-preconfigure: incapaz de reabrir o stdin: No such file or directory
    VPS_DEV: Baixados 28,7 MB em 11s (2.583 kB/s)
    VPS_DEV: A seleccionar pacote anteriormente não seleccionado rsync.
    VPS_DEV: (Lendo banco de dados ... 
    VPS_DEV: (Lendo banco de dados ... 5%(Lendo banco de dados ... 10%(Lendo banco de dados ... 15%(Lendo banco de dados ... 20%(Lendo banco de dados ... 25%(Lendo banco de dados ... 30%(Lendo banco de dados ... 35%(Lendo banco de dados ... 40%(Lendo banco de dados ... 45%(Lendo banco de dados ... 50%
    VPS_DEV: (Lendo banco de dados ... 55%
    VPS_DEV: (Lendo banco de dados ... 60%
    VPS_DEV: (Lendo banco de dados ... 65%
    VPS_DEV: (Lendo banco de dados ... 70%
    VPS_DEV: (Lendo banco de dados ... 75%
    VPS_DEV: (Lendo banco de dados ... 80%
    VPS_DEV: (Lendo banco de dados ... 85%
    VPS_DEV: (Lendo banco de dados ... 90%
    VPS_DEV: (Lendo banco de dados ... 95%
    VPS_DEV: (Lendo banco de dados ... 100%(Lendo banco de dados ... 110716 ficheiros e directórios actualmente instalados.)
    VPS_DEV: A preparar para desempacotar .../0-rsync_3.1.3-8_amd64.deb ...
    VPS_DEV: A descompactar rsync (3.1.3-8) ...
    VPS_DEV: A seleccionar pacote anteriormente não seleccionado dctrl-tools.
    VPS_DEV: A preparar para desempacotar .../1-dctrl-tools_2.24-3_amd64.deb ...
    VPS_DEV: A descompactar dctrl-tools (2.24-3) ...
    VPS_DEV: A seleccionar pacote anteriormente não seleccionado dkms.
    VPS_DEV: A preparar para desempacotar .../2-dkms_2.8.1-5ubuntu2_all.deb ...
    VPS_DEV: A descompactar dkms (2.8.1-5ubuntu2) ...
    VPS_DEV: A seleccionar pacote anteriormente não seleccionado libpython2.7-minimal:amd64.
    VPS_DEV: A preparar para desempacotar .../3-libpython2.7-minimal_2.7.18-1~20.04.1_amd64.deb ...
    VPS_DEV: A descompactar libpython2.7-minimal:amd64 (2.7.18-1~20.04.1) ...
    VPS_DEV: A seleccionar pacote anteriormente não seleccionado python2.7-minimal.
    VPS_DEV: A preparar para desempacotar .../4-python2.7-minimal_2.7.18-1~20.04.1_amd64.deb ...
    VPS_DEV: A descompactar python2.7-minimal (2.7.18-1~20.04.1) ...
    VPS_DEV: A seleccionar pacote anteriormente não seleccionado python2-minimal.
    VPS_DEV: A preparar para desempacotar .../5-python2-minimal_2.7.17-2ubuntu4_amd64.deb ...
    VPS_DEV: A descompactar python2-minimal (2.7.17-2ubuntu4) ...
    VPS_DEV: A seleccionar pacote anteriormente não seleccionado libpython2.7-stdlib:amd64.
    VPS_DEV: A preparar para desempacotar .../6-libpython2.7-stdlib_2.7.18-1~20.04.1_amd64.deb ...
    VPS_DEV: A descompactar libpython2.7-stdlib:amd64 (2.7.18-1~20.04.1) ...
    VPS_DEV: A seleccionar pacote anteriormente não seleccionado python2.7.
    VPS_DEV: A preparar para desempacotar .../7-python2.7_2.7.18-1~20.04.1_amd64.deb ...
    VPS_DEV: A descompactar python2.7 (2.7.18-1~20.04.1) ...
    VPS_DEV: A seleccionar pacote anteriormente não seleccionado libpython2-stdlib:amd64.
    VPS_DEV: A preparar para desempacotar .../8-libpython2-stdlib_2.7.17-2ubuntu4_amd64.deb ...
    VPS_DEV: A descompactar libpython2-stdlib:amd64 (2.7.17-2ubuntu4) ...
    VPS_DEV: Configurando libpython2.7-minimal:amd64 (2.7.18-1~20.04.1) ...
    VPS_DEV: Configurando python2.7-minimal (2.7.18-1~20.04.1) ...
    VPS_DEV: Linking and byte-compiling packages for runtime python2.7...
    VPS_DEV: Configurando python2-minimal (2.7.17-2ubuntu4) ...
    VPS_DEV: A seleccionar pacote anteriormente não seleccionado python2.
    VPS_DEV: (Lendo banco de dados ... 
    VPS_DEV: (Lendo banco de dados ... 5%(Lendo banco de dados ... 10%(Lendo banco de dados ... 15%(Lendo banco de dados ... 20%(Lendo banco de dados ... 25%(Lendo banco de dados ... 30%(Lendo banco de dados ... 35%(Lendo banco de dados ... 40%(Lendo banco de dados ... 45%(Lendo banco de dados ... 50%
    VPS_DEV: (Lendo banco de dados ... 55%
    VPS_DEV: (Lendo banco de dados ... 60%
    VPS_DEV: (Lendo banco de dados ... 65%
    VPS_DEV: (Lendo banco de dados ... 70%
    VPS_DEV: (Lendo banco de dados ... 75%
    VPS_DEV: (Lendo banco de dados ... 80%
    VPS_DEV: (Lendo banco de dados ... 85%
    VPS_DEV: (Lendo banco de dados ... 90%
    VPS_DEV: (Lendo banco de dados ... 95%
    VPS_DEV: (Lendo banco de dados ... 100%(Lendo banco de dados ... 111574 ficheiros e directórios actualmente instalados.)
    VPS_DEV: A preparar para desempacotar .../python2_2.7.17-2ubuntu4_amd64.deb ...
    VPS_DEV: A descompactar python2 (2.7.17-2ubuntu4) ...
    VPS_DEV: A seleccionar pacote anteriormente não seleccionado xrdp.
    VPS_DEV: A preparar para desempacotar .../xrdp_0.9.12-1_amd64.deb ...
    VPS_DEV: A descompactar xrdp (0.9.12-1) ...
    VPS_DEV: A preparar para desempacotar .../libuuid1_2.34-0.1ubuntu9.1_amd64.deb ...
    VPS_DEV: A descompactar libuuid1:amd64 (2.34-0.1ubuntu9.1) sobre (2.34-0.1ubuntu9) ...
    VPS_DEV: Configurando libuuid1:amd64 (2.34-0.1ubuntu9.1) ...
    VPS_DEV: (Lendo banco de dados ... 
    VPS_DEV: (Lendo banco de dados ... 5%(Lendo banco de dados ... 10%(Lendo banco de dados ... 15%(Lendo banco de dados ... 20%(Lendo banco de dados ... 25%(Lendo banco de dados ... 30%
    VPS_DEV: (Lendo banco de dados ... 35%
    VPS_DEV: (Lendo banco de dados ... 40%(Lendo banco de dados ... 45%(Lendo banco de dados ... 50%
    VPS_DEV: (Lendo banco de dados ... 55%
    VPS_DEV: (Lendo banco de dados ... 60%
    VPS_DEV: (Lendo banco de dados ... 65%
    VPS_DEV: (Lendo banco de dados ... 70%
    VPS_DEV: (Lendo banco de dados ... 75%
    VPS_DEV: (Lendo banco de dados ... 80%
    VPS_DEV: (Lendo banco de dados ... 85%
    VPS_DEV: (Lendo banco de dados ... 90%
    VPS_DEV: (Lendo banco de dados ... 95%
    VPS_DEV: (Lendo banco de dados ... 100%(Lendo banco de dados ... 111709 ficheiros e directórios actualmente instalados.)
    VPS_DEV: A preparar para desempacotar .../zlib1g_1%3a1.2.11.dfsg-2ubuntu1.2_amd64.deb ...
    VPS_DEV: A descompactar zlib1g:amd64 (1:1.2.11.dfsg-2ubuntu1.2) sobre (1:1.2.11.dfsg-2ubuntu1) ...
    VPS_DEV: Configurando zlib1g:amd64 (1:1.2.11.dfsg-2ubuntu1.2) ...
    VPS_DEV: A seleccionar pacote anteriormente não seleccionado python3-distro-info.
    VPS_DEV: (Lendo banco de dados ... 
    VPS_DEV: (Lendo banco de dados ... 5%(Lendo banco de dados ... 10%(Lendo banco de dados ... 15%(Lendo banco de dados ... 20%(Lendo banco de dados ... 25%(Lendo banco de dados ... 30%(Lendo banco de dados ... 35%(Lendo banco de dados ... 40%
    VPS_DEV: (Lendo banco de dados ... 45%(Lendo banco de dados ... 50%
    VPS_DEV: (Lendo banco de dados ... 55%
    VPS_DEV: (Lendo banco de dados ... 60%
    VPS_DEV: (Lendo banco de dados ... 65%
    VPS_DEV: (Lendo banco de dados ... 70%
    VPS_DEV: (Lendo banco de dados ... 75%
    VPS_DEV: (Lendo banco de dados ... 80%
    VPS_DEV: (Lendo banco de dados ... 85%
    VPS_DEV: (Lendo banco de dados ... 90%
    VPS_DEV: (Lendo banco de dados ... 95%
    VPS_DEV: (Lendo banco de dados ... 100%(Lendo banco de dados ... 111709 ficheiros e directórios actualmente instalados.)
    VPS_DEV: A preparar para desempacotar .../00-python3-distro-info_0.23ubuntu1_all.deb ...
    VPS_DEV: A descompactar python3-distro-info (0.23ubuntu1) ...
    VPS_DEV: A seleccionar pacote anteriormente não seleccionado bzip2-doc.
    VPS_DEV: A preparar para desempacotar .../01-bzip2-doc_1.0.8-2_all.deb ...
    VPS_DEV: A descompactar bzip2-doc (1.0.8-2) ...
    VPS_DEV: A seleccionar pacote anteriormente não seleccionado checkinstall.
    VPS_DEV: A preparar para desempacotar .../02-checkinstall_1.6.2+git20170426.d24a630-2ubuntu1_amd64.deb ...
    VPS_DEV: A descompactar checkinstall (1.6.2+git20170426.d24a630-2ubuntu1) ...
    VPS_DEV: A seleccionar pacote anteriormente não seleccionado libbz2-dev:amd64.
    VPS_DEV: A preparar para desempacotar .../03-libbz2-dev_1.0.8-2_amd64.deb ...
    VPS_DEV: A descompactar libbz2-dev:amd64 (1.0.8-2) ...
    VPS_DEV: A seleccionar pacote anteriormente não seleccionado libexpat1-dev:amd64.
    VPS_DEV: A preparar para desempacotar .../04-libexpat1-dev_2.2.9-1build1_amd64.deb ...
    VPS_DEV: A descompactar libexpat1-dev:amd64 (2.2.9-1build1) ...
    VPS_DEV: A seleccionar pacote anteriormente não seleccionado zlib1g-dev:amd64.
    VPS_DEV: A preparar para desempacotar .../05-zlib1g-dev_1%3a1.2.11.dfsg-2ubuntu1.2_amd64.deb ...
    VPS_DEV: A descompactar zlib1g-dev:amd64 (1:1.2.11.dfsg-2ubuntu1.2) ...
    VPS_DEV: A seleccionar pacote anteriormente não seleccionado libpng-dev:amd64.
    VPS_DEV: A preparar para desempacotar .../06-libpng-dev_1.6.37-2_amd64.deb ...
    VPS_DEV: A descompactar libpng-dev:amd64 (1.6.37-2) ...
    VPS_DEV: A seleccionar pacote anteriormente não seleccionado libfreetype-dev:amd64.
    VPS_DEV: A preparar para desempacotar .../07-libfreetype-dev_2.10.1-2ubuntu0.1_amd64.deb ...
    VPS_DEV: A descompactar libfreetype-dev:amd64 (2.10.1-2ubuntu0.1) ...
    VPS_DEV: A seleccionar pacote anteriormente não seleccionado libfreetype6-dev:amd64.
    VPS_DEV: A preparar para desempacotar .../08-libfreetype6-dev_2.10.1-2ubuntu0.1_amd64.deb ...
    VPS_DEV: A descompactar libfreetype6-dev:amd64 (2.10.1-2ubuntu0.1) ...
    VPS_DEV: A seleccionar pacote anteriormente não seleccionado uuid-dev:amd64.
    VPS_DEV: A preparar para desempacotar .../09-uuid-dev_2.34-0.1ubuntu9.1_amd64.deb ...
    VPS_DEV: A descompactar uuid-dev:amd64 (2.34-0.1ubuntu9.1) ...
    VPS_DEV: A seleccionar pacote anteriormente não seleccionado pkg-config.
    VPS_DEV: A preparar para desempacotar .../10-pkg-config_0.29.1-0ubuntu4_amd64.deb ...
    VPS_DEV: A descompactar pkg-config (0.29.1-0ubuntu4) ...
    VPS_DEV: A seleccionar pacote anteriormente não seleccionado libfontconfig1-dev:amd64.
    VPS_DEV: A preparar para desempacotar .../11-libfontconfig1-dev_2.13.1-2ubuntu3_amd64.deb ...
    VPS_DEV: A descompactar libfontconfig1-dev:amd64 (2.13.1-2ubuntu3) ...
    VPS_DEV: A seleccionar pacote anteriormente não seleccionado libgdbm-dev:amd64.
    VPS_DEV: A preparar para desempacotar .../12-libgdbm-dev_1.18.1-5_amd64.deb ...
    VPS_DEV: A descompactar libgdbm-dev:amd64 (1.18.1-5) ...
    VPS_DEV: A seleccionar pacote anteriormente não seleccionado xorg-sgml-doctools.
    VPS_DEV: A preparar para desempacotar .../13-xorg-sgml-doctools_1%3a1.11-1_all.deb ...
    VPS_DEV: A descompactar xorg-sgml-doctools (1:1.11-1) ...
    VPS_DEV: A seleccionar pacote anteriormente não seleccionado x11proto-dev.
    VPS_DEV: A preparar para desempacotar .../14-x11proto-dev_2019.2-1ubuntu1_all.deb ...
    VPS_DEV: A descompactar x11proto-dev (2019.2-1ubuntu1) ...
    VPS_DEV: A seleccionar pacote anteriormente não seleccionado x11proto-core-dev.
    VPS_DEV: A preparar para desempacotar .../15-x11proto-core-dev_2019.2-1ubuntu1_all.deb ...
    VPS_DEV: A descompactar x11proto-core-dev (2019.2-1ubuntu1) ...
    VPS_DEV: A seleccionar pacote anteriormente não seleccionado libice-dev:amd64.
    VPS_DEV: A preparar para desempacotar .../16-libice-dev_2%3a1.0.10-0ubuntu1_amd64.deb ...
    VPS_DEV: A descompactar libice-dev:amd64 (2:1.0.10-0ubuntu1) ...
    VPS_DEV: A seleccionar pacote anteriormente não seleccionado libncurses-dev:amd64.
    VPS_DEV: A preparar para desempacotar .../17-libncurses-dev_6.2-0ubuntu2_amd64.deb ...
    VPS_DEV: A descompactar libncurses-dev:amd64 (6.2-0ubuntu2) ...
    VPS_DEV: A seleccionar pacote anteriormente não seleccionado libncursesw5-dev:amd64.
    VPS_DEV: A preparar para desempacotar .../18-libncursesw5-dev_6.2-0ubuntu2_amd64.deb ...
    VPS_DEV: A descompactar libncursesw5-dev:amd64 (6.2-0ubuntu2) ...
    VPS_DEV: A seleccionar pacote anteriormente não seleccionado libpng-tools.
    VPS_DEV: A preparar para desempacotar .../19-libpng-tools_1.6.37-2_amd64.deb ...
    VPS_DEV: A descompactar libpng-tools (1.6.37-2) ...
    VPS_DEV: A seleccionar pacote anteriormente não seleccionado libpthread-stubs0-dev:amd64.
    VPS_DEV: A preparar para desempacotar .../20-libpthread-stubs0-dev_0.4-1_amd64.deb ...
    VPS_DEV: A descompactar libpthread-stubs0-dev:amd64 (0.4-1) ...
    VPS_DEV: A seleccionar pacote anteriormente não seleccionado libpython2.7:amd64.
    VPS_DEV: A preparar para desempacotar .../21-libpython2.7_2.7.18-1~20.04.1_amd64.deb ...
    VPS_DEV: A descompactar libpython2.7:amd64 (2.7.18-1~20.04.1) ...
    VPS_DEV: A seleccionar pacote anteriormente não seleccionado libpython2.7-dev:amd64.
    VPS_DEV: A preparar para desempacotar .../22-libpython2.7-dev_2.7.18-1~20.04.1_amd64.deb ...
    VPS_DEV: A descompactar libpython2.7-dev:amd64 (2.7.18-1~20.04.1) ...
    VPS_DEV: A seleccionar pacote anteriormente não seleccionado libpython2-dev:amd64.
    VPS_DEV: A preparar para desempacotar .../23-libpython2-dev_2.7.17-2ubuntu4_amd64.deb ...
    VPS_DEV: A descompactar libpython2-dev:amd64 (2.7.17-2ubuntu4) ...
    VPS_DEV: A seleccionar pacote anteriormente não seleccionado libpython3.8-dev:amd64.
    VPS_DEV: A preparar para desempacotar .../24-libpython3.8-dev_3.8.5-1~20.04.2_amd64.deb ...
    VPS_DEV: A descompactar libpython3.8-dev:amd64 (3.8.5-1~20.04.2) ...
    VPS_DEV: A seleccionar pacote anteriormente não seleccionado libpython3-dev:amd64.
    VPS_DEV: A preparar para desempacotar .../25-libpython3-dev_3.8.2-0ubuntu2_amd64.deb ...
    VPS_DEV: A descompactar libpython3-dev:amd64 (3.8.2-0ubuntu2) ...
    VPS_DEV: A seleccionar pacote anteriormente não seleccionado libsm-dev:amd64.
    VPS_DEV: A preparar para desempacotar .../26-libsm-dev_2%3a1.2.3-1_amd64.deb ...
    VPS_DEV: A descompactar libsm-dev:amd64 (2:1.2.3-1) ...
    VPS_DEV: A seleccionar pacote anteriormente não seleccionado libsqlite3-dev:amd64.
    VPS_DEV: A preparar para desempacotar .../27-libsqlite3-dev_3.31.1-4ubuntu0.2_amd64.deb ...
    VPS_DEV: A descompactar libsqlite3-dev:amd64 (3.31.1-4ubuntu0.2) ...
    VPS_DEV: A seleccionar pacote anteriormente não seleccionado libssl-dev:amd64.
    VPS_DEV: A preparar para desempacotar .../28-libssl-dev_1.1.1f-1ubuntu2.2_amd64.deb ...
    VPS_DEV: A descompactar libssl-dev:amd64 (1.1.1f-1ubuntu2.2) ...
    VPS_DEV: A seleccionar pacote anteriormente não seleccionado libtcl8.6:amd64.
    VPS_DEV: A preparar para desempacotar .../29-libtcl8.6_8.6.10+dfsg-1_amd64.deb ...
    VPS_DEV: A descompactar libtcl8.6:amd64 (8.6.10+dfsg-1) ...
    VPS_DEV: A seleccionar pacote anteriormente não seleccionado libtk8.6:amd64.
    VPS_DEV: A preparar para desempacotar .../30-libtk8.6_8.6.10-1_amd64.deb ...
    VPS_DEV: A descompactar libtk8.6:amd64 (8.6.10-1) ...
    VPS_DEV: A seleccionar pacote anteriormente não seleccionado libxau-dev:amd64.
    VPS_DEV: A preparar para desempacotar .../31-libxau-dev_1%3a1.0.9-0ubuntu1_amd64.deb ...
    VPS_DEV: A descompactar libxau-dev:amd64 (1:1.0.9-0ubuntu1) ...
    VPS_DEV: A seleccionar pacote anteriormente não seleccionado libxdmcp-dev:amd64.
    VPS_DEV: A preparar para desempacotar .../32-libxdmcp-dev_1%3a1.1.3-0ubuntu1_amd64.deb ...
    VPS_DEV: A descompactar libxdmcp-dev:amd64 (1:1.1.3-0ubuntu1) ...
    VPS_DEV: A seleccionar pacote anteriormente não seleccionado xtrans-dev.
    VPS_DEV: A preparar para desempacotar .../33-xtrans-dev_1.4.0-1_all.deb ...
    VPS_DEV: A descompactar xtrans-dev (1.4.0-1) ...
    VPS_DEV: A seleccionar pacote anteriormente não seleccionado libxcb1-dev:amd64.
    VPS_DEV: A preparar para desempacotar .../34-libxcb1-dev_1.14-2_amd64.deb ...
    VPS_DEV: A descompactar libxcb1-dev:amd64 (1.14-2) ...
    VPS_DEV: A seleccionar pacote anteriormente não seleccionado libx11-dev:amd64.
    VPS_DEV: A preparar para desempacotar .../35-libx11-dev_2%3a1.6.9-2ubuntu1.1_amd64.deb ...
    VPS_DEV: A descompactar libx11-dev:amd64 (2:1.6.9-2ubuntu1.1) ...
    VPS_DEV: A seleccionar pacote anteriormente não seleccionado x11proto-xext-dev.
    VPS_DEV: A preparar para desempacotar .../36-x11proto-xext-dev_2019.2-1ubuntu1_all.deb ...
    VPS_DEV: A descompactar x11proto-xext-dev (2019.2-1ubuntu1) ...
    VPS_DEV: A seleccionar pacote anteriormente não seleccionado libxext-dev:amd64.
    VPS_DEV: A preparar para desempacotar .../37-libxext-dev_2%3a1.3.4-0ubuntu1_amd64.deb ...
    VPS_DEV: A descompactar libxext-dev:amd64 (2:1.3.4-0ubuntu1) ...
    VPS_DEV: A seleccionar pacote anteriormente não seleccionado libxrender-dev:amd64.
    VPS_DEV: A preparar para desempacotar .../38-libxrender-dev_1%3a0.9.10-1_amd64.deb ...
    VPS_DEV: A descompactar libxrender-dev:amd64 (1:0.9.10-1) ...
    VPS_DEV: A seleccionar pacote anteriormente não seleccionado libxft-dev:amd64.
    VPS_DEV: A preparar para desempacotar .../39-libxft-dev_2.3.3-0ubuntu1_amd64.deb ...
    VPS_DEV: A descompactar libxft-dev:amd64 (2.3.3-0ubuntu1) ...
    VPS_DEV: A seleccionar pacote anteriormente não seleccionado x11proto-scrnsaver-dev.
    VPS_DEV: A preparar para desempacotar .../40-x11proto-scrnsaver-dev_2019.2-1ubuntu1_all.deb ...
    VPS_DEV: A descompactar x11proto-scrnsaver-dev (2019.2-1ubuntu1) ...
    VPS_DEV: A seleccionar pacote anteriormente não seleccionado libxss-dev:amd64.
    VPS_DEV: A preparar para desempacotar .../41-libxss-dev_1%3a1.2.3-1_amd64.deb ...
    VPS_DEV: A descompactar libxss-dev:amd64 (1:1.2.3-1) ...
    VPS_DEV: A seleccionar pacote anteriormente não seleccionado libxt-dev:amd64.
    VPS_DEV: A preparar para desempacotar .../42-libxt-dev_1%3a1.1.5-1_amd64.deb ...
    VPS_DEV: A descompactar libxt-dev:amd64 (1:1.1.5-1) ...
    VPS_DEV: A seleccionar pacote anteriormente não seleccionado libxxf86dga1:amd64.
    VPS_DEV: A preparar para desempacotar .../43-libxxf86dga1_2%3a1.1.5-0ubuntu1_amd64.deb ...
    VPS_DEV: A descompactar libxxf86dga1:amd64 (2:1.1.5-0ubuntu1) ...
    VPS_DEV: A seleccionar pacote anteriormente não seleccionado python-is-python2.
    VPS_DEV: A preparar para desempacotar .../44-python-is-python2_2.7.17-4_all.deb ...
    VPS_DEV: A descompactar python-is-python2 (2.7.17-4) ...
    VPS_DEV: A seleccionar pacote anteriormente não seleccionado python2.7-dev.
    VPS_DEV: A preparar para desempacotar .../45-python2.7-dev_2.7.18-1~20.04.1_amd64.deb ...
    VPS_DEV: A descompactar python2.7-dev (2.7.18-1~20.04.1) ...
    VPS_DEV: A seleccionar pacote anteriormente não seleccionado python2-dev.
    VPS_DEV: A preparar para desempacotar .../46-python2-dev_2.7.17-2ubuntu4_amd64.deb ...
    VPS_DEV: A descompactar python2-dev (2.7.17-2ubuntu4) ...
    VPS_DEV: A seleccionar pacote anteriormente não seleccionado python-dev-is-python2.
    VPS_DEV: A preparar para desempacotar .../47-python-dev-is-python2_2.7.17-4_all.deb ...
    VPS_DEV: A descompactar python-dev-is-python2 (2.7.17-4) ...
    VPS_DEV: A seleccionar pacote anteriormente não seleccionado python-pip-whl.
    VPS_DEV: A preparar para desempacotar .../48-python-pip-whl_20.0.2-5ubuntu1.1_all.deb ...
    VPS_DEV: A descompactar python-pip-whl (20.0.2-5ubuntu1.1) ...
    VPS_DEV: A seleccionar pacote anteriormente não seleccionado python3.8-dev.
    VPS_DEV: A preparar para desempacotar .../49-python3.8-dev_3.8.5-1~20.04.2_amd64.deb ...
    VPS_DEV: A descompactar python3.8-dev (3.8.5-1~20.04.2) ...
    VPS_DEV: A seleccionar pacote anteriormente não seleccionado python3-lib2to3.
    VPS_DEV: A preparar para desempacotar .../50-python3-lib2to3_3.8.5-1~20.04.1_all.deb ...
    VPS_DEV: A descompactar python3-lib2to3 (3.8.5-1~20.04.1) ...
    VPS_DEV: A seleccionar pacote anteriormente não seleccionado python3-distutils.
    VPS_DEV: A preparar para desempacotar .../51-python3-distutils_3.8.5-1~20.04.1_all.deb ...
    VPS_DEV: A descompactar python3-distutils (3.8.5-1~20.04.1) ...
    VPS_DEV: A seleccionar pacote anteriormente não seleccionado python3-dev.
    VPS_DEV: A preparar para desempacotar .../52-python3-dev_3.8.2-0ubuntu2_amd64.deb ...
    VPS_DEV: A descompactar python3-dev (3.8.2-0ubuntu2) ...
    VPS_DEV: A seleccionar pacote anteriormente não seleccionado python3-setuptools.
    VPS_DEV: A preparar para desempacotar .../53-python3-setuptools_45.2.0-1_all.deb ...
    VPS_DEV: A descompactar python3-setuptools (45.2.0-1) ...
    VPS_DEV: A seleccionar pacote anteriormente não seleccionado python3-wheel.
    VPS_DEV: A preparar para desempacotar .../54-python3-wheel_0.34.2-1_all.deb ...
    VPS_DEV: A descompactar python3-wheel (0.34.2-1) ...
    VPS_DEV: A seleccionar pacote anteriormente não seleccionado python3-pip.
    VPS_DEV: A preparar para desempacotar .../55-python3-pip_20.0.2-5ubuntu1.1_all.deb ...
    VPS_DEV: A descompactar python3-pip (20.0.2-5ubuntu1.1) ...
    VPS_DEV: A seleccionar pacote anteriormente não seleccionado python3-software-properties.
    VPS_DEV: A preparar para desempacotar .../56-python3-software-properties_0.98.9.4_all.deb ...
    VPS_DEV: A descompactar python3-software-properties (0.98.9.4) ...
    VPS_DEV: A seleccionar pacote anteriormente não seleccionado python3.8-venv.
    VPS_DEV: A preparar para desempacotar .../57-python3.8-venv_3.8.5-1~20.04.2_amd64.deb ...
    VPS_DEV: A descompactar python3.8-venv (3.8.5-1~20.04.2) ...
    VPS_DEV: A seleccionar pacote anteriormente não seleccionado python3-venv.
    VPS_DEV: A preparar para desempacotar .../58-python3-venv_3.8.2-0ubuntu2_amd64.deb ...
    VPS_DEV: A descompactar python3-venv (3.8.2-0ubuntu2) ...
    VPS_DEV: A seleccionar pacote anteriormente não seleccionado software-properties-common.
    VPS_DEV: A preparar para desempacotar .../59-software-properties-common_0.98.9.4_all.deb ...
    VPS_DEV: A descompactar software-properties-common (0.98.9.4) ...
    VPS_DEV: A seleccionar pacote anteriormente não seleccionado tcl8.6.
    VPS_DEV: A preparar para desempacotar .../60-tcl8.6_8.6.10+dfsg-1_amd64.deb ...
    VPS_DEV: A descompactar tcl8.6 (8.6.10+dfsg-1) ...
    VPS_DEV: A seleccionar pacote anteriormente não seleccionado tcl.
    VPS_DEV: A preparar para desempacotar .../61-tcl_8.6.9+1_amd64.deb ...
    VPS_DEV: A descompactar tcl (8.6.9+1) ...
    VPS_DEV: A seleccionar pacote anteriormente não seleccionado tcl8.6-dev:amd64.
    VPS_DEV: A preparar para desempacotar .../62-tcl8.6-dev_8.6.10+dfsg-1_amd64.deb ...
    VPS_DEV: A descompactar tcl8.6-dev:amd64 (8.6.10+dfsg-1) ...
    VPS_DEV: A seleccionar pacote anteriormente não seleccionado tcl-dev:amd64.
    VPS_DEV: A preparar para desempacotar .../63-tcl-dev_8.6.9+1_amd64.deb ...
    VPS_DEV: A descompactar tcl-dev:amd64 (8.6.9+1) ...
    VPS_DEV: A seleccionar pacote anteriormente não seleccionado tk8.6.
    VPS_DEV: A preparar para desempacotar .../64-tk8.6_8.6.10-1_amd64.deb ...
    VPS_DEV: A descompactar tk8.6 (8.6.10-1) ...
    VPS_DEV: A seleccionar pacote anteriormente não seleccionado tk.
    VPS_DEV: A preparar para desempacotar .../65-tk_8.6.9+1_amd64.deb ...
    VPS_DEV: A descompactar tk (8.6.9+1) ...
    VPS_DEV: A seleccionar pacote anteriormente não seleccionado tk8.6-dev:amd64.
    VPS_DEV: A preparar para desempacotar .../66-tk8.6-dev_8.6.10-1_amd64.deb ...
    VPS_DEV: A descompactar tk8.6-dev:amd64 (8.6.10-1) ...
    VPS_DEV: A seleccionar pacote anteriormente não seleccionado tk-dev:amd64.
    VPS_DEV: A preparar para desempacotar .../67-tk-dev_8.6.9+1_amd64.deb ...
    VPS_DEV: A descompactar tk-dev:amd64 (8.6.9+1) ...
    VPS_DEV: A seleccionar pacote anteriormente não seleccionado unattended-upgrades.
    VPS_DEV: A preparar para desempacotar .../68-unattended-upgrades_2.3ubuntu0.1_all.deb ...
    VPS_DEV: A descompactar unattended-upgrades (2.3ubuntu0.1) ...
    VPS_DEV: A seleccionar pacote anteriormente não seleccionado x11-apps.
    VPS_DEV: A preparar para desempacotar .../69-x11-apps_7.7+8_amd64.deb ...
    VPS_DEV: A descompactar x11-apps (7.7+8) ...
    VPS_DEV: A seleccionar pacote anteriormente não seleccionado x11-session-utils.
    VPS_DEV: A preparar para desempacotar .../70-x11-session-utils_7.7+4_amd64.deb ...
    VPS_DEV: A descompactar x11-session-utils (7.7+4) ...
    VPS_DEV: A seleccionar pacote anteriormente não seleccionado x11-utils.
    VPS_DEV: A preparar para desempacotar .../71-x11-utils_7.7+5_amd64.deb ...
    VPS_DEV: A descompactar x11-utils (7.7+5) ...
    VPS_DEV: A seleccionar pacote anteriormente não seleccionado xbitmaps.
    VPS_DEV: A preparar para desempacotar .../72-xbitmaps_1.1.1-2_all.deb ...
    VPS_DEV: A descompactar xbitmaps (1.1.1-2) ...
    VPS_DEV: A seleccionar pacote anteriormente não seleccionado xfonts-scalable.
    VPS_DEV: A preparar para desempacotar .../73-xfonts-scalable_1%3a1.0.3-1.1_all.deb ...
    VPS_DEV: A descompactar xfonts-scalable (1:1.0.3-1.1) ...
    VPS_DEV: A seleccionar pacote anteriormente não seleccionado xinit.
    VPS_DEV: A preparar para desempacotar .../74-xinit_1.4.1-0ubuntu2_amd64.deb ...
    VPS_DEV: A descompactar xinit (1.4.1-0ubuntu2) ...
    VPS_DEV: A seleccionar pacote anteriormente não seleccionado xinput.
    VPS_DEV: A preparar para desempacotar .../75-xinput_1.6.3-1_amd64.deb ...
    VPS_DEV: A descompactar xinput (1.6.3-1) ...
    VPS_DEV: A seleccionar pacote anteriormente não seleccionado libglu1-mesa:amd64.
    VPS_DEV: A preparar para desempacotar .../76-libglu1-mesa_9.0.1-1build1_amd64.deb ...
    VPS_DEV: A descompactar libglu1-mesa:amd64 (9.0.1-1build1) ...
    VPS_DEV: A seleccionar pacote anteriormente não seleccionado xorg-docs-core.
    VPS_DEV: A preparar para desempacotar .../77-xorg-docs-core_1%3a1.7.1-1.1_all.deb ...
    VPS_DEV: A descompactar xorg-docs-core (1:1.7.1-1.1) ...
    VPS_DEV: A seleccionar pacote anteriormente não seleccionado xterm.
    VPS_DEV: A preparar para desempacotar .../78-xterm_353-1ubuntu1.20.04.2_amd64.deb ...
    VPS_DEV: A descompactar xterm (353-1ubuntu1.20.04.2) ...
    VPS_DEV: A seleccionar pacote anteriormente não seleccionado xorg.
    VPS_DEV: A preparar para desempacotar .../79-xorg_1%3a7.7+19ubuntu14_amd64.deb ...
    VPS_DEV: A descompactar xorg (1:7.7+19ubuntu14) ...
    VPS_DEV: A seleccionar pacote anteriormente não seleccionado xorgxrdp.
    VPS_DEV: A preparar para desempacotar .../80-xorgxrdp_1%3a0.2.12-1_amd64.deb ...
    VPS_DEV: A descompactar xorgxrdp (1:0.2.12-1) ...
    VPS_DEV: A seleccionar pacote anteriormente não seleccionado libffi-dev:amd64.
    VPS_DEV: A preparar para desempacotar .../81-libffi-dev_3.3-4_amd64.deb ...
    VPS_DEV: A descompactar libffi-dev:amd64 (3.3-4) ...
    VPS_DEV: A seleccionar pacote anteriormente não seleccionado libreadline-gplv2-dev:amd64.
    VPS_DEV: A preparar para desempacotar .../82-libreadline-gplv2-dev_5.2+dfsg-3build3_amd64.deb ...
    VPS_DEV: A descompactar libreadline-gplv2-dev:amd64 (5.2+dfsg-3build3) ...
    VPS_DEV: Configurando xinit (1.4.1-0ubuntu2) ...
    VPS_DEV: Configurando bzip2-doc (1.0.8-2) ...
    VPS_DEV: Configurando libncurses-dev:amd64 (6.2-0ubuntu2) ...
    VPS_DEV: Configurando libncursesw5-dev:amd64 (6.2-0ubuntu2) ...
    VPS_DEV: Configurando libpng-tools (1.6.37-2) ...
    VPS_DEV: Configurando xrdp (0.9.12-1) ...
    VPS_DEV: 
    VPS_DEV: Generating 2048 bit rsa key...
    VPS_DEV: ssl_gen_key_xrdp1 ok
    VPS_DEV: saving to /etc/xrdp/rsakeys.ini
    VPS_DEV: Created symlink /etc/systemd/system/multi-user.target.wants/xrdp-sesman.service → /lib/systemd/system/xrdp-sesman.service.
    VPS_DEV: Created symlink /etc/systemd/system/multi-user.target.wants/xrdp.service → /lib/systemd/system/xrdp.service.
    VPS_DEV: Configurando libxxf86dga1:amd64 (2:1.1.5-0ubuntu1) ...
    VPS_DEV: Configurando x11-apps (7.7+8) ...
    VPS_DEV: Configurando xinput (1.6.3-1) ...
    VPS_DEV: Configurando libffi-dev:amd64 (3.3-4) ...
    VPS_DEV: Configurando libpthread-stubs0-dev:amd64 (0.4-1) ...
    VPS_DEV: Configurando python3-wheel (0.34.2-1) ...
    VPS_DEV: Configurando libpython2.7-stdlib:amd64 (2.7.18-1~20.04.1) ...
    VPS_DEV: Configurando xorg-docs-core (1:1.7.1-1.1) ...
    VPS_DEV: Configurando xtrans-dev (1.4.0-1) ...
    VPS_DEV: Configurando libexpat1-dev:amd64 (2.2.9-1build1) ...
    VPS_DEV: Configurando libsqlite3-dev:amd64 (3.31.1-4ubuntu0.2) ...
    VPS_DEV: Configurando python3-software-properties (0.98.9.4) ...
    VPS_DEV: Configurando libpython3.8-dev:amd64 (3.8.5-1~20.04.2) ...
    VPS_DEV: Configurando libreadline-gplv2-dev:amd64 (5.2+dfsg-3build3) ...
    VPS_DEV: Configurando uuid-dev:amd64 (2.34-0.1ubuntu9.1) ...
    VPS_DEV: Configurando libssl-dev:amd64 (1.1.1f-1ubuntu2.2) ...
    VPS_DEV: Configurando libtcl8.6:amd64 (8.6.10+dfsg-1) ...
    VPS_DEV: Configurando pkg-config (0.29.1-0ubuntu4) ...
    VPS_DEV: Configurando zlib1g-dev:amd64 (1:1.2.11.dfsg-2ubuntu1.2) ...
    VPS_DEV: Configurando checkinstall (1.6.2+git20170426.d24a630-2ubuntu1) ...
    VPS_DEV: Configurando xorgxrdp (1:0.2.12-1) ...
    VPS_DEV: Configurando x11-utils (7.7+5) ...
    VPS_DEV: Configurando xorg-sgml-doctools (1:1.11-1) ...
    VPS_DEV: Configurando x11-session-utils (7.7+4) ...
    VPS_DEV: Configurando python-pip-whl (20.0.2-5ubuntu1.1) ...
    VPS_DEV: Configurando libglu1-mesa:amd64 (9.0.1-1build1) ...
    VPS_DEV: Configurando libgdbm-dev:amd64 (1.18.1-5) ...
    VPS_DEV: Configurando python3-lib2to3 (3.8.5-1~20.04.1) ...
    VPS_DEV: Configurando python3-distro-info (0.23ubuntu1) ...
    VPS_DEV: Configurando xbitmaps (1.1.1-2) ...
    VPS_DEV: Configurando xfonts-scalable (1:1.0.3-1.1) ...
    VPS_DEV: Configurando dctrl-tools (2.24-3) ...
    VPS_DEV: Configurando rsync (3.1.3-8) ...
    VPS_DEV: Created symlink /etc/systemd/system/multi-user.target.wants/rsync.service → /lib/systemd/system/rsync.service.
    VPS_DEV: Configurando libbz2-dev:amd64 (1.0.8-2) ...
    VPS_DEV: Configurando python3-distutils (3.8.5-1~20.04.1) ...
    VPS_DEV: Configurando libpython2.7:amd64 (2.7.18-1~20.04.1) ...
    VPS_DEV: Configurando tcl8.6 (8.6.10+dfsg-1) ...
    VPS_DEV: Configurando libpython2.7-dev:amd64 (2.7.18-1~20.04.1) ...
    VPS_DEV: Configurando libpython3-dev:amd64 (3.8.2-0ubuntu2) ...
    VPS_DEV: Configurando python3-setuptools (45.2.0-1) ...
    VPS_DEV: Configurando python2.7 (2.7.18-1~20.04.1) ...
    VPS_DEV: Configurando libpython2-stdlib:amd64 (2.7.17-2ubuntu4) ...
    VPS_DEV: Configurando tcl8.6-dev:amd64 (8.6.10+dfsg-1) ...
    VPS_DEV: Configurando libtk8.6:amd64 (8.6.10-1) ...
    VPS_DEV: Configurando libpng-dev:amd64 (1.6.37-2) ...
    VPS_DEV: Configurando python2 (2.7.17-2ubuntu4) ...
    VPS_DEV: Configurando software-properties-common (0.98.9.4) ...
    VPS_DEV: Configurando dkms (2.8.1-5ubuntu2) ...
    VPS_DEV: Configurando libfreetype-dev:amd64 (2.10.1-2ubuntu0.1) ...
    VPS_DEV: Configurando unattended-upgrades (2.3ubuntu0.1) ...
    VPS_DEV: 
    VPS_DEV: Creating config file /etc/apt/apt.conf.d/20auto-upgrades with new version
    VPS_DEV: 
    VPS_DEV: Creating config file /etc/apt/apt.conf.d/50unattended-upgrades with new version
    VPS_DEV: Created symlink /etc/systemd/system/multi-user.target.wants/unattended-upgrades.service → /lib/systemd/system/unattended-upgrades.service.
    VPS_DEV: Synchronizing state of unattended-upgrades.service with SysV service script with /lib/systemd/systemd-sysv-install.
    VPS_DEV: Executing: /lib/systemd/systemd-sysv-install enable unattended-upgrades
    VPS_DEV: Configurando python3.8-venv (3.8.5-1~20.04.2) ...
    VPS_DEV: Configurando python3-pip (20.0.2-5ubuntu1.1) ...
    VPS_DEV: Configurando python3.8-dev (3.8.5-1~20.04.2) ...
    VPS_DEV: Configurando tcl (8.6.9+1) ...
    VPS_DEV: Configurando libpython2-dev:amd64 (2.7.17-2ubuntu4) ...
    VPS_DEV: Configurando xterm (353-1ubuntu1.20.04.2) ...
    VPS_DEV: update-alternatives: a usar /usr/bin/xterm para disponibilizar /usr/bin/x-terminal-emulator (x-terminal-emulator) em modo auto
    VPS_DEV: update-alternatives: a usar /usr/bin/lxterm para disponibilizar /usr/bin/x-terminal-emulator (x-terminal-emulator) em modo auto
    VPS_DEV: Configurando python-is-python2 (2.7.17-4) ...
    VPS_DEV: Configurando python2.7-dev (2.7.18-1~20.04.1) ...
    VPS_DEV: Configurando tk8.6 (8.6.10-1) ...
    VPS_DEV: Configurando python2-dev (2.7.17-2ubuntu4) ...
    VPS_DEV: Configurando xorg (1:7.7+19ubuntu14) ...
    VPS_DEV: Configurando libfreetype6-dev:amd64 (2.10.1-2ubuntu0.1) ...
    VPS_DEV: Configurando python3-venv (3.8.2-0ubuntu2) ...
    VPS_DEV: Configurando python-dev-is-python2 (2.7.17-4) ...
    VPS_DEV: Configurando python3-dev (3.8.2-0ubuntu2) ...
    VPS_DEV: Configurando tcl-dev:amd64 (8.6.9+1) ...
    VPS_DEV: Configurando tk (8.6.9+1) ...
    VPS_DEV: Configurando libfontconfig1-dev:amd64 (2.13.1-2ubuntu3) ...
    VPS_DEV: A processar 'triggers' para hicolor-icon-theme (0.17-2) ...
    VPS_DEV: A processar 'triggers' para gnome-menus (3.36.0-1ubuntu1) ...
    VPS_DEV: A processar 'triggers' para libc-bin (2.31-0ubuntu9) ...
    VPS_DEV: A processar 'triggers' para systemd (245.4-4ubuntu3.4) ...
    VPS_DEV: A processar 'triggers' para man-db (2.9.1-1) ...
    VPS_DEV: A processar 'triggers' para dbus (1.12.16-2ubuntu2.1) ...
    VPS_DEV: A processar 'triggers' para sgml-base (1.29.1) ...
    VPS_DEV: Configurando x11proto-dev (2019.2-1ubuntu1) ...
    VPS_DEV: A processar 'triggers' para fontconfig (2.13.1-2ubuntu3) ...
    VPS_DEV: A processar 'triggers' para desktop-file-utils (0.24-1ubuntu3) ...
    VPS_DEV: A processar 'triggers' para mime-support (3.64ubuntu1) ...
    VPS_DEV: Configurando libxau-dev:amd64 (1:1.0.9-0ubuntu1) ...
    VPS_DEV: Configurando libice-dev:amd64 (2:1.0.10-0ubuntu1) ...
    VPS_DEV: Configurando libsm-dev:amd64 (2:1.2.3-1) ...
    VPS_DEV: Configurando libxdmcp-dev:amd64 (1:1.1.3-0ubuntu1) ...
    VPS_DEV: Configurando x11proto-core-dev (2019.2-1ubuntu1) ...
    VPS_DEV: Configurando x11proto-xext-dev (2019.2-1ubuntu1) ...
    VPS_DEV: Configurando x11proto-scrnsaver-dev (2019.2-1ubuntu1) ...
    VPS_DEV: Configurando libxcb1-dev:amd64 (1.14-2) ...
    VPS_DEV: Configurando libx11-dev:amd64 (2:1.6.9-2ubuntu1.1) ...
    VPS_DEV: Configurando libxt-dev:amd64 (1:1.1.5-1) ...
    VPS_DEV: Configurando libxext-dev:amd64 (2:1.3.4-0ubuntu1) ...
    VPS_DEV: Configurando libxrender-dev:amd64 (1:0.9.10-1) ...
    VPS_DEV: Configurando libxft-dev:amd64 (2.3.3-0ubuntu1) ...
    VPS_DEV: Configurando libxss-dev:amd64 (1:1.2.3-1) ...
    VPS_DEV: Configurando tk8.6-dev:amd64 (8.6.10-1) ...
    VPS_DEV: Configurando tk-dev:amd64 (8.6.9+1) ...
    VPS_DEV: + sudo adduser xrdp ssl-cert
    VPS_DEV: Adicionando o usuário `xrdp' ao grupo `ssl-cert' ...
    VPS_DEV: Adicionando usuário xrdp ao grupo ssl-cert
    VPS_DEV: Concluído.
    VPS_DEV: + sudo systemctl restart xrdp
    VPS_DEV: + sudo apt install -y virtualbox
    VPS_DEV: 
    VPS_DEV: WARNING: apt does not have a stable CLI interface. Use with caution in scripts.
    VPS_DEV: Lendo listas de pacotes...
    VPS_DEV: Construindo árvore de dependências...
    VPS_DEV: 
    VPS_DEV: Lendo informação de estado...
    VPS_DEV: The following additional packages will be installed:
    VPS_DEV:   libdouble-conversion3 libgsoap-2.8.91 liblzf1 libpcre2-16-0 libqt5core5a
    VPS_DEV:   libqt5dbus5 libqt5gui5 libqt5network5 libqt5opengl5 libqt5printsupport5
    VPS_DEV:   libqt5svg5 libqt5widgets5 libqt5x11extras5 libsdl1.2debian libvncserver1
    VPS_DEV:   libxcb-xinerama0 libxcb-xinput0 qt5-gtk-platformtheme qttranslations5-l10n
    VPS_DEV:   virtualbox-dkms virtualbox-qt
    VPS_DEV: Pacotes sugeridos:
    VPS_DEV:   qt5-image-formats-plugins qtwayland5 vde2 virtualbox-guest-additions-iso
    VPS_DEV: Os NOVOS pacotes a seguir serão instalados:
    VPS_DEV:   libdouble-conversion3 libgsoap-2.8.91 liblzf1 libpcre2-16-0 libqt5core5a
    VPS_DEV:   libqt5dbus5 libqt5gui5 libqt5network5 libqt5opengl5 libqt5printsupport5
    VPS_DEV:   libqt5svg5 libqt5widgets5 libqt5x11extras5 libsdl1.2debian libvncserver1
    VPS_DEV:   libxcb-xinerama0 libxcb-xinput0 qt5-gtk-platformtheme qttranslations5-l10n
    VPS_DEV:   virtualbox virtualbox-dkms virtualbox-qt
    VPS_DEV: 0 pacotes atualizados, 22 pacotes novos instalados, 0 a serem removidos e 22 não atualizados.
    VPS_DEV: É preciso baixar 54,9 MB de arquivos.
    VPS_DEV: Depois desta operação, 225 MB adicionais de espaço em disco serão usados.
    VPS_DEV: Obter:1 http://archive.ubuntu.com/ubuntu focal/universe amd64 libdouble-conversion3 amd64 3.1.5-4ubuntu1 [37,9 kB]
    VPS_DEV: Obter:2 http://archive.ubuntu.com/ubuntu focal/main amd64 libpcre2-16-0 amd64 10.34-7 [181 kB]
    VPS_DEV: Obter:3 http://archive.ubuntu.com/ubuntu focal/universe amd64 libqt5core5a amd64 5.12.8+dfsg-0ubuntu1 [2.005 kB]
    VPS_DEV: Obter:4 http://archive.ubuntu.com/ubuntu focal/universe amd64 libqt5dbus5 amd64 5.12.8+dfsg-0ubuntu1 [208 kB]
    VPS_DEV: Obter:5 http://archive.ubuntu.com/ubuntu focal/universe amd64 libqt5network5 amd64 5.12.8+dfsg-0ubuntu1 [674 kB]
    VPS_DEV: Obter:6 http://archive.ubuntu.com/ubuntu focal/main amd64 libxcb-xinerama0 amd64 1.14-2 [5.260 B]
    VPS_DEV: Obter:7 http://archive.ubuntu.com/ubuntu focal/main amd64 libxcb-xinput0 amd64 1.14-2 [29,3 kB]
    VPS_DEV: Obter:8 http://archive.ubuntu.com/ubuntu focal/universe amd64 libqt5gui5 amd64 5.12.8+dfsg-0ubuntu1 [2.971 kB]
    VPS_DEV: Obter:9 http://archive.ubuntu.com/ubuntu focal/universe amd64 libqt5widgets5 amd64 5.12.8+dfsg-0ubuntu1 [2.293 kB]
    VPS_DEV: Obter:10 http://archive.ubuntu.com/ubuntu focal/universe amd64 libqt5svg5 amd64 5.12.8-0ubuntu1 [131 kB]
    VPS_DEV: Obter:11 http://archive.ubuntu.com/ubuntu focal/universe amd64 libgsoap-2.8.91 amd64 2.8.91-2 [231 kB]
    VPS_DEV: Obter:12 http://archive.ubuntu.com/ubuntu focal-updates/universe amd64 liblzf1 amd64 3.6-2~ubuntu1.20.04.1 [7.304 B]
    VPS_DEV: Obter:13 http://archive.ubuntu.com/ubuntu focal/universe amd64 libqt5opengl5 amd64 5.12.8+dfsg-0ubuntu1 [136 kB]
    VPS_DEV: Obter:14 http://archive.ubuntu.com/ubuntu focal/universe amd64 libqt5printsupport5 amd64 5.12.8+dfsg-0ubuntu1 [193 kB]
    VPS_DEV: Obter:15 http://archive.ubuntu.com/ubuntu focal/universe amd64 libqt5x11extras5 amd64 5.12.8-0ubuntu1 [10,3 kB]
    VPS_DEV: Obter:16 http://archive.ubuntu.com/ubuntu focal/universe amd64 libsdl1.2debian amd64 1.2.15+dfsg2-5 [175 kB]
    VPS_DEV: Obter:17 http://archive.ubuntu.com/ubuntu focal-updates/main amd64 libvncserver1 amd64 0.9.12+dfsg-9ubuntu0.3 [119 kB]
    VPS_DEV: Obter:18 http://archive.ubuntu.com/ubuntu focal/universe amd64 qt5-gtk-platformtheme amd64 5.12.8+dfsg-0ubuntu1 [124 kB]
    VPS_DEV: Obter:19 http://archive.ubuntu.com/ubuntu focal/universe amd64 qttranslations5-l10n all 5.12.8-0ubuntu1 [1.486 kB]
    VPS_DEV: Obter:20 http://archive.ubuntu.com/ubuntu focal-updates/multiverse amd64 virtualbox-dkms amd64 6.1.16-dfsg-6~ubuntu1.20.04.1 [693 kB]
    VPS_DEV: Obter:21 http://archive.ubuntu.com/ubuntu focal-updates/multiverse amd64 virtualbox amd64 6.1.16-dfsg-6~ubuntu1.20.04.1 [21,4 MB]
    VPS_DEV: Obter:22 http://archive.ubuntu.com/ubuntu focal-updates/multiverse amd64 virtualbox-qt amd64 6.1.16-dfsg-6~ubuntu1.20.04.1 [21,7 MB]
    VPS_DEV: dpkg-preconfigure: incapaz de reabrir o stdin: No such file or directory
    VPS_DEV: Baixados 54,9 MB em 16s (3.392 kB/s)
    VPS_DEV: A seleccionar pacote anteriormente não seleccionado libdouble-conversion3:amd64.
    VPS_DEV: (Lendo banco de dados ... 
    VPS_DEV: (Lendo banco de dados ... 5%(Lendo banco de dados ... 10%(Lendo banco de dados ... 15%(Lendo banco de dados ... 20%
    VPS_DEV: (Lendo banco de dados ... 25%(Lendo banco de dados ... 30%(Lendo banco de dados ... 35%(Lendo banco de dados ... 40%(Lendo banco de dados ... 45%
    VPS_DEV: (Lendo banco de dados ... 50%
    VPS_DEV: (Lendo banco de dados ... 55%
    VPS_DEV: (Lendo banco de dados ... 60%
    VPS_DEV: (Lendo banco de dados ... 65%
    VPS_DEV: (Lendo banco de dados ... 70%
    VPS_DEV: (Lendo banco de dados ... 75%
    VPS_DEV: (Lendo banco de dados ... 80%
    VPS_DEV: (Lendo banco de dados ... 85%
    VPS_DEV: (Lendo banco de dados ... 90%
    VPS_DEV: (Lendo banco de dados ... 95%
    VPS_DEV: (Lendo banco de dados ... 100%(Lendo banco de dados ... 115384 ficheiros e directórios actualmente instalados.)
    VPS_DEV: A preparar para desempacotar .../00-libdouble-conversion3_3.1.5-4ubuntu1_amd64.deb ...
    VPS_DEV: A descompactar libdouble-conversion3:amd64 (3.1.5-4ubuntu1) ...
    VPS_DEV: A seleccionar pacote anteriormente não seleccionado libpcre2-16-0:amd64.
    VPS_DEV: A preparar para desempacotar .../01-libpcre2-16-0_10.34-7_amd64.deb ...
    VPS_DEV: A descompactar libpcre2-16-0:amd64 (10.34-7) ...
    VPS_DEV: A seleccionar pacote anteriormente não seleccionado libqt5core5a:amd64.
    VPS_DEV: A preparar para desempacotar .../02-libqt5core5a_5.12.8+dfsg-0ubuntu1_amd64.deb ...
    VPS_DEV: A descompactar libqt5core5a:amd64 (5.12.8+dfsg-0ubuntu1) ...
    VPS_DEV: A seleccionar pacote anteriormente não seleccionado libqt5dbus5:amd64.
    VPS_DEV: A preparar para desempacotar .../03-libqt5dbus5_5.12.8+dfsg-0ubuntu1_amd64.deb ...
    VPS_DEV: A descompactar libqt5dbus5:amd64 (5.12.8+dfsg-0ubuntu1) ...
    VPS_DEV: A seleccionar pacote anteriormente não seleccionado libqt5network5:amd64.
    VPS_DEV: A preparar para desempacotar .../04-libqt5network5_5.12.8+dfsg-0ubuntu1_amd64.deb ...
    VPS_DEV: A descompactar libqt5network5:amd64 (5.12.8+dfsg-0ubuntu1) ...
    VPS_DEV: A seleccionar pacote anteriormente não seleccionado libxcb-xinerama0:amd64.
    VPS_DEV: A preparar para desempacotar .../05-libxcb-xinerama0_1.14-2_amd64.deb ...
    VPS_DEV: A descompactar libxcb-xinerama0:amd64 (1.14-2) ...
    VPS_DEV: A seleccionar pacote anteriormente não seleccionado libxcb-xinput0:amd64.
    VPS_DEV: A preparar para desempacotar .../06-libxcb-xinput0_1.14-2_amd64.deb ...
    VPS_DEV: A descompactar libxcb-xinput0:amd64 (1.14-2) ...
    VPS_DEV: A seleccionar pacote anteriormente não seleccionado libqt5gui5:amd64.
    VPS_DEV: A preparar para desempacotar .../07-libqt5gui5_5.12.8+dfsg-0ubuntu1_amd64.deb ...
    VPS_DEV: A descompactar libqt5gui5:amd64 (5.12.8+dfsg-0ubuntu1) ...
    VPS_DEV: A seleccionar pacote anteriormente não seleccionado libqt5widgets5:amd64.
    VPS_DEV: A preparar para desempacotar .../08-libqt5widgets5_5.12.8+dfsg-0ubuntu1_amd64.deb ...
    VPS_DEV: A descompactar libqt5widgets5:amd64 (5.12.8+dfsg-0ubuntu1) ...
    VPS_DEV: A seleccionar pacote anteriormente não seleccionado libqt5svg5:amd64.
    VPS_DEV: A preparar para desempacotar .../09-libqt5svg5_5.12.8-0ubuntu1_amd64.deb ...
    VPS_DEV: A descompactar libqt5svg5:amd64 (5.12.8-0ubuntu1) ...
    VPS_DEV: A seleccionar pacote anteriormente não seleccionado libgsoap-2.8.91:amd64.
    VPS_DEV: A preparar para desempacotar .../10-libgsoap-2.8.91_2.8.91-2_amd64.deb ...
    VPS_DEV: A descompactar libgsoap-2.8.91:amd64 (2.8.91-2) ...
    VPS_DEV: A seleccionar pacote anteriormente não seleccionado liblzf1:amd64.
    VPS_DEV: A preparar para desempacotar .../11-liblzf1_3.6-2~ubuntu1.20.04.1_amd64.deb ...
    VPS_DEV: A descompactar liblzf1:amd64 (3.6-2~ubuntu1.20.04.1) ...
    VPS_DEV: A seleccionar pacote anteriormente não seleccionado libqt5opengl5:amd64.
    VPS_DEV: A preparar para desempacotar .../12-libqt5opengl5_5.12.8+dfsg-0ubuntu1_amd64.deb ...
    VPS_DEV: A descompactar libqt5opengl5:amd64 (5.12.8+dfsg-0ubuntu1) ...
    VPS_DEV: A seleccionar pacote anteriormente não seleccionado libqt5printsupport5:amd64.
    VPS_DEV: A preparar para desempacotar .../13-libqt5printsupport5_5.12.8+dfsg-0ubuntu1_amd64.deb ...
    VPS_DEV: A descompactar libqt5printsupport5:amd64 (5.12.8+dfsg-0ubuntu1) ...
    VPS_DEV: A seleccionar pacote anteriormente não seleccionado libqt5x11extras5:amd64.
    VPS_DEV: A preparar para desempacotar .../14-libqt5x11extras5_5.12.8-0ubuntu1_amd64.deb ...
    VPS_DEV: A descompactar libqt5x11extras5:amd64 (5.12.8-0ubuntu1) ...
    VPS_DEV: A seleccionar pacote anteriormente não seleccionado libsdl1.2debian:amd64.
    VPS_DEV: A preparar para desempacotar .../15-libsdl1.2debian_1.2.15+dfsg2-5_amd64.deb ...
    VPS_DEV: A descompactar libsdl1.2debian:amd64 (1.2.15+dfsg2-5) ...
    VPS_DEV: A seleccionar pacote anteriormente não seleccionado libvncserver1:amd64.
    VPS_DEV: A preparar para desempacotar .../16-libvncserver1_0.9.12+dfsg-9ubuntu0.3_amd64.deb ...
    VPS_DEV: A descompactar libvncserver1:amd64 (0.9.12+dfsg-9ubuntu0.3) ...
    VPS_DEV: A seleccionar pacote anteriormente não seleccionado qt5-gtk-platformtheme:amd64.
    VPS_DEV: A preparar para desempacotar .../17-qt5-gtk-platformtheme_5.12.8+dfsg-0ubuntu1_amd64.deb ...
    VPS_DEV: A descompactar qt5-gtk-platformtheme:amd64 (5.12.8+dfsg-0ubuntu1) ...
    VPS_DEV: A seleccionar pacote anteriormente não seleccionado qttranslations5-l10n.
    VPS_DEV: A preparar para desempacotar .../18-qttranslations5-l10n_5.12.8-0ubuntu1_all.deb ...
    VPS_DEV: A descompactar qttranslations5-l10n (5.12.8-0ubuntu1) ...
    VPS_DEV: A seleccionar pacote anteriormente não seleccionado virtualbox-dkms.
    VPS_DEV: A preparar para desempacotar .../19-virtualbox-dkms_6.1.16-dfsg-6~ubuntu1.20.04.1_amd64.deb ...
    VPS_DEV: A descompactar virtualbox-dkms (6.1.16-dfsg-6~ubuntu1.20.04.1) ...
    VPS_DEV: A seleccionar pacote anteriormente não seleccionado virtualbox.
    VPS_DEV: A preparar para desempacotar .../20-virtualbox_6.1.16-dfsg-6~ubuntu1.20.04.1_amd64.deb ...
    VPS_DEV: A descompactar virtualbox (6.1.16-dfsg-6~ubuntu1.20.04.1) ...
    VPS_DEV: A seleccionar pacote anteriormente não seleccionado virtualbox-qt.
    VPS_DEV: A preparar para desempacotar .../21-virtualbox-qt_6.1.16-dfsg-6~ubuntu1.20.04.1_amd64.deb ...
    VPS_DEV: A descompactar virtualbox-qt (6.1.16-dfsg-6~ubuntu1.20.04.1) ...
    VPS_DEV: Configurando libdouble-conversion3:amd64 (3.1.5-4ubuntu1) ...
    VPS_DEV: Configurando libxcb-xinput0:amd64 (1.14-2) ...
    VPS_DEV: Configurando libpcre2-16-0:amd64 (10.34-7) ...
    VPS_DEV: Configurando libvncserver1:amd64 (0.9.12+dfsg-9ubuntu0.3) ...
    VPS_DEV: Configurando libxcb-xinerama0:amd64 (1.14-2) ...
    VPS_DEV: Configurando qttranslations5-l10n (5.12.8-0ubuntu1) ...
    VPS_DEV: Configurando liblzf1:amd64 (3.6-2~ubuntu1.20.04.1) ...
    VPS_DEV: Configurando libsdl1.2debian:amd64 (1.2.15+dfsg2-5) ...
    VPS_DEV: Configurando libqt5core5a:amd64 (5.12.8+dfsg-0ubuntu1) ...
    VPS_DEV: Configurando libqt5dbus5:amd64 (5.12.8+dfsg-0ubuntu1) ...
    VPS_DEV: Configurando libgsoap-2.8.91:amd64 (2.8.91-2) ...
    VPS_DEV: Configurando virtualbox-dkms (6.1.16-dfsg-6~ubuntu1.20.04.1) ...
    VPS_DEV: Loading new virtualbox-6.1.16 DKMS files...
    VPS_DEV: Building for 5.4.0-67-generic
    VPS_DEV: Building initial module for 5.4.0-67-generic
    VPS_DEV: Done.
    VPS_DEV: 
    VPS_DEV: vboxdrv.ko:
    VPS_DEV: Running module version sanity check.
    VPS_DEV:  - Original module
    VPS_DEV:    - No original module exists within this kernel
    VPS_DEV:  - Installation
    VPS_DEV:    - Installing to /lib/modules/5.4.0-67-generic/updates/dkms/
    VPS_DEV: 
    VPS_DEV: vboxnetadp.ko:
    VPS_DEV: Running module version sanity check.
    VPS_DEV:  - Original module
    VPS_DEV:    - No original module exists within this kernel
    VPS_DEV:  - Installation
    VPS_DEV:    - Installing to /lib/modules/5.4.0-67-generic/updates/dkms/
    VPS_DEV: 
    VPS_DEV: vboxnetflt.ko:
    VPS_DEV: Running module version sanity check.
    VPS_DEV:  - Original module
    VPS_DEV:    - No original module exists within this kernel
    VPS_DEV:  - Installation
    VPS_DEV:    - Installing to /lib/modules/5.4.0-67-generic/updates/dkms/
    VPS_DEV: depmod...
    VPS_DEV: .
    VPS_DEV: 
    VPS_DEV: 
    VPS_DEV: DKMS: install completed.
    VPS_DEV: Configurando libqt5network5:amd64 (5.12.8+dfsg-0ubuntu1) ...
    VPS_DEV: Configurando virtualbox (6.1.16-dfsg-6~ubuntu1.20.04.1) ...
    VPS_DEV: Created symlink /etc/systemd/system/multi-user.target.wants/vboxweb.service → /lib/systemd/system/vboxweb.service.
    VPS_DEV: Job for vboxweb.service failed because the service did not take the steps required by its unit configuration.
    VPS_DEV: See "systemctl status vboxweb.service" and "journalctl -xe" for details.
    VPS_DEV: Configurando libqt5gui5:amd64 (5.12.8+dfsg-0ubuntu1) ...
    VPS_DEV: Configurando libqt5widgets5:amd64 (5.12.8+dfsg-0ubuntu1) ...
    VPS_DEV: Configurando qt5-gtk-platformtheme:amd64 (5.12.8+dfsg-0ubuntu1) ...
    VPS_DEV: Configurando libqt5printsupport5:amd64 (5.12.8+dfsg-0ubuntu1) ...
    VPS_DEV: Configurando libqt5opengl5:amd64 (5.12.8+dfsg-0ubuntu1) ...
    VPS_DEV: Configurando libqt5x11extras5:amd64 (5.12.8-0ubuntu1) ...
    VPS_DEV: Configurando libqt5svg5:amd64 (5.12.8-0ubuntu1) ...
    VPS_DEV: Configurando virtualbox-qt (6.1.16-dfsg-6~ubuntu1.20.04.1) ...
    VPS_DEV: A processar 'triggers' para desktop-file-utils (0.24-1ubuntu3) ...
    VPS_DEV: A processar 'triggers' para mime-support (3.64ubuntu1) ...
    VPS_DEV: A processar 'triggers' para hicolor-icon-theme (0.17-2) ...
    VPS_DEV: A processar 'triggers' para gnome-menus (3.36.0-1ubuntu1) ...
    VPS_DEV: A processar 'triggers' para libc-bin (2.31-0ubuntu9) ...
    VPS_DEV: A processar 'triggers' para systemd (245.4-4ubuntu3.4) ...
    VPS_DEV: A processar 'triggers' para man-db (2.9.1-1) ...
    VPS_DEV: A processar 'triggers' para shared-mime-info (1.15-1) ...
    VPS_DEV: + sudo apt install -y virtualbox-guest-dkms virtualbox-guest-x11
    VPS_DEV: 
    VPS_DEV: WARNING: apt does not have a stable CLI interface. Use with caution in scripts.
    VPS_DEV: Lendo listas de pacotes...
    VPS_DEV: Construindo árvore de dependências...
    VPS_DEV: 
    VPS_DEV: Lendo informação de estado...
    VPS_DEV: The following additional packages will be installed:
    VPS_DEV:   libnotify-bin virtualbox-guest-utils
    VPS_DEV: Os NOVOS pacotes a seguir serão instalados:
    VPS_DEV:   libnotify-bin virtualbox-guest-dkms virtualbox-guest-utils
    VPS_DEV:   virtualbox-guest-x11
    VPS_DEV: 0 pacotes atualizados, 4 pacotes novos instalados, 0 a serem removidos e 22 não atualizados.
    VPS_DEV: É preciso baixar 2.094 kB de arquivos.
    VPS_DEV: Depois desta operação, 15,7 MB adicionais de espaço em disco serão usados.
    VPS_DEV: Obter:1 http://archive.ubuntu.com/ubuntu focal/main amd64 libnotify-bin amd64 0.7.9-1ubuntu2 [7.188 B]
    VPS_DEV: Obter:2 http://archive.ubuntu.com/ubuntu focal-updates/multiverse amd64 virtualbox-guest-dkms all 6.1.16-dfsg-6~ubuntu1.20.04.1 [666 kB]
    VPS_DEV: Obter:3 http://archive.ubuntu.com/ubuntu focal-updates/multiverse amd64 virtualbox-guest-utils amd64 6.1.16-dfsg-6~ubuntu1.20.04.1 [870 kB]
    VPS_DEV: Obter:4 http://archive.ubuntu.com/ubuntu focal-updates/multiverse amd64 virtualbox-guest-x11 amd64 6.1.16-dfsg-6~ubuntu1.20.04.1 [551 kB]
    VPS_DEV: dpkg-preconfigure: incapaz de reabrir o stdin: No such file or directory
    VPS_DEV: Baixados 2.094 kB em 2s (908 kB/s)
    VPS_DEV: A seleccionar pacote anteriormente não seleccionado libnotify-bin.
    VPS_DEV: (Lendo banco de dados ... 
    VPS_DEV: (Lendo banco de dados ... 5%(Lendo banco de dados ... 10%(Lendo banco de dados ... 15%(Lendo banco de dados ... 20%(Lendo banco de dados ... 25%(Lendo banco de dados ... 30%(Lendo banco de dados ... 35%(Lendo banco de dados ... 40%(Lendo banco de dados ... 45%
    VPS_DEV: (Lendo banco de dados ... 50%
    