 A compilação vai iniciar em 5 segundos... A compilação vai iniciar em 4 segundos... A compilação vai iniciar em 3 segundos... A compilação vai iniciar em 2 segundos... A compilação vai iniciar em 1 segundos... A compilação vai iniciar em 0 segundos...

Detalhes do desktop:

Nome do modelo: AMD FX(tm)-8350 Eight-Core
Arquitetura: x86_64
Número de CPU(s): 8    
Virtualização: AMD-V    
Modo(s) operacional da CPU: 32-bit, 64-bit

    VPS_DEV: Are you sure you want to destroy the 'VPS_DEV' VM? [y/N] y
==> VPS_DEV: Forcing shutdown of VM...
==> VPS_DEV: Destroying VM and associated drives...
Bringing machine 'VPS_DEV' up with 'virtualbox' provider...
==> VPS_DEV: Importing base box 'neoricalex/nfdos'...
Progress: 10%Progress: 20%Progress: 30%Progress: 40%Progress: 50%Progress: 60%Progress: 70%Progress: 80%Progress: 90%==> VPS_DEV: Matching MAC address for NAT networking...
==> VPS_DEV: Checking if box 'neoricalex/nfdos' version '0.4.4' is up to date...
==> VPS_DEV: Setting the name of the VM: VPS_DEV
==> VPS_DEV: Clearing any previously set network interfaces...
==> VPS_DEV: Preparing network interfaces based on configuration...
    VPS_DEV: Adapter 1: nat
==> VPS_DEV: Forwarding ports...
    VPS_DEV: 22 (guest) => 2222 (host) (adapter 1)
==> VPS_DEV: Running 'pre-boot' VM customizations...
==> VPS_DEV: Resized disk: old 25600 MB, req 102400 MB, new 102400 MB
==> VPS_DEV: You may need to resize the filesystem from within the guest.
==> VPS_DEV: Booting VM...
==> VPS_DEV: Waiting for machine to boot. This may take a few minutes...
    VPS_DEV: SSH address: 127.0.0.1:2222
    VPS_DEV: SSH username: neo
    VPS_DEV: SSH auth method: password
    VPS_DEV: 
    VPS_DEV: Inserting generated public key within guest...
    VPS_DEV: Removing insecure key from the guest if it's present...
    VPS_DEV: Key inserted! Disconnecting and reconnecting using new SSH key...
==> VPS_DEV: Machine booted and ready!
==> VPS_DEV: Checking for guest additions in VM...
==> VPS_DEV: Setting hostname...
==> VPS_DEV: Mounting shared folders...
    VPS_DEV: /vagrant => /home/neo/Público/src/vps
Vagrant was unable to mount VirtualBox shared folders. This is usually
because the filesystem "vboxsf" is not available. This filesystem is
made available via the VirtualBox Guest Additions and kernel module.
Please verify that these guest additions are properly installed in the
guest. This is not a bug in Vagrant and is usually caused by a faulty
Vagrant box. For context, the command attempted was:

mount -t vboxsf -o uid=1000,gid=1000 vagrant /vagrant

The error output from the command was:

mount: /vagrant: tipo de sistema de arquivos incorreto, opção inválida, superbloco inválido em vagrant, página de código ou programa auxiliar faltando ou outro erro.

Welcome to Ubuntu 20.04 LTS (GNU/Linux 5.4.0-67-generic x86_64)

 * Documentation:  https://help.ubuntu.com
 * Management:     https://landscape.canonical.com
 * Support:        https://ubuntu.com/advantage

make: *** Sem regra para processar o alvo 'vps'.  Pare.
