 A compilação vai iniciar em 4 segundos... A compilação vai iniciar em 3 segundos... A compilação vai iniciar em 2 segundos... A compilação vai iniciar em 1 segundos... A compilação vai iniciar em 0 segundos...

Compilação iniciada seg 22 mar 2021 14:27:10

Detalhes do desktop:

Nome do modelo: AMD FX(tm)-8350 Eight-Core
Arquitetura: x86_64
Número de CPU(s): 8    
Virtualização: AMD-V    
Memória RAM: 16041 MiB 
Memória Virtual: 7966 MB
Modo(s) operacional da CPU: 32-bit, 64-bit

chmod +x criar_box.sh
./criar_box.sh
==> Instalar os requerimentos da box...
==> Iniciando a box...
Bringing machine 'VPS_DEV' up with 'virtualbox' provider...
==> VPS_DEV: Importing base box 'generic/ubuntu1804'...
Progress: 20%Progress: 40%Progress: 50%Progress: 60%Progress: 70%Progress: 80%Progress: 90%==> VPS_DEV: Matching MAC address for NAT networking...
==> VPS_DEV: Checking if box 'generic/ubuntu1804' version '3.2.10' is up to date...
==> VPS_DEV: Setting the name of the VM: VPS_DEV
==> VPS_DEV: Clearing any previously set network interfaces...
==> VPS_DEV: Preparing network interfaces based on configuration...
    VPS_DEV: Adapter 1: nat
==> VPS_DEV: Forwarding ports...
    VPS_DEV: 22 (guest) => 2222 (host) (adapter 1)
==> VPS_DEV: Running 'pre-boot' VM customizations...
==> VPS_DEV: Booting VM...
==> VPS_DEV: Waiting for machine to boot. This may take a few minutes...
    VPS_DEV: SSH address: 127.0.0.1:2222
    VPS_DEV: SSH username: vagrant
    VPS_DEV: SSH auth method: private key
    VPS_DEV: 
    VPS_DEV: Vagrant insecure key detected. Vagrant will automatically replace
    VPS_DEV: this with a newly generated keypair for better security.
    VPS_DEV: 
    VPS_DEV: Inserting generated public key within guest...
    VPS_DEV: Removing insecure key from the guest if it's present...
    VPS_DEV: Key inserted! Disconnecting and reconnecting using new SSH key...
==> VPS_DEV: Machine booted and ready!
==> VPS_DEV: Checking for guest additions in VM...
    VPS_DEV: The guest additions on this VM do not match the installed version of
    VPS_DEV: VirtualBox! In most cases this is fine, but in rare cases it can
    VPS_DEV: prevent things such as shared folders from working properly. If you see
    VPS_DEV: shared folder errors, please make sure the guest additions within the
    VPS_DEV: virtual machine match the version of VirtualBox you have installed on
    VPS_DEV: your host and reload your VM.
    VPS_DEV: 
    VPS_DEV: Guest Additions Version: 5.2.42
    VPS_DEV: VirtualBox Version: 6.1
-bash: line 3: cd: /vagrant: No such file or directory
-bash: line 4: make: command not found
