 A compilação vai iniciar em 3 segundos... A compilação vai iniciar em 2 segundos... A compilação vai iniciar em 1 segundos... A compilação vai iniciar em 0 segundos...

Compilação iniciada seg 22 mar 2021 13:58:21

Detalhes do desktop:

Nome do modelo: AMD FX(tm)-8350 Eight-Core
Arquitetura: x86_64
Número de CPU(s): 8    
Virtualização: AMD-V    
Memória RAM: 16041 MiB 
Memória Virtual: 7534 MB
Modo(s) operacional da CPU: 32-bit, 64-bit

chmod +x criar_box.sh
./criar_box.sh
==> Instalar os requerimentos da box...
==> Atualizar os repositórios...
[sudo] senha para neo: 
0% [Trabalhando]                Atingido:1 http://download.virtualbox.org/virtualbox/debian focal InRelease
0% [Aguardando por cabeçalhos] [Conectando a security.ubuntu.com] [Connected to brave-browser-apt-release.s3.brave.com (99.84                                                                                                                              Atingido:2 http://br.archive.ubuntu.com/ubuntu focal InRelease
0% [Conectando a security.ubuntu.com] [Connected to brave-browser-apt-release.s3.brave.com (99.84.31.129)] [Connected to downl                                                                                                                              Atingido:3 http://br.archive.ubuntu.com/ubuntu focal-updates InRelease
0% [Conectando a security.ubuntu.com] [Connected to brave-browser-apt-release.s3.brave.com (99.84.31.129)] [Connected to downl                                                                                                                              Obter:4 http://br.archive.ubuntu.com/ubuntu focal-backports InRelease [101 kB]
0% [4 InRelease 2.663 B/101 kB 3%] [Conectando a security.ubuntu.com] [Aguardando por cabeçalhos] [Aguardando por cabeçalhos                                                                                                                              Atingido:5 https://download.docker.com/linux/ubuntu focal InRelease
                                                                                                                              0% [4 InRelease 41,2 kB/101 kB 41%] [Conectando a security.ubuntu.com] [Aguardando por cabeçalhos]                                                                                                   Atingido:6 https://brave-browser-apt-release.s3.brave.com stable InRelease
                                                                                                   0% [4 InRelease 41,2 kB/101 kB 41%] [Conectando a security.ubuntu.com]                                                                      0% [Conectando a security.ubuntu.com]0% [Conectando em security.ubuntu.com (91.189.88.142)]0% [Conectando em security.ubuntu.com (91.189.88.142)]                                                      0% [Aguardando por cabeçalhos]                               Atingido:7 http://security.ubuntu.com/ubuntu focal-security InRelease
                               0% [Trabalhando]0% [Trabalhando]0% [Trabalhando]0% [Trabalhando]100% [Trabalhando]                  Baixados 101 kB em 1s (89,0 kB/s)
Lendo listas de pacotes... 0%Lendo listas de pacotes... 0%Lendo listas de pacotes... 0%Lendo listas de pacotes... 3%Lendo listas de pacotes... 3%Lendo listas de pacotes... 5%Lendo listas de pacotes... 5%Lendo listas de pacotes... 6%Lendo listas de pacotes... 6%Lendo listas de pacotes... 7%Lendo listas de pacotes... 7%Lendo listas de pacotes... 9%Lendo listas de pacotes... 9%Lendo listas de pacotes... 9%Lendo listas de pacotes... 9%Lendo listas de pacotes... 9%Lendo listas de pacotes... 9%Lendo listas de pacotes... 9%Lendo listas de pacotes... 9%Lendo listas de pacotes... 9%Lendo listas de pacotes... 9%Lendo listas de pacotes... 9%Lendo listas de pacotes... 9%Lendo listas de pacotes... 39%Lendo listas de pacotes... 39%Lendo listas de pacotes... 55%Lendo listas de pacotes... 55%Lendo listas de pacotes... 58%Lendo listas de pacotes... 58%Lendo listas de pacotes... 60%Lendo listas de pacotes... 61%Lendo listas de pacotes... 61%Lendo listas de pacotes... 77%Lendo listas de pacotes... 77%Lendo listas de pacotes... 77%Lendo listas de pacotes... 77%Lendo listas de pacotes... 77%Lendo listas de pacotes... 77%Lendo listas de pacotes... 77%Lendo listas de pacotes... 77%Lendo listas de pacotes... 77%Lendo listas de pacotes... 77%Lendo listas de pacotes... 78%Lendo listas de pacotes... 78%Lendo listas de pacotes... 80%Lendo listas de pacotes... 80%Lendo listas de pacotes... 82%Lendo listas de pacotes... 82%Lendo listas de pacotes... 83%Lendo listas de pacotes... 83%Lendo listas de pacotes... 84%Lendo listas de pacotes... 84%Lendo listas de pacotes... 84%Lendo listas de pacotes... 84%Lendo listas de pacotes... 84%Lendo listas de pacotes... 84%Lendo listas de pacotes... 87%Lendo listas de pacotes... 87%Lendo listas de pacotes... 89%Lendo listas de pacotes... 89%Lendo listas de pacotes... 90%Lendo listas de pacotes... 90%Lendo listas de pacotes... 90%Lendo listas de pacotes... 90%Lendo listas de pacotes... 90%Lendo listas de pacotes... 90%Lendo listas de pacotes... 90%Lendo listas de pacotes... 90%Lendo listas de pacotes... 90%Lendo listas de pacotes... 90%Lendo listas de pacotes... 90%Lendo listas de pacotes... 90%Lendo listas de pacotes... 90%Lendo listas de pacotes... 90%Lendo listas de pacotes... 92%Lendo listas de pacotes... 92%Lendo listas de pacotes... 92%Lendo listas de pacotes... 92%Lendo listas de pacotes... 93%Lendo listas de pacotes... 93%Lendo listas de pacotes... 94%Lendo listas de pacotes... 94%Lendo listas de pacotes... 94%Lendo listas de pacotes... 94%Lendo listas de pacotes... 94%Lendo listas de pacotes... 94%Lendo listas de pacotes... 96%Lendo listas de pacotes... 96%Lendo listas de pacotes... 98%Lendo listas de pacotes... 98%Lendo listas de pacotes... 98%Lendo listas de pacotes... 98%Lendo listas de pacotes... 98%Lendo listas de pacotes... 98%Lendo listas de pacotes... 98%Lendo listas de pacotes... 98%Lendo listas de pacotes... 98%Lendo listas de pacotes... 98%Lendo listas de pacotes... 98%Lendo listas de pacotes... 98%Lendo listas de pacotes... 98%Lendo listas de pacotes... 98%Lendo listas de pacotes... 98%Lendo listas de pacotes... 98%Lendo listas de pacotes... Pronto
Construindo árvore de dependências... 0%Construindo árvore de dependências... 0%Construindo árvore de dependências... 0%Construindo árvore de dependências... 50%Construindo árvore de dependências... 50%Construindo árvore de dependências       
Lendo informação de estado... 0%  Lendo informação de estado... 0%Lendo informação de estado... Pronto
9 packages can be upgraded. Run 'apt list --upgradable' to see them.
==> Instalar Linux/Ubuntu base...
Lendo listas de pacotes... 0%Lendo listas de pacotes... 100%Lendo listas de pacotes... Pronto
Construindo árvore de dependências... 0%Construindo árvore de dependências... 0%Construindo árvore de dependências... 50%Construindo árvore de dependências... 50%Construindo árvore de dependências       
Lendo informação de estado... 0%  Lendo informação de estado... 0%Lendo informação de estado... Pronto
dkms is already the newest version (2.8.1-5ubuntu2).
linux-generic is already the newest version (5.4.0.67.70).
linux-headers-5.8.0-45-generic is already the newest version (5.8.0-45.51~20.04.1).
ubuntu-minimal is already the newest version (1.450.2).
0 pacotes atualizados, 0 pacotes novos instalados, 0 a serem removidos e 9 não atualizados.
==> Instalar libvrt & KVM (REF: https://github.com/alvistack/ansible-role-virtualbox/blob/master/.travis.yml)
Lendo listas de pacotes... 0%Lendo listas de pacotes... 100%Lendo listas de pacotes... Pronto
Construindo árvore de dependências... 0%Construindo árvore de dependências... 0%Construindo árvore de dependências... 50%Construindo árvore de dependências... 50%Construindo árvore de dependências       
Lendo informação de estado... 0%  Lendo informação de estado... 0%Lendo informação de estado... Pronto
Note, a seleccionar 'libxslt1-dev' em vez de 'libxslt-dev'
bridge-utils is already the newest version (1.6-2ubuntu1).
ebtables is already the newest version (2.0.11-3build1).
libxml2-dev is already the newest version (2.9.10+dfsg-5).
libxslt1-dev is already the newest version (1.1.34-4).
ruby-dev is already the newest version (1:2.7+1).
ruby-libvirt is already the newest version (0.7.1-1build1).
dnsmasq-base is already the newest version (2.80-1.1ubuntu1.3).
libvirt-clients is already the newest version (6.0.0-0ubuntu8.8).
libvirt-daemon-system is already the newest version (6.0.0-0ubuntu8.8).
qemu-kvm is already the newest version (1:4.2-3ubuntu6.14).
qemu-utils is already the newest version (1:4.2-3ubuntu6.14).
zlib1g-dev is already the newest version (1:1.2.11.dfsg-2ubuntu1.2).
libvirt-dev is already the newest version (6.0.0-0ubuntu8.8).
qemu-user-static is already the newest version (1:4.2-3ubuntu6.14).
0 pacotes atualizados, 0 pacotes novos instalados, 0 a serem removidos e 9 não atualizados.
Lendo listas de pacotes... 0%Lendo listas de pacotes... 100%Lendo listas de pacotes... Pronto
Construindo árvore de dependências... 0%Construindo árvore de dependências... 0%Construindo árvore de dependências... 50%Construindo árvore de dependências... 50%Construindo árvore de dependências       
Lendo informação de estado... 0%  Lendo informação de estado... 0%Lendo informação de estado... Pronto
E: Impossível encontrar o pacote vagrant-libs
Lendo listas de pacotes... 0%Lendo listas de pacotes... 100%Lendo listas de pacotes... Pronto
Construindo árvore de dependências... 0%Construindo árvore de dependências... 0%Construindo árvore de dependências... 50%Construindo árvore de dependências... 50%Construindo árvore de dependências       
Lendo informação de estado... 0%  Lendo informação de estado... 0%Lendo informação de estado... Pronto
0 pacotes atualizados, 0 pacotes novos instalados, 0 a serem removidos e 9 não atualizados.
==> Download Vagrant & Instalar
2021-03-22 13:58:46 URL:https://releases.hashicorp.com/vagrant/2.2.9/vagrant_2.2.9_x86_64.deb [42978828/42978828] -> "vagrant_2.2.9_x86_64.deb" [1]
(Lendo banco de dados ... (Lendo banco de dados ... 5%(Lendo banco de dados ... 10%(Lendo banco de dados ... 15%(Lendo banco de dados ... 20%(Lendo banco de dados ... 25%(Lendo banco de dados ... 30%(Lendo banco de dados ... 35%(Lendo banco de dados ... 40%(Lendo banco de dados ... 45%(Lendo banco de dados ... 50%(Lendo banco de dados ... 55%(Lendo banco de dados ... 60%(Lendo banco de dados ... 65%(Lendo banco de dados ... 70%(Lendo banco de dados ... 75%(Lendo banco de dados ... 80%(Lendo banco de dados ... 85%(Lendo banco de dados ... 90%(Lendo banco de dados ... 95%(Lendo banco de dados ... 100%(Lendo banco de dados ... 244642 ficheiros e directórios actualmente instalados.)
A preparar para desempacotar vagrant_2.2.9_x86_64.deb ...
A descompactar vagrant (1:2.2.9) sobre (1:2.2.9) ...
Configurando vagrant (1:2.2.9) ...
==> Instalar plugins do Vagrant
Installing the 'vagrant-libvirt' plugin. This can take a few minutes...
Building native extensions. This could take a while...
Building native extensions. This could take a while...
Installed the plugin 'vagrant-libvirt (0.4.0)'!
Installing the 'vagrant-disksize' plugin. This can take a few minutes...
Building native extensions. This could take a while...
Building native extensions. This could take a while...
Installed the plugin 'vagrant-disksize (0.1.3)'!
Installing the 'vagrant-mutate' plugin. This can take a few minutes...
Building native extensions. This could take a while...
Building native extensions. This could take a while...
Installed the plugin 'vagrant-mutate (1.2.0)'!
Lendo listas de pacotes... 0%Lendo listas de pacotes... 0%Lendo listas de pacotes... 8%Lendo listas de pacotes... Pronto
Construindo árvore de dependências... 0%Construindo árvore de dependências... 0%Construindo árvore de dependências... 50%Construindo árvore de dependências... 50%Construindo árvore de dependências       
Lendo informação de estado... 0%  Lendo informação de estado... 0%Lendo informação de estado... Pronto
Note, selecting 'virtualbox-source' for glob 'virtualbox*'
Note, selecting 'virtualbox-guest-utils' for glob 'virtualbox*'
Note, selecting 'virtualbox-ose' for glob 'virtualbox*'
Note, selecting 'virtualbox-guest-modules' for glob 'virtualbox*'
Note, selecting 'virtualbox-guest-additions-iso' for glob 'virtualbox*'
Note, selecting 'virtualbox-guest-dkms' for glob 'virtualbox*'
Note, selecting 'virtualbox-dkms' for glob 'virtualbox*'
Note, selecting 'virtualbox-guest-dkms-hwe' for glob 'virtualbox*'
Note, selecting 'virtualbox-ext-pack' for glob 'virtualbox*'
Note, selecting 'virtualbox' for glob 'virtualbox*'
Note, selecting 'virtualbox-guest-modules-hwe' for glob 'virtualbox*'
Note, selecting 'virtualbox-guest-x11-hwe' for glob 'virtualbox*'
Note, selecting 'virtualbox-guest-source' for glob 'virtualbox*'
Note, selecting 'virtualbox-qt' for glob 'virtualbox*'
Note, selecting 'virtualbox-guest-source-hwe' for glob 'virtualbox*'
Note, selecting 'virtualbox-2.0' for glob 'virtualbox*'
Note, selecting 'virtualbox-2.1' for glob 'virtualbox*'
Note, selecting 'virtualbox-2.2' for glob 'virtualbox*'
Note, selecting 'virtualbox-modules' for glob 'virtualbox*'
Note, selecting 'virtualbox-3.0' for glob 'virtualbox*'
Note, selecting 'virtualbox-3.1' for glob 'virtualbox*'
Note, selecting 'virtualbox-3.2' for glob 'virtualbox*'
Note, selecting 'virtualbox-4.0' for glob 'virtualbox*'
Note, selecting 'virtualbox-4.1' for glob 'virtualbox*'
Note, selecting 'virtualbox-4.2' for glob 'virtualbox*'
Note, selecting 'virtualbox-4.3' for glob 'virtualbox*'
Note, selecting 'virtualbox-5.0' for glob 'virtualbox*'
Note, selecting 'virtualbox-5.1' for glob 'virtualbox*'
Note, selecting 'virtualbox-5.2' for glob 'virtualbox*'
Note, selecting 'virtualbox-guest-utils-hwe' for glob 'virtualbox*'
Note, selecting 'virtualbox-6.0' for glob 'virtualbox*'
Note, selecting 'virtualbox-6.1' for glob 'virtualbox*'
Note, selecting 'virtualbox-guest-x11' for glob 'virtualbox*'
O pacote 'virtualbox-5.0' não está instalado, por isso não será removido
O pacote 'virtualbox-5.1' não está instalado, por isso não será removido
O pacote 'virtualbox-5.2' não está instalado, por isso não será removido
Note, a seleccionar 'virtualbox-dkms' em vez de 'virtualbox-modules'
O pacote 'virtualbox-2.0' não está instalado, por isso não será removido
O pacote 'virtualbox-2.1' não está instalado, por isso não será removido
O pacote 'virtualbox-2.2' não está instalado, por isso não será removido
O pacote 'virtualbox-3.0' não está instalado, por isso não será removido
O pacote 'virtualbox-3.1' não está instalado, por isso não será removido
O pacote 'virtualbox-3.2' não está instalado, por isso não será removido
O pacote 'virtualbox-4.0' não está instalado, por isso não será removido
O pacote 'virtualbox-4.1' não está instalado, por isso não será removido
O pacote 'virtualbox-4.2' não está instalado, por isso não será removido
O pacote 'virtualbox-4.3' não está instalado, por isso não será removido
O pacote 'virtualbox-guest-modules-hwe' não está instalado, por isso não será removido
O pacote 'virtualbox-ose' não está instalado, por isso não será removido
O pacote 'virtualbox-ext-pack' não está instalado, por isso não será removido
O pacote 'virtualbox-guest-dkms-hwe' não está instalado, por isso não será removido
O pacote 'virtualbox-guest-source' não está instalado, por isso não será removido
O pacote 'virtualbox-guest-source-hwe' não está instalado, por isso não será removido
O pacote 'virtualbox-guest-utils-hwe' não está instalado, por isso não será removido
O pacote 'virtualbox-guest-x11-hwe' não está instalado, por isso não será removido
O pacote 'virtualbox-source' não está instalado, por isso não será removido
O pacote 'virtualbox-6.0' não está instalado, por isso não será removido
O pacote 'virtualbox-6.1' não está instalado, por isso não será removido
Os seguintes pacotes foram instalados automaticamente e já não são necessários:
  libdouble-conversion3 libgsoap-2.8.91 liblzf1 libpcre2-16-0 libqt5core5a libqt5dbus5 libqt5gui5 libqt5network5
  libqt5opengl5 libqt5printsupport5 libqt5svg5 libqt5widgets5 libqt5x11extras5 libvncserver1 libxcb-xinerama0 libxcb-xinput0
  qt5-gtk-platformtheme qttranslations5-l10n
Utilize 'sudo apt autoremove' para os remover.
Os pacotes a seguir serão REMOVIDOS:
  virtualbox* virtualbox-dkms* virtualbox-guest-additions-iso* virtualbox-guest-dkms* virtualbox-guest-utils*
  virtualbox-guest-x11* virtualbox-qt*
0 pacotes atualizados, 0 pacotes novos instalados, 7 a serem removidos e 9 não atualizados.
Depois desta operação, 254 MB de espaço em disco serão liberados.

7[0;15r8[1A(Lendo banco de dados ... (Lendo banco de dados ... 5%(Lendo banco de dados ... 10%(Lendo banco de dados ... 15%(Lendo banco de dados ... 20%(Lendo banco de dados ... 25%(Lendo banco de dados ... 30%(Lendo banco de dados ... 35%(Lendo banco de dados ... 40%(Lendo banco de dados ... 45%(Lendo banco de dados ... 50%(Lendo banco de dados ... 55%(Lendo banco de dados ... 60%(Lendo banco de dados ... 65%(Lendo banco de dados ... 70%(Lendo banco de dados ... 75%(Lendo banco de dados ... 80%(Lendo banco de dados ... 85%(Lendo banco de dados ... 90%(Lendo banco de dados ... 95%(Lendo banco de dados ... 100%(Lendo banco de dados ... 244642 ficheiros e directórios actualmente instalados.)
A remover virtualbox-qt (6.1.16-dfsg-6~ubuntu1.20.04.1) ...
7[16;0fProgress: [  0%] [.........................................................................................................] 87[16;0fProgress: [  3%] [###......................................................................................................] 87[16;0fProgress: [  7%] [#######..................................................................................................] 87[16;0fProgress: [ 10%] [##########...............................................................................................] 8A remover virtualbox (6.1.16-dfsg-6~ubuntu1.20.04.1) ...
7[16;0fProgress: [ 14%] [##############...........................................................................................] 87[16;0fProgress: [ 17%] [##################.......................................................................................] 87[16;0fProgress: [ 21%] [#####################....................................................................................] 8A remover virtualbox-dkms (6.1.16-dfsg-6~ubuntu1.20.04.1) ...
7[16;0fProgress: [ 24%] [#########################................................................................................] 8
-------- Uninstall Beginning --------
Module:  virtualbox
Version: 6.1.16
Kernel:  5.8.0-45-generic (x86_64)
-------------------------------------

Status: Before uninstall, this module version was ACTIVE on this kernel.

vboxdrv.ko:
 - Uninstallation
   - Deleting from: /lib/modules/5.8.0-45-generic/updates/dkms/
 - Original module
   - No original module was found for this module on this kernel.
   - Use the dkms install command to reinstall any previous module version.


vboxnetadp.ko:
 - Uninstallation
   - Deleting from: /lib/modules/5.8.0-45-generic/updates/dkms/
 - Original module
   - No original module was found for this module on this kernel.
   - Use the dkms install command to reinstall any previous module version.


vboxnetflt.ko:
 - Uninstallation
   - Deleting from: /lib/modules/5.8.0-45-generic/updates/dkms/
 - Original module
   - No original module was found for this module on this kernel.
   - Use the dkms install command to reinstall any previous module version.

depmod...

DKMS: uninstall completed.

------------------------------
Deleting module version: 6.1.16
completely from the DKMS tree.
------------------------------
Done.
7[16;0fProgress: [ 28%] [############################.............................................................................] 87[16;0fProgress: [ 31%] [################################.........................................................................] 87[16;0fProgress: [ 34%] [####################################.....................................................................] 8A remover virtualbox-guest-additions-iso (6.1.16-1~ubuntu1.20.04.1) ...
7[16;0fProgress: [ 38%] [#######################################..................................................................] 87[16;0fProgress: [ 41%] [###########################################..............................................................] 87[16;0fProgress: [ 45%] [###############################################..........................................................] 87[16;0fProgress: [ 48%] [##################################################.......................................................] 8A remover virtualbox-guest-x11 (6.1.16-dfsg-6~ubuntu1.20.04.1) ...
7[16;0fProgress: [ 52%] [######################################################...................................................] 87[16;0fProgress: [ 55%] [#########################################################................................................] 87[16;0fProgress: [ 59%] [#############################################################............................................] 8A remover virtualbox-guest-utils (6.1.16-dfsg-6~ubuntu1.20.04.1) ...
7[16;0fProgress: [ 62%] [#################################################################........................................] 87[16;0fProgress: [ 66%] [####################################################################.....................................] 87[16;0fProgress: [ 69%] [########################################################################.................................] 8A remover virtualbox-guest-dkms (6.1.16-dfsg-6~ubuntu1.20.04.1) ...
7[16;0fProgress: [ 72%] [############################################################################.............................] 8
-------- Uninstall Beginning --------
Module:  virtualbox-guest
Version: 6.1.16
Kernel:  5.8.0-45-generic (x86_64)
-------------------------------------

Status: Before uninstall, this module version was ACTIVE on this kernel.

vboxguest.ko:
 - Uninstallation
   - Deleting from: /lib/modules/5.8.0-45-generic/updates/dkms/
 - Original module
   - No original module was found for this module on this kernel.
   - Use the dkms install command to reinstall any previous module version.


vboxsf.ko:
 - Uninstallation
   - Deleting from: /lib/modules/5.8.0-45-generic/updates/dkms/
 - Original module
   - No original module was found for this module on this kernel.
   - Use the dkms install command to reinstall any previous module version.


vboxvideo.ko:
 - Uninstallation
   - Deleting from: /lib/modules/5.8.0-45-generic/updates/dkms/
 - Original module
   - No original module was found for this module on this kernel.
   - Use the dkms install command to reinstall any previous module version.

depmod...

DKMS: uninstall completed.

------------------------------
Deleting module version: 6.1.16
completely from the DKMS tree.
------------------------------
Done.
7[16;0fProgress: [ 76%] [###############################################################################..........................] 87[16;0fProgress: [ 79%] [###################################################################################......................] 87[16;0fProgress: [ 83%] [######################################################################################...................] 8A processar 'triggers' para mime-support (3.64ubuntu1) ...
A processar 'triggers' para hicolor-icon-theme (0.17-2) ...
A processar 'triggers' para gnome-menus (3.36.0-1ubuntu1) ...
A processar 'triggers' para libc-bin (2.31-0ubuntu9.2) ...
A processar 'triggers' para man-db (2.9.1-1) ...
A processar 'triggers' para shared-mime-info (1.15-1) ...
A processar 'triggers' para desktop-file-utils (0.24-1ubuntu3) ...
(Lendo banco de dados ... (Lendo banco de dados ... 5%(Lendo banco de dados ... 10%(Lendo banco de dados ... 15%(Lendo banco de dados ... 20%(Lendo banco de dados ... 25%(Lendo banco de dados ... 30%(Lendo banco de dados ... 35%(Lendo banco de dados ... 40%(Lendo banco de dados ... 45%(Lendo banco de dados ... 50%(Lendo banco de dados ... 55%(Lendo banco de dados ... 60%(Lendo banco de dados ... 65%(Lendo banco de dados ... 70%(Lendo banco de dados ... 75%(Lendo banco de dados ... 80%(Lendo banco de dados ... 85%(Lendo banco de dados ... 90%(Lendo banco de dados ... 95%(Lendo banco de dados ... 100%(Lendo banco de dados ... 243653 ficheiros e directórios actualmente instalados.)
A purgar os ficheiros de configuração para virtualbox-guest-x11 (6.1.16-dfsg-6~ubuntu1.20.04.1) ...
7[16;0fProgress: [ 86%] [##########################################################################################...............] 8A purgar os ficheiros de configuração para virtualbox-guest-utils (6.1.16-dfsg-6~ubuntu1.20.04.1) ...
7[16;0fProgress: [ 90%] [##############################################################################################...........] 8A purgar os ficheiros de configuração para virtualbox-qt (6.1.16-dfsg-6~ubuntu1.20.04.1) ...
7[16;0fProgress: [ 93%] [#################################################################################################........] 8A purgar os ficheiros de configuração para virtualbox (6.1.16-dfsg-6~ubuntu1.20.04.1) ...
dpkg: aviso: ao remover virtualbox, o directório '/usr/lib/virtualbox/ExtensionPacks' não estava vazio, por isso não foi removido
7[16;0fProgress: [ 97%] [#####################################################################################################....] 8A processar 'triggers' para systemd (245.4-4ubuntu3.5) ...

7[0;16r8[1A[JLendo listas de pacotes... 0%Lendo listas de pacotes... 100%Lendo listas de pacotes... Pronto
Construindo árvore de dependências... 0%Construindo árvore de dependências... 0%Construindo árvore de dependências... 50%Construindo árvore de dependências... 50%Construindo árvore de dependências       
Lendo informação de estado... 0%  Lendo informação de estado... 0%Lendo informação de estado... Pronto
Os pacotes a seguir serão REMOVIDOS:
  libdouble-conversion3 libgsoap-2.8.91 liblzf1 libpcre2-16-0 libqt5core5a libqt5dbus5 libqt5gui5 libqt5network5
  libqt5opengl5 libqt5printsupport5 libqt5svg5 libqt5widgets5 libqt5x11extras5 libvncserver1 libxcb-xinerama0 libxcb-xinput0
  qt5-gtk-platformtheme qttranslations5-l10n
0 pacotes atualizados, 0 pacotes novos instalados, 18 a serem removidos e 9 não atualizados.
Depois desta operação, 47,2 MB de espaço em disco serão liberados.

7[0;15r8[1A(Lendo banco de dados ... (Lendo banco de dados ... 5%(Lendo banco de dados ... 10%(Lendo banco de dados ... 15%(Lendo banco de dados ... 20%(Lendo banco de dados ... 25%(Lendo banco de dados ... 30%(Lendo banco de dados ... 35%(Lendo banco de dados ... 40%(Lendo banco de dados ... 45%(Lendo banco de dados ... 50%(Lendo banco de dados ... 55%(Lendo banco de dados ... 60%(Lendo banco de dados ... 65%(Lendo banco de dados ... 70%(Lendo banco de dados ... 75%(Lendo banco de dados ... 80%(Lendo banco de dados ... 85%(Lendo banco de dados ... 90%(Lendo banco de dados ... 95%(Lendo banco de dados ... 100%(Lendo banco de dados ... 243647 ficheiros e directórios actualmente instalados.)
A remover qt5-gtk-platformtheme:amd64 (5.12.8+dfsg-0ubuntu1) ...
7[16;0fProgress: [  0%] [.........................................................................................................] 87[16;0fProgress: [  3%] [##.......................................................................................................] 87[16;0fProgress: [  5%] [#####....................................................................................................] 8A remover libqt5svg5:amd64 (5.12.8-0ubuntu1) ...
7[16;0fProgress: [  8%] [########.................................................................................................] 87[16;0fProgress: [ 11%] [###########..............................................................................................] 8A remover libqt5printsupport5:amd64 (5.12.8+dfsg-0ubuntu1) ...
7[16;0fProgress: [ 14%] [##############...........................................................................................] 87[16;0fProgress: [ 16%] [#################........................................................................................] 8A remover libqt5x11extras5:amd64 (5.12.8-0ubuntu1) ...
7[16;0fProgress: [ 19%] [###################......................................................................................] 87[16;0fProgress: [ 22%] [######################...................................................................................] 8A remover libqt5opengl5:amd64 (5.12.8+dfsg-0ubuntu1) ...
7[16;0fProgress: [ 24%] [#########################................................................................................] 87[16;0fProgress: [ 27%] [############################.............................................................................] 8A remover libgsoap-2.8.91:amd64 (2.8.91-2) ...
7[16;0fProgress: [ 30%] [###############################..........................................................................] 87[16;0fProgress: [ 32%] [##################################.......................................................................] 8A remover liblzf1:amd64 (3.6-2~ubuntu1.20.04.1) ...
7[16;0fProgress: [ 35%] [####################################.....................................................................] 87[16;0fProgress: [ 38%] [#######################################..................................................................] 8A remover libvncserver1:amd64 (0.9.12+dfsg-9ubuntu0.3) ...
7[16;0fProgress: [ 41%] [##########################################...............................................................] 87[16;0fProgress: [ 43%] [#############################################............................................................] 8A remover qttranslations5-l10n (5.12.8-0ubuntu1) ...
7[16;0fProgress: [ 46%] [################################################.........................................................] 87[16;0fProgress: [ 49%] [###################################################......................................................] 8A remover libqt5widgets5:amd64 (5.12.8+dfsg-0ubuntu1) ...
7[16;0fProgress: [ 51%] [#####################################################....................................................] 87[16;0fProgress: [ 54%] [########################################################.................................................] 8A remover libqt5gui5:amd64 (5.12.8+dfsg-0ubuntu1) ...
7[16;0fProgress: [ 57%] [###########################################################..............................................] 87[16;0fProgress: [ 59%] [##############################################################...........................................] 8A remover libqt5network5:amd64 (5.12.8+dfsg-0ubuntu1) ...
7[16;0fProgress: [ 62%] [#################################################################........................................] 87[16;0fProgress: [ 65%] [####################################################################.....................................] 8A remover libqt5dbus5:amd64 (5.12.8+dfsg-0ubuntu1) ...
7[16;0fProgress: [ 68%] [######################################################################...................................] 87[16;0fProgress: [ 70%] [#########################################################################................................] 8A remover libxcb-xinerama0:amd64 (1.14-2) ...
7[16;0fProgress: [ 73%] [############################################################################.............................] 87[16;0fProgress: [ 76%] [###############################################################################..........................] 8A remover libxcb-xinput0:amd64 (1.14-2) ...
7[16;0fProgress: [ 78%] [##################################################################################.......................] 87[16;0fProgress: [ 81%] [#####################################################################################....................] 8A remover libqt5core5a:amd64 (5.12.8+dfsg-0ubuntu1) ...
7[16;0fProgress: [ 84%] [#######################################################################################..................] 87[16;0fProgress: [ 86%] [##########################################################################################...............] 8A remover libdouble-conversion3:amd64 (3.1.5-4ubuntu1) ...
7[16;0fProgress: [ 89%] [#############################################################################################............] 87[16;0fProgress: [ 92%] [################################################################################################.........] 8A remover libpcre2-16-0:amd64 (10.34-7) ...
7[16;0fProgress: [ 95%] [###################################################################################################......] 87[16;0fProgress: [ 97%] [######################################################################################################...] 8A processar 'triggers' para libc-bin (2.31-0ubuntu9.2) ...

7[0;16r8[1A[J==> Instalar o VirtualBox
Lendo listas de pacotes... 0%Lendo listas de pacotes... 100%Lendo listas de pacotes... Pronto
Construindo árvore de dependências... 0%Construindo árvore de dependências... 0%Construindo árvore de dependências... 50%Construindo árvore de dependências... 50%Construindo árvore de dependências       
Lendo informação de estado... 0%  Lendo informação de estado... 0%Lendo informação de estado... Pronto
The following additional packages will be installed:
  libdouble-conversion3 libgsoap-2.8.91 liblzf1 libpcre2-16-0 libqt5core5a libqt5dbus5 libqt5gui5 libqt5network5
  libqt5opengl5 libqt5printsupport5 libqt5svg5 libqt5widgets5 libqt5x11extras5 libvncserver1 libxcb-xinerama0 libxcb-xinput0
  qt5-gtk-platformtheme qttranslations5-l10n virtualbox-dkms virtualbox-qt
Pacotes sugeridos:
  qt5-image-formats-plugins qtwayland5 vde2 virtualbox-guest-additions-iso
Os NOVOS pacotes a seguir serão instalados:
  libdouble-conversion3 libgsoap-2.8.91 liblzf1 libpcre2-16-0 libqt5core5a libqt5dbus5 libqt5gui5 libqt5network5
  libqt5opengl5 libqt5printsupport5 libqt5svg5 libqt5widgets5 libqt5x11extras5 libvncserver1 libxcb-xinerama0 libxcb-xinput0
  qt5-gtk-platformtheme qttranslations5-l10n virtualbox virtualbox-dkms virtualbox-qt
0 pacotes atualizados, 21 pacotes novos instalados, 0 a serem removidos e 9 não atualizados.
É preciso baixar 231 kB/54,7 MB de arquivos.
Depois desta operação, 225 MB adicionais de espaço em disco serão usados.
99% [Trabalhando]                 Obter:1 http://br.archive.ubuntu.com/ubuntu focal/universe amd64 libgsoap-2.8.91 amd64 2.8.91-2 [231 kB]
99% [1 libgsoap-2.8.91 4.096 B/231 kB 2%]                                         100% [Trabalhando]                  Baixados 231 kB em 0s (1.740 kB/s)

7[0;15r8[1AA seleccionar pacote anteriormente não seleccionado libdouble-conversion3:amd64.
(Lendo banco de dados ... (Lendo banco de dados ... 5%(Lendo banco de dados ... 10%(Lendo banco de dados ... 15%(Lendo banco de dados ... 20%(Lendo banco de dados ... 25%(Lendo banco de dados ... 30%(Lendo banco de dados ... 35%(Lendo banco de dados ... 40%(Lendo banco de dados ... 45%(Lendo banco de dados ... 50%(Lendo banco de dados ... 55%(Lendo banco de dados ... 60%(Lendo banco de dados ... 65%(Lendo banco de dados ... 70%(Lendo banco de dados ... 75%(Lendo banco de dados ... 80%(Lendo banco de dados ... 85%(Lendo banco de dados ... 90%(Lendo banco de dados ... 95%(Lendo banco de dados ... 100%(Lendo banco de dados ... 243214 ficheiros e directórios actualmente instalados.)
A preparar para desempacotar .../00-libdouble-conversion3_3.1.5-4ubuntu1_amd64.deb ...
7[16;0fProgress: [  0%] [.........................................................................................................] 87[16;0fProgress: [  1%] [#........................................................................................................] 8A descompactar libdouble-conversion3:amd64 (3.1.5-4ubuntu1) ...
7[16;0fProgress: [  2%] [##.......................................................................................................] 8A seleccionar pacote anteriormente não seleccionado libpcre2-16-0:amd64.
A preparar para desempacotar .../01-libpcre2-16-0_10.34-7_amd64.deb ...
7[16;0fProgress: [  4%] [###......................................................................................................] 8A descompactar libpcre2-16-0:amd64 (10.34-7) ...
7[16;0fProgress: [  5%] [####.....................................................................................................] 8A seleccionar pacote anteriormente não seleccionado libqt5core5a:amd64.
A preparar para desempacotar .../02-libqt5core5a_5.12.8+dfsg-0ubuntu1_amd64.deb ...
7[16;0fProgress: [  6%] [######...................................................................................................] 8A descompactar libqt5core5a:amd64 (5.12.8+dfsg-0ubuntu1) ...
7[16;0fProgress: [  7%] [#######..................................................................................................] 8A seleccionar pacote anteriormente não seleccionado libqt5dbus5:amd64.
A preparar para desempacotar .../03-libqt5dbus5_5.12.8+dfsg-0ubuntu1_amd64.deb ...
7[16;0fProgress: [  8%] [########.................................................................................................] 8A descompactar libqt5dbus5:amd64 (5.12.8+dfsg-0ubuntu1) ...
7[16;0fProgress: [  9%] [#########................................................................................................] 8A seleccionar pacote anteriormente não seleccionado libqt5network5:amd64.
A preparar para desempacotar .../04-libqt5network5_5.12.8+dfsg-0ubuntu1_amd64.deb ...
7[16;0fProgress: [ 11%] [###########..............................................................................................] 8A descompactar libqt5network5:amd64 (5.12.8+dfsg-0ubuntu1) ...
7[16;0fProgress: [ 12%] [############.............................................................................................] 8A seleccionar pacote anteriormente não seleccionado libxcb-xinerama0:amd64.
A preparar para desempacotar .../05-libxcb-xinerama0_1.14-2_amd64.deb ...
7[16;0fProgress: [ 13%] [#############............................................................................................] 8A descompactar libxcb-xinerama0:amd64 (1.14-2) ...
7[16;0fProgress: [ 14%] [##############...........................................................................................] 8A seleccionar pacote anteriormente não seleccionado libxcb-xinput0:amd64.
A preparar para desempacotar .../06-libxcb-xinput0_1.14-2_amd64.deb ...
7[16;0fProgress: [ 15%] [################.........................................................................................] 8A descompactar libxcb-xinput0:amd64 (1.14-2) ...
7[16;0fProgress: [ 16%] [#################........................................................................................] 8A seleccionar pacote anteriormente não seleccionado libqt5gui5:amd64.
A preparar para desempacotar .../07-libqt5gui5_5.12.8+dfsg-0ubuntu1_amd64.deb ...
7[16;0fProgress: [ 18%] [##################.......................................................................................] 8A descompactar libqt5gui5:amd64 (5.12.8+dfsg-0ubuntu1) ...
7[16;0fProgress: [ 19%] [###################......................................................................................] 8A seleccionar pacote anteriormente não seleccionado libqt5widgets5:amd64.
A preparar para desempacotar .../08-libqt5widgets5_5.12.8+dfsg-0ubuntu1_amd64.deb ...
7[16;0fProgress: [ 20%] [#####################....................................................................................] 8A descompactar libqt5widgets5:amd64 (5.12.8+dfsg-0ubuntu1) ...
7[16;0fProgress: [ 21%] [######################...................................................................................] 8A seleccionar pacote anteriormente não seleccionado libqt5svg5:amd64.
A preparar para desempacotar .../09-libqt5svg5_5.12.8-0ubuntu1_amd64.deb ...
7[16;0fProgress: [ 22%] [#######################..................................................................................] 8A descompactar libqt5svg5:amd64 (5.12.8-0ubuntu1) ...
7[16;0fProgress: [ 24%] [########################.................................................................................] 8A seleccionar pacote anteriormente não seleccionado libgsoap-2.8.91:amd64.
A preparar para desempacotar .../10-libgsoap-2.8.91_2.8.91-2_amd64.deb ...
7[16;0fProgress: [ 25%] [#########################................................................................................] 8A descompactar libgsoap-2.8.91:amd64 (2.8.91-2) ...
7[16;0fProgress: [ 26%] [###########################..............................................................................] 8A seleccionar pacote anteriormente não seleccionado liblzf1:amd64.
A preparar para desempacotar .../11-liblzf1_3.6-2~ubuntu1.20.04.1_amd64.deb ...
7[16;0fProgress: [ 27%] [############################.............................................................................] 8A descompactar liblzf1:amd64 (3.6-2~ubuntu1.20.04.1) ...
7[16;0fProgress: [ 28%] [#############################............................................................................] 8A seleccionar pacote anteriormente não seleccionado libqt5opengl5:amd64.
A preparar para desempacotar .../12-libqt5opengl5_5.12.8+dfsg-0ubuntu1_amd64.deb ...
7[16;0fProgress: [ 29%] [##############################...........................................................................] 8A descompactar libqt5opengl5:amd64 (5.12.8+dfsg-0ubuntu1) ...
7[16;0fProgress: [ 31%] [################################.........................................................................] 8A seleccionar pacote anteriormente não seleccionado libqt5printsupport5:amd64.
A preparar para desempacotar .../13-libqt5printsupport5_5.12.8+dfsg-0ubuntu1_amd64.deb ...
7[16;0fProgress: [ 32%] [#################################........................................................................] 8A descompactar libqt5printsupport5:amd64 (5.12.8+dfsg-0ubuntu1) ...
7[16;0fProgress: [ 33%] [##################################.......................................................................] 8A seleccionar pacote anteriormente não seleccionado libqt5x11extras5:amd64.
A preparar para desempacotar .../14-libqt5x11extras5_5.12.8-0ubuntu1_amd64.deb ...
7[16;0fProgress: [ 34%] [###################################......................................................................] 8A descompactar libqt5x11extras5:amd64 (5.12.8-0ubuntu1) ...
7[16;0fProgress: [ 35%] [#####################################....................................................................] 8A seleccionar pacote anteriormente não seleccionado libvncserver1:amd64.
A preparar para desempacotar .../15-libvncserver1_0.9.12+dfsg-9ubuntu0.3_amd64.deb ...
7[16;0fProgress: [ 36%] [######################################...................................................................] 8A descompactar libvncserver1:amd64 (0.9.12+dfsg-9ubuntu0.3) ...
7[16;0fProgress: [ 38%] [#######################################..................................................................] 8A seleccionar pacote anteriormente não seleccionado qt5-gtk-platformtheme:amd64.
A preparar para desempacotar .../16-qt5-gtk-platformtheme_5.12.8+dfsg-0ubuntu1_amd64.deb ...
7[16;0fProgress: [ 39%] [########################################.................................................................] 8A descompactar qt5-gtk-platformtheme:amd64 (5.12.8+dfsg-0ubuntu1) ...
7[16;0fProgress: [ 40%] [##########################################...............................................................] 8A seleccionar pacote anteriormente não seleccionado qttranslations5-l10n.
A preparar para desempacotar .../17-qttranslations5-l10n_5.12.8-0ubuntu1_all.deb ...
7[16;0fProgress: [ 41%] [###########################################..............................................................] 8A descompactar qttranslations5-l10n (5.12.8-0ubuntu1) ...
7[16;0fProgress: [ 42%] [############################################.............................................................] 8A seleccionar pacote anteriormente não seleccionado virtualbox-dkms.
A preparar para desempacotar .../18-virtualbox-dkms_6.1.16-dfsg-6~ubuntu1.20.04.1_amd64.deb ...
7[16;0fProgress: [ 44%] [#############################################............................................................] 8A descompactar virtualbox-dkms (6.1.16-dfsg-6~ubuntu1.20.04.1) ...
7[16;0fProgress: [ 45%] [##############################################...........................................................] 8A seleccionar pacote anteriormente não seleccionado virtualbox.
A preparar para desempacotar .../19-virtualbox_6.1.16-dfsg-6~ubuntu1.20.04.1_amd64.deb ...
7[16;0fProgress: [ 46%] [################################################.........................................................] 8A descompactar virtualbox (6.1.16-dfsg-6~ubuntu1.20.04.1) ...
7[16;0fProgress: [ 47%] [#################################################........................................................] 8A seleccionar pacote anteriormente não seleccionado virtualbox-qt.
A preparar para desempacotar .../20-virtualbox-qt_6.1.16-dfsg-6~ubuntu1.20.04.1_amd64.deb ...
7[16;0fProgress: [ 48%] [##################################################.......................................................] 8A descompactar virtualbox-qt (6.1.16-dfsg-6~ubuntu1.20.04.1) ...
7[16;0fProgress: [ 49%] [###################################################......................................................] 8Configurando libdouble-conversion3:amd64 (3.1.5-4ubuntu1) ...
7[16;0fProgress: [ 51%] [#####################################################....................................................] 87[16;0fProgress: [ 52%] [######################################################...................................................] 8Configurando libxcb-xinput0:amd64 (1.14-2) ...
7[16;0fProgress: [ 53%] [#######################################################..................................................] 87[16;0fProgress: [ 54%] [########################################################.................................................] 8Configurando libpcre2-16-0:amd64 (10.34-7) ...
7[16;0fProgress: [ 55%] [##########################################################...............................................] 87[16;0fProgress: [ 56%] [###########################################################..............................................] 8Configurando libvncserver1:amd64 (0.9.12+dfsg-9ubuntu0.3) ...
7[16;0fProgress: [ 58%] [############################################################.............................................] 87[16;0fProgress: [ 59%] [#############################################################............................................] 8Configurando libxcb-xinerama0:amd64 (1.14-2) ...
7[16;0fProgress: [ 60%] [###############################################################..........................................] 87[16;0fProgress: [ 61%] [################################################################.........................................] 8Configurando qttranslations5-l10n (5.12.8-0ubuntu1) ...
7[16;0fProgress: [ 62%] [#################################################################........................................] 87[16;0fProgress: [ 64%] [##################################################################.......................................] 8Configurando liblzf1:amd64 (3.6-2~ubuntu1.20.04.1) ...
7[16;0fProgress: [ 65%] [###################################################################......................................] 87[16;0fProgress: [ 66%] [#####################################################################....................................] 8Configurando libqt5core5a:amd64 (5.12.8+dfsg-0ubuntu1) ...
7[16;0fProgress: [ 67%] [######################################################################...................................] 87[16;0fProgress: [ 68%] [#######################################################################..................................] 8Configurando libqt5dbus5:amd64 (5.12.8+dfsg-0ubuntu1) ...
7[16;0fProgress: [ 69%] [########################################################################.................................] 87[16;0fProgress: [ 71%] [##########################################################################...............................] 8Configurando libgsoap-2.8.91:amd64 (2.8.91-2) ...
7[16;0fProgress: [ 72%] [###########################################################################..............................] 87[16;0fProgress: [ 73%] [############################################################################.............................] 8Configurando virtualbox-dkms (6.1.16-dfsg-6~ubuntu1.20.04.1) ...
7[16;0fProgress: [ 74%] [#############################################################################............................] 8Loading new virtualbox-6.1.16 DKMS files...
Building for 5.8.0-45-generic
Building initial module for 5.8.0-45-generic
This system doesn't support Secure Boot
Secure Boot not enabled on this system.
Done.

vboxdrv.ko:
Running module version sanity check.
 - Original module
   - No original module exists within this kernel
 - Installation
   - Installing to /lib/modules/5.8.0-45-generic/updates/dkms/

vboxnetadp.ko:
Running module version sanity check.
 - Original module
   - No original module exists within this kernel
 - Installation
   - Installing to /lib/modules/5.8.0-45-generic/updates/dkms/

vboxnetflt.ko:
Running module version sanity check.
 - Original module
   - No original module exists within this kernel
 - Installation
   - Installing to /lib/modules/5.8.0-45-generic/updates/dkms/

depmod...

DKMS: install completed.
7[16;0fProgress: [ 75%] [###############################################################################..........................] 8Configurando libqt5network5:amd64 (5.12.8+dfsg-0ubuntu1) ...
7[16;0fProgress: [ 76%] [################################################################################.........................] 87[16;0fProgress: [ 78%] [#################################################################################........................] 8Configurando virtualbox (6.1.16-dfsg-6~ubuntu1.20.04.1) ...
7[16;0fProgress: [ 79%] [##################################################################################.......................] 8Created symlink /etc/systemd/system/multi-user.target.wants/vboxweb.service → /lib/systemd/system/vboxweb.service.
Job for vboxweb.service failed because the service did not take the steps required by its unit configuration.
See "systemctl status vboxweb.service" and "journalctl -xe" for details.
7[16;0fProgress: [ 80%] [####################################################################################.....................] 8Configurando libqt5gui5:amd64 (5.12.8+dfsg-0ubuntu1) ...
7[16;0fProgress: [ 81%] [#####################################################################################....................] 87[16;0fProgress: [ 82%] [######################################################################################...................] 8Configurando libqt5widgets5:amd64 (5.12.8+dfsg-0ubuntu1) ...
7[16;0fProgress: [ 84%] [#######################################################################################..................] 87[16;0fProgress: [ 85%] [########################################################################################.................] 8Configurando qt5-gtk-platformtheme:amd64 (5.12.8+dfsg-0ubuntu1) ...
7[16;0fProgress: [ 86%] [##########################################################################################...............] 87[16;0fProgress: [ 87%] [###########################################################################################..............] 8Configurando libqt5printsupport5:amd64 (5.12.8+dfsg-0ubuntu1) ...
7[16;0fProgress: [ 88%] [############################################################################################.............] 87[16;0fProgress: [ 89%] [#############################################################################################............] 8Configurando libqt5opengl5:amd64 (5.12.8+dfsg-0ubuntu1) ...
7[16;0fProgress: [ 91%] [###############################################################################################..........] 87[16;0fProgress: [ 92%] [################################################################################################.........] 8Configurando libqt5x11extras5:amd64 (5.12.8-0ubuntu1) ...
7[16;0fProgress: [ 93%] [#################################################################################################........] 87[16;0fProgress: [ 94%] [##################################################################################################.......] 8Configurando libqt5svg5:amd64 (5.12.8-0ubuntu1) ...
7[16;0fProgress: [ 95%] [####################################################################################################.....] 87[16;0fProgress: [ 96%] [#####################################################################################################....] 8Configurando virtualbox-qt (6.1.16-dfsg-6~ubuntu1.20.04.1) ...
7[16;0fProgress: [ 98%] [######################################################################################################...] 87[16;0fProgress: [ 99%] [#######################################################################################################..] 8A processar 'triggers' para desktop-file-utils (0.24-1ubuntu3) ...
A processar 'triggers' para mime-support (3.64ubuntu1) ...
A processar 'triggers' para hicolor-icon-theme (0.17-2) ...
A processar 'triggers' para gnome-menus (3.36.0-1ubuntu1) ...
A processar 'triggers' para libc-bin (2.31-0ubuntu9.2) ...
A processar 'triggers' para systemd (245.4-4ubuntu3.5) ...
A processar 'triggers' para man-db (2.9.1-1) ...
A processar 'triggers' para shared-mime-info (1.15-1) ...

7[0;16r8[1A[JLendo listas de pacotes... 0%Lendo listas de pacotes... 100%Lendo listas de pacotes... Pronto
Construindo árvore de dependências... 0%Construindo árvore de dependências... 0%Construindo árvore de dependências... 50%Construindo árvore de dependências... 50%Construindo árvore de dependências       
Lendo informação de estado... 0%  Lendo informação de estado... 0%Lendo informação de estado... Pronto
The following additional packages will be installed:
  virtualbox-guest-utils
Os NOVOS pacotes a seguir serão instalados:
  virtualbox-guest-dkms virtualbox-guest-utils virtualbox-guest-x11
0 pacotes atualizados, 3 pacotes novos instalados, 0 a serem removidos e 9 não atualizados.
É preciso baixar 0 B/2.087 kB de arquivos.
Depois desta operação, 15,7 MB adicionais de espaço em disco serão usados.

7[0;15r8[1AA seleccionar pacote anteriormente não seleccionado virtualbox-guest-dkms.
(Lendo banco de dados ... (Lendo banco de dados ... 5%(Lendo banco de dados ... 10%(Lendo banco de dados ... 15%(Lendo banco de dados ... 20%(Lendo banco de dados ... 25%(Lendo banco de dados ... 30%(Lendo banco de dados ... 35%(Lendo banco de dados ... 40%(Lendo banco de dados ... 45%(Lendo banco de dados ... 50%(Lendo banco de dados ... 55%(Lendo banco de dados ... 60%(Lendo banco de dados ... 65%(Lendo banco de dados ... 70%(Lendo banco de dados ... 75%(Lendo banco de dados ... 80%(Lendo banco de dados ... 85%(Lendo banco de dados ... 90%(Lendo banco de dados ... 95%(Lendo banco de dados ... 100%(Lendo banco de dados ... 244291 ficheiros e directórios actualmente instalados.)
A preparar para desempacotar .../virtualbox-guest-dkms_6.1.16-dfsg-6~ubuntu1.20.04.1_all.deb ...
7[16;0fProgress: [  0%] [.........................................................................................................] 87[16;0fProgress: [  8%] [########.................................................................................................] 8A descompactar virtualbox-guest-dkms (6.1.16-dfsg-6~ubuntu1.20.04.1) ...
7[16;0fProgress: [ 15%] [################.........................................................................................] 8A seleccionar pacote anteriormente não seleccionado virtualbox-guest-utils.
A preparar para desempacotar .../virtualbox-guest-utils_6.1.16-dfsg-6~ubuntu1.20.04.1_amd64.deb ...
7[16;0fProgress: [ 23%] [########################.................................................................................] 8A descompactar virtualbox-guest-utils (6.1.16-dfsg-6~ubuntu1.20.04.1) ...
7[16;0fProgress: [ 31%] [################################.........................................................................] 8A seleccionar pacote anteriormente não seleccionado virtualbox-guest-x11.
A preparar para desempacotar .../virtualbox-guest-x11_6.1.16-dfsg-6~ubuntu1.20.04.1_amd64.deb ...
7[16;0fProgress: [ 38%] [########################################.................................................................] 8A descompactar virtualbox-guest-x11 (6.1.16-dfsg-6~ubuntu1.20.04.1) ...
7[16;0fProgress: [ 46%] [################################################.........................................................] 8Configurando virtualbox-guest-dkms (6.1.16-dfsg-6~ubuntu1.20.04.1) ...
7[16;0fProgress: [ 54%] [########################################################.................................................] 8Loading new virtualbox-guest-6.1.16 DKMS files...
Building for 5.8.0-45-generic
Building initial module for 5.8.0-45-generic
This system doesn't support Secure Boot
Secure Boot not enabled on this system.
Done.

vboxguest.ko:
Running module version sanity check.
 - Original module
 - Installation
   - Installing to /lib/modules/5.8.0-45-generic/updates/dkms/

vboxsf.ko:
Running module version sanity check.
 - Original module
 - Installation
   - Installing to /lib/modules/5.8.0-45-generic/updates/dkms/

vboxvideo.ko:
Running module version sanity check.
 - Original module
 - Installation
   - Installing to /lib/modules/5.8.0-45-generic/updates/dkms/

depmod...

DKMS: install completed.
7[16;0fProgress: [ 62%] [################################################################.........................................] 8Configurando virtualbox-guest-utils (6.1.16-dfsg-6~ubuntu1.20.04.1) ...
7[16;0fProgress: [ 69%] [########################################################################.................................] 8Created symlink /etc/systemd/system/multi-user.target.wants/virtualbox-guest-utils.service → /lib/systemd/system/virtualbox-guest-utils.service.
7[16;0fProgress: [ 77%] [################################################################################.........................] 8Configurando virtualbox-guest-x11 (6.1.16-dfsg-6~ubuntu1.20.04.1) ...
7[16;0fProgress: [ 85%] [########################################################################################.................] 87[16;0fProgress: [ 92%] [################################################################################################.........] 8A processar 'triggers' para man-db (2.9.1-1) ...
A processar 'triggers' para systemd (245.4-4ubuntu3.5) ...

7[0;16r8[1A[JLendo listas de pacotes... 0%Lendo listas de pacotes... 100%Lendo listas de pacotes... Pronto
Construindo árvore de dependências... 0%Construindo árvore de dependências... 0%Construindo árvore de dependências... 50%Construindo árvore de dependências... 50%Construindo árvore de dependências       
Lendo informação de estado... 0%  Lendo informação de estado... 0%Lendo informação de estado... Pronto
Os NOVOS pacotes a seguir serão instalados:
  virtualbox-guest-additions-iso
0 pacotes atualizados, 1 pacotes novos instalados, 0 a serem removidos e 9 não atualizados.
É preciso baixar 44,7 MB de arquivos.
Depois desta operação, 61,0 MB adicionais de espaço em disco serão usados.
0% [Trabalhando]                Obter:1 http://br.archive.ubuntu.com/ubuntu focal-updates/multiverse amd64 virtualbox-guest-additions-iso all 6.1.16-1~ubuntu1.20.04.1 [44,7 MB]
0% [1 virtualbox-guest-additions-iso 4.096 B/44,7 MB 0%]3% [1 virtualbox-guest-additions-iso 1.656 kB/44,7 MB 4%]9% [1 virtualbox-guest-additions-iso 4.895 kB/44,7 MB 11%]15% [1 virtualbox-guest-additions-iso 8.112 kB/44,7 MB 18%]                                                           19% [1 virtualbox-guest-additions-iso 10,4 MB/44,7 MB 23%]23% [1 virtualbox-guest-additions-iso 12,9 MB/44,7 MB 29%]27% [1 virtualbox-guest-additions-iso 15,4 MB/44,7 MB 34%]32% [1 virtualbox-guest-additions-iso 17,9 MB/44,7 MB 40%]37% [1 virtualbox-guest-additions-iso 20,5 MB/44,7 MB 46%]41% [1 virtualbox-guest-additions-iso 23,1 MB/44,7 MB 52%]46% [1 virtualbox-guest-additions-iso 25,7 MB/44,7 MB 57%]51% [1 virtualbox-guest-additions-iso 28,4 MB/44,7 MB 64%]56% [1 virtualbox-guest-additions-iso 31,0 MB/44,7 MB 69%]                                                       5.076 kB/s 2s60% [1 virtualbox-guest-additions-iso 33,5 MB/44,7 MB 75%]                                                       5.076 kB/s 2s64% [1 virtualbox-guest-additions-iso 36,0 MB/44,7 MB 80%]                                                       5.076 kB/s 1s70% [1 virtualbox-guest-additions-iso 38,9 MB/44,7 MB 87%]                                                       5.076 kB/s 1s75% [1 virtualbox-guest-additions-iso 41,9 MB/44,7 MB 94%]                                                       5.076 kB/s 0s80% [1 virtualbox-guest-additions-iso 44,7 MB/44,7 MB 100%]                                                      5.076 kB/s 0s100% [Trabalhando]                                                                                               5.076 kB/s 0s                                                                                                                              Baixados 44,7 MB em 9s (5.064 kB/s)

7[0;15r8[1AA seleccionar pacote anteriormente não seleccionado virtualbox-guest-additions-iso.
(Lendo banco de dados ... (Lendo banco de dados ... 5%(Lendo banco de dados ... 10%(Lendo banco de dados ... 15%(Lendo banco de dados ... 20%(Lendo banco de dados ... 25%(Lendo banco de dados ... 30%(Lendo banco de dados ... 35%(Lendo banco de dados ... 40%(Lendo banco de dados ... 45%(Lendo banco de dados ... 50%(Lendo banco de dados ... 55%(Lendo banco de dados ... 60%(Lendo banco de dados ... 65%(Lendo banco de dados ... 70%(Lendo banco de dados ... 75%(Lendo banco de dados ... 80%(Lendo banco de dados ... 85%(Lendo banco de dados ... 90%(Lendo banco de dados ... 95%(Lendo banco de dados ... 100%(Lendo banco de dados ... 244638 ficheiros e directórios actualmente instalados.)
A preparar para desempacotar .../virtualbox-guest-additions-iso_6.1.16-1~ubuntu1.20.04.1_all.deb ...
7[16;0fProgress: [  0%] [.........................................................................................................] 87[16;0fProgress: [ 20%] [#####################....................................................................................] 8A descompactar virtualbox-guest-additions-iso (6.1.16-1~ubuntu1.20.04.1) ...
7[16;0fProgress: [ 40%] [##########################################...............................................................] 8Configurando virtualbox-guest-additions-iso (6.1.16-1~ubuntu1.20.04.1) ...
7[16;0fProgress: [ 60%] [###############################################################..........................................] 87[16;0fProgress: [ 80%] [####################################################################################.....................] 8
7[0;16r8[1A[J==> Instalar o Extension Pack do VirtualBox
--2021-03-22 14:05:21--  https://download.virtualbox.org/virtualbox/6.1.18/Oracle_VM_VirtualBox_Extension_Pack-6.1.18.vbox-extpack
Resolvendo download.virtualbox.org (download.virtualbox.org)... 2.20.144.90
Conectando-se a download.virtualbox.org (download.virtualbox.org)|2.20.144.90|:443... conectado.
A requisição HTTP foi enviada, aguardando resposta... 200 OK
Tamanho: 11157510 (11M) [text/plain]
Salvando em: “Oracle_VM_VirtualBox_Extension_Pack-6.1.18.vbox-extpack”

                Oracle_VM_Virtu   0%[                                                       ]       0  --.-KB/s                              Oracle_VM_Virtua  18%[=========>                                             ]   2,01M  10,0MB/s                             Oracle_VM_Virtual  39%[====================>                                  ]   4,22M  10,5MB/s                            Oracle_VM_VirtualB  60%[================================>                      ]   6,47M  10,7MB/s                           Oracle_VM_VirtualBo  81%[===========================================>           ]   8,62M  10,7MB/s               Oracle_VM_VirtualBox_Extension_ 100%[======================================================>]  10,64M  10,7MB/s    em 1,0s    

2021-03-22 14:05:22 (10,7 MB/s) - “Oracle_VM_VirtualBox_Extension_Pack-6.1.18.vbox-extpack” salvo [11157510/11157510]

License accepted.
0%...10%...20%...30%...40%...50%...60%...70%...80%...90%...100%
Successfully installed "Oracle VM VirtualBox Extension Pack".
==> Removendo pacotes do Ubuntu desnecessários
Lendo listas de pacotes... 0%Lendo listas de pacotes... 100%Lendo listas de pacotes... Pronto
Construindo árvore de dependências... 0%Construindo árvore de dependências... 0%Construindo árvore de dependências... 50%Construindo árvore de dependências... 50%Construindo árvore de dependências       
Lendo informação de estado... 0%  Lendo informação de estado... 0%Lendo informação de estado... Pronto
0 pacotes atualizados, 0 pacotes novos instalados, 0 a serem removidos e 9 não atualizados.
==> Iniciando a box...
Bringing machine 'VPS_DEV' up with 'virtualbox' provider...
==> VPS_DEV: Box 'generic/ubuntu1804' could not be found. Attempting to find and install...
    VPS_DEV: Box Provider: virtualbox
    VPS_DEV: Box Version: >= 0
==> VPS_DEV: Loading metadata for box 'generic/ubuntu1804'
    VPS_DEV: URL: https://vagrantcloud.com/generic/ubuntu1804
==> VPS_DEV: Adding box 'generic/ubuntu1804' (v3.2.10) for provider: virtualbox
    VPS_DEV: Downloading: https://vagrantcloud.com/generic/boxes/ubuntu1804/versions/3.2.10/providers/virtualbox.box
Progress: 0% (Rate: 0*/s, Estimated time remaining: --:--:--)Progress: 0% (Rate: 0*/s, Estimated time remaining: --:--:--)Progress: 100% (Rate: 271/s, Estimated time remaining: --:--:--)Progress: 0% (Rate: 0*/s, Estimated time remaining: --:--:--)Download redirected to host: vagrantcloud-files-production.s3-accelerate.amazonaws.com
Progress: 100% (Rate: 2666/s, Estimated time remaining: --:--:--)Progress: 0% (Rate: 741k/s, Estimated time remaining: 0:26:46)Progress: 1% (Rate: 11.0M/s, Estimated time remaining: 0:05:01)Progress: 2% (Rate: 11.0M/s, Estimated time remaining: 0:03:27)Progress: 2% (Rate: 9.8M/s, Estimated time remaining: 0:03:13)Progress: 3% (Rate: 9134k/s, Estimated time remaining: 0:03:11)Progress: 3% (Rate: 8539k/s, Estimated time remaining: 0:03:09)Progress: 4% (Rate: 7497k/s, Estimated time remaining: 0:03:08)Progress: 4% (Rate: 6467k/s, Estimated time remaining: 0:03:07)Progress: 5% (Rate: 6156k/s, Estimated time remaining: 0:03:06)Progress: 5% (Rate: 6169k/s, Estimated time remaining: 0:03:04)Progress: 6% (Rate: 6160k/s, Estimated time remaining: 0:03:03)Progress: 6% (Rate: 6182k/s, Estimated time remaining: 0:03:02)Progress: 7% (Rate: 6182k/s, Estimated time remaining: 0:03:01)Progress: 7% (Rate: 6211k/s, Estimated time remaining: 0:02:59)Progress: 8% (Rate: 6185k/s, Estimated time remaining: 0:02:58)Progress: 8% (Rate: 6129k/s, Estimated time remaining: 0:02:58)Progress: 9% (Rate: 6105k/s, Estimated time remaining: 0:02:57)Progress: 9% (Rate: 6115k/s, Estimated time remaining: 0:02:56)Progress: 10% (Rate: 6105k/s, Estimated time remaining: 0:02:54)Progress: 10% (Rate: 6118k/s, Estimated time remaining: 0:02:53)Progress: 11% (Rate: 6193k/s, Estimated time remaining: 0:02:52)Progress: 11% (Rate: 6195k/s, Estimated time remaining: 0:02:51)Progress: 12% (Rate: 6192k/s, Estimated time remaining: 0:02:50)Progress: 13% (Rate: 6179k/s, Estimated time remaining: 0:02:49)Progress: 13% (Rate: 6180k/s, Estimated time remaining: 0:02:48)Progress: 14% (Rate: 6179k/s, Estimated time remaining: 0:02:47)Progress: 14% (Rate: 6179k/s, Estimated time remaining: 0:02:46)Progress: 15% (Rate: 6173k/s, Estimated time remaining: 0:02:45)Progress: 15% (Rate: 6195k/s, Estimated time remaining: 0:02:44)Progress: 16% (Rate: 6182k/s, Estimated time remaining: 0:02:43)Progress: 16% (Rate: 6185k/s, Estimated time remaining: 0:02:42)Progress: 17% (Rate: 6179k/s, Estimated time remaining: 0:02:41)Progress: 17% (Rate: 6185k/s, Estimated time remaining: 0:02:40)Progress: 18% (Rate: 5958k/s, Estimated time remaining: 0:02:40)Progress: 18% (Rate: 6191k/s, Estimated time remaining: 0:02:37)Progress: 19% (Rate: 6186k/s, Estimated time remaining: 0:02:36)Progress: 19% (Rate: 6190k/s, Estimated time remaining: 0:02:35)Progress: 20% (Rate: 6188k/s, Estimated time remaining: 0:02:34)Progress: 20% (Rate: 6396k/s, Estimated time remaining: 0:02:33)Progress: 21% (Rate: 6182k/s, Estimated time remaining: 0:02:32)Progress: 21% (Rate: 6181k/s, Estimated time remaining: 0:02:31)Progress: 22% (Rate: 6188k/s, Estimated time remaining: 0:02:30)Progress: 22% (Rate: 6182k/s, Estimated time remaining: 0:02:29)Progress: 23% (Rate: 6201k/s, Estimated time remaining: 0:02:28)Progress: 23% (Rate: 6138k/s, Estimated time remaining: 0:02:27)Progress: 24% (Rate: 6079k/s, Estimated time remaining: 0:02:27)Progress: 24% (Rate: 6102k/s, Estimated time remaining: 0:02:26)Progress: 25% (Rate: 5964k/s, Estimated time remaining: 0:02:25)Progress: 25% (Rate: 6099k/s, Estimated time remaining: 0:02:23)Progress: 26% (Rate: 6165k/s, Estimated time remaining: 0:02:22)Progress: 26% (Rate: 6197k/s, Estimated time remaining: 0:02:21)Progress: 27% (Rate: 6195k/s, Estimated time remaining: 0:02:20)Progress: 28% (Rate: 6342k/s, Estimated time remaining: 0:02:19)Progress: 28% (Rate: 6198k/s, Estimated time remaining: 0:02:18)Progress: 29% (Rate: 6182k/s, Estimated time remaining: 0:02:17)Progress: 29% (Rate: 6220k/s, Estimated time remaining: 0:02:16)Progress: 30% (Rate: 6160k/s, Estimated time remaining: 0:02:15)Progress: 30% (Rate: 6177k/s, Estimated time remaining: 0:02:14)Progress: 31% (Rate: 5952k/s, Estimated time remaining: 0:02:14)Progress: 31% (Rate: 6185k/s, Estimated time remaining: 0:02:12)Progress: 32% (Rate: 6185k/s, Estimated time remaining: 0:02:11)Progress: 32% (Rate: 6211k/s, Estimated time remaining: 0:02:10)Progress: 33% (Rate: 6199k/s, Estimated time remaining: 0:02:09)Progress: 33% (Rate: 6416k/s, Estimated time remaining: 0:02:08)Progress: 34% (Rate: 6195k/s, Estimated time remaining: 0:02:07)Progress: 34% (Rate: 6178k/s, Estimated time remaining: 0:02:06)Progress: 35% (Rate: 6176k/s, Estimated time remaining: 0:02:05)Progress: 35% (Rate: 6171k/s, Estimated time remaining: 0:02:04)Progress: 36% (Rate: 6192k/s, Estimated time remaining: 0:02:03)Progress: 36% (Rate: 6182k/s, Estimated time remaining: 0:02:02)Progress: 37% (Rate: 6192k/s, Estimated time remaining: 0:02:01)Progress: 37% (Rate: 6187k/s, Estimated time remaining: 0:02:00)Progress: 38% (Rate: 6180k/s, Estimated time remaining: 0:01:59)Progress: 38% (Rate: 6172k/s, Estimated time remaining: 0:01:58)Progress: 39% (Rate: 6107k/s, Estimated time remaining: 0:01:57)Progress: 39% (Rate: 6096k/s, Estimated time remaining: 0:01:56)Progress: 40% (Rate: 6125k/s, Estimated time remaining: 0:01:55)Progress: 40% (Rate: 6115k/s, Estimated time remaining: 0:01:54)Progress: 41% (Rate: 6121k/s, Estimated time remaining: 0:01:53)Progress: 41% (Rate: 6173k/s, Estimated time remaining: 0:01:52)Progress: 42% (Rate: 6192k/s, Estimated time remaining: 0:01:51)Progress: 43% (Rate: 6174k/s, Estimated time remaining: 0:01:50)Progress: 43% (Rate: 6174k/s, Estimated time remaining: 0:01:49)Progress: 44% (Rate: 6173k/s, Estimated time remaining: 0:01:48)Progress: 44% (Rate: 6196k/s, Estimated time remaining: 0:01:47)Progress: 45% (Rate: 6163k/s, Estimated time remaining: 0:01:46)Progress: 45% (Rate: 6169k/s, Estimated time remaining: 0:01:45)Progress: 46% (Rate: 6181k/s, Estimated time remaining: 0:01:44)Progress: 46% (Rate: 6188k/s, Estimated time remaining: 0:01:43)Progress: 47% (Rate: 6176k/s, Estimated time remaining: 0:01:42)Progress: 47% (Rate: 6197k/s, Estimated time remaining: 0:01:41)Progress: 48% (Rate: 6214k/s, Estimated time remaining: 0:01:40)Progress: 48% (Rate: 6185k/s, Estimated time remaining: 0:01:39)Progress: 49% (Rate: 6166k/s, Estimated time remaining: 0:01:38)Progress: 49% (Rate: 5958k/s, Estimated time remaining: 0:01:37)Progress: 50% (Rate: 6188k/s, Estimated time remaining: 0:01:36)Progress: 50% (Rate: 6160k/s, Estimated time remaining: 0:01:35)Progress: 51% (Rate: 6195k/s, Estimated time remaining: 0:01:34)Progress: 51% (Rate: 6204k/s, Estimated time remaining: 0:01:33)Progress: 52% (Rate: 6406k/s, Estimated time remaining: 0:01:32)Progress: 52% (Rate: 6179k/s, Estimated time remaining: 0:01:31)Progress: 53% (Rate: 6192k/s, Estimated time remaining: 0:01:30)Progress: 53% (Rate: 6192k/s, Estimated time remaining: 0:01:29)Progress: 54% (Rate: 6176k/s, Estimated time remaining: 0:01:28)Progress: 54% (Rate: 6197k/s, Estimated time remaining: 0:01:27)Progress: 55% (Rate: 6198k/s, Estimated time remaining: 0:01:26)Progress: 55% (Rate: 6208k/s, Estimated time remaining: 0:01:25)Progress: 56% (Rate: 6208k/s, Estimated time remaining: 0:01:24)Progress: 57% (Rate: 6208k/s, Estimated time remaining: 0:01:23)Progress: 57% (Rate: 6211k/s, Estimated time remaining: 0:01:22)Progress: 57% (Rate: 5996k/s, Estimated time remaining: 0:01:21)Progress: 58% (Rate: 6220k/s, Estimated time remaining: 0:01:20)Progress: 59% (Rate: 6208k/s, Estimated time remaining: 0:01:19)Progress: 59% (Rate: 6218k/s, Estimated time remaining: 0:01:18)Progress: 60% (Rate: 6201k/s, Estimated time remaining: 0:01:17)Progress: 60% (Rate: 6430k/s, Estimated time remaining: 0:01:16)Progress: 61% (Rate: 6205k/s, Estimated time remaining: 0:01:15)Progress: 61% (Rate: 6217k/s, Estimated time remaining: 0:01:14)Progress: 62% (Rate: 6216k/s, Estimated time remaining: 0:01:13)Progress: 62% (Rate: 6211k/s, Estimated time remaining: 0:01:12)Progress: 63% (Rate: 6201k/s, Estimated time remaining: 0:01:11)Progress: 63% (Rate: 6216k/s, Estimated time remaining: 0:01:10)Progress: 64% (Rate: 6208k/s, Estimated time remaining: 0:01:09)Progress: 64% (Rate: 6211k/s, Estimated time remaining: 0:01:08)Progress: 65% (Rate: 6217k/s, Estimated time remaining: 0:01:07)Progress: 65% (Rate: 6204k/s, Estimated time remaining: 0:01:06)Progress: 66% (Rate: 6208k/s, Estimated time remaining: 0:01:05)Progress: 66% (Rate: 6207k/s, Estimated time remaining: 0:01:04)Progress: 67% (Rate: 6220k/s, Estimated time remaining: 0:01:03)Progress: 67% (Rate: 6025k/s, Estimated time remaining: 0:01:02)Progress: 68% (Rate: 6195k/s, Estimated time remaining: 0:01:01)Progress: 69% (Rate: 6213k/s, Estimated time remaining: 0:01:00)Progress: 69% (Rate: 6217k/s, Estimated time remaining: 0:00:59)Progress: 70% (Rate: 6204k/s, Estimated time remaining: 0:00:58)Progress: 70% (Rate: 6397k/s, Estimated time remaining: 0:00:57)Progress: 71% (Rate: 6237k/s, Estimated time remaining: 0:00:56)Progress: 71% (Rate: 6220k/s, Estimated time remaining: 0:00:55)Progress: 72% (Rate: 6211k/s, Estimated time remaining: 0:00:54)Progress: 72% (Rate: 6198k/s, Estimated time remaining: 0:00:53)Progress: 73% (Rate: 6227k/s, Estimated time remaining: 0:00:52)Progress: 73% (Rate: 6214k/s, Estimated time remaining: 0:00:51)Progress: 74% (Rate: 6205k/s, Estimated time remaining: 0:00:50)Progress: 74% (Rate: 6213k/s, Estimated time remaining: 0:00:49)Progress: 75% (Rate: 6224k/s, Estimated time remaining: 0:00:48)Progress: 75% (Rate: 6211k/s, Estimated time remaining: 0:00:47)Progress: 76% (Rate: 6214k/s, Estimated time remaining: 0:00:46)Progress: 76% (Rate: 6196k/s, Estimated time remaining: 0:00:45)Progress: 77% (Rate: 6221k/s, Estimated time remaining: 0:00:44)Progress: 77% (Rate: 6211k/s, Estimated time remaining: 0:00:43)Progress: 78% (Rate: 6201k/s, Estimated time remaining: 0:00:42)Progress: 78% (Rate: 6199k/s, Estimated time remaining: 0:00:41)Progress: 79% (Rate: 6230k/s, Estimated time remaining: 0:00:40)Progress: 79% (Rate: 6210k/s, Estimated time remaining: 0:00:39)Progress: 80% (Rate: 6217k/s, Estimated time remaining: 0:00:38)Progress: 81% (Rate: 6230k/s, Estimated time remaining: 0:00:36)Progress: 81% (Rate: 6225k/s, Estimated time remaining: 0:00:35)Progress: 82% (Rate: 6219k/s, Estimated time remaining: 0:00:34)Progress: 82% (Rate: 6225k/s, Estimated time remaining: 0:00:33)Progress: 83% (Rate: 6213k/s, Estimated time remaining: 0:00:32)Progress: 83% (Rate: 6214k/s, Estimated time remaining: 0:00:31)Progress: 84% (Rate: 6224k/s, Estimated time remaining: 0:00:30)Progress: 84% (Rate: 6214k/s, Estimated time remaining: 0:00:29)Progress: 85% (Rate: 6209k/s, Estimated time remaining: 0:00:28)Progress: 85% (Rate: 6215k/s, Estimated time remaining: 0:00:27)Progress: 86% (Rate: 6211k/s, Estimated time remaining: 0:00:26)Progress: 86% (Rate: 6217k/s, Estimated time remaining: 0:00:25)Progress: 87% (Rate: 6214k/s, Estimated time remaining: 0:00:24)Progress: 87% (Rate: 6212k/s, Estimated time remaining: 0:00:23)Progress: 88% (Rate: 6211k/s, Estimated time remaining: 0:00:22)Progress: 88% (Rate: 6208k/s, Estimated time remaining: 0:00:21)Progress: 89% (Rate: 6214k/s, Estimated time remaining: 0:00:20)Progress: 89% (Rate: 6212k/s, Estimated time remaining: 0:00:19)Progress: 90% (Rate: 6208k/s, Estimated time remaining: 0:00:18)Progress: 90% (Rate: 6233k/s, Estimated time remaining: 0:00:17)Progress: 91% (Rate: 6209k/s, Estimated time remaining: 0:00:16)Progress: 91% (Rate: 6204k/s, Estimated time remaining: 0:00:15)Progress: 92% (Rate: 6227k/s, Estimated time remaining: 0:00:14)Progress: 92% (Rate: 6217k/s, Estimated time remaining: 0:00:13)Progress: 93% (Rate: 6179k/s, Estimated time remaining: 0:00:12)Progress: 94% (Rate: 6225k/s, Estimated time remaining: 0:00:11)Progress: 94% (Rate: 6208k/s, Estimated time remaining: 0:00:10)Progress: 95% (Rate: 6105k/s, Estimated time remaining: 0:00:09)Progress: 95% (Rate: 6221k/s, Estimated time remaining: 0:00:08)Progress: 96% (Rate: 6239k/s, Estimated time remaining: 0:00:07)Progress: 96% (Rate: 6214k/s, Estimated time remaining: 0:00:06)Progress: 97% (Rate: 6224k/s, Estimated time remaining: 0:00:05)Progress: 97% (Rate: 6313k/s, Estimated time remaining: 0:00:04)Progress: 98% (Rate: 6201k/s, Estimated time remaining: 0:00:03)Progress: 98% (Rate: 6182k/s, Estimated time remaining: 0:00:02)Progress: 99% (Rate: 6201k/s, Estimated time remaining: 0:00:01)Progress: 99% (Rate: 6204k/s, Estimated time remaining: --:--:--)    VPS_DEV: Calculating and comparing box checksum...
==> VPS_DEV: Successfully added box 'generic/ubuntu1804' (v3.2.10) for 'virtualbox'!
==> VPS_DEV: Importing base box 'generic/ubuntu1804'...
Progress: 20%Progress: 40%Progress: 50%Progress: 60%Progress: 70%Progress: 80%Progress: 90%^C==> VPS_DEV: Waiting for cleanup before exiting...
^C==> VPS_DEV: Exiting immediately, without cleanup!
^CExiting due to interrupt.
make: *** [Makefile:34: box] Erro 1
